<?xml version="1.0" encoding="UTF-8"?>
<coverage generated="1763742918423" clover="3.2.0">
  <project timestamp="1763742918423" name="All files">
    <metrics statements="981" coveredstatements="756" conditionals="654" coveredconditionals="368" methods="255" coveredmethods="189" elements="1890" coveredelements="1313" complexity="0" loc="981" ncloc="981" packages="7" files="34" classes="34"/>
    <package name="src">
      <metrics statements="3" coveredstatements="3" conditionals="2" coveredconditionals="2" methods="1" coveredmethods="1"/>
      <file name="types.ts" path="/home/runner/work/Malnu-Kananga/Malnu-Kananga/src/types.ts">
        <metrics statements="3" coveredstatements="3" conditionals="2" coveredconditionals="2" methods="1" coveredmethods="1"/>
        <line num="1" count="2" type="cond" truecount="2" falsecount="0"/>
        <line num="2" count="2" type="stmt"/>
        <line num="3" count="2" type="stmt"/>
      </file>
    </package>
    <package name="src.components">
      <metrics statements="341" coveredstatements="273" conditionals="306" coveredconditionals="185" methods="100" coveredmethods="76"/>
      <file name="AssignmentSubmission.tsx" path="/home/runner/work/Malnu-Kananga/Malnu-Kananga/src/components/AssignmentSubmission.tsx">
        <metrics statements="62" coveredstatements="46" conditionals="58" coveredconditionals="30" methods="11" coveredmethods="7"/>
        <line num="1" count="1" type="stmt"/>
        <line num="2" count="1" type="stmt"/>
        <line num="14" count="1" type="stmt"/>
        <line num="19" count="29" type="stmt"/>
        <line num="20" count="29" type="stmt"/>
        <line num="21" count="29" type="stmt"/>
        <line num="22" count="29" type="stmt"/>
        <line num="23" count="29" type="stmt"/>
        <line num="25" count="29" type="stmt"/>
        <line num="27" count="4" type="stmt"/>
        <line num="37" count="4" type="cond" truecount="2" falsecount="0"/>
        <line num="38" count="1" type="stmt"/>
        <line num="39" count="1" type="stmt"/>
        <line num="43" count="3" type="cond" truecount="2" falsecount="0"/>
        <line num="44" count="1" type="stmt"/>
        <line num="45" count="1" type="stmt"/>
        <line num="48" count="2" type="stmt"/>
        <line num="51" count="29" type="stmt"/>
        <line num="52" count="0" type="stmt"/>
        <line num="53" count="0" type="stmt"/>
        <line num="54" count="0" type="cond" truecount="0" falsecount="4"/>
        <line num="55" count="0" type="stmt"/>
        <line num="56" count="0" type="cond" truecount="0" falsecount="2"/>
        <line num="57" count="0" type="stmt"/>
        <line num="61" count="29" type="stmt"/>
        <line num="62" count="4" type="stmt"/>
        <line num="63" count="4" type="stmt"/>
        <line num="64" count="4" type="stmt"/>
        <line num="66" count="4" type="cond" truecount="3" falsecount="1"/>
        <line num="67" count="4" type="stmt"/>
        <line num="71" count="29" type="stmt"/>
        <line num="72" count="3" type="cond" truecount="3" falsecount="1"/>
        <line num="73" count="0" type="stmt"/>
        <line num="74" count="0" type="stmt"/>
        <line num="77" count="3" type="stmt"/>
        <line num="79" count="3" type="stmt"/>
        <line num="80" count="3" type="stmt"/>
        <line num="87" count="1" type="stmt"/>
        <line num="89" count="1" type="stmt"/>
        <line num="90" count="1" type="stmt"/>
        <line num="92" count="2" type="stmt"/>
        <line num="96" count="29" type="stmt"/>
        <line num="97" count="2" type="cond" truecount="1" falsecount="1"/>
        <line num="98" count="2" type="stmt"/>
        <line num="99" count="2" type="stmt"/>
        <line num="100" count="2" type="stmt"/>
        <line num="101" count="2" type="stmt"/>
        <line num="104" count="29" type="stmt"/>
        <line num="105" count="2" type="cond" truecount="3" falsecount="1"/>
        <line num="106" count="2" type="cond" truecount="1" falsecount="8"/>
        <line num="107" count="2" type="stmt"/>
        <line num="108" count="0" type="stmt"/>
        <line num="109" count="0" type="stmt"/>
        <line num="110" count="0" type="stmt"/>
        <line num="111" count="0" type="stmt"/>
        <line num="115" count="29" type="stmt"/>
        <line num="203" count="0" type="cond" truecount="0" falsecount="4"/>
        <line num="204" count="0" type="stmt"/>
        <line num="220" count="0" type="stmt"/>
        <line num="236" count="0" type="cond" truecount="0" falsecount="4"/>
        <line num="260" count="5" type="stmt"/>
        <line num="322" count="1" type="stmt"/>
      </file>
      <file name="AuthButtons.tsx" path="/home/runner/work/Malnu-Kananga/Malnu-Kananga/src/components/AuthButtons.tsx">
        <metrics statements="11" coveredstatements="10" conditionals="7" coveredconditionals="3" methods="1" coveredmethods="1"/>
        <line num="1" count="1" type="stmt"/>
        <line num="2" count="1" type="stmt"/>
        <line num="3" count="1" type="stmt"/>
        <line num="13" count="1" type="stmt"/>
        <line num="20" count="1" type="cond" truecount="1" falsecount="1"/>
        <line num="21" count="1" type="cond" truecount="1" falsecount="1"/>
        <line num="22" count="1" type="stmt"/>
        <line num="24" count="1" type="cond" truecount="1" falsecount="1"/>
        <line num="25" count="0" type="stmt"/>
        <line num="38" count="1" type="stmt"/>
        <line num="59" count="1" type="stmt"/>
      </file>
      <file name="ChatHeader.tsx" path="/home/runner/work/Malnu-Kananga/Malnu-Kananga/src/components/ChatHeader.tsx">
        <metrics statements="5" coveredstatements="5" conditionals="0" coveredconditionals="0" methods="1" coveredmethods="1"/>
        <line num="1" count="1" type="stmt"/>
        <line num="2" count="1" type="stmt"/>
        <line num="8" count="1" type="stmt"/>
        <line num="9" count="249" type="stmt"/>
        <line num="26" count="1" type="stmt"/>
      </file>
      <file name="ChatInput.tsx" path="/home/runner/work/Malnu-Kananga/Malnu-Kananga/src/components/ChatInput.tsx">
        <metrics statements="8" coveredstatements="8" conditionals="2" coveredconditionals="2" methods="2" coveredmethods="2"/>
        <line num="1" count="1" type="stmt"/>
        <line num="2" count="1" type="stmt"/>
        <line num="3" count="1" type="stmt"/>
        <line num="12" count="1" type="stmt"/>
        <line num="13" count="249" type="stmt"/>
        <line num="15" count="249" type="stmt"/>
        <line num="21" count="176" type="stmt"/>
        <line num="43" count="1" type="stmt"/>
      </file>
      <file name="ChatMessages.tsx" path="/home/runner/work/Malnu-Kananga/Malnu-Kananga/src/components/ChatMessages.tsx">
        <metrics statements="12" coveredstatements="11" conditionals="10" coveredconditionals="7" methods="4" coveredmethods="4"/>
        <line num="1" count="1" type="stmt"/>
        <line num="3" count="1" type="stmt"/>
        <line num="10" count="1" type="cond" truecount="0" falsecount="1"/>
        <line num="11" count="249" type="stmt"/>
        <line num="13" count="249" type="stmt"/>
        <line num="14" count="73" type="cond" truecount="4" falsecount="2"/>
        <line num="15" count="0" type="stmt"/>
        <line num="19" count="249" type="stmt"/>
        <line num="20" count="73" type="stmt"/>
        <line num="23" count="249" type="stmt"/>
        <line num="27" count="302" type="stmt"/>
        <line num="39" count="1" type="stmt"/>
      </file>
      <file name="ChatWindow.tsx" path="/home/runner/work/Malnu-Kananga/Malnu-Kananga/src/components/ChatWindow.tsx">
        <metrics statements="13" coveredstatements="13" conditionals="2" coveredconditionals="2" methods="1" coveredmethods="1"/>
        <line num="2" count="1" type="stmt"/>
        <line num="3" count="1" type="stmt"/>
        <line num="4" count="1" type="stmt"/>
        <line num="5" count="1" type="stmt"/>
        <line num="6" count="1" type="stmt"/>
        <line num="7" count="1" type="stmt"/>
        <line num="14" count="1" type="stmt"/>
        <line num="15" count="250" type="stmt"/>
        <line num="17" count="250" type="stmt"/>
        <line num="22" count="250" type="cond" truecount="2" falsecount="0"/>
        <line num="23" count="1" type="stmt"/>
        <line num="26" count="249" type="stmt"/>
        <line num="53" count="1" type="stmt"/>
      </file>
      <file name="DesktopNavigation.tsx" path="/home/runner/work/Malnu-Kananga/Malnu-Kananga/src/components/DesktopNavigation.tsx">
        <metrics statements="6" coveredstatements="6" conditionals="0" coveredconditionals="0" methods="2" coveredmethods="2"/>
        <line num="1" count="1" type="stmt"/>
        <line num="3" count="1" type="stmt"/>
        <line num="4" count="25" type="stmt"/>
        <line num="11" count="25" type="stmt"/>
        <line num="14" count="100" type="stmt"/>
        <line num="26" count="1" type="stmt"/>
      </file>
      <file name="ErrorBoundary.tsx" path="/home/runner/work/Malnu-Kananga/Malnu-Kananga/src/components/ErrorBoundary.tsx">
        <metrics statements="36" coveredstatements="28" conditionals="15" coveredconditionals="14" methods="13" coveredmethods="9"/>
        <line num="1" count="2" type="stmt"/>
        <line num="2" count="2" type="stmt"/>
        <line num="3" count="2" type="stmt"/>
        <line num="18" count="29" type="stmt"/>
        <line num="24" count="28" type="stmt"/>
        <line num="29" count="14" type="stmt"/>
        <line num="32" count="14" type="stmt"/>
        <line num="39" count="0" type="stmt"/>
        <line num="40" count="0" type="stmt"/>
        <line num="44" count="14" type="stmt"/>
        <line num="46" count="14" type="stmt"/>
        <line num="52" count="14" type="cond" truecount="2" falsecount="0"/>
        <line num="53" count="2" type="stmt"/>
        <line num="57" count="29" type="stmt"/>
        <line num="58" count="2" type="stmt"/>
        <line num="61" count="29" type="stmt"/>
        <line num="62" count="0" type="stmt"/>
        <line num="66" count="77" type="cond" truecount="2" falsecount="0"/>
        <line num="68" count="44" type="cond" truecount="2" falsecount="0"/>
        <line num="69" count="6" type="stmt"/>
        <line num="73" count="38" type="stmt"/>
        <line num="153" count="0" type="stmt"/>
        <line num="154" count="0" type="stmt"/>
        <line num="155" count="0" type="stmt"/>
        <line num="164" count="0" type="stmt"/>
        <line num="165" count="0" type="stmt"/>
        <line num="181" count="33" type="stmt"/>
        <line num="186" count="2" type="stmt"/>
        <line num="191" count="4" type="stmt"/>
        <line num="192" count="7" type="stmt"/>
        <line num="197" count="4" type="cond" truecount="2" falsecount="0"/>
        <line num="199" count="4" type="stmt"/>
        <line num="203" count="2" type="stmt"/>
        <line num="204" count="1" type="stmt"/>
        <line num="205" count="1" type="stmt"/>
        <line num="209" count="2" type="stmt"/>
      </file>
      <file name="Header.tsx" path="/home/runner/work/Malnu-Kananga/Malnu-Kananga/src/components/Header.tsx">
        <metrics statements="21" coveredstatements="20" conditionals="14" coveredconditionals="14" methods="3" coveredmethods="2"/>
        <line num="2" count="1" type="stmt"/>
        <line num="3" count="1" type="stmt"/>
        <line num="4" count="1" type="stmt"/>
        <line num="7" count="1" type="stmt"/>
        <line num="8" count="1" type="stmt"/>
        <line num="9" count="1" type="stmt"/>
        <line num="10" count="1" type="stmt"/>
        <line num="11" count="1" type="stmt"/>
        <line num="12" count="1" type="stmt"/>
        <line num="13" count="1" type="stmt"/>
        <line num="22" count="1" type="stmt"/>
        <line num="23" count="24" type="stmt"/>
        <line num="24" count="24" type="stmt"/>
        <line num="25" count="24" type="stmt"/>
        <line num="29" count="24" type="stmt"/>
        <line num="34" count="24" type="stmt"/>
        <line num="39" count="24" type="stmt"/>
        <line num="44" count="24" type="stmt"/>
        <line num="72" count="1" type="cond" truecount="2" falsecount="0"/>
        <line num="85" count="0" type="stmt"/>
        <line num="91" count="1" type="stmt"/>
      </file>
      <file name="LazyImage.tsx" path="/home/runner/work/Malnu-Kananga/Malnu-Kananga/src/components/LazyImage.tsx">
        <metrics statements="28" coveredstatements="19" conditionals="47" coveredconditionals="26" methods="7" coveredmethods="3"/>
        <line num="1" count="1" type="stmt"/>
        <line num="2" count="1" type="stmt"/>
        <line num="17" count="1" type="stmt"/>
        <line num="29" count="5" type="stmt"/>
        <line num="30" count="5" type="stmt"/>
        <line num="31" count="5" type="stmt"/>
        <line num="32" count="5" type="stmt"/>
        <line num="33" count="5" type="stmt"/>
        <line num="34" count="5" type="cond" truecount="4" falsecount="0"/>
        <line num="37" count="5" type="stmt"/>
        <line num="38" count="5" type="cond" truecount="4" falsecount="0"/>
        <line num="40" count="4" type="stmt"/>
        <line num="42" count="0" type="stmt"/>
        <line num="43" count="0" type="cond" truecount="0" falsecount="2"/>
        <line num="44" count="0" type="stmt"/>
        <line num="45" count="0" type="stmt"/>
        <line num="46" count="0" type="stmt"/>
        <line num="56" count="4" type="cond" truecount="1" falsecount="1"/>
        <line num="57" count="4" type="stmt"/>
        <line num="60" count="4" type="stmt"/>
        <line num="64" count="5" type="stmt"/>
        <line num="65" count="0" type="stmt"/>
        <line num="66" count="0" type="cond" truecount="0" falsecount="4"/>
        <line num="69" count="5" type="stmt"/>
        <line num="70" count="0" type="stmt"/>
        <line num="71" count="0" type="cond" truecount="0" falsecount="4"/>
        <line num="74" count="5" type="stmt"/>
        <line num="147" count="1" type="stmt"/>
      </file>
      <file name="Logo.tsx" path="/home/runner/work/Malnu-Kananga/Malnu-Kananga/src/components/Logo.tsx">
        <metrics statements="4" coveredstatements="4" conditionals="1" coveredconditionals="1" methods="1" coveredmethods="1"/>
        <line num="1" count="1" type="stmt"/>
        <line num="7" count="1" type="cond" truecount="1" falsecount="0"/>
        <line num="8" count="19" type="stmt"/>
        <line num="21" count="1" type="stmt"/>
      </file>
      <file name="MessageBubble.tsx" path="/home/runner/work/Malnu-Kananga/Malnu-Kananga/src/components/MessageBubble.tsx">
        <metrics statements="6" coveredstatements="6" conditionals="8" coveredconditionals="7" methods="1" coveredmethods="1"/>
        <line num="1" count="1" type="stmt"/>
        <line num="2" count="1" type="stmt"/>
        <line num="9" count="1" type="cond" truecount="0" falsecount="1"/>
        <line num="10" count="302" type="stmt"/>
        <line num="12" count="302" type="stmt"/>
        <line num="34" count="1" type="stmt"/>
      </file>
      <file name="MobileMenu.tsx" path="/home/runner/work/Malnu-Kananga/Malnu-Kananga/src/components/MobileMenu.tsx">
        <metrics statements="14" coveredstatements="11" conditionals="2" coveredconditionals="2" methods="4" coveredmethods="1"/>
        <line num="1" count="1" type="stmt"/>
        <line num="2" count="1" type="stmt"/>
        <line num="3" count="1" type="stmt"/>
        <line num="4" count="1" type="stmt"/>
        <line num="5" count="1" type="stmt"/>
        <line num="16" count="1" type="stmt"/>
        <line num="24" count="24" type="stmt"/>
        <line num="29" count="24" type="stmt"/>
        <line num="34" count="24" type="cond" truecount="2" falsecount="0"/>
        <line num="36" count="1" type="stmt"/>
        <line num="47" count="0" type="stmt"/>
        <line num="48" count="0" type="stmt"/>
        <line num="49" count="0" type="stmt"/>
        <line num="66" count="1" type="stmt"/>
      </file>
      <file name="ParentDashboard.tsx" path="/home/runner/work/Malnu-Kananga/Malnu-Kananga/src/components/ParentDashboard.tsx">
        <metrics statements="45" coveredstatements="33" conditionals="62" coveredconditionals="32" methods="21" coveredmethods="19"/>
        <line num="1" count="1" type="stmt"/>
        <line num="2" count="1" type="stmt"/>
        <line num="21" count="1" type="stmt"/>
        <line num="22" count="22" type="stmt"/>
        <line num="23" count="22" type="stmt"/>
        <line num="24" count="22" type="stmt"/>
        <line num="25" count="22" type="stmt"/>
        <line num="27" count="22" type="stmt"/>
        <line num="29" count="15" type="stmt"/>
        <line num="30" count="0" type="stmt"/>
        <line num="31" count="0" type="stmt"/>
        <line num="32" count="0" type="stmt"/>
        <line num="35" count="15" type="stmt"/>
        <line num="38" count="22" type="stmt"/>
        <line num="39" count="1" type="stmt"/>
        <line num="42" count="22" type="stmt"/>
        <line num="43" count="23" type="stmt"/>
        <line num="50" count="22" type="stmt"/>
        <line num="51" count="3" type="cond" truecount="1" falsecount="4"/>
        <line num="52" count="3" type="stmt"/>
        <line num="53" count="0" type="stmt"/>
        <line num="54" count="0" type="stmt"/>
        <line num="55" count="0" type="stmt"/>
        <line num="56" count="0" type="stmt"/>
        <line num="60" count="22" type="stmt"/>
        <line num="61" count="16" type="cond" truecount="1" falsecount="4"/>
        <line num="62" count="0" type="stmt"/>
        <line num="63" count="0" type="stmt"/>
        <line num="64" count="16" type="stmt"/>
        <line num="65" count="0" type="stmt"/>
        <line num="66" count="0" type="stmt"/>
        <line num="70" count="22" type="stmt"/>
        <line num="79" count="66" type="stmt"/>
        <line num="111" count="110" type="stmt"/>
        <line num="113" count="7" type="stmt"/>
        <line num="188" count="0" type="stmt"/>
        <line num="211" count="15" type="stmt"/>
        <line num="232" count="1" type="stmt"/>
        <line num="282" count="3" type="cond" truecount="2" falsecount="0"/>
        <line num="292" count="3" type="stmt"/>
        <line num="300" count="3" type="stmt"/>
        <line num="359" count="1" type="stmt"/>
        <line num="386" count="2" type="stmt"/>
        <line num="417" count="2" type="stmt"/>
        <line num="468" count="1" type="stmt"/>
      </file>
      <file name="StudentSupport.tsx" path="/home/runner/work/Malnu-Kananga/Malnu-Kananga/src/components/StudentSupport.tsx">
        <metrics statements="70" coveredstatements="53" conditionals="78" coveredconditionals="45" methods="28" coveredmethods="22"/>
        <line num="4" count="1" type="stmt"/>
        <line num="5" count="1" type="stmt"/>
        <line num="11" count="1" type="stmt"/>
        <line num="12" count="39" type="stmt"/>
        <line num="13" count="39" type="stmt"/>
        <line num="14" count="39" type="stmt"/>
        <line num="15" count="39" type="stmt"/>
        <line num="16" count="39" type="stmt"/>
        <line num="23" count="39" type="stmt"/>
        <line num="24" count="39" type="stmt"/>
        <line num="26" count="39" type="stmt"/>
        <line num="27" count="11" type="stmt"/>
        <line num="30" count="39" type="stmt"/>
        <line num="32" count="11" type="stmt"/>
        <line num="33" count="11" type="stmt"/>
        <line num="36" count="11" type="stmt"/>
        <line num="37" count="11" type="stmt"/>
        <line num="40" count="11" type="stmt"/>
        <line num="41" count="11" type="cond" truecount="1" falsecount="1"/>
        <line num="44" count="39" type="stmt"/>
        <line num="45" count="2" type="cond" truecount="4" falsecount="0"/>
        <line num="46" count="1" type="stmt"/>
        <line num="47" count="1" type="stmt"/>
        <line num="50" count="1" type="stmt"/>
        <line num="59" count="1" type="stmt"/>
        <line num="60" count="1" type="stmt"/>
        <line num="67" count="1" type="stmt"/>
        <line num="70" count="39" type="stmt"/>
        <line num="71" count="28" type="cond" truecount="1" falsecount="1"/>
        <line num="72" count="0" type="stmt"/>
        <line num="75" count="39" type="stmt"/>
        <line num="76" count="16" type="cond" truecount="1" falsecount="4"/>
        <line num="77" count="16" type="stmt"/>
        <line num="78" count="0" type="stmt"/>
        <line num="79" count="0" type="stmt"/>
        <line num="80" count="0" type="stmt"/>
        <line num="81" count="0" type="stmt"/>
        <line num="85" count="39" type="stmt"/>
        <line num="86" count="2" type="cond" truecount="1" falsecount="4"/>
        <line num="87" count="0" type="stmt"/>
        <line num="88" count="2" type="stmt"/>
        <line num="89" count="0" type="stmt"/>
        <line num="90" count="0" type="stmt"/>
        <line num="91" count="0" type="stmt"/>
        <line num="95" count="39" type="stmt"/>
        <line num="96" count="30" type="cond" truecount="1" falsecount="3"/>
        <line num="97" count="30" type="stmt"/>
        <line num="98" count="0" type="stmt"/>
        <line num="99" count="0" type="stmt"/>
        <line num="100" count="0" type="stmt"/>
        <line num="104" count="39" type="stmt"/>
        <line num="122" count="156" type="stmt"/>
        <line num="124" count="8" type="stmt"/>
        <line num="146" count="14" type="stmt"/>
        <line num="152" count="14" type="stmt"/>
        <line num="173" count="14" type="stmt"/>
        <line num="191" count="4" type="stmt"/>
        <line num="197" count="0" type="stmt"/>
        <line num="211" count="0" type="stmt"/>
        <line num="227" count="2" type="stmt"/>
        <line num="265" count="1" type="stmt"/>
        <line num="272" count="4" type="stmt"/>
        <line num="287" count="8" type="stmt"/>
        <line num="406" count="0" type="stmt"/>
        <line num="421" count="0" type="stmt"/>
        <line num="432" count="1" type="stmt"/>
        <line num="442" count="1" type="stmt"/>
        <line num="453" count="0" type="stmt"/>
        <line num="466" count="1" type="stmt"/>
        <line num="485" count="1" type="stmt"/>
      </file>
    </package>
    <package name="src.components.icons">
      <metrics statements="16" coveredstatements="12" conditionals="0" coveredconditionals="0" methods="4" coveredmethods="0"/>
      <file name="BuildingLibraryIcon.tsx" path="/home/runner/work/Malnu-Kananga/Malnu-Kananga/src/components/icons/BuildingLibraryIcon.tsx">
        <metrics statements="4" coveredstatements="3" conditionals="0" coveredconditionals="0" methods="1" coveredmethods="0"/>
        <line num="1" count="1" type="stmt"/>
        <line num="3" count="1" type="stmt"/>
        <line num="4" count="0" type="stmt"/>
        <line num="16" count="1" type="stmt"/>
      </file>
      <file name="ClipboardDocumentCheckIcon.tsx" path="/home/runner/work/Malnu-Kananga/Malnu-Kananga/src/components/icons/ClipboardDocumentCheckIcon.tsx">
        <metrics statements="4" coveredstatements="3" conditionals="0" coveredconditionals="0" methods="1" coveredmethods="0"/>
        <line num="1" count="1" type="stmt"/>
        <line num="3" count="1" type="stmt"/>
        <line num="4" count="0" type="stmt"/>
        <line num="17" count="1" type="stmt"/>
      </file>
      <file name="DocumentTextIcon.tsx" path="/home/runner/work/Malnu-Kananga/Malnu-Kananga/src/components/icons/DocumentTextIcon.tsx">
        <metrics statements="4" coveredstatements="3" conditionals="0" coveredconditionals="0" methods="1" coveredmethods="0"/>
        <line num="1" count="1" type="stmt"/>
        <line num="3" count="1" type="stmt"/>
        <line num="4" count="0" type="stmt"/>
        <line num="16" count="1" type="stmt"/>
      </file>
      <file name="UsersIcon.tsx" path="/home/runner/work/Malnu-Kananga/Malnu-Kananga/src/components/icons/UsersIcon.tsx">
        <metrics statements="4" coveredstatements="3" conditionals="0" coveredconditionals="0" methods="1" coveredmethods="0"/>
        <line num="1" count="1" type="stmt"/>
        <line num="3" count="1" type="stmt"/>
        <line num="4" count="0" type="stmt"/>
        <line num="16" count="1" type="stmt"/>
      </file>
    </package>
    <package name="src.data">
      <metrics statements="8" coveredstatements="8" conditionals="0" coveredconditionals="0" methods="0" coveredmethods="0"/>
      <file name="featuredPrograms.ts" path="/home/runner/work/Malnu-Kananga/Malnu-Kananga/src/data/featuredPrograms.ts">
        <metrics statements="1" coveredstatements="1" conditionals="0" coveredconditionals="0" methods="0" coveredmethods="0"/>
        <line num="3" count="1" type="stmt"/>
      </file>
      <file name="latestNews.ts" path="/home/runner/work/Malnu-Kananga/Malnu-Kananga/src/data/latestNews.ts">
        <metrics statements="1" coveredstatements="1" conditionals="0" coveredconditionals="0" methods="0" coveredmethods="0"/>
        <line num="3" count="1" type="stmt"/>
      </file>
      <file name="relatedLinks.tsx" path="/home/runner/work/Malnu-Kananga/Malnu-Kananga/src/data/relatedLinks.tsx">
        <metrics statements="6" coveredstatements="6" conditionals="0" coveredconditionals="0" methods="0" coveredmethods="0"/>
        <line num="1" count="1" type="stmt"/>
        <line num="2" count="1" type="stmt"/>
        <line num="3" count="1" type="stmt"/>
        <line num="4" count="1" type="stmt"/>
        <line num="5" count="1" type="stmt"/>
        <line num="14" count="1" type="stmt"/>
      </file>
    </package>
    <package name="src.hooks">
      <metrics statements="175" coveredstatements="119" conditionals="98" coveredconditionals="37" methods="39" coveredmethods="31"/>
      <file name="useChatLogic.ts" path="/home/runner/work/Malnu-Kananga/Malnu-Kananga/src/hooks/useChatLogic.ts">
        <metrics statements="37" coveredstatements="37" conditionals="16" coveredconditionals="14" methods="10" coveredmethods="10"/>
        <line num="1" count="1" type="stmt"/>
        <line num="3" count="1" type="stmt"/>
        <line num="4" count="1" type="stmt"/>
        <line num="6" count="1" type="stmt"/>
        <line num="7" count="250" type="stmt"/>
        <line num="8" count="250" type="stmt"/>
        <line num="9" count="250" type="stmt"/>
        <line num="10" count="250" type="stmt"/>
        <line num="13" count="250" type="stmt"/>
        <line num="14" count="62" type="cond" truecount="4" falsecount="0"/>
        <line num="15" count="23" type="stmt"/>
        <line num="21" count="250" type="stmt"/>
        <line num="22" count="15" type="cond" truecount="3" falsecount="1"/>
        <line num="23" count="15" type="cond" truecount="3" falsecount="1"/>
        <line num="25" count="15" type="stmt"/>
        <line num="26" count="15" type="stmt"/>
        <line num="29" count="15" type="stmt"/>
        <line num="30" count="15" type="stmt"/>
        <line num="31" count="15" type="stmt"/>
        <line num="34" count="15" type="stmt"/>
        <line num="35" count="15" type="stmt"/>
        <line num="37" count="15" type="stmt"/>
        <line num="38" count="15" type="stmt"/>
        <line num="40" count="15" type="stmt"/>
        <line num="41" count="64" type="stmt"/>
        <line num="42" count="25" type="stmt"/>
        <line num="43" count="25" type="stmt"/>
        <line num="44" count="24" type="stmt"/>
        <line num="45" count="74" type="cond" truecount="2" falsecount="0"/>
        <line num="50" count="2" type="stmt"/>
        <line num="51" count="2" type="stmt"/>
        <line num="52" count="2" type="stmt"/>
        <line num="53" count="6" type="cond" truecount="2" falsecount="0"/>
        <line num="56" count="2" type="stmt"/>
        <line num="58" count="15" type="stmt"/>
        <line num="60" count="15" type="stmt"/>
        <line num="67" count="250" type="stmt"/>
      </file>
      <file name="useResponsiveMenu.ts" path="/home/runner/work/Malnu-Kananga/Malnu-Kananga/src/hooks/useResponsiveMenu.ts">
        <metrics statements="10" coveredstatements="10" conditionals="2" coveredconditionals="1" methods="4" coveredmethods="4"/>
        <line num="1" count="1" type="stmt"/>
        <line num="3" count="1" type="stmt"/>
        <line num="4" count="24" type="stmt"/>
        <line num="6" count="24" type="stmt"/>
        <line num="7" count="19" type="stmt"/>
        <line num="8" count="1" type="cond" truecount="1" falsecount="1"/>
        <line num="9" count="1" type="stmt"/>
        <line num="13" count="19" type="stmt"/>
        <line num="14" count="19" type="stmt"/>
        <line num="17" count="24" type="stmt"/>
      </file>
      <file name="useScrollEffect.ts" path="/home/runner/work/Malnu-Kananga/Malnu-Kananga/src/hooks/useScrollEffect.ts">
        <metrics statements="9" coveredstatements="9" conditionals="1" coveredconditionals="1" methods="4" coveredmethods="4"/>
        <line num="1" count="1" type="stmt"/>
        <line num="3" count="1" type="cond" truecount="1" falsecount="0"/>
        <line num="4" count="24" type="stmt"/>
        <line num="6" count="24" type="stmt"/>
        <line num="7" count="19" type="stmt"/>
        <line num="8" count="1" type="stmt"/>
        <line num="11" count="19" type="stmt"/>
        <line num="12" count="19" type="stmt"/>
        <line num="15" count="24" type="stmt"/>
      </file>
      <file name="useTouchFeedback.ts" path="/home/runner/work/Malnu-Kananga/Malnu-Kananga/src/hooks/useTouchFeedback.ts">
        <metrics statements="25" coveredstatements="25" conditionals="15" coveredconditionals="14" methods="6" coveredmethods="6"/>
        <line num="1" count="3" type="stmt"/>
        <line num="10" count="3" type="cond" truecount="1" falsecount="0"/>
        <line num="11" count="308" type="stmt"/>
        <line num="12" count="308" type="stmt"/>
        <line num="19" count="308" type="stmt"/>
        <line num="21" count="308" type="stmt"/>
        <line num="22" count="10" type="cond" truecount="4" falsecount="0"/>
        <line num="23" count="9" type="stmt"/>
        <line num="27" count="308" type="stmt"/>
        <line num="28" count="10" type="cond" truecount="2" falsecount="0"/>
        <line num="30" count="9" type="stmt"/>
        <line num="32" count="9" type="cond" truecount="2" falsecount="0"/>
        <line num="33" count="1" type="stmt"/>
        <line num="36" count="9" type="stmt"/>
        <line num="37" count="3" type="stmt"/>
        <line num="38" count="3" type="stmt"/>
        <line num="42" count="308" type="stmt"/>
        <line num="43" count="10" type="stmt"/>
        <line num="45" count="10" type="stmt"/>
        <line num="46" count="10" type="stmt"/>
        <line num="49" count="308" type="stmt"/>
        <line num="50" count="1" type="cond" truecount="1" falsecount="1"/>
        <line num="51" count="1" type="stmt"/>
        <line num="52" count="1" type="stmt"/>
        <line num="56" count="308" type="stmt"/>
      </file>
      <file name="useTouchGestures.ts" path="/home/runner/work/Malnu-Kananga/Malnu-Kananga/src/hooks/useTouchGestures.ts">
        <metrics statements="67" coveredstatements="15" conditionals="60" coveredconditionals="4" methods="9" coveredmethods="2"/>
        <line num="1" count="3" type="stmt"/>
        <line num="21" count="3" type="stmt"/>
        <line num="22" count="289" type="stmt"/>
        <line num="23" count="289" type="stmt"/>
        <line num="24" count="289" type="stmt"/>
        <line num="36" count="289" type="stmt"/>
        <line num="38" count="289" type="stmt"/>
        <line num="39" count="0" type="stmt"/>
        <line num="40" count="0" type="stmt"/>
        <line num="41" count="0" type="stmt"/>
        <line num="44" count="289" type="stmt"/>
        <line num="45" count="0" type="stmt"/>
        <line num="46" count="0" type="stmt"/>
        <line num="47" count="0" type="stmt"/>
        <line num="50" count="289" type="stmt"/>
        <line num="51" count="0" type="stmt"/>
        <line num="52" count="0" type="stmt"/>
        <line num="54" count="0" type="stmt"/>
        <line num="61" count="0" type="cond" truecount="0" falsecount="2"/>
        <line num="62" count="0" type="stmt"/>
        <line num="63" count="0" type="stmt"/>
        <line num="64" count="0" type="stmt"/>
        <line num="69" count="289" type="stmt"/>
        <line num="70" count="0" type="cond" truecount="0" falsecount="2"/>
        <line num="72" count="0" type="stmt"/>
        <line num="73" count="0" type="stmt"/>
        <line num="74" count="0" type="stmt"/>
        <line num="80" count="0" type="stmt"/>
        <line num="81" count="0" type="stmt"/>
        <line num="84" count="0" type="cond" truecount="0" falsecount="2"/>
        <line num="85" count="0" type="stmt"/>
        <line num="86" count="0" type="stmt"/>
        <line num="90" count="0" type="cond" truecount="0" falsecount="5"/>
        <line num="91" count="0" type="stmt"/>
        <line num="92" count="0" type="stmt"/>
        <line num="93" count="0" type="stmt"/>
        <line num="97" count="0" type="cond" truecount="0" falsecount="4"/>
        <line num="98" count="0" type="stmt"/>
        <line num="100" count="0" type="cond" truecount="0" falsecount="4"/>
        <line num="102" count="0" type="cond" truecount="0" falsecount="4"/>
        <line num="103" count="0" type="cond" truecount="0" falsecount="4"/>
        <line num="105" count="0" type="cond" truecount="0" falsecount="4"/>
        <line num="106" count="0" type="cond" truecount="0" falsecount="4"/>
        <line num="108" count="0" type="cond" truecount="0" falsecount="4"/>
        <line num="109" count="0" type="cond" truecount="0" falsecount="4"/>
        <line num="111" count="0" type="cond" truecount="0" falsecount="4"/>
        <line num="115" count="0" type="stmt"/>
        <line num="118" count="289" type="stmt"/>
        <line num="120" count="0" type="cond" truecount="0" falsecount="4"/>
        <line num="121" count="0" type="stmt"/>
        <line num="122" count="0" type="stmt"/>
        <line num="128" count="0" type="cond" truecount="0" falsecount="2"/>
        <line num="129" count="0" type="stmt"/>
        <line num="130" count="0" type="stmt"/>
        <line num="135" count="289" type="stmt"/>
        <line num="136" count="63" type="stmt"/>
        <line num="137" count="63" type="cond" truecount="1" falsecount="1"/>
        <line num="140" count="0" type="stmt"/>
        <line num="141" count="0" type="stmt"/>
        <line num="142" count="0" type="stmt"/>
        <line num="144" count="0" type="stmt"/>
        <line num="145" count="0" type="stmt"/>
        <line num="146" count="0" type="stmt"/>
        <line num="147" count="0" type="stmt"/>
        <line num="149" count="0" type="cond" truecount="0" falsecount="2"/>
        <line num="150" count="0" type="stmt"/>
        <line num="155" count="289" type="stmt"/>
      </file>
      <file name="useWebP.tsx" path="/home/runner/work/Malnu-Kananga/Malnu-Kananga/src/hooks/useWebP.tsx">
        <metrics statements="27" coveredstatements="23" conditionals="4" coveredconditionals="3" methods="6" coveredmethods="5"/>
        <line num="1" count="2" type="stmt"/>
        <line num="2" count="2" type="stmt"/>
        <line num="12" count="2" type="stmt"/>
        <line num="19" count="2" type="stmt"/>
        <line num="20" count="11" type="stmt"/>
        <line num="21" count="11" type="stmt"/>
        <line num="23" count="11" type="stmt"/>
        <line num="25" count="10" type="cond" truecount="2" falsecount="0"/>
        <line num="26" count="7" type="stmt"/>
        <line num="27" count="7" type="stmt"/>
        <line num="31" count="3" type="stmt"/>
        <line num="33" count="3" type="stmt"/>
        <line num="35" count="3" type="stmt"/>
        <line num="36" count="3" type="stmt"/>
        <line num="39" count="0" type="stmt"/>
        <line num="40" count="0" type="stmt"/>
        <line num="41" count="0" type="stmt"/>
        <line num="45" count="11" type="stmt"/>
        <line num="46" count="7" type="stmt"/>
        <line num="49" count="11" type="stmt"/>
        <line num="55" count="11" type="stmt"/>
        <line num="63" count="2" type="stmt"/>
        <line num="64" count="11" type="stmt"/>
        <line num="66" count="11" type="cond" truecount="1" falsecount="1"/>
        <line num="67" count="0" type="stmt"/>
        <line num="70" count="11" type="stmt"/>
        <line num="73" count="2" type="stmt"/>
      </file>
    </package>
    <package name="src.services">
      <metrics statements="388" coveredstatements="305" conditionals="220" coveredconditionals="132" methods="103" coveredmethods="74"/>
      <file name="errorLoggingService.ts" path="/home/runner/work/Malnu-Kananga/Malnu-Kananga/src/services/errorLoggingService.ts">
        <metrics statements="99" coveredstatements="65" conditionals="71" coveredconditionals="36" methods="23" coveredmethods="15"/>
        <line num="31" count="1" type="stmt"/>
        <line num="32" count="1" type="stmt"/>
        <line num="33" count="1" type="stmt"/>
        <line num="34" count="1" type="stmt"/>
        <line num="37" count="1" type="stmt"/>
        <line num="46" count="1" type="stmt"/>
        <line num="47" count="1" type="stmt"/>
        <line num="51" count="1" type="stmt"/>
        <line num="55" count="1" type="cond" truecount="1" falsecount="1"/>
        <line num="56" count="0" type="stmt"/>
        <line num="61" count="12" type="cond" truecount="1" falsecount="1"/>
        <line num="65" count="12" type="stmt"/>
        <line num="69" count="12" type="stmt"/>
        <line num="70" count="12" type="cond" truecount="4" falsecount="2"/>
        <line num="73" count="12" type="stmt"/>
        <line num="74" count="12" type="cond" truecount="1" falsecount="1"/>
        <line num="75" count="12" type="stmt"/>
        <line num="76" count="0" type="cond" truecount="0" falsecount="4"/>
        <line num="77" count="0" type="stmt"/>
        <line num="78" count="0" type="cond" truecount="0" falsecount="4"/>
        <line num="79" count="0" type="stmt"/>
        <line num="83" count="12" type="stmt"/>
        <line num="84" count="12" type="cond" truecount="3" falsecount="1"/>
        <line num="85" count="0" type="stmt"/>
        <line num="86" count="12" type="cond" truecount="3" falsecount="1"/>
        <line num="87" count="0" type="stmt"/>
        <line num="88" count="12" type="cond" truecount="3" falsecount="1"/>
        <line num="89" count="0" type="stmt"/>
        <line num="92" count="12" type="stmt"/>
        <line num="100" count="12" type="stmt"/>
        <line num="102" count="12" type="stmt"/>
        <line num="119" count="12" type="cond" truecount="1" falsecount="1"/>
        <line num="121" count="12" type="stmt"/>
        <line num="122" count="12" type="stmt"/>
        <line num="123" count="12" type="cond" truecount="2" falsecount="0"/>
        <line num="125" count="12" type="stmt"/>
        <line num="128" count="12" type="cond" truecount="2" falsecount="2"/>
        <line num="129" count="0" type="cond" truecount="0" falsecount="2"/>
        <line num="132" count="12" type="stmt"/>
        <line num="134" count="0" type="stmt"/>
        <line num="139" count="12" type="cond" truecount="1" falsecount="1"/>
        <line num="141" count="12" type="cond" truecount="3" falsecount="1"/>
        <line num="143" count="12" type="stmt"/>
        <line num="144" count="12" type="stmt"/>
        <line num="145" count="12" type="stmt"/>
        <line num="146" count="12" type="stmt"/>
        <line num="147" count="12" type="stmt"/>
        <line num="148" count="12" type="stmt"/>
        <line num="150" count="12" type="cond" truecount="1" falsecount="1"/>
        <line num="151" count="12" type="stmt"/>
        <line num="154" count="12" type="cond" truecount="1" falsecount="1"/>
        <line num="155" count="12" type="stmt"/>
        <line num="158" count="12" type="cond" truecount="1" falsecount="1"/>
        <line num="159" count="12" type="stmt"/>
        <line num="162" count="12" type="stmt"/>
        <line num="166" count="12" type="cond" truecount="2" falsecount="2"/>
        <line num="168" count="0" type="stmt"/>
        <line num="169" count="0" type="stmt"/>
        <line num="177" count="0" type="stmt"/>
        <line num="187" count="12" type="cond" truecount="1" falsecount="1"/>
        <line num="189" count="12" type="stmt"/>
        <line num="192" count="12" type="stmt"/>
        <line num="195" count="12" type="stmt"/>
        <line num="198" count="12" type="stmt"/>
        <line num="203" count="12" type="stmt"/>
        <line num="208" count="23" type="stmt"/>
        <line num="209" count="23" type="stmt"/>
        <line num="210" count="23" type="cond" truecount="1" falsecount="1"/>
        <line num="212" count="0" type="stmt"/>
        <line num="213" count="0" type="stmt"/>
        <line num="219" count="0" type="stmt"/>
        <line num="220" count="0" type="stmt"/>
        <line num="222" count="0" type="stmt"/>
        <line num="228" count="0" type="stmt"/>
        <line num="229" count="0" type="stmt"/>
        <line num="234" count="0" type="stmt"/>
        <line num="239" count="23" type="stmt"/>
        <line num="249" count="0" type="stmt"/>
        <line num="251" count="0" type="stmt"/>
        <line num="256" count="0" type="stmt"/>
        <line num="257" count="0" type="stmt"/>
        <line num="258" count="0" type="stmt"/>
        <line num="259" count="0" type="stmt"/>
        <line num="263" count="0" type="stmt"/>
        <line num="264" count="0" type="cond" truecount="0" falsecount="2"/>
        <line num="265" count="0" type="cond" truecount="0" falsecount="2"/>
        <line num="268" count="0" type="stmt"/>
        <line num="273" count="1" type="stmt"/>
        <line num="275" count="1" type="stmt"/>
        <line num="276" count="59" type="cond" truecount="2" falsecount="0"/>
        <line num="277" count="1" type="stmt"/>
        <line num="278" count="58" type="cond" truecount="1" falsecount="1"/>
        <line num="279" count="0" type="stmt"/>
        <line num="282" count="59" type="stmt"/>
        <line num="286" count="1" type="stmt"/>
        <line num="289" count="1" type="stmt"/>
        <line num="290" count="0" type="stmt"/>
        <line num="293" count="1" type="stmt"/>
        <line num="294" count="0" type="stmt"/>
      </file>
      <file name="geminiService.ts" path="/home/runner/work/Malnu-Kananga/Malnu-Kananga/src/services/geminiService.ts">
        <metrics statements="63" coveredstatements="55" conditionals="21" coveredconditionals="14" methods="6" coveredmethods="4"/>
        <line num="2" count="1" type="stmt"/>
        <line num="3" count="1" type="stmt"/>
        <line num="4" count="1" type="stmt"/>
        <line num="7" count="1" type="stmt"/>
        <line num="9" count="1" type="stmt"/>
        <line num="12" count="1" type="stmt"/>
        <line num="19" count="1" type="stmt"/>
        <line num="20" count="7" type="stmt"/>
        <line num="21" count="7" type="stmt"/>
        <line num="23" count="7" type="stmt"/>
        <line num="28" count="6" type="cond" truecount="1" falsecount="1"/>
        <line num="29" count="6" type="stmt"/>
        <line num="30" count="5" type="stmt"/>
        <line num="37" count="7" type="stmt"/>
        <line num="38" count="7" type="stmt"/>
        <line num="39" count="7" type="stmt"/>
        <line num="40" count="7" type="cond" truecount="1" falsecount="1"/>
        <line num="41" count="0" type="stmt"/>
        <line num="44" count="0" type="stmt"/>
        <line num="48" count="7" type="stmt"/>
        <line num="50" count="7" type="cond" truecount="3" falsecount="1"/>
        <line num="51" count="0" type="stmt"/>
        <line num="52" count="7" type="cond" truecount="2" falsecount="0"/>
        <line num="53" count="3" type="stmt"/>
        <line num="54" count="4" type="cond" truecount="1" falsecount="1"/>
        <line num="55" count="0" type="stmt"/>
        <line num="59" count="7" type="stmt"/>
        <line num="62" count="7" type="stmt"/>
        <line num="63" count="0" type="stmt"/>
        <line num="67" count="7" type="stmt"/>
        <line num="69" count="7" type="stmt"/>
        <line num="71" count="7" type="stmt"/>
        <line num="79" count="20" type="stmt"/>
        <line num="80" count="7" type="stmt"/>
        <line num="81" count="7" type="stmt"/>
        <line num="85" count="6" type="stmt"/>
        <line num="86" count="6" type="stmt"/>
        <line num="99" count="0" type="stmt"/>
        <line num="103" count="1" type="stmt"/>
        <line num="106" count="1" type="stmt"/>
        <line num="107" count="1" type="stmt"/>
        <line num="118" count="0" type="stmt"/>
        <line num="126" count="1" type="cond" truecount="1" falsecount="0"/>
        <line num="127" count="3" type="stmt"/>
        <line num="128" count="3" type="stmt"/>
        <line num="133" count="1" type="stmt"/>
        <line num="134" count="1" type="stmt"/>
        <line num="138" count="1" type="stmt"/>
        <line num="139" count="2" type="stmt"/>
        <line num="140" count="2" type="stmt"/>
        <line num="145" count="1" type="cond" truecount="3" falsecount="1"/>
        <line num="146" count="0" type="stmt"/>
        <line num="149" count="1" type="stmt"/>
        <line num="150" count="2" type="stmt"/>
        <line num="153" count="1" type="stmt"/>
        <line num="155" count="1" type="stmt"/>
        <line num="156" count="1" type="stmt"/>
        <line num="160" count="1" type="stmt"/>
        <line num="161" count="2" type="stmt"/>
        <line num="162" count="2" type="stmt"/>
        <line num="164" count="1" type="stmt"/>
        <line num="165" count="1" type="stmt"/>
        <line num="169" count="1" type="stmt"/>
      </file>
      <file name="sentryService.ts" path="/home/runner/work/Malnu-Kananga/Malnu-Kananga/src/services/sentryService.ts">
        <metrics statements="34" coveredstatements="17" conditionals="15" coveredconditionals="1" methods="11" coveredmethods="2"/>
        <line num="1" count="1" type="stmt"/>
        <line num="2" count="1" type="stmt"/>
        <line num="5" count="1" type="stmt"/>
        <line num="16" count="1" type="stmt"/>
        <line num="32" count="1" type="stmt"/>
        <line num="34" count="0" type="cond" truecount="0" falsecount="2"/>
        <line num="35" count="0" type="stmt"/>
        <line num="36" count="0" type="stmt"/>
        <line num="39" count="0" type="stmt"/>
        <line num="40" count="0" type="stmt"/>
        <line num="45" count="0" type="stmt"/>
        <line num="53" count="0" type="stmt"/>
        <line num="54" count="0" type="cond" truecount="0" falsecount="4"/>
        <line num="56" count="0" type="stmt"/>
        <line num="63" count="0" type="stmt"/>
        <line num="67" count="0" type="stmt"/>
        <line num="71" count="1" type="stmt"/>
        <line num="72" count="0" type="stmt"/>
        <line num="80" count="1" type="stmt"/>
        <line num="81" count="0" type="stmt"/>
        <line num="85" count="1" type="stmt"/>
        <line num="86" count="0" type="stmt"/>
        <line num="90" count="1" type="stmt"/>
        <line num="91" count="0" type="stmt"/>
        <line num="95" count="1" type="stmt"/>
        <line num="96" count="0" type="stmt"/>
        <line num="104" count="1" type="cond" truecount="0" falsecount="1"/>
        <line num="105" count="0" type="stmt"/>
        <line num="109" count="1" type="stmt"/>
        <line num="110" count="12" type="stmt"/>
        <line num="111" count="12" type="cond" truecount="1" falsecount="1"/>
        <line num="112" count="12" type="stmt"/>
        <line num="114" count="12" type="stmt"/>
        <line num="118" count="1" type="stmt"/>
      </file>
      <file name="studentSupportService.ts" path="/home/runner/work/Malnu-Kananga/Malnu-Kananga/src/services/studentSupportService.ts">
        <metrics statements="192" coveredstatements="168" conditionals="113" coveredconditionals="81" methods="63" coveredmethods="53"/>
        <line num="80" count="1" type="stmt"/>
        <line num="81" count="1" type="stmt"/>
        <line num="82" count="1" type="stmt"/>
        <line num="83" count="1" type="stmt"/>
        <line num="84" count="1" type="stmt"/>
        <line num="88" count="11" type="stmt"/>
        <line num="89" count="11" type="stmt"/>
        <line num="90" count="11" type="stmt"/>
        <line num="91" count="11" type="stmt"/>
        <line num="96" count="11" type="stmt"/>
        <line num="97" count="11" type="cond" truecount="1" falsecount="1"/>
        <line num="99" count="11" type="stmt"/>
        <line num="156" count="11" type="stmt"/>
        <line num="161" count="11" type="stmt"/>
        <line num="162" count="11" type="cond" truecount="1" falsecount="1"/>
        <line num="164" count="11" type="stmt"/>
        <line num="254" count="11" type="stmt"/>
        <line num="266" count="16" type="stmt"/>
        <line num="267" count="16" type="stmt"/>
        <line num="281" count="16" type="stmt"/>
        <line num="282" count="16" type="stmt"/>
        <line num="285" count="16" type="stmt"/>
        <line num="287" count="16" type="stmt"/>
        <line num="292" count="51" type="stmt"/>
        <line num="293" count="51" type="cond" truecount="2" falsecount="0"/>
        <line num="298" count="31" type="stmt"/>
        <line num="303" count="16" type="cond" truecount="1" falsecount="1"/>
        <line num="306" count="16" type="cond" truecount="3" falsecount="1"/>
        <line num="307" count="37" type="stmt"/>
        <line num="308" count="136" type="cond" truecount="2" falsecount="0"/>
        <line num="313" count="16" type="cond" truecount="4" falsecount="0"/>
        <line num="315" count="14" type="stmt"/>
        <line num="316" count="14" type="stmt"/>
        <line num="318" count="14" type="cond" truecount="1" falsecount="1"/>
        <line num="319" count="14" type="stmt"/>
        <line num="320" count="14" type="stmt"/>
        <line num="321" count="14" type="stmt"/>
        <line num="322" count="14" type="stmt"/>
        <line num="325" count="14" type="stmt"/>
        <line num="330" count="16" type="cond" truecount="4" falsecount="0"/>
        <line num="331" count="1" type="stmt"/>
        <line num="337" count="14" type="stmt"/>
        <line num="338" count="17" type="cond" truecount="3" falsecount="0"/>
        <line num="343" count="14" type="stmt"/>
        <line num="348" count="1" type="stmt"/>
        <line num="349" count="1" type="stmt"/>
        <line num="351" count="1" type="cond" truecount="1" falsecount="1"/>
        <line num="352" count="1" type="stmt"/>
        <line num="353" count="1" type="stmt"/>
        <line num="354" count="1" type="stmt"/>
        <line num="355" count="1" type="stmt"/>
        <line num="358" count="1" type="stmt"/>
        <line num="365" count="14" type="stmt"/>
        <line num="371" count="1" type="stmt"/>
        <line num="376" count="13" type="stmt"/>
        <line num="377" count="13" type="cond" truecount="2" falsecount="0"/>
        <line num="395" count="13" type="stmt"/>
        <line num="402" count="13" type="stmt"/>
        <line num="404" count="13" type="stmt"/>
        <line num="405" count="13" type="stmt"/>
        <line num="408" count="13" type="stmt"/>
        <line num="413" count="18" type="stmt"/>
        <line num="414" count="18" type="cond" truecount="2" falsecount="0"/>
        <line num="419" count="2" type="stmt"/>
        <line num="420" count="2" type="cond" truecount="1" falsecount="1"/>
        <line num="425" count="13" type="stmt"/>
        <line num="427" count="13" type="cond" truecount="2" falsecount="0"/>
        <line num="428" count="13" type="cond" truecount="2" falsecount="0"/>
        <line num="429" count="13" type="cond" truecount="2" falsecount="0"/>
        <line num="430" count="13" type="cond" truecount="1" falsecount="1"/>
        <line num="432" count="13" type="cond" truecount="2" falsecount="0"/>
        <line num="433" count="12" type="cond" truecount="2" falsecount="0"/>
        <line num="434" count="1" type="stmt"/>
        <line num="439" count="13" type="cond" truecount="1" falsecount="1"/>
        <line num="441" count="13" type="stmt"/>
        <line num="442" count="39" type="cond" truecount="1" falsecount="1"/>
        <line num="444" count="39" type="cond" truecount="2" falsecount="0"/>
        <line num="445" count="13" type="stmt"/>
        <line num="452" count="39" type="stmt"/>
        <line num="454" count="39" type="cond" truecount="1" falsecount="0"/>
        <line num="456" count="39" type="cond" truecount="2" falsecount="0"/>
        <line num="457" count="13" type="stmt"/>
        <line num="459" count="26" type="cond" truecount="2" falsecount="0"/>
        <line num="460" count="13" type="stmt"/>
        <line num="462" count="13" type="cond" truecount="1" falsecount="1"/>
        <line num="463" count="0" type="stmt"/>
        <line num="465" count="13" type="stmt"/>
        <line num="468" count="13" type="stmt"/>
        <line num="473" count="13" type="stmt"/>
        <line num="474" count="26" type="cond" truecount="3" falsecount="0"/>
        <line num="477" count="13" type="stmt"/>
        <line num="478" count="13" type="stmt"/>
        <line num="480" count="12" type="stmt"/>
        <line num="488" count="12" type="stmt"/>
        <line num="491" count="1" type="stmt"/>
        <line num="492" count="1" type="stmt"/>
        <line num="497" count="13" type="stmt"/>
        <line num="498" count="13" type="cond" truecount="1" falsecount="1"/>
        <line num="499" count="14" type="stmt"/>
        <line num="500" count="13" type="cond" truecount="1" falsecount="1"/>
        <line num="501" count="13" type="stmt"/>
        <line num="502" count="13" type="stmt"/>
        <line num="509" count="11" type="stmt"/>
        <line num="527" count="11" type="stmt"/>
        <line num="533" count="11" type="stmt"/>
        <line num="534" count="0" type="stmt"/>
        <line num="538" count="11" type="stmt"/>
        <line num="539" count="0" type="stmt"/>
        <line num="545" count="0" type="stmt"/>
        <line num="547" count="0" type="stmt"/>
        <line num="548" count="0" type="cond" truecount="0" falsecount="2"/>
        <line num="550" count="0" type="stmt"/>
        <line num="565" count="0" type="stmt"/>
        <line num="570" count="0" type="stmt"/>
        <line num="572" count="0" type="cond" truecount="0" falsecount="2"/>
        <line num="574" count="0" type="stmt"/>
        <line num="575" count="0" type="cond" truecount="0" falsecount="3"/>
        <line num="577" count="0" type="stmt"/>
        <line num="583" count="8" type="stmt"/>
        <line num="584" count="8" type="cond" truecount="2" falsecount="0"/>
        <line num="586" count="8" type="cond" truecount="2" falsecount="0"/>
        <line num="587" count="6" type="stmt"/>
        <line num="590" count="55" type="cond" truecount="3" falsecount="1"/>
        <line num="595" count="4" type="stmt"/>
        <line num="654" count="4" type="stmt"/>
        <line num="655" count="4" type="stmt"/>
        <line num="660" count="3" type="stmt"/>
        <line num="661" count="3" type="stmt"/>
        <line num="668" count="3" type="stmt"/>
        <line num="669" count="3" type="stmt"/>
        <line num="671" count="3" type="stmt"/>
        <line num="676" count="1" type="stmt"/>
        <line num="677" count="6" type="stmt"/>
        <line num="679" count="1" type="cond" truecount="1" falsecount="1"/>
        <line num="680" count="1" type="cond" truecount="2" falsecount="0"/>
        <line num="682" count="1" type="cond" truecount="2" falsecount="0"/>
        <line num="683" count="1" type="cond" truecount="1" falsecount="1"/>
        <line num="684" count="1" type="stmt"/>
        <line num="686" count="1" type="stmt"/>
        <line num="692" count="3" type="stmt"/>
        <line num="693" count="3" type="stmt"/>
        <line num="695" count="3" type="stmt"/>
        <line num="697" count="5" type="stmt"/>
        <line num="698" count="5" type="stmt"/>
        <line num="699" count="5" type="stmt"/>
        <line num="702" count="3" type="stmt"/>
        <line num="709" count="7" type="stmt"/>
        <line num="711" count="5" type="cond" truecount="1" falsecount="1"/>
        <line num="713" count="0" type="stmt"/>
        <line num="714" count="0" type="stmt"/>
        <line num="715" count="0" type="stmt"/>
        <line num="716" count="0" type="stmt"/>
        <line num="719" count="0" type="stmt"/>
        <line num="724" count="3" type="stmt"/>
        <line num="726" count="3" type="stmt"/>
        <line num="727" count="5" type="cond" truecount="2" falsecount="0"/>
        <line num="730" count="3" type="stmt"/>
        <line num="735" count="2" type="stmt"/>
        <line num="736" count="2" type="stmt"/>
        <line num="737" count="2" type="stmt"/>
        <line num="739" count="2" type="stmt"/>
        <line num="742" count="2" type="cond" truecount="2" falsecount="1"/>
        <line num="744" count="1" type="stmt"/>
        <line num="745" count="1" type="stmt"/>
        <line num="747" count="1" type="stmt"/>
        <line num="748" count="1" type="stmt"/>
        <line num="750" count="0" type="stmt"/>
        <line num="751" count="0" type="stmt"/>
        <line num="754" count="2" type="stmt"/>
        <line num="755" count="2" type="stmt"/>
        <line num="758" count="2" type="stmt"/>
        <line num="762" count="2" type="stmt"/>
        <line num="772" count="2" type="stmt"/>
        <line num="774" count="2" type="stmt"/>
        <line num="775" count="2" type="cond" truecount="2" falsecount="0"/>
        <line num="778" count="2" type="stmt"/>
        <line num="779" count="2" type="stmt"/>
        <line num="780" count="0" type="stmt"/>
        <line num="786" count="2" type="cond" truecount="1" falsecount="1"/>
        <line num="788" count="10" type="stmt"/>
        <line num="789" count="2" type="stmt"/>
        <line num="794" count="2" type="stmt"/>
        <line num="796" count="2" type="cond" truecount="1" falsecount="1"/>
        <line num="797" count="0" type="stmt"/>
        <line num="800" count="2" type="cond" truecount="1" falsecount="1"/>
        <line num="801" count="0" type="stmt"/>
        <line num="804" count="2" type="cond" truecount="1" falsecount="1"/>
        <line num="805" count="0" type="stmt"/>
        <line num="808" count="2" type="stmt"/>
        <line num="813" count="1" type="cond" truecount="1" falsecount="1"/>
        <line num="814" count="1" type="stmt"/>
        <line num="817" count="1" type="stmt"/>
      </file>
    </package>
    <package name="src.utils">
      <metrics statements="50" coveredstatements="36" conditionals="28" coveredconditionals="12" methods="8" coveredmethods="7"/>
      <file name="webpDetection.ts" path="/home/runner/work/Malnu-Kananga/Malnu-Kananga/src/utils/webpDetection.ts">
        <metrics statements="50" coveredstatements="36" conditionals="28" coveredconditionals="12" methods="8" coveredmethods="7"/>
        <line num="4" count="2" type="stmt"/>
        <line num="5" count="2" type="stmt"/>
        <line num="11" count="2" type="stmt"/>
        <line num="12" count="3" type="stmt"/>
        <line num="14" count="3" type="cond" truecount="1" falsecount="1"/>
        <line num="15" count="0" type="stmt"/>
        <line num="16" count="0" type="stmt"/>
        <line num="20" count="3" type="cond" truecount="1" falsecount="1"/>
        <line num="21" count="0" type="stmt"/>
        <line num="22" count="0" type="stmt"/>
        <line num="26" count="3" type="stmt"/>
        <line num="27" count="3" type="stmt"/>
        <line num="28" count="3" type="stmt"/>
        <line num="29" count="3" type="stmt"/>
        <line num="32" count="3" type="stmt"/>
        <line num="33" count="3" type="stmt"/>
        <line num="34" count="2" type="stmt"/>
        <line num="35" count="2" type="stmt"/>
        <line num="36" count="2" type="stmt"/>
        <line num="39" count="1" type="stmt"/>
        <line num="40" count="1" type="stmt"/>
        <line num="44" count="3" type="stmt"/>
        <line num="52" count="2" type="stmt"/>
        <line num="53" count="3" type="stmt"/>
        <line num="60" count="2" type="stmt"/>
        <line num="61" count="18" type="stmt"/>
        <line num="70" count="2" type="cond" truecount="0" falsecount="1"/>
        <line num="72" count="7" type="cond" truecount="1" falsecount="1"/>
        <line num="73" count="0" type="cond" truecount="0" falsecount="2"/>
        <line num="76" count="7" type="stmt"/>
        <line num="79" count="7" type="cond" truecount="5" falsecount="0"/>
        <line num="80" count="3" type="stmt"/>
        <line num="84" count="4" type="cond" truecount="2" falsecount="2"/>
        <line num="85" count="0" type="stmt"/>
        <line num="89" count="4" type="cond" truecount="2" falsecount="0"/>
        <line num="90" count="3" type="stmt"/>
        <line num="93" count="1" type="stmt"/>
        <line num="100" count="2" type="stmt"/>
        <line num="101" count="0" type="stmt"/>
        <line num="104" count="0" type="cond" truecount="0" falsecount="2"/>
        <line num="105" count="0" type="stmt"/>
        <line num="109" count="0" type="cond" truecount="0" falsecount="4"/>
        <line num="110" count="0" type="stmt"/>
        <line num="114" count="0" type="cond" truecount="0" falsecount="2"/>
        <line num="115" count="0" type="stmt"/>
        <line num="118" count="0" type="stmt"/>
        <line num="124" count="2" type="stmt"/>
        <line num="125" count="1" type="stmt"/>
        <line num="126" count="1" type="stmt"/>
        <line num="129" count="2" type="stmt"/>
      </file>
    </package>
  </project>
</coverage>
