<?xml version="1.0" encoding="UTF-8"?>
<coverage generated="1763773290371" clover="3.2.0">
  <project timestamp="1763773290371" name="All files">
    <metrics statements="62" coveredstatements="40" conditionals="58" coveredconditionals="29" methods="11" coveredmethods="7" elements="131" coveredelements="76" complexity="0" loc="62" ncloc="62" packages="1" files="1" classes="1"/>
    <file name="AssignmentSubmission.tsx" path="/home/runner/work/Malnu-Kananga/Malnu-Kananga/src/components/AssignmentSubmission.tsx">
      <metrics statements="62" coveredstatements="40" conditionals="58" coveredconditionals="29" methods="11" coveredmethods="7"/>
      <line num="1" count="1" type="stmt"/>
      <line num="2" count="1" type="stmt"/>
      <line num="14" count="1" type="stmt"/>
      <line num="19" count="28" type="stmt"/>
      <line num="20" count="28" type="stmt"/>
      <line num="21" count="28" type="stmt"/>
      <line num="22" count="28" type="stmt"/>
      <line num="23" count="28" type="stmt"/>
      <line num="25" count="28" type="stmt"/>
      <line num="27" count="4" type="stmt"/>
      <line num="37" count="4" type="cond" truecount="2" falsecount="0"/>
      <line num="38" count="1" type="stmt"/>
      <line num="39" count="1" type="stmt"/>
      <line num="43" count="3" type="cond" truecount="1" falsecount="1"/>
      <line num="44" count="0" type="stmt"/>
      <line num="45" count="0" type="stmt"/>
      <line num="48" count="3" type="stmt"/>
      <line num="51" count="28" type="stmt"/>
      <line num="52" count="0" type="stmt"/>
      <line num="53" count="0" type="stmt"/>
      <line num="54" count="0" type="cond" truecount="0" falsecount="4"/>
      <line num="55" count="0" type="stmt"/>
      <line num="56" count="0" type="cond" truecount="0" falsecount="2"/>
      <line num="57" count="0" type="stmt"/>
      <line num="61" count="28" type="stmt"/>
      <line num="62" count="4" type="stmt"/>
      <line num="63" count="4" type="stmt"/>
      <line num="64" count="4" type="stmt"/>
      <line num="66" count="4" type="cond" truecount="3" falsecount="1"/>
      <line num="67" count="4" type="stmt"/>
      <line num="71" count="28" type="stmt"/>
      <line num="72" count="3" type="cond" truecount="3" falsecount="1"/>
      <line num="73" count="0" type="stmt"/>
      <line num="74" count="0" type="stmt"/>
      <line num="77" count="3" type="stmt"/>
      <line num="79" count="3" type="stmt"/>
      <line num="80" count="3" type="stmt"/>
      <line num="87" count="2" type="stmt"/>
      <line num="89" count="1" type="stmt"/>
      <line num="90" count="1" type="stmt"/>
      <line num="92" count="3" type="stmt"/>
      <line num="96" count="28" type="stmt"/>
      <line num="97" count="3" type="cond" truecount="1" falsecount="1"/>
      <line num="98" count="0" type="stmt"/>
      <line num="99" count="0" type="stmt"/>
      <line num="100" count="0" type="stmt"/>
      <line num="101" count="0" type="stmt"/>
      <line num="104" count="28" type="stmt"/>
      <line num="105" count="3" type="cond" truecount="3" falsecount="1"/>
      <line num="106" count="3" type="cond" truecount="1" falsecount="8"/>
      <line num="107" count="3" type="stmt"/>
      <line num="108" count="0" type="stmt"/>
      <line num="109" count="0" type="stmt"/>
      <line num="110" count="0" type="stmt"/>
      <line num="111" count="0" type="stmt"/>
      <line num="115" count="28" type="stmt"/>
      <line num="203" count="0" type="cond" truecount="0" falsecount="4"/>
      <line num="204" count="0" type="stmt"/>
      <line num="220" count="0" type="stmt"/>
      <line num="236" count="0" type="cond" truecount="0" falsecount="4"/>
      <line num="260" count="5" type="stmt"/>
      <line num="322" count="1" type="stmt"/>
    </file>
  </project>
</coverage>
