{"/home/runner/work/Malnu-Kananga/Malnu-Kananga/src/types.ts": {"path":"/home/runner/work/Malnu-Kananga/Malnu-Kananga/src/types.ts","statementMap":{"0":{"start":{"line":1,"column":0},"end":{"line":1,"column":null}},"1":{"start":{"line":2,"column":2},"end":{"line":2,"column":null}},"2":{"start":{"line":3,"column":2},"end":{"line":3,"column":null}}},"fnMap":{"0":{"name":"(anonymous_0)","decl":{"start":{"line":1,"column":0},"end":{"line":1,"column":12}},"loc":{"start":{"line":1,"column":18},"end":{"line":4,"column":1}}}},"branchMap":{"0":{"loc":{"start":{"line":1,"column":12},"end":{"line":1,"column":null}},"type":"binary-expr","locations":[{"start":{"line":1,"column":12},"end":{"line":1,"column":18}},{"start":{"line":1,"column":18},"end":{"line":1,"column":null}}]}},"s":{"0":2,"1":2,"2":2},"f":{"0":2},"b":{"0":[2,2]}}
,"/home/runner/work/Malnu-Kananga/Malnu-Kananga/src/components/AssignmentSubmission.tsx": {"path":"/home/runner/work/Malnu-Kananga/Malnu-Kananga/src/components/AssignmentSubmission.tsx","statementMap":{"0":{"start":{"line":1,"column":0},"end":{"line":1,"column":48}},"1":{"start":{"line":2,"column":0},"end":{"line":2,"column":63}},"2":{"start":{"line":14,"column":66},"end":{"line":320,"column":1}},"3":{"start":{"line":19,"column":42},"end":{"line":19,"column":69}},"4":{"start":{"line":20,"column":28},"end":{"line":20,"column":40}},"5":{"start":{"line":21,"column":42},"end":{"line":21,"column":57}},"6":{"start":{"line":22,"column":38},"end":{"line":22,"column":53}},"7":{"start":{"line":23,"column":23},"end":{"line":23,"column":53}},"8":{"start":{"line":25,"column":27},"end":{"line":49,"column":3}},"9":{"start":{"line":27,"column":25},"end":{"line":35,"column":6}},"10":{"start":{"line":37,"column":4},"end":{"line":40,"column":5}},"11":{"start":{"line":38,"column":6},"end":{"line":38,"column":99}},"12":{"start":{"line":39,"column":6},"end":{"line":39,"column":13}},"13":{"start":{"line":43,"column":4},"end":{"line":46,"column":5}},"14":{"start":{"line":44,"column":6},"end":{"line":44,"column":65}},"15":{"start":{"line":45,"column":6},"end":{"line":45,"column":13}},"16":{"start":{"line":48,"column":4},"end":{"line":48,"column":26}},"17":{"start":{"line":51,"column":21},"end":{"line":59,"column":3}},"18":{"start":{"line":52,"column":4},"end":{"line":52,"column":23}},"19":{"start":{"line":53,"column":4},"end":{"line":53,"column":24}},"20":{"start":{"line":54,"column":4},"end":{"line":58,"column":5}},"21":{"start":{"line":55,"column":6},"end":{"line":55,"column":26}},"22":{"start":{"line":56,"column":11},"end":{"line":58,"column":5}},"23":{"start":{"line":57,"column":6},"end":{"line":57,"column":27}},"24":{"start":{"line":61,"column":21},"end":{"line":69,"column":3}},"25":{"start":{"line":62,"column":4},"end":{"line":62,"column":23}},"26":{"start":{"line":63,"column":4},"end":{"line":63,"column":24}},"27":{"start":{"line":64,"column":4},"end":{"line":64,"column":25}},"28":{"start":{"line":66,"column":4},"end":{"line":68,"column":5}},"29":{"start":{"line":67,"column":6},"end":{"line":67,"column":48}},"30":{"start":{"line":71,"column":23},"end":{"line":94,"column":3}},"31":{"start":{"line":72,"column":4},"end":{"line":75,"column":5}},"32":{"start":{"line":73,"column":6},"end":{"line":73,"column":83}},"33":{"start":{"line":74,"column":6},"end":{"line":74,"column":13}},"34":{"start":{"line":77,"column":4},"end":{"line":77,"column":26}},"35":{"start":{"line":79,"column":4},"end":{"line":93,"column":5}},"36":{"start":{"line":80,"column":6},"end":{"line":84,"column":9}},"37":{"start":{"line":87,"column":6},"end":{"line":87,"column":16}},"38":{"start":{"line":89,"column":6},"end":{"line":89,"column":59}},"39":{"start":{"line":90,"column":6},"end":{"line":90,"column":85}},"40":{"start":{"line":92,"column":6},"end":{"line":92,"column":29}},"41":{"start":{"line":96,"column":25},"end":{"line":102,"column":3}},"42":{"start":{"line":97,"column":4},"end":{"line":97,"column":38}},"43":{"start":{"line":97,"column":21},"end":{"line":97,"column":38}},"44":{"start":{"line":98,"column":14},"end":{"line":98,"column":18}},"45":{"start":{"line":99,"column":18},"end":{"line":99,"column":45}},"46":{"start":{"line":100,"column":14},"end":{"line":100,"column":55}},"47":{"start":{"line":101,"column":4},"end":{"line":101,"column":76}},"48":{"start":{"line":104,"column":22},"end":{"line":113,"column":3}},"49":{"start":{"line":105,"column":16},"end":{"line":105,"column":56}},"50":{"start":{"line":106,"column":4},"end":{"line":112,"column":5}},"51":{"start":{"line":107,"column":18},"end":{"line":107,"column":30}},"52":{"start":{"line":108,"column":31},"end":{"line":108,"column":43}},"53":{"start":{"line":109,"column":55},"end":{"line":109,"column":68}},"54":{"start":{"line":110,"column":18},"end":{"line":110,"column":30}},"55":{"start":{"line":111,"column":15},"end":{"line":111,"column":27}},"56":{"start":{"line":115,"column":2},"end":{"line":319,"column":4}},"57":{"start":{"line":203,"column":18},"end":{"line":205,"column":19}},"58":{"start":{"line":204,"column":20},"end":{"line":204,"column":56}},"59":{"start":{"line":220,"column":35},"end":{"line":220,"column":56}},"60":{"start":{"line":236,"column":37},"end":{"line":236,"column":null}},"61":{"start":{"line":260,"column":31},"end":{"line":260,"column":55}},"62":{"start":{"line":322,"column":0},"end":{"line":322,"column":36}}},"fnMap":{"0":{"name":"(anonymous_9)","decl":{"start":{"line":14,"column":66},"end":{"line":14,"column":67}},"loc":{"start":{"line":18,"column":5},"end":{"line":320,"column":1}}},"1":{"name":"(anonymous_10)","decl":{"start":{"line":25,"column":27},"end":{"line":25,"column":28}},"loc":{"start":{"line":25,"column":42},"end":{"line":49,"column":3}}},"2":{"name":"(anonymous_11)","decl":{"start":{"line":51,"column":21},"end":{"line":51,"column":22}},"loc":{"start":{"line":51,"column":44},"end":{"line":59,"column":3}}},"3":{"name":"(anonymous_12)","decl":{"start":{"line":61,"column":21},"end":{"line":61,"column":22}},"loc":{"start":{"line":61,"column":44},"end":{"line":69,"column":3}}},"4":{"name":"(anonymous_13)","decl":{"start":{"line":71,"column":23},"end":{"line":71,"column":28}},"loc":{"start":{"line":71,"column":34},"end":{"line":94,"column":3}}},"5":{"name":"(anonymous_14)","decl":{"start":{"line":96,"column":25},"end":{"line":96,"column":26}},"loc":{"start":{"line":96,"column":43},"end":{"line":102,"column":3}}},"6":{"name":"(anonymous_15)","decl":{"start":{"line":104,"column":22},"end":{"line":104,"column":23}},"loc":{"start":{"line":104,"column":43},"end":{"line":113,"column":3}}},"7":{"name":"(anonymous_16)","decl":{"start":{"line":202,"column":26},"end":{"line":202,"column":27}},"loc":{"start":{"line":202,"column":32},"end":{"line":206,"column":17}}},"8":{"name":"(anonymous_17)","decl":{"start":{"line":220,"column":29},"end":{"line":220,"column":32}},"loc":{"start":{"line":220,"column":35},"end":{"line":220,"column":56}}},"9":{"name":"(anonymous_18)","decl":{"start":{"line":236,"column":31},"end":{"line":236,"column":34}},"loc":{"start":{"line":236,"column":36},"end":{"line":236,"column":null}}},"10":{"name":"(anonymous_19)","decl":{"start":{"line":260,"column":24},"end":{"line":260,"column":25}},"loc":{"start":{"line":260,"column":31},"end":{"line":260,"column":55}}}},"branchMap":{"0":{"loc":{"start":{"line":37,"column":4},"end":{"line":40,"column":5}},"type":"if","locations":[{"start":{"line":37,"column":4},"end":{"line":40,"column":5}},{"start":{},"end":{}}]},"1":{"loc":{"start":{"line":43,"column":4},"end":{"line":46,"column":5}},"type":"if","locations":[{"start":{"line":43,"column":4},"end":{"line":46,"column":5}},{"start":{},"end":{}}]},"2":{"loc":{"start":{"line":54,"column":4},"end":{"line":58,"column":5}},"type":"if","locations":[{"start":{"line":54,"column":4},"end":{"line":58,"column":5}},{"start":{"line":56,"column":11},"end":{"line":58,"column":5}}]},"3":{"loc":{"start":{"line":54,"column":8},"end":{"line":54,"column":55}},"type":"binary-expr","locations":[{"start":{"line":54,"column":8},"end":{"line":54,"column":30}},{"start":{"line":54,"column":34},"end":{"line":54,"column":55}}]},"4":{"loc":{"start":{"line":56,"column":11},"end":{"line":58,"column":5}},"type":"if","locations":[{"start":{"line":56,"column":11},"end":{"line":58,"column":5}},{"start":{},"end":{}}]},"5":{"loc":{"start":{"line":66,"column":4},"end":{"line":68,"column":5}},"type":"if","locations":[{"start":{"line":66,"column":4},"end":{"line":68,"column":5}},{"start":{},"end":{}}]},"6":{"loc":{"start":{"line":66,"column":8},"end":{"line":66,"column":55}},"type":"binary-expr","locations":[{"start":{"line":66,"column":8},"end":{"line":66,"column":28}},{"start":{"line":66,"column":32},"end":{"line":66,"column":55}}]},"7":{"loc":{"start":{"line":72,"column":4},"end":{"line":75,"column":5}},"type":"if","locations":[{"start":{"line":72,"column":4},"end":{"line":75,"column":5}},{"start":{},"end":{}}]},"8":{"loc":{"start":{"line":72,"column":8},"end":{"line":72,"column":38}},"type":"binary-expr","locations":[{"start":{"line":72,"column":8},"end":{"line":72,"column":21}},{"start":{"line":72,"column":25},"end":{"line":72,"column":38}}]},"9":{"loc":{"start":{"line":81,"column":14},"end":{"line":81,"column":39}},"type":"binary-expr","locations":[{"start":{"line":81,"column":14},"end":{"line":81,"column":26}},{"start":{"line":81,"column":30},"end":{"line":81,"column":39}}]},"10":{"loc":{"start":{"line":82,"column":15},"end":{"line":82,"column":40}},"type":"binary-expr","locations":[{"start":{"line":82,"column":15},"end":{"line":82,"column":27}},{"start":{"line":82,"column":31},"end":{"line":82,"column":40}}]},"11":{"loc":{"start":{"line":97,"column":4},"end":{"line":97,"column":38}},"type":"if","locations":[{"start":{"line":97,"column":4},"end":{"line":97,"column":38}},{"start":{},"end":{}}]},"12":{"loc":{"start":{"line":105,"column":16},"end":{"line":105,"column":56}},"type":"cond-expr","locations":[{"start":{"line":105,"column":41},"end":{"line":105,"column":43}},{"start":{"line":105,"column":41},"end":{"line":105,"column":56}}]},"13":{"loc":{"start":{"line":105,"column":16},"end":{"line":105,"column":43}},"type":"binary-expr","locations":[{"start":{"line":105,"column":16},"end":{"line":105,"column":43}},{"start":{"line":105,"column":41},"end":{"line":105,"column":43}}]},"14":{"loc":{"start":{"line":106,"column":4},"end":{"line":112,"column":5}},"type":"switch","locations":[{"start":{"line":107,"column":6},"end":{"line":107,"column":30}},{"start":{"line":108,"column":6},"end":{"line":108,"column":17}},{"start":{"line":108,"column":18},"end":{"line":108,"column":43}},{"start":{"line":109,"column":6},"end":{"line":109,"column":17}},{"start":{"line":109,"column":18},"end":{"line":109,"column":30}},{"start":{"line":109,"column":31},"end":{"line":109,"column":42}},{"start":{"line":109,"column":43},"end":{"line":109,"column":68}},{"start":{"line":110,"column":6},"end":{"line":110,"column":30}},{"start":{"line":111,"column":6},"end":{"line":111,"column":27}}]},"15":{"loc":{"start":{"line":167,"column":13},"end":{"line":175,"column":null}},"type":"binary-expr","locations":[{"start":{"line":167,"column":13},"end":{"line":167,"column":36}},{"start":{"line":168,"column":14},"end":{"line":174,"column":null}}]},"16":{"loc":{"start":{"line":187,"column":16},"end":{"line":191,"column":null}},"type":"cond-expr","locations":[{"start":{"line":188,"column":20},"end":{"line":188,"column":71}},{"start":{"line":189,"column":20},"end":{"line":191,"column":null}}]},"17":{"loc":{"start":{"line":189,"column":20},"end":{"line":191,"column":null}},"type":"cond-expr","locations":[{"start":{"line":190,"column":20},"end":{"line":190,"column":71}},{"start":{"line":191,"column":20},"end":{"line":191,"column":null}}]},"18":{"loc":{"start":{"line":203,"column":18},"end":{"line":205,"column":19}},"type":"if","locations":[{"start":{"line":203,"column":18},"end":{"line":205,"column":19}},{"start":{},"end":{}}]},"19":{"loc":{"start":{"line":203,"column":22},"end":{"line":203,"column":57}},"type":"binary-expr","locations":[{"start":{"line":203,"column":22},"end":{"line":203,"column":36}},{"start":{"line":203,"column":40},"end":{"line":203,"column":57}}]},"20":{"loc":{"start":{"line":210,"column":15},"end":{"line":248,"column":null}},"type":"cond-expr","locations":[{"start":{"line":211,"column":16},"end":{"line":226,"column":null}},{"start":{"line":229,"column":16},"end":{"line":247,"column":null}}]},"21":{"loc":{"start":{"line":236,"column":37},"end":{"line":236,"column":66}},"type":"cond-expr","locations":[{"start":{"line":236,"column":57},"end":{"line":236,"column":59}},{"start":{"line":236,"column":57},"end":{"line":236,"column":66}}]},"22":{"loc":{"start":{"line":236,"column":37},"end":{"line":236,"column":59}},"type":"binary-expr","locations":[{"start":{"line":236,"column":37},"end":{"line":236,"column":59}},{"start":{"line":236,"column":57},"end":{"line":236,"column":59}}]},"23":{"loc":{"start":{"line":295,"column":24},"end":{"line":295,"column":72}},"type":"binary-expr","locations":[{"start":{"line":295,"column":24},"end":{"line":295,"column":36}},{"start":{"line":295,"column":41},"end":{"line":295,"column":54}},{"start":{"line":295,"column":58},"end":{"line":295,"column":71}}]},"24":{"loc":{"start":{"line":298,"column":15},"end":{"line":312,"column":null}},"type":"cond-expr","locations":[{"start":{"line":299,"column":16},"end":{"line":304,"column":null}},{"start":{"line":307,"column":16},"end":{"line":311,"column":null}}]}},"s":{"0":1,"1":1,"2":1,"3":28,"4":28,"5":28,"6":28,"7":28,"8":28,"9":4,"10":4,"11":1,"12":1,"13":3,"14":0,"15":0,"16":3,"17":28,"18":0,"19":0,"20":0,"21":0,"22":0,"23":0,"24":28,"25":4,"26":4,"27":4,"28":4,"29":4,"30":28,"31":3,"32":0,"33":0,"34":3,"35":3,"36":3,"37":1,"38":1,"39":1,"40":2,"41":28,"42":3,"43":0,"44":3,"45":3,"46":3,"47":3,"48":28,"49":3,"50":3,"51":3,"52":0,"53":0,"54":0,"55":0,"56":28,"57":0,"58":0,"59":0,"60":0,"61":5,"62":1},"f":{"0":28,"1":4,"2":0,"3":4,"4":3,"5":3,"6":3,"7":0,"8":0,"9":0,"10":5},"b":{"0":[1,3],"1":[0,3],"2":[0,0],"3":[0,0],"4":[0,0],"5":[4,0],"6":[4,4],"7":[0,3],"8":[3,3],"9":[3,3],"10":[3,0],"11":[0,3],"12":[0,3],"13":[3,3],"14":[3,0,0,0,0,0,0,0,0],"15":[28,28],"16":[0,28],"17":[3,25],"18":[0,0],"19":[0,0],"20":[3,25],"21":[0,0],"22":[0,0],"23":[28,25,22],"24":[3,25]}}
,"/home/runner/work/Malnu-Kananga/Malnu-Kananga/src/components/AuthButtons.tsx": {"path":"/home/runner/work/Malnu-Kananga/Malnu-Kananga/src/components/AuthButtons.tsx","statementMap":{"0":{"start":{"line":1,"column":0},"end":{"line":1,"column":26}},"1":{"start":{"line":2,"column":0},"end":{"line":2,"column":44}},"2":{"start":{"line":3,"column":0},"end":{"line":3,"column":61}},"3":{"start":{"line":13,"column":48},"end":{"line":57,"column":1}},"4":{"start":{"line":20,"column":24},"end":{"line":20,"column":60}},"5":{"start":{"line":21,"column":24},"end":{"line":21,"column":89}},"6":{"start":{"line":22,"column":34},"end":{"line":22,"column":52}},"7":{"start":{"line":24,"column":2},"end":{"line":36,"column":3}},"8":{"start":{"line":25,"column":4},"end":{"line":35,"column":6}},"9":{"start":{"line":38,"column":2},"end":{"line":56,"column":4}},"10":{"start":{"line":59,"column":0},"end":{"line":59,"column":27}}},"fnMap":{"0":{"name":"(anonymous_1)","decl":{"start":{"line":13,"column":48},"end":{"line":13,"column":49}},"loc":{"start":{"line":19,"column":5},"end":{"line":57,"column":1}}}},"branchMap":{"0":{"loc":{"start":{"line":18,"column":2},"end":{"line":18,"column":22}},"type":"default-arg","locations":[{"start":{"line":18,"column":17},"end":{"line":18,"column":22}}]},"1":{"loc":{"start":{"line":20,"column":24},"end":{"line":20,"column":60}},"type":"cond-expr","locations":[{"start":{"line":20,"column":39},"end":{"line":20,"column":41}},{"start":{"line":20,"column":44},"end":{"line":20,"column":60}}]},"2":{"loc":{"start":{"line":21,"column":24},"end":{"line":21,"column":89}},"type":"cond-expr","locations":[{"start":{"line":21,"column":39},"end":{"line":21,"column":72}},{"start":{"line":21,"column":75},"end":{"line":21,"column":89}}]},"3":{"loc":{"start":{"line":24,"column":2},"end":{"line":36,"column":3}},"type":"if","locations":[{"start":{"line":24,"column":2},"end":{"line":36,"column":3}},{"start":{},"end":{}}]}},"s":{"0":1,"1":1,"2":1,"3":1,"4":0,"5":0,"6":0,"7":0,"8":0,"9":0,"10":1},"f":{"0":0},"b":{"0":[0],"1":[0,0],"2":[0,0],"3":[0,0]}}
,"/home/runner/work/Malnu-Kananga/Malnu-Kananga/src/components/ChatHeader.tsx": {"path":"/home/runner/work/Malnu-Kananga/Malnu-Kananga/src/components/ChatHeader.tsx","statementMap":{"0":{"start":{"line":1,"column":0},"end":{"line":1,"column":26}},"1":{"start":{"line":2,"column":0},"end":{"line":2,"column":46}},"2":{"start":{"line":8,"column":46},"end":{"line":24,"column":1}},"3":{"start":{"line":9,"column":2},"end":{"line":23,"column":4}},"4":{"start":{"line":26,"column":0},"end":{"line":26,"column":26}}},"fnMap":{"0":{"name":"(anonymous_1)","decl":{"start":{"line":8,"column":46},"end":{"line":8,"column":47}},"loc":{"start":{"line":8,"column":62},"end":{"line":24,"column":1}}}},"branchMap":{},"s":{"0":1,"1":1,"2":1,"3":46,"4":1},"f":{"0":46},"b":{}}
,"/home/runner/work/Malnu-Kananga/Malnu-Kananga/src/components/ChatInput.tsx": {"path":"/home/runner/work/Malnu-Kananga/Malnu-Kananga/src/components/ChatInput.tsx","statementMap":{"0":{"start":{"line":1,"column":0},"end":{"line":1,"column":26}},"1":{"start":{"line":2,"column":0},"end":{"line":2,"column":44}},"2":{"start":{"line":3,"column":0},"end":{"line":3,"column":61}},"3":{"start":{"line":12,"column":44},"end":{"line":45,"column":1}},"4":{"start":{"line":13,"column":56},"end":{"line":13,"column":74}},"5":{"start":{"line":15,"column":2},"end":{"line":44,"column":4}},"6":{"start":{"line":21,"column":27},"end":{"line":21,"column":56}},"7":{"start":{"line":47,"column":0},"end":{"line":47,"column":25}}},"fnMap":{"0":{"name":"(anonymous_1)","decl":{"start":{"line":12,"column":44},"end":{"line":12,"column":45}},"loc":{"start":{"line":12,"column":92},"end":{"line":45,"column":1}}},"1":{"name":"(anonymous_2)","decl":{"start":{"line":21,"column":20},"end":{"line":21,"column":21}},"loc":{"start":{"line":21,"column":27},"end":{"line":21,"column":56}}}},"branchMap":{"0":{"loc":{"start":{"line":31,"column":20},"end":{"line":31,"column":46}},"type":"binary-expr","locations":[{"start":{"line":31,"column":20},"end":{"line":31,"column":29}},{"start":{"line":31,"column":33},"end":{"line":31,"column":46}}]},"1":{"loc":{"start":{"line":34,"column":22},"end":{"line":34,"column":69}},"type":"cond-expr","locations":[{"start":{"line":34,"column":34},"end":{"line":34,"column":53}},{"start":{"line":34,"column":56},"end":{"line":34,"column":69}}]},"2":{"loc":{"start":{"line":36,"column":11},"end":{"line":39,"column":null}},"type":"cond-expr","locations":[{"start":{"line":37,"column":12},"end":{"line":37,"column":112}},{"start":{"line":39,"column":12},"end":{"line":39,"column":24}}]}},"s":{"0":1,"1":1,"2":1,"3":1,"4":46,"5":46,"6":0,"7":1},"f":{"0":46,"1":0},"b":{"0":[46,46],"1":[0,0],"2":[0,0]}}
,"/home/runner/work/Malnu-Kananga/Malnu-Kananga/src/components/ChatMessages.tsx": {"path":"/home/runner/work/Malnu-Kananga/Malnu-Kananga/src/components/ChatMessages.tsx","statementMap":{"0":{"start":{"line":1,"column":0},"end":{"line":1,"column":49}},"1":{"start":{"line":3,"column":0},"end":{"line":3,"column":44}},"2":{"start":{"line":10,"column":50},"end":{"line":51,"column":1}},"3":{"start":{"line":11,"column":25},"end":{"line":11,"column":53}},"4":{"start":{"line":13,"column":25},"end":{"line":17,"column":3}},"5":{"start":{"line":14,"column":4},"end":{"line":16,"column":5}},"6":{"start":{"line":15,"column":6},"end":{"line":15,"column":68}},"7":{"start":{"line":19,"column":2},"end":{"line":21,"column":17}},"8":{"start":{"line":20,"column":4},"end":{"line":20,"column":21}},"9":{"start":{"line":23,"column":2},"end":{"line":50,"column":4}},"10":{"start":{"line":27,"column":10},"end":{"line":28,"column":null}},"11":{"start":{"line":53,"column":0},"end":{"line":53,"column":28}}},"fnMap":{"0":{"name":"(anonymous_10)","decl":{"start":{"line":10,"column":50},"end":{"line":10,"column":51}},"loc":{"start":{"line":10,"column":86},"end":{"line":51,"column":1}}},"1":{"name":"(anonymous_11)","decl":{"start":{"line":13,"column":25},"end":{"line":13,"column":28}},"loc":{"start":{"line":13,"column":30},"end":{"line":17,"column":3}}},"2":{"name":"(anonymous_12)","decl":{"start":{"line":19,"column":12},"end":{"line":19,"column":15}},"loc":{"start":{"line":19,"column":17},"end":{"line":21,"column":3}}},"3":{"name":"(anonymous_13)","decl":{"start":{"line":26,"column":22},"end":{"line":26,"column":23}},"loc":{"start":{"line":27,"column":10},"end":{"line":28,"column":null}}}},"branchMap":{"0":{"loc":{"start":{"line":10,"column":63},"end":{"line":10,"column":80}},"type":"default-arg","locations":[{"start":{"line":10,"column":75},"end":{"line":10,"column":80}}]},"1":{"loc":{"start":{"line":14,"column":4},"end":{"line":16,"column":5}},"type":"if","locations":[{"start":{"line":14,"column":4},"end":{"line":16,"column":5}},{"start":{},"end":{}}]},"2":{"loc":{"start":{"line":14,"column":8},"end":{"line":14,"column":46}},"type":"cond-expr","locations":[{"start":{"line":14,"column":30},"end":{"line":14,"column":32}},{"start":{"line":14,"column":30},"end":{"line":14,"column":46}}]},"3":{"loc":{"start":{"line":14,"column":8},"end":{"line":14,"column":32}},"type":"binary-expr","locations":[{"start":{"line":14,"column":8},"end":{"line":14,"column":32}},{"start":{"line":14,"column":30},"end":{"line":14,"column":32}}]},"4":{"loc":{"start":{"line":30,"column":23},"end":{"line":30,"column":76}},"type":"binary-expr","locations":[{"start":{"line":30,"column":23},"end":{"line":30,"column":32}},{"start":{"line":30,"column":36},"end":{"line":30,"column":59}},{"start":{"line":30,"column":63},"end":{"line":30,"column":76}}]},"5":{"loc":{"start":{"line":35,"column":9},"end":{"line":44,"column":null}},"type":"binary-expr","locations":[{"start":{"line":35,"column":9},"end":{"line":35,"column":18}},{"start":{"line":36,"column":10},"end":{"line":43,"column":null}}]}},"s":{"0":1,"1":1,"2":1,"3":46,"4":46,"5":0,"6":0,"7":46,"8":0,"9":46,"10":0,"11":1},"f":{"0":46,"1":0,"2":0,"3":0},"b":{"0":[0],"1":[0,0],"2":[0,0],"3":[0,0],"4":[0,0,0],"5":[46,0]}}
,"/home/runner/work/Malnu-Kananga/Malnu-Kananga/src/components/ChatWindow.tsx": {"path":"/home/runner/work/Malnu-Kananga/Malnu-Kananga/src/components/ChatWindow.tsx","statementMap":{"0":{"start":{"line":2,"column":0},"end":{"line":2,"column":26}},"1":{"start":{"line":3,"column":0},"end":{"line":3,"column":38}},"2":{"start":{"line":4,"column":0},"end":{"line":4,"column":42}},"3":{"start":{"line":5,"column":0},"end":{"line":5,"column":36}},"4":{"start":{"line":6,"column":0},"end":{"line":6,"column":50}},"5":{"start":{"line":7,"column":0},"end":{"line":7,"column":53}},"6":{"start":{"line":8,"column":0},"end":{"line":8,"column":61}},"7":{"start":{"line":15,"column":46},"end":{"line":58,"column":1}},"8":{"start":{"line":16,"column":63},"end":{"line":16,"column":83}},"9":{"start":{"line":18,"column":25},"end":{"line":21,"column":4}},"10":{"start":{"line":23,"column":2},"end":{"line":25,"column":3}},"11":{"start":{"line":24,"column":4},"end":{"line":24,"column":16}},"12":{"start":{"line":27,"column":2},"end":{"line":57,"column":4}},"13":{"start":{"line":60,"column":0},"end":{"line":60,"column":26}}},"fnMap":{"0":{"name":"(anonymous_1)","decl":{"start":{"line":15,"column":46},"end":{"line":15,"column":47}},"loc":{"start":{"line":15,"column":72},"end":{"line":58,"column":1}}}},"branchMap":{"0":{"loc":{"start":{"line":23,"column":2},"end":{"line":25,"column":3}},"type":"if","locations":[{"start":{"line":23,"column":2},"end":{"line":25,"column":3}},{"start":{},"end":{}}]}},"s":{"0":1,"1":1,"2":1,"3":1,"4":1,"5":1,"6":1,"7":1,"8":47,"9":47,"10":47,"11":1,"12":46,"13":1},"f":{"0":47},"b":{"0":[1,46]}}
,"/home/runner/work/Malnu-Kananga/Malnu-Kananga/src/components/ConnectionStatus.tsx": {"path":"/home/runner/work/Malnu-Kananga/Malnu-Kananga/src/components/ConnectionStatus.tsx","statementMap":{"0":{"start":{"line":1,"column":0},"end":{"line":1,"column":26}},"1":{"start":{"line":2,"column":0},"end":{"line":2,"column":57}},"2":{"start":{"line":8,"column":58},"end":{"line":28,"column":1}},"3":{"start":{"line":9,"column":43},"end":{"line":9,"column":59}},"4":{"start":{"line":11,"column":2},"end":{"line":13,"column":3}},"5":{"start":{"line":12,"column":4},"end":{"line":12,"column":16}},"6":{"start":{"line":15,"column":2},"end":{"line":27,"column":4}},"7":{"start":{"line":30,"column":0},"end":{"line":30,"column":32}}},"fnMap":{"0":{"name":"(anonymous_1)","decl":{"start":{"line":8,"column":58},"end":{"line":8,"column":59}},"loc":{"start":{"line":8,"column":81},"end":{"line":28,"column":1}}}},"branchMap":{"0":{"loc":{"start":{"line":8,"column":61},"end":{"line":8,"column":75}},"type":"default-arg","locations":[{"start":{"line":8,"column":73},"end":{"line":8,"column":75}}]},"1":{"loc":{"start":{"line":11,"column":2},"end":{"line":13,"column":3}},"type":"if","locations":[{"start":{"line":11,"column":2},"end":{"line":13,"column":3}},{"start":{},"end":{}}]},"2":{"loc":{"start":{"line":11,"column":6},"end":{"line":11,"column":37}},"type":"binary-expr","locations":[{"start":{"line":11,"column":6},"end":{"line":11,"column":17}},{"start":{"line":11,"column":21},"end":{"line":11,"column":37}}]},"3":{"loc":{"start":{"line":17,"column":46},"end":{"line":17,"column":89}},"type":"cond-expr","locations":[{"start":{"line":17,"column":60},"end":{"line":17,"column":74}},{"start":{"line":17,"column":77},"end":{"line":17,"column":89}}]},"4":{"loc":{"start":{"line":17,"column":93},"end":{"line":17,"column":124}},"type":"binary-expr","locations":[{"start":{"line":17,"column":93},"end":{"line":17,"column":105}},{"start":{"line":17,"column":109},"end":{"line":17,"column":124}}]},"5":{"loc":{"start":{"line":18,"column":23},"end":{"line":18,"column":108}},"type":"cond-expr","locations":[{"start":{"line":18,"column":37},"end":{"line":18,"column":73}},{"start":{"line":18,"column":76},"end":{"line":18,"column":108}}]},"6":{"loc":{"start":{"line":19,"column":9},"end":{"line":19,"column":47}},"type":"cond-expr","locations":[{"start":{"line":19,"column":23},"end":{"line":19,"column":34}},{"start":{"line":19,"column":37},"end":{"line":19,"column":47}}]},"7":{"loc":{"start":{"line":21,"column":7},"end":{"line":24,"column":null}},"type":"binary-expr","locations":[{"start":{"line":21,"column":7},"end":{"line":21,"column":22}},{"start":{"line":22,"column":8},"end":{"line":23,"column":null}}]},"8":{"loc":{"start":{"line":23,"column":13},"end":{"line":23,"column":101}},"type":"cond-expr","locations":[{"start":{"line":23,"column":51},"end":{"line":23,"column":78}},{"start":{"line":23,"column":81},"end":{"line":23,"column":101}}]}},"s":{"0":1,"1":1,"2":1,"3":46,"4":46,"5":46,"6":0,"7":1},"f":{"0":46},"b":{"0":[46],"1":[46,0],"2":[46,46],"3":[0,0],"4":[0,0],"5":[0,0],"6":[0,0],"7":[0,0],"8":[0,0]}}
,"/home/runner/work/Malnu-Kananga/Malnu-Kananga/src/components/DesktopNavigation.tsx": {"path":"/home/runner/work/Malnu-Kananga/Malnu-Kananga/src/components/DesktopNavigation.tsx","statementMap":{"0":{"start":{"line":1,"column":0},"end":{"line":1,"column":26}},"1":{"start":{"line":3,"column":36},"end":{"line":24,"column":1}},"2":{"start":{"line":4,"column":19},"end":{"line":9,"column":4}},"3":{"start":{"line":11,"column":2},"end":{"line":23,"column":4}},"4":{"start":{"line":14,"column":8},"end":{"line":15,"column":null}},"5":{"start":{"line":26,"column":0},"end":{"line":26,"column":33}}},"fnMap":{"0":{"name":"(anonymous_1)","decl":{"start":{"line":3,"column":36},"end":{"line":3,"column":39}},"loc":{"start":{"line":3,"column":41},"end":{"line":24,"column":1}}},"1":{"name":"(anonymous_2)","decl":{"start":{"line":13,"column":20},"end":{"line":13,"column":21}},"loc":{"start":{"line":14,"column":8},"end":{"line":15,"column":null}}}},"branchMap":{},"s":{"0":1,"1":1,"2":23,"3":23,"4":92,"5":1},"f":{"0":23,"1":92},"b":{}}
,"/home/runner/work/Malnu-Kananga/Malnu-Kananga/src/components/ErrorBoundary.tsx": {"path":"/home/runner/work/Malnu-Kananga/Malnu-Kananga/src/components/ErrorBoundary.tsx","statementMap":{"0":{"start":{"line":186,"column":0},"end":{"line":186,"column":16}},"1":{"start":{"line":203,"column":0},"end":{"line":203,"column":16}},"2":{"start":{"line":1,"column":0},"end":{"line":1,"column":63}},"3":{"start":{"line":2,"column":0},"end":{"line":2,"column":91}},"4":{"start":{"line":3,"column":0},"end":{"line":3,"column":65}},"5":{"start":{"line":18,"column":9},"end":{"line":20,"column":null}},"6":{"start":{"line":57,"column":10},"end":{"line":59,"column":null}},"7":{"start":{"line":58,"column":4},"end":{"line":58,"column":79}},"8":{"start":{"line":61,"column":10},"end":{"line":63,"column":null}},"9":{"start":{"line":62,"column":4},"end":{"line":62,"column":29}},"10":{"start":{"line":24,"column":4},"end":{"line":24,"column":37}},"11":{"start":{"line":29,"column":32},"end":{"line":29,"column":56}},"12":{"start":{"line":32,"column":4},"end":{"line":41,"column":7}},"13":{"start":{"line":39,"column":6},"end":{"line":39,"column":72}},"14":{"start":{"line":40,"column":6},"end":{"line":40,"column":67}},"15":{"start":{"line":44,"column":4},"end":{"line":44,"column":58}},"16":{"start":{"line":46,"column":4},"end":{"line":49,"column":7}},"17":{"start":{"line":52,"column":4},"end":{"line":54,"column":5}},"18":{"start":{"line":53,"column":6},"end":{"line":53,"column":43}},"19":{"start":{"line":66,"column":4},"end":{"line":179,"column":5}},"20":{"start":{"line":68,"column":6},"end":{"line":70,"column":7}},"21":{"start":{"line":69,"column":8},"end":{"line":69,"column":35}},"22":{"start":{"line":73,"column":6},"end":{"line":178,"column":8}},"23":{"start":{"line":153,"column":39},"end":{"line":153,"column":81}},"24":{"start":{"line":154,"column":26},"end":{"line":154,"column":75}},"25":{"start":{"line":155,"column":26},"end":{"line":155,"column":66}},"26":{"start":{"line":164,"column":26},"end":{"line":164,"column":74}},"27":{"start":{"line":165,"column":26},"end":{"line":165,"column":54}},"28":{"start":{"line":181,"column":4},"end":{"line":181,"column":31}},"29":{"start":{"line":191,"column":27},"end":{"line":194,"column":null}},"30":{"start":{"line":192,"column":4},"end":{"line":193,"column":null}},"31":{"start":{"line":197,"column":2},"end":{"line":197,"column":97}},"32":{"start":{"line":199,"column":2},"end":{"line":199,"column":26}},"33":{"start":{"line":204,"column":2},"end":{"line":206,"column":4}},"34":{"start":{"line":205,"column":4},"end":{"line":205,"column":16}},"35":{"start":{"line":209,"column":0},"end":{"line":209,"column":29}}},"fnMap":{"0":{"name":"(anonymous_9)","decl":{"start":{"line":17,"column":0},"end":{"line":17,"column":6}},"loc":{"start":{"line":17,"column":0},"end":{"line":183,"column":1}}},"1":{"name":"(anonymous_10)","decl":{"start":{"line":57,"column":24},"end":{"line":57,"column":27}},"loc":{"start":{"line":57,"column":29},"end":{"line":59,"column":3}}},"2":{"name":"(anonymous_11)","decl":{"start":{"line":61,"column":25},"end":{"line":61,"column":28}},"loc":{"start":{"line":61,"column":30},"end":{"line":63,"column":3}}},"3":{"name":"(anonymous_12)","decl":{"start":{"line":22,"column":9},"end":{"line":22,"column":15}},"loc":{"start":{"line":22,"column":53},"end":{"line":25,"column":3}}},"4":{"name":"(anonymous_13)","decl":{"start":{"line":27,"column":9},"end":{"line":27,"column":26}},"loc":{"start":{"line":27,"column":61},"end":{"line":55,"column":3}}},"5":{"name":"(anonymous_14)","decl":{"start":{"line":37,"column":13},"end":{"line":37,"column":21}},"loc":{"start":{"line":37,"column":24},"end":{"line":41,"column":5}}},"6":{"name":"(anonymous_15)","decl":{"start":{"line":65,"column":9},"end":{"line":65,"column":15}},"loc":{"start":{"line":65,"column":15},"end":{"line":182,"column":3}}},"7":{"name":"(anonymous_16)","decl":{"start":{"line":152,"column":33},"end":{"line":152,"column":36}},"loc":{"start":{"line":152,"column":38},"end":{"line":156,"column":25}}},"8":{"name":"(anonymous_17)","decl":{"start":{"line":163,"column":33},"end":{"line":163,"column":36}},"loc":{"start":{"line":163,"column":38},"end":{"line":166,"column":25}}},"9":{"name":"withErrorBoundary","decl":{"start":{"line":186,"column":16},"end":{"line":186,"column":33}},"loc":{"start":{"line":189,"column":56},"end":{"line":200,"column":1}}},"10":{"name":"(anonymous_19)","decl":{"start":{"line":191,"column":27},"end":{"line":191,"column":28}},"loc":{"start":{"line":192,"column":4},"end":{"line":193,"column":null}}},"11":{"name":"useErrorHandler","decl":{"start":{"line":203,"column":16},"end":{"line":203,"column":31}},"loc":{"start":{"line":203,"column":31},"end":{"line":207,"column":1}}},"12":{"name":"(anonymous_21)","decl":{"start":{"line":204,"column":9},"end":{"line":204,"column":10}},"loc":{"start":{"line":204,"column":26},"end":{"line":206,"column":3}}}},"branchMap":{"0":{"loc":{"start":{"line":52,"column":4},"end":{"line":54,"column":5}},"type":"if","locations":[{"start":{"line":52,"column":4},"end":{"line":54,"column":5}},{"start":{},"end":{}}]},"1":{"loc":{"start":{"line":66,"column":4},"end":{"line":179,"column":5}},"type":"if","locations":[{"start":{"line":66,"column":4},"end":{"line":179,"column":5}},{"start":{},"end":{}}]},"2":{"loc":{"start":{"line":68,"column":6},"end":{"line":70,"column":7}},"type":"if","locations":[{"start":{"line":68,"column":6},"end":{"line":70,"column":7}},{"start":{},"end":{}}]},"3":{"loc":{"start":{"line":106,"column":13},"end":{"line":174,"column":null}},"type":"binary-expr","locations":[{"start":{"line":106,"column":13},"end":{"line":106,"column":51}},{"start":{"line":106,"column":55},"end":{"line":106,"column":71}},{"start":{"line":107,"column":14},"end":{"line":173,"column":null}}]},"4":{"loc":{"start":{"line":124,"column":21},"end":{"line":130,"column":null}},"type":"binary-expr","locations":[{"start":{"line":124,"column":21},"end":{"line":124,"column":41}},{"start":{"line":125,"column":22},"end":{"line":129,"column":null}}]},"5":{"loc":{"start":{"line":136,"column":70},"end":{"line":136,"column":118}},"type":"binary-expr","locations":[{"start":{"line":136,"column":70},"end":{"line":136,"column":109}},{"start":{"line":136,"column":113},"end":{"line":136,"column":118}}]},"6":{"loc":{"start":{"line":197,"column":54},"end":{"line":197,"column":93}},"type":"binary-expr","locations":[{"start":{"line":197,"column":54},"end":{"line":197,"column":75}},{"start":{"line":197,"column":79},"end":{"line":197,"column":93}}]}},"s":{"0":2,"1":2,"2":2,"3":2,"4":2,"5":29,"6":29,"7":2,"8":29,"9":0,"10":28,"11":14,"12":14,"13":0,"14":0,"15":14,"16":14,"17":14,"18":2,"19":77,"20":44,"21":6,"22":38,"23":0,"24":0,"25":0,"26":0,"27":0,"28":33,"29":4,"30":7,"31":4,"32":4,"33":1,"34":1,"35":2},"f":{"0":31,"1":2,"2":0,"3":28,"4":14,"5":0,"6":77,"7":0,"8":0,"9":4,"10":7,"11":1,"12":1},"b":{"0":[2,12],"1":[44,33],"2":[6,38],"3":[38,23,23],"4":[23,9],"5":[23,0],"6":[4,3]}}
,"/home/runner/work/Malnu-Kananga/Malnu-Kananga/src/components/Header.tsx": {"path":"/home/runner/work/Malnu-Kananga/Malnu-Kananga/src/components/Header.tsx","statementMap":{"0":{"start":{"line":2,"column":0},"end":{"line":2,"column":26}},"1":{"start":{"line":3,"column":0},"end":{"line":3,"column":26}},"2":{"start":{"line":4,"column":0},"end":{"line":4,"column":52}},"3":{"start":{"line":7,"column":0},"end":{"line":7,"column":38}},"4":{"start":{"line":8,"column":0},"end":{"line":8,"column":44}},"5":{"start":{"line":9,"column":0},"end":{"line":9,"column":46}},"6":{"start":{"line":10,"column":0},"end":{"line":10,"column":44}},"7":{"start":{"line":11,"column":0},"end":{"line":11,"column":59}},"8":{"start":{"line":12,"column":0},"end":{"line":12,"column":63}},"9":{"start":{"line":13,"column":0},"end":{"line":13,"column":61}},"10":{"start":{"line":22,"column":38},"end":{"line":89,"column":1}},"11":{"start":{"line":23,"column":23},"end":{"line":23,"column":40}},"12":{"start":{"line":24,"column":42},"end":{"line":24,"column":61}},"13":{"start":{"line":25,"column":36},"end":{"line":25,"column":54}},"14":{"start":{"line":29,"column":26},"end":{"line":32,"column":6}},"15":{"start":{"line":34,"column":32},"end":{"line":37,"column":6}},"16":{"start":{"line":39,"column":28},"end":{"line":42,"column":6}},"17":{"start":{"line":44,"column":4},"end":{"line":88,"column":6}},"18":{"start":{"line":72,"column":46},"end":{"line":72,"column":72}},"19":{"start":{"line":85,"column":31},"end":{"line":85,"column":51}},"20":{"start":{"line":91,"column":0},"end":{"line":91,"column":22}}},"fnMap":{"0":{"name":"(anonymous_1)","decl":{"start":{"line":22,"column":38},"end":{"line":22,"column":39}},"loc":{"start":{"line":22,"column":94},"end":{"line":89,"column":1}}},"1":{"name":"(anonymous_2)","decl":{"start":{"line":72,"column":40},"end":{"line":72,"column":43}},"loc":{"start":{"line":72,"column":46},"end":{"line":72,"column":72}}},"2":{"name":"(anonymous_3)","decl":{"start":{"line":85,"column":25},"end":{"line":85,"column":28}},"loc":{"start":{"line":85,"column":31},"end":{"line":85,"column":51}}}},"branchMap":{"0":{"loc":{"start":{"line":31,"column":10},"end":{"line":31,"column":87}},"type":"cond-expr","locations":[{"start":{"line":31,"column":23},"end":{"line":31,"column":52}},{"start":{"line":31,"column":55},"end":{"line":31,"column":87}}]},"1":{"loc":{"start":{"line":36,"column":10},"end":{"line":36,"column":158}},"type":"cond-expr","locations":[{"start":{"line":36,"column":23},"end":{"line":36,"column":25}},{"start":{"line":36,"column":28},"end":{"line":36,"column":158}}]},"2":{"loc":{"start":{"line":41,"column":10},"end":{"line":41,"column":78}},"type":"cond-expr","locations":[{"start":{"line":41,"column":23},"end":{"line":41,"column":73}},{"start":{"line":41,"column":76},"end":{"line":41,"column":78}}]},"3":{"loc":{"start":{"line":47,"column":54},"end":{"line":47,"column":96}},"type":"cond-expr","locations":[{"start":{"line":47,"column":67},"end":{"line":47,"column":91}},{"start":{"line":47,"column":94},"end":{"line":47,"column":96}}]},"4":{"loc":{"start":{"line":53,"column":24},"end":{"line":69,"column":null}},"type":"cond-expr","locations":[{"start":{"line":54,"column":28},"end":{"line":57,"column":null}},{"start":{"line":60,"column":27},"end":{"line":68,"column":null}}]},"5":{"loc":{"start":{"line":72,"column":197},"end":{"line":72,"column":236}},"type":"cond-expr","locations":[{"start":{"line":72,"column":210},"end":{"line":72,"column":222}},{"start":{"line":72,"column":225},"end":{"line":72,"column":236}}]},"6":{"loc":{"start":{"line":73,"column":28},"end":{"line":73,"column":69}},"type":"cond-expr","locations":[{"start":{"line":73,"column":41},"end":{"line":73,"column":54}},{"start":{"line":73,"column":57},"end":{"line":73,"column":69}}]}},"s":{"0":1,"1":1,"2":1,"3":1,"4":1,"5":1,"6":1,"7":1,"8":1,"9":1,"10":1,"11":23,"12":23,"13":23,"14":23,"15":23,"16":23,"17":23,"18":0,"19":0,"20":1},"f":{"0":23,"1":0,"2":0},"b":{"0":[1,22],"1":[1,22],"2":[1,22],"3":[1,22],"4":[4,19],"5":[0,23],"6":[0,23]}}
,"/home/runner/work/Malnu-Kananga/Malnu-Kananga/src/components/LazyImage.tsx": {"path":"/home/runner/work/Malnu-Kananga/Malnu-Kananga/src/components/LazyImage.tsx","statementMap":{"0":{"start":{"line":1,"column":0},"end":{"line":1,"column":59}},"1":{"start":{"line":2,"column":0},"end":{"line":2,"column":43}},"2":{"start":{"line":17,"column":44},"end":{"line":145,"column":1}},"3":{"start":{"line":29,"column":28},"end":{"line":29,"column":37}},"4":{"start":{"line":30,"column":34},"end":{"line":30,"column":49}},"5":{"start":{"line":31,"column":34},"end":{"line":31,"column":52}},"6":{"start":{"line":32,"column":34},"end":{"line":32,"column":49}},"7":{"start":{"line":33,"column":17},"end":{"line":33,"column":47}},"8":{"start":{"line":34,"column":30},"end":{"line":34,"column":83}},"9":{"start":{"line":37,"column":2},"end":{"line":61,"column":22}},"10":{"start":{"line":38,"column":4},"end":{"line":38,"column":44}},"11":{"start":{"line":38,"column":37},"end":{"line":38,"column":44}},"12":{"start":{"line":40,"column":21},"end":{"line":53,"column":null}},"13":{"start":{"line":42,"column":8},"end":{"line":48,"column":11}},"14":{"start":{"line":43,"column":10},"end":{"line":47,"column":11}},"15":{"start":{"line":44,"column":12},"end":{"line":44,"column":30}},"16":{"start":{"line":45,"column":12},"end":{"line":45,"column":27}},"17":{"start":{"line":46,"column":12},"end":{"line":46,"column":34}},"18":{"start":{"line":56,"column":4},"end":{"line":58,"column":5}},"19":{"start":{"line":57,"column":6},"end":{"line":57,"column":39}},"20":{"start":{"line":60,"column":4},"end":{"line":60,"column":39}},"21":{"start":{"line":60,"column":17},"end":{"line":60,"column":38}},"22":{"start":{"line":64,"column":21},"end":{"line":67,"column":3}},"23":{"start":{"line":65,"column":4},"end":{"line":65,"column":22}},"24":{"start":{"line":66,"column":4},"end":{"line":66,"column":15}},"25":{"start":{"line":69,"column":22},"end":{"line":72,"column":3}},"26":{"start":{"line":70,"column":4},"end":{"line":70,"column":22}},"27":{"start":{"line":71,"column":4},"end":{"line":71,"column":16}},"28":{"start":{"line":74,"column":2},"end":{"line":144,"column":4}},"29":{"start":{"line":147,"column":0},"end":{"line":147,"column":25}}},"fnMap":{"0":{"name":"(anonymous_9)","decl":{"start":{"line":17,"column":44},"end":{"line":17,"column":45}},"loc":{"start":{"line":28,"column":5},"end":{"line":145,"column":1}}},"1":{"name":"(anonymous_10)","decl":{"start":{"line":37,"column":12},"end":{"line":37,"column":15}},"loc":{"start":{"line":37,"column":17},"end":{"line":61,"column":3}}},"2":{"name":"(anonymous_11)","decl":{"start":{"line":41,"column":6},"end":{"line":41,"column":7}},"loc":{"start":{"line":41,"column":18},"end":{"line":49,"column":7}}},"3":{"name":"(anonymous_12)","decl":{"start":{"line":42,"column":24},"end":{"line":42,"column":25}},"loc":{"start":{"line":42,"column":34},"end":{"line":48,"column":9}}},"4":{"name":"(anonymous_13)","decl":{"start":{"line":60,"column":11},"end":{"line":60,"column":14}},"loc":{"start":{"line":60,"column":17},"end":{"line":60,"column":38}}},"5":{"name":"(anonymous_14)","decl":{"start":{"line":64,"column":21},"end":{"line":64,"column":24}},"loc":{"start":{"line":64,"column":26},"end":{"line":67,"column":3}}},"6":{"name":"(anonymous_15)","decl":{"start":{"line":69,"column":22},"end":{"line":69,"column":25}},"loc":{"start":{"line":69,"column":27},"end":{"line":72,"column":3}}}},"branchMap":{"0":{"loc":{"start":{"line":20,"column":2},"end":{"line":20,"column":16}},"type":"default-arg","locations":[{"start":{"line":20,"column":14},"end":{"line":20,"column":16}}]},"1":{"loc":{"start":{"line":27,"column":2},"end":{"line":27,"column":18}},"type":"default-arg","locations":[{"start":{"line":27,"column":13},"end":{"line":27,"column":18}}]},"2":{"loc":{"start":{"line":34,"column":39},"end":{"line":34,"column":82}},"type":"cond-expr","locations":[{"start":{"line":34,"column":50},"end":{"line":34,"column":53}},{"start":{"line":34,"column":56},"end":{"line":34,"column":82}}]},"3":{"loc":{"start":{"line":34,"column":56},"end":{"line":34,"column":82}},"type":"binary-expr","locations":[{"start":{"line":34,"column":56},"end":{"line":34,"column":67}},{"start":{"line":34,"column":71},"end":{"line":34,"column":82}}]},"4":{"loc":{"start":{"line":38,"column":4},"end":{"line":38,"column":44}},"type":"if","locations":[{"start":{"line":38,"column":4},"end":{"line":38,"column":44}},{"start":{},"end":{}}]},"5":{"loc":{"start":{"line":38,"column":8},"end":{"line":38,"column":35}},"type":"binary-expr","locations":[{"start":{"line":38,"column":8},"end":{"line":38,"column":16}},{"start":{"line":38,"column":20},"end":{"line":38,"column":35}}]},"6":{"loc":{"start":{"line":43,"column":10},"end":{"line":47,"column":11}},"type":"if","locations":[{"start":{"line":43,"column":10},"end":{"line":47,"column":11}},{"start":{},"end":{}}]},"7":{"loc":{"start":{"line":56,"column":4},"end":{"line":58,"column":5}},"type":"if","locations":[{"start":{"line":56,"column":4},"end":{"line":58,"column":5}},{"start":{},"end":{}}]},"8":{"loc":{"start":{"line":66,"column":4},"end":{"line":66,"column":14}},"type":"cond-expr","locations":[{"start":{"line":66,"column":10},"end":{"line":66,"column":14}},{"start":{"line":66,"column":4},"end":{"line":66,"column":14}}]},"9":{"loc":{"start":{"line":66,"column":4},"end":{"line":66,"column":14}},"type":"binary-expr","locations":[{"start":{"line":66,"column":4},"end":{"line":66,"column":14}},{"start":{"line":66,"column":4},"end":{"line":66,"column":14}}]},"10":{"loc":{"start":{"line":71,"column":4},"end":{"line":71,"column":15}},"type":"cond-expr","locations":[{"start":{"line":71,"column":11},"end":{"line":71,"column":15}},{"start":{"line":71,"column":4},"end":{"line":71,"column":15}}]},"11":{"loc":{"start":{"line":71,"column":4},"end":{"line":71,"column":15}},"type":"binary-expr","locations":[{"start":{"line":71,"column":4},"end":{"line":71,"column":15}},{"start":{"line":71,"column":4},"end":{"line":71,"column":15}}]},"12":{"loc":{"start":{"line":77,"column":7},"end":{"line":87,"column":null}},"type":"binary-expr","locations":[{"start":{"line":77,"column":8},"end":{"line":77,"column":17}},{"start":{"line":77,"column":21},"end":{"line":77,"column":30}},{"start":{"line":77,"column":36},"end":{"line":77,"column":47}},{"start":{"line":77,"column":51},"end":{"line":77,"column":62}},{"start":{"line":78,"column":8},"end":{"line":86,"column":null}}]},"13":{"loc":{"start":{"line":80,"column":12},"end":{"line":80,"column":null}},"type":"cond-expr","locations":[{"start":{"line":80,"column":23},"end":{"line":80,"column":34}},{"start":{"line":80,"column":37},"end":{"line":80,"column":null}}]},"14":{"loc":{"start":{"line":83,"column":36},"end":{"line":83,"column":62}},"type":"binary-expr","locations":[{"start":{"line":83,"column":36},"end":{"line":83,"column":47}},{"start":{"line":83,"column":51},"end":{"line":83,"column":62}}]},"15":{"loc":{"start":{"line":91,"column":7},"end":{"line":110,"column":null}},"type":"binary-expr","locations":[{"start":{"line":91,"column":7},"end":{"line":91,"column":16}},{"start":{"line":91,"column":20},"end":{"line":91,"column":29}},{"start":{"line":91,"column":33},"end":{"line":91,"column":42}},{"start":{"line":92,"column":8},"end":{"line":109,"column":null}}]},"16":{"loc":{"start":{"line":116,"column":13},"end":{"line":116,"column":48}},"type":"cond-expr","locations":[{"start":{"line":116,"column":22},"end":{"line":116,"column":43}},{"start":{"line":116,"column":46},"end":{"line":116,"column":48}}]},"17":{"loc":{"start":{"line":120,"column":17},"end":{"line":120,"column":44}},"type":"cond-expr","locations":[{"start":{"line":120,"column":28},"end":{"line":120,"column":35}},{"start":{"line":120,"column":38},"end":{"line":120,"column":44}}]},"18":{"loc":{"start":{"line":123,"column":10},"end":{"line":123,"column":null}},"type":"cond-expr","locations":[{"start":{"line":123,"column":21},"end":{"line":123,"column":34}},{"start":{"line":123,"column":37},"end":{"line":123,"column":null}}]},"19":{"loc":{"start":{"line":128,"column":23},"end":{"line":128,"column":73}},"type":"cond-expr","locations":[{"start":{"line":128,"column":41},"end":{"line":128,"column":61}},{"start":{"line":128,"column":64},"end":{"line":128,"column":73}}]},"20":{"loc":{"start":{"line":128,"column":23},"end":{"line":128,"column":38}},"type":"binary-expr","locations":[{"start":{"line":128,"column":23},"end":{"line":128,"column":28}},{"start":{"line":128,"column":32},"end":{"line":128,"column":38}}]},"21":{"loc":{"start":{"line":133,"column":7},"end":{"line":141,"column":null}},"type":"binary-expr","locations":[{"start":{"line":133,"column":7},"end":{"line":133,"column":15}},{"start":{"line":134,"column":8},"end":{"line":140,"column":null}}]}},"s":{"0":1,"1":1,"2":1,"3":5,"4":5,"5":5,"6":5,"7":5,"8":5,"9":5,"10":5,"11":1,"12":4,"13":0,"14":0,"15":0,"16":0,"17":0,"18":4,"19":4,"20":4,"21":4,"22":5,"23":0,"24":0,"25":5,"26":0,"27":0,"28":5,"29":1},"f":{"0":5,"1":5,"2":0,"3":0,"4":4,"5":0,"6":0},"b":{"0":[5],"1":[4],"2":[1,4],"3":[4,4],"4":[1,4],"5":[5,4],"6":[0,0],"7":[4,0],"8":[0,0],"9":[0,0],"10":[0,0],"11":[0,0],"12":[5,0,5,5,0],"13":[0,0],"14":[0,0],"15":[5,5,4,4],"16":[1,4],"17":[1,4],"18":[0,5],"19":[0,5],"20":[5,0],"21":[5,0]}}
,"/home/runner/work/Malnu-Kananga/Malnu-Kananga/src/components/Logo.tsx": {"path":"/home/runner/work/Malnu-Kananga/Malnu-Kananga/src/components/Logo.tsx","statementMap":{"0":{"start":{"line":1,"column":0},"end":{"line":1,"column":36}},"1":{"start":{"line":7,"column":34},"end":{"line":19,"column":2}},"2":{"start":{"line":8,"column":2},"end":{"line":18,"column":4}},"3":{"start":{"line":21,"column":0},"end":{"line":21,"column":20}}},"fnMap":{"0":{"name":"(anonymous_9)","decl":{"start":{"line":7,"column":39},"end":{"line":7,"column":40}},"loc":{"start":{"line":7,"column":62},"end":{"line":19,"column":1}}}},"branchMap":{"0":{"loc":{"start":{"line":7,"column":42},"end":{"line":7,"column":56}},"type":"default-arg","locations":[{"start":{"line":7,"column":54},"end":{"line":7,"column":56}}]}},"s":{"0":1,"1":1,"2":19,"3":1},"f":{"0":19},"b":{"0":[19]}}
,"/home/runner/work/Malnu-Kananga/Malnu-Kananga/src/components/MessageBubble.tsx": {"path":"/home/runner/work/Malnu-Kananga/Malnu-Kananga/src/components/MessageBubble.tsx","statementMap":{"0":{"start":{"line":1,"column":0},"end":{"line":1,"column":26}},"1":{"start":{"line":2,"column":0},"end":{"line":2,"column":47}},"2":{"start":{"line":9,"column":52},"end":{"line":34,"column":1}},"3":{"start":{"line":10,"column":17},"end":{"line":10,"column":47}},"4":{"start":{"line":12,"column":2},"end":{"line":33,"column":4}},"5":{"start":{"line":36,"column":0},"end":{"line":36,"column":29}}},"fnMap":{"0":{"name":"(anonymous_1)","decl":{"start":{"line":9,"column":52},"end":{"line":9,"column":53}},"loc":{"start":{"line":9,"column":87},"end":{"line":34,"column":1}}}},"branchMap":{"0":{"loc":{"start":{"line":9,"column":64},"end":{"line":9,"column":81}},"type":"default-arg","locations":[{"start":{"line":9,"column":76},"end":{"line":9,"column":81}}]},"1":{"loc":{"start":{"line":13,"column":65},"end":{"line":13,"column":116}},"type":"cond-expr","locations":[{"start":{"line":13,"column":74},"end":{"line":13,"column":101}},{"start":{"line":13,"column":104},"end":{"line":13,"column":116}}]},"2":{"loc":{"start":{"line":16,"column":10},"end":{"line":18,"column":null}},"type":"cond-expr","locations":[{"start":{"line":17,"column":14},"end":{"line":17,"column":53}},{"start":{"line":18,"column":14},"end":{"line":18,"column":null}}]},"3":{"loc":{"start":{"line":24,"column":9},"end":{"line":29,"column":null}},"type":"binary-expr","locations":[{"start":{"line":24,"column":9},"end":{"line":24,"column":18}},{"start":{"line":24,"column":22},"end":{"line":24,"column":35}},{"start":{"line":25,"column":10},"end":{"line":28,"column":null}}]}},"s":{"0":1,"1":1,"2":1,"3":0,"4":0,"5":1},"f":{"0":0},"b":{"0":[0],"1":[0,0],"2":[0,0],"3":[0,0,0]}}
,"/home/runner/work/Malnu-Kananga/Malnu-Kananga/src/components/MobileMenu.tsx": {"path":"/home/runner/work/Malnu-Kananga/Malnu-Kananga/src/components/MobileMenu.tsx","statementMap":{"0":{"start":{"line":1,"column":0},"end":{"line":1,"column":26}},"1":{"start":{"line":2,"column":0},"end":{"line":2,"column":52}},"2":{"start":{"line":3,"column":0},"end":{"line":3,"column":40}},"3":{"start":{"line":4,"column":0},"end":{"line":4,"column":61}},"4":{"start":{"line":5,"column":0},"end":{"line":5,"column":61}},"5":{"start":{"line":16,"column":46},"end":{"line":64,"column":1}},"6":{"start":{"line":24,"column":25},"end":{"line":27,"column":4}},"7":{"start":{"line":29,"column":34},"end":{"line":32,"column":4}},"8":{"start":{"line":34,"column":2},"end":{"line":34,"column":27}},"9":{"start":{"line":34,"column":15},"end":{"line":34,"column":27}},"10":{"start":{"line":36,"column":2},"end":{"line":63,"column":4}},"11":{"start":{"line":47,"column":34},"end":{"line":47,"column":49}},"12":{"start":{"line":47,"column":50},"end":{"line":47,"column":60}},"13":{"start":{"line":48,"column":33},"end":{"line":48,"column":47}},"14":{"start":{"line":48,"column":48},"end":{"line":48,"column":58}},"15":{"start":{"line":49,"column":30},"end":{"line":49,"column":41}},"16":{"start":{"line":49,"column":42},"end":{"line":49,"column":52}},"17":{"start":{"line":66,"column":0},"end":{"line":66,"column":26}}},"fnMap":{"0":{"name":"(anonymous_1)","decl":{"start":{"line":16,"column":46},"end":{"line":16,"column":47}},"loc":{"start":{"line":23,"column":5},"end":{"line":64,"column":1}}},"1":{"name":"(anonymous_2)","decl":{"start":{"line":47,"column":26},"end":{"line":47,"column":29}},"loc":{"start":{"line":47,"column":31},"end":{"line":47,"column":62}}},"2":{"name":"(anonymous_3)","decl":{"start":{"line":48,"column":25},"end":{"line":48,"column":28}},"loc":{"start":{"line":48,"column":30},"end":{"line":48,"column":60}}},"3":{"name":"(anonymous_4)","decl":{"start":{"line":49,"column":22},"end":{"line":49,"column":25}},"loc":{"start":{"line":49,"column":27},"end":{"line":49,"column":54}}}},"branchMap":{"0":{"loc":{"start":{"line":34,"column":2},"end":{"line":34,"column":27}},"type":"if","locations":[{"start":{"line":34,"column":2},"end":{"line":34,"column":27}},{"start":{},"end":{}}]}},"s":{"0":1,"1":1,"2":1,"3":1,"4":1,"5":1,"6":23,"7":23,"8":23,"9":23,"10":0,"11":0,"12":0,"13":0,"14":0,"15":0,"16":0,"17":1},"f":{"0":23,"1":0,"2":0,"3":0},"b":{"0":[23,0]}}
,"/home/runner/work/Malnu-Kananga/Malnu-Kananga/src/components/ParentDashboard.tsx": {"path":"/home/runner/work/Malnu-Kananga/Malnu-Kananga/src/components/ParentDashboard.tsx","statementMap":{"0":{"start":{"line":1,"column":0},"end":{"line":1,"column":51}},"1":{"start":{"line":2,"column":0},"end":{"line":2,"column":null}},"2":{"start":{"line":21,"column":56},"end":{"line":466,"column":1}},"3":{"start":{"line":22,"column":36},"end":{"line":22,"column":122}},"4":{"start":{"line":23,"column":46},"end":{"line":23,"column":91}},"5":{"start":{"line":23,"column":80},"end":{"line":23,"column":89}},"6":{"start":{"line":24,"column":54},"end":{"line":24,"column":102}},"7":{"start":{"line":25,"column":56},"end":{"line":25,"column":105}},"8":{"start":{"line":27,"column":2},"end":{"line":36,"column":9}},"9":{"start":{"line":29,"column":21},"end":{"line":33,"column":13}},"10":{"start":{"line":30,"column":6},"end":{"line":30,"column":57}},"11":{"start":{"line":31,"column":6},"end":{"line":31,"column":68}},"12":{"start":{"line":32,"column":6},"end":{"line":32,"column":70}},"13":{"start":{"line":35,"column":4},"end":{"line":35,"column":41}},"14":{"start":{"line":35,"column":17},"end":{"line":35,"column":40}},"15":{"start":{"line":38,"column":23},"end":{"line":40,"column":3}},"16":{"start":{"line":39,"column":4},"end":{"line":39,"column":15}},"17":{"start":{"line":42,"column":21},"end":{"line":48,"column":3}},"18":{"start":{"line":43,"column":4},"end":{"line":47,"column":7}},"19":{"start":{"line":50,"column":25},"end":{"line":58,"column":3}},"20":{"start":{"line":51,"column":4},"end":{"line":57,"column":5}},"21":{"start":{"line":52,"column":23},"end":{"line":52,"column":58}},"22":{"start":{"line":53,"column":24},"end":{"line":53,"column":61}},"23":{"start":{"line":54,"column":21},"end":{"line":54,"column":60}},"24":{"start":{"line":55,"column":22},"end":{"line":55,"column":55}},"25":{"start":{"line":56,"column":15},"end":{"line":56,"column":50}},"26":{"start":{"line":60,"column":26},"end":{"line":68,"column":3}},"27":{"start":{"line":61,"column":4},"end":{"line":67,"column":5}},"28":{"start":{"line":62,"column":21},"end":{"line":62,"column":33}},"29":{"start":{"line":63,"column":19},"end":{"line":63,"column":31}},"30":{"start":{"line":64,"column":21},"end":{"line":64,"column":33}},"31":{"start":{"line":65,"column":18},"end":{"line":65,"column":30}},"32":{"start":{"line":66,"column":15},"end":{"line":66,"column":27}},"33":{"start":{"line":70,"column":2},"end":{"line":465,"column":4}},"34":{"start":{"line":79,"column":58},"end":{"line":79,"column":62}},"35":{"start":{"line":111,"column":12},"end":{"line":112,"column":null}},"36":{"start":{"line":113,"column":29},"end":{"line":113,"column":56}},"37":{"start":{"line":188,"column":20},"end":{"line":188,"column":45}},"38":{"start":{"line":211,"column":20},"end":{"line":211,"column":42}},"39":{"start":{"line":232,"column":18},"end":{"line":232,"column":38}},"40":{"start":{"line":282,"column":49},"end":{"line":282,"column":98}},"41":{"start":{"line":292,"column":49},"end":{"line":292,"column":71}},"42":{"start":{"line":300,"column":18},"end":{"line":300,"column":43}},"43":{"start":{"line":359,"column":18},"end":{"line":359,"column":40}},"44":{"start":{"line":386,"column":18},"end":{"line":386,"column":39}},"45":{"start":{"line":417,"column":26},"end":{"line":417,"column":43}},"46":{"start":{"line":468,"column":0},"end":{"line":468,"column":31}}},"fnMap":{"0":{"name":"(anonymous_9)","decl":{"start":{"line":21,"column":56},"end":{"line":21,"column":57}},"loc":{"start":{"line":21,"column":73},"end":{"line":466,"column":1}}},"1":{"name":"(anonymous_10)","decl":{"start":{"line":23,"column":75},"end":{"line":23,"column":76}},"loc":{"start":{"line":23,"column":80},"end":{"line":23,"column":89}}},"2":{"name":"(anonymous_11)","decl":{"start":{"line":27,"column":12},"end":{"line":27,"column":15}},"loc":{"start":{"line":27,"column":17},"end":{"line":36,"column":3}}},"3":{"name":"(anonymous_12)","decl":{"start":{"line":29,"column":33},"end":{"line":29,"column":36}},"loc":{"start":{"line":29,"column":38},"end":{"line":33,"column":5}}},"4":{"name":"(anonymous_13)","decl":{"start":{"line":35,"column":11},"end":{"line":35,"column":14}},"loc":{"start":{"line":35,"column":17},"end":{"line":35,"column":40}}},"5":{"name":"(anonymous_14)","decl":{"start":{"line":38,"column":23},"end":{"line":38,"column":26}},"loc":{"start":{"line":38,"column":28},"end":{"line":40,"column":3}}},"6":{"name":"(anonymous_15)","decl":{"start":{"line":42,"column":21},"end":{"line":42,"column":22}},"loc":{"start":{"line":42,"column":44},"end":{"line":48,"column":3}}},"7":{"name":"(anonymous_16)","decl":{"start":{"line":50,"column":25},"end":{"line":50,"column":26}},"loc":{"start":{"line":50,"column":44},"end":{"line":58,"column":3}}},"8":{"name":"(anonymous_17)","decl":{"start":{"line":60,"column":26},"end":{"line":60,"column":27}},"loc":{"start":{"line":60,"column":47},"end":{"line":68,"column":3}}},"9":{"name":"(anonymous_18)","decl":{"start":{"line":79,"column":53},"end":{"line":79,"column":54}},"loc":{"start":{"line":79,"column":58},"end":{"line":79,"column":62}}},"10":{"name":"(anonymous_19)","decl":{"start":{"line":110,"column":16},"end":{"line":110,"column":17}},"loc":{"start":{"line":111,"column":12},"end":{"line":112,"column":null}}},"11":{"name":"(anonymous_20)","decl":{"start":{"line":113,"column":23},"end":{"line":113,"column":26}},"loc":{"start":{"line":113,"column":29},"end":{"line":113,"column":56}}},"12":{"name":"(anonymous_21)","decl":{"start":{"line":187,"column":55},"end":{"line":187,"column":56}},"loc":{"start":{"line":188,"column":20},"end":{"line":188,"column":45}}},"13":{"name":"(anonymous_22)","decl":{"start":{"line":210,"column":50},"end":{"line":210,"column":51}},"loc":{"start":{"line":211,"column":20},"end":{"line":211,"column":42}}},"14":{"name":"(anonymous_23)","decl":{"start":{"line":231,"column":36},"end":{"line":231,"column":37}},"loc":{"start":{"line":232,"column":18},"end":{"line":232,"column":38}}},"15":{"name":"(anonymous_24)","decl":{"start":{"line":282,"column":44},"end":{"line":282,"column":45}},"loc":{"start":{"line":282,"column":49},"end":{"line":282,"column":98}}},"16":{"name":"(anonymous_25)","decl":{"start":{"line":292,"column":44},"end":{"line":292,"column":45}},"loc":{"start":{"line":292,"column":49},"end":{"line":292,"column":71}}},"17":{"name":"(anonymous_26)","decl":{"start":{"line":299,"column":37},"end":{"line":299,"column":38}},"loc":{"start":{"line":300,"column":18},"end":{"line":300,"column":43}}},"18":{"name":"(anonymous_27)","decl":{"start":{"line":358,"column":34},"end":{"line":358,"column":35}},"loc":{"start":{"line":359,"column":18},"end":{"line":359,"column":40}}},"19":{"name":"(anonymous_28)","decl":{"start":{"line":385,"column":37},"end":{"line":385,"column":38}},"loc":{"start":{"line":386,"column":18},"end":{"line":386,"column":39}}},"20":{"name":"(anonymous_29)","decl":{"start":{"line":416,"column":45},"end":{"line":416,"column":46}},"loc":{"start":{"line":417,"column":26},"end":{"line":417,"column":43}}}},"branchMap":{"0":{"loc":{"start":{"line":51,"column":4},"end":{"line":57,"column":5}},"type":"switch","locations":[{"start":{"line":52,"column":6},"end":{"line":52,"column":58}},{"start":{"line":53,"column":6},"end":{"line":53,"column":61}},{"start":{"line":54,"column":6},"end":{"line":54,"column":60}},{"start":{"line":55,"column":6},"end":{"line":55,"column":55}},{"start":{"line":56,"column":6},"end":{"line":56,"column":50}}]},"1":{"loc":{"start":{"line":61,"column":4},"end":{"line":67,"column":5}},"type":"switch","locations":[{"start":{"line":62,"column":6},"end":{"line":62,"column":33}},{"start":{"line":63,"column":6},"end":{"line":63,"column":31}},{"start":{"line":64,"column":6},"end":{"line":64,"column":33}},{"start":{"line":65,"column":6},"end":{"line":65,"column":30}},{"start":{"line":66,"column":6},"end":{"line":66,"column":27}}]},"2":{"loc":{"start":{"line":108,"column":46},"end":{"line":108,"column":107}},"type":"cond-expr","locations":[{"start":{"line":108,"column":74},"end":{"line":108,"column":102}},{"start":{"line":108,"column":105},"end":{"line":108,"column":107}}]},"3":{"loc":{"start":{"line":115,"column":16},"end":{"line":117,"column":null}},"type":"cond-expr","locations":[{"start":{"line":116,"column":20},"end":{"line":116,"column":45}},{"start":{"line":117,"column":20},"end":{"line":117,"column":null}}]},"4":{"loc":{"start":{"line":128,"column":11},"end":{"line":224,"column":null}},"type":"binary-expr","locations":[{"start":{"line":128,"column":11},"end":{"line":128,"column":35}},{"start":{"line":129,"column":12},"end":{"line":223,"column":null}}]},"5":{"loc":{"start":{"line":195,"column":27},"end":{"line":195,"column":129}},"type":"cond-expr","locations":[{"start":{"line":195,"column":62},"end":{"line":195,"column":69}},{"start":{"line":195,"column":72},"end":{"line":195,"column":129}}]},"6":{"loc":{"start":{"line":195,"column":72},"end":{"line":195,"column":129}},"type":"cond-expr","locations":[{"start":{"line":195,"column":106},"end":{"line":195,"column":117}},{"start":{"line":195,"column":120},"end":{"line":195,"column":129}}]},"7":{"loc":{"start":{"line":227,"column":11},"end":{"line":266,"column":null}},"type":"binary-expr","locations":[{"start":{"line":227,"column":11},"end":{"line":227,"column":35}},{"start":{"line":228,"column":12},"end":{"line":265,"column":null}}]},"8":{"loc":{"start":{"line":235,"column":29},"end":{"line":235,"column":142}},"type":"binary-expr","locations":[{"start":{"line":235,"column":29},"end":{"line":235,"column":47}},{"start":{"line":235,"column":51},"end":{"line":235,"column":142}}]},"9":{"loc":{"start":{"line":257,"column":26},"end":{"line":257,"column":null}},"type":"cond-expr","locations":[{"start":{"line":257,"column":54},"end":{"line":257,"column":83}},{"start":{"line":257,"column":86},"end":{"line":257,"column":null}}]},"10":{"loc":{"start":{"line":259,"column":27},"end":{"line":259,"column":118}},"type":"cond-expr","locations":[{"start":{"line":259,"column":55},"end":{"line":259,"column":62}},{"start":{"line":259,"column":65},"end":{"line":259,"column":118}}]},"11":{"loc":{"start":{"line":259,"column":65},"end":{"line":259,"column":118}},"type":"cond-expr","locations":[{"start":{"line":259,"column":95},"end":{"line":259,"column":102}},{"start":{"line":259,"column":105},"end":{"line":259,"column":118}}]},"12":{"loc":{"start":{"line":269,"column":11},"end":{"line":351,"column":null}},"type":"binary-expr","locations":[{"start":{"line":269,"column":11},"end":{"line":269,"column":38}},{"start":{"line":270,"column":12},"end":{"line":350,"column":null}}]},"13":{"loc":{"start":{"line":282,"column":49},"end":{"line":282,"column":98}},"type":"binary-expr","locations":[{"start":{"line":282,"column":49},"end":{"line":282,"column":73}},{"start":{"line":282,"column":77},"end":{"line":282,"column":98}}]},"14":{"loc":{"start":{"line":310,"column":25},"end":{"line":312,"column":81}},"type":"cond-expr","locations":[{"start":{"line":310,"column":60},"end":{"line":310,"column":67}},{"start":{"line":311,"column":25},"end":{"line":312,"column":81}}]},"15":{"loc":{"start":{"line":311,"column":25},"end":{"line":312,"column":81}},"type":"cond-expr","locations":[{"start":{"line":311,"column":61},"end":{"line":311,"column":74}},{"start":{"line":312,"column":25},"end":{"line":312,"column":81}}]},"16":{"loc":{"start":{"line":312,"column":25},"end":{"line":312,"column":81}},"type":"cond-expr","locations":[{"start":{"line":312,"column":58},"end":{"line":312,"column":67}},{"start":{"line":312,"column":70},"end":{"line":312,"column":81}}]},"17":{"loc":{"start":{"line":318,"column":21},"end":{"line":322,"column":null}},"type":"binary-expr","locations":[{"start":{"line":318,"column":21},"end":{"line":318,"column":44}},{"start":{"line":319,"column":22},"end":{"line":321,"column":null}}]},"18":{"loc":{"start":{"line":325,"column":21},"end":{"line":346,"column":null}},"type":"binary-expr","locations":[{"start":{"line":325,"column":21},"end":{"line":325,"column":42}},{"start":{"line":326,"column":22},"end":{"line":345,"column":null}}]},"19":{"loc":{"start":{"line":333,"column":27},"end":{"line":337,"column":null}},"type":"binary-expr","locations":[{"start":{"line":333,"column":27},"end":{"line":333,"column":54}},{"start":{"line":334,"column":28},"end":{"line":336,"column":null}}]},"20":{"loc":{"start":{"line":339,"column":27},"end":{"line":343,"column":null}},"type":"binary-expr","locations":[{"start":{"line":339,"column":27},"end":{"line":339,"column":57}},{"start":{"line":340,"column":28},"end":{"line":342,"column":null}}]},"21":{"loc":{"start":{"line":354,"column":11},"end":{"line":378,"column":null}},"type":"binary-expr","locations":[{"start":{"line":354,"column":11},"end":{"line":354,"column":35}},{"start":{"line":355,"column":12},"end":{"line":377,"column":null}}]},"22":{"loc":{"start":{"line":360,"column":20},"end":{"line":360,"column":null}},"type":"cond-expr","locations":[{"start":{"line":360,"column":38},"end":{"line":360,"column":86}},{"start":{"line":360,"column":89},"end":{"line":360,"column":null}}]},"23":{"loc":{"start":{"line":381,"column":11},"end":{"line":460,"column":null}},"type":"binary-expr","locations":[{"start":{"line":381,"column":11},"end":{"line":381,"column":34}},{"start":{"line":382,"column":12},"end":{"line":459,"column":null}}]},"24":{"loc":{"start":{"line":423,"column":31},"end":{"line":427,"column":null}},"type":"binary-expr","locations":[{"start":{"line":423,"column":31},"end":{"line":423,"column":51}},{"start":{"line":424,"column":32},"end":{"line":426,"column":null}}]},"25":{"loc":{"start":{"line":429,"column":31},"end":{"line":433,"column":null}},"type":"binary-expr","locations":[{"start":{"line":429,"column":31},"end":{"line":429,"column":49}},{"start":{"line":430,"column":32},"end":{"line":432,"column":null}}]},"26":{"loc":{"start":{"line":435,"column":31},"end":{"line":439,"column":null}},"type":"binary-expr","locations":[{"start":{"line":435,"column":31},"end":{"line":435,"column":54}},{"start":{"line":436,"column":32},"end":{"line":438,"column":null}}]},"27":{"loc":{"start":{"line":451,"column":21},"end":{"line":455,"column":null}},"type":"binary-expr","locations":[{"start":{"line":451,"column":21},"end":{"line":451,"column":43}},{"start":{"line":452,"column":22},"end":{"line":454,"column":null}}]}},"s":{"0":1,"1":1,"2":1,"3":22,"4":22,"5":22,"6":22,"7":22,"8":22,"9":15,"10":0,"11":0,"12":0,"13":15,"14":15,"15":22,"16":1,"17":22,"18":23,"19":22,"20":3,"21":3,"22":0,"23":0,"24":0,"25":0,"26":22,"27":16,"28":0,"29":0,"30":16,"31":0,"32":0,"33":22,"34":66,"35":110,"36":7,"37":0,"38":15,"39":1,"40":3,"41":3,"42":3,"43":1,"44":2,"45":2,"46":1},"f":{"0":22,"1":22,"2":15,"3":0,"4":15,"5":1,"6":23,"7":3,"8":16,"9":66,"10":110,"11":7,"12":0,"13":15,"14":1,"15":3,"16":3,"17":3,"18":1,"19":2,"20":2},"b":{"0":[3,0,0,0,0],"1":[0,0,16,0,0],"2":[22,0],"3":[22,88],"4":[22,15],"5":[0,0],"6":[0,0],"7":[22,1],"8":[1,0],"9":[1,0],"10":[1,0],"11":[0,0],"12":[22,3],"13":[3,3],"14":[3,0],"15":[0,0],"16":[0,0],"17":[3,0],"18":[3,0],"19":[0,0],"20":[0,0],"21":[22,1],"22":[1,0],"23":[22,2],"24":[2,2],"25":[2,2],"26":[2,2],"27":[2,2]}}
,"/home/runner/work/Malnu-Kananga/Malnu-Kananga/src/components/StudentSupport.tsx": {"path":"/home/runner/work/Malnu-Kananga/Malnu-Kananga/src/components/StudentSupport.tsx","statementMap":{"0":{"start":{"line":4,"column":0},"end":{"line":4,"column":51}},"1":{"start":{"line":5,"column":0},"end":{"line":5,"column":124}},"2":{"start":{"line":11,"column":54},"end":{"line":483,"column":1}},"3":{"start":{"line":12,"column":36},"end":{"line":12,"column":110}},"4":{"start":{"line":13,"column":48},"end":{"line":13,"column":78}},"5":{"start":{"line":14,"column":36},"end":{"line":14,"column":67}},"6":{"start":{"line":15,"column":48},"end":{"line":15,"column":86}},"7":{"start":{"line":16,"column":38},"end":{"line":22,"column":4}},"8":{"start":{"line":23,"column":54},"end":{"line":23,"column":69}},"9":{"start":{"line":24,"column":38},"end":{"line":24,"column":50}},"10":{"start":{"line":26,"column":2},"end":{"line":28,"column":18}},"11":{"start":{"line":27,"column":4},"end":{"line":27,"column":22}},"12":{"start":{"line":30,"column":26},"end":{"line":42,"column":3}},"13":{"start":{"line":32,"column":21},"end":{"line":32,"column":63}},"14":{"start":{"line":33,"column":4},"end":{"line":33,"column":76}},"15":{"start":{"line":33,"column":46},"end":{"line":33,"column":73}},"16":{"start":{"line":36,"column":25},"end":{"line":36,"column":71}},"17":{"start":{"line":37,"column":4},"end":{"line":37,"column":31}},"18":{"start":{"line":40,"column":21},"end":{"line":40,"column":72}},"19":{"start":{"line":41,"column":4},"end":{"line":41,"column":41}},"20":{"start":{"line":44,"column":30},"end":{"line":68,"column":3}},"21":{"start":{"line":45,"column":4},"end":{"line":48,"column":5}},"22":{"start":{"line":46,"column":6},"end":{"line":46,"column":61}},"23":{"start":{"line":47,"column":6},"end":{"line":47,"column":13}},"24":{"start":{"line":50,"column":20},"end":{"line":56,"column":null}},"25":{"start":{"line":59,"column":4},"end":{"line":59,"column":54}},"26":{"start":{"line":60,"column":4},"end":{"line":66,"column":7}},"27":{"start":{"line":67,"column":4},"end":{"line":67,"column":33}},"28":{"start":{"line":70,"column":28},"end":{"line":72,"column":null}},"29":{"start":{"line":71,"column":4},"end":{"line":72,"column":83}},"30":{"start":{"line":72,"column":30},"end":{"line":72,"column":82}},"31":{"start":{"line":75,"column":25},"end":{"line":83,"column":3}},"32":{"start":{"line":76,"column":4},"end":{"line":82,"column":5}},"33":{"start":{"line":77,"column":22},"end":{"line":77,"column":47}},"34":{"start":{"line":78,"column":26},"end":{"line":78,"column":49}},"35":{"start":{"line":79,"column":23},"end":{"line":79,"column":47}},"36":{"start":{"line":80,"column":24},"end":{"line":80,"column":46}},"37":{"start":{"line":81,"column":15},"end":{"line":81,"column":38}},"38":{"start":{"line":85,"column":27},"end":{"line":93,"column":3}},"39":{"start":{"line":86,"column":4},"end":{"line":92,"column":5}},"40":{"start":{"line":87,"column":18},"end":{"line":87,"column":53}},"41":{"start":{"line":88,"column":21},"end":{"line":88,"column":60}},"42":{"start":{"line":89,"column":19},"end":{"line":89,"column":58}},"43":{"start":{"line":90,"column":21},"end":{"line":90,"column":54}},"44":{"start":{"line":91,"column":15},"end":{"line":91,"column":50}},"45":{"start":{"line":95,"column":28},"end":{"line":102,"column":3}},"46":{"start":{"line":96,"column":4},"end":{"line":101,"column":5}},"47":{"start":{"line":97,"column":18},"end":{"line":97,"column":42}},"48":{"start":{"line":98,"column":21},"end":{"line":98,"column":46}},"49":{"start":{"line":99,"column":19},"end":{"line":99,"column":41}},"50":{"start":{"line":100,"column":15},"end":{"line":100,"column":38}},"51":{"start":{"line":104,"column":2},"end":{"line":482,"column":4}},"52":{"start":{"line":122,"column":14},"end":{"line":123,"column":null}},"53":{"start":{"line":124,"column":31},"end":{"line":124,"column":58}},"54":{"start":{"line":146,"column":49},"end":{"line":146,"column":71}},"55":{"start":{"line":152,"column":49},"end":{"line":152,"column":72}},"56":{"start":{"line":173,"column":20},"end":{"line":173,"column":42}},"57":{"start":{"line":191,"column":33},"end":{"line":191,"column":60}},"58":{"start":{"line":197,"column":33},"end":{"line":197,"column":58}},"59":{"start":{"line":211,"column":33},"end":{"line":211,"column":60}},"60":{"start":{"line":227,"column":20},"end":{"line":227,"column":42}},"61":{"start":{"line":265,"column":35},"end":{"line":265,"column":64}},"62":{"start":{"line":272,"column":18},"end":{"line":272,"column":41}},"63":{"start":{"line":287,"column":24},"end":{"line":287,"column":40}},"64":{"start":{"line":406,"column":35},"end":{"line":406,"column":94}},"65":{"start":{"line":421,"column":35},"end":{"line":421,"column":91}},"66":{"start":{"line":432,"column":35},"end":{"line":432,"column":88}},"67":{"start":{"line":442,"column":35},"end":{"line":442,"column":94}},"68":{"start":{"line":453,"column":35},"end":{"line":453,"column":98}},"69":{"start":{"line":466,"column":31},"end":{"line":466,"column":59}},"70":{"start":{"line":485,"column":0},"end":{"line":485,"column":30}}},"fnMap":{"0":{"name":"(anonymous_9)","decl":{"start":{"line":11,"column":54},"end":{"line":11,"column":55}},"loc":{"start":{"line":11,"column":72},"end":{"line":483,"column":1}}},"1":{"name":"(anonymous_10)","decl":{"start":{"line":26,"column":12},"end":{"line":26,"column":15}},"loc":{"start":{"line":26,"column":17},"end":{"line":28,"column":3}}},"2":{"name":"(anonymous_11)","decl":{"start":{"line":30,"column":26},"end":{"line":30,"column":29}},"loc":{"start":{"line":30,"column":31},"end":{"line":42,"column":3}}},"3":{"name":"(anonymous_12)","decl":{"start":{"line":33,"column":39},"end":{"line":33,"column":42}},"loc":{"start":{"line":33,"column":46},"end":{"line":33,"column":73}}},"4":{"name":"(anonymous_13)","decl":{"start":{"line":44,"column":30},"end":{"line":44,"column":33}},"loc":{"start":{"line":44,"column":35},"end":{"line":68,"column":3}}},"5":{"name":"(anonymous_14)","decl":{"start":{"line":70,"column":45},"end":{"line":70,"column":53}},"loc":{"start":{"line":71,"column":4},"end":{"line":72,"column":83}}},"6":{"name":"(anonymous_15)","decl":{"start":{"line":72,"column":23},"end":{"line":72,"column":26}},"loc":{"start":{"line":72,"column":30},"end":{"line":72,"column":82}}},"7":{"name":"(anonymous_16)","decl":{"start":{"line":75,"column":25},"end":{"line":75,"column":26}},"loc":{"start":{"line":75,"column":44},"end":{"line":83,"column":3}}},"8":{"name":"(anonymous_17)","decl":{"start":{"line":85,"column":27},"end":{"line":85,"column":28}},"loc":{"start":{"line":85,"column":48},"end":{"line":93,"column":3}}},"9":{"name":"(anonymous_18)","decl":{"start":{"line":95,"column":28},"end":{"line":95,"column":29}},"loc":{"start":{"line":95,"column":46},"end":{"line":102,"column":3}}},"10":{"name":"(anonymous_19)","decl":{"start":{"line":121,"column":18},"end":{"line":121,"column":21}},"loc":{"start":{"line":122,"column":14},"end":{"line":123,"column":null}}},"11":{"name":"(anonymous_20)","decl":{"start":{"line":124,"column":25},"end":{"line":124,"column":28}},"loc":{"start":{"line":124,"column":31},"end":{"line":124,"column":58}}},"12":{"name":"(anonymous_21)","decl":{"start":{"line":146,"column":44},"end":{"line":146,"column":45}},"loc":{"start":{"line":146,"column":49},"end":{"line":146,"column":71}}},"13":{"name":"(anonymous_22)","decl":{"start":{"line":152,"column":44},"end":{"line":152,"column":45}},"loc":{"start":{"line":152,"column":49},"end":{"line":152,"column":72}}},"14":{"name":"(anonymous_23)","decl":{"start":{"line":172,"column":51},"end":{"line":172,"column":58}},"loc":{"start":{"line":173,"column":20},"end":{"line":173,"column":42}}},"15":{"name":"(anonymous_24)","decl":{"start":{"line":191,"column":27},"end":{"line":191,"column":30}},"loc":{"start":{"line":191,"column":33},"end":{"line":191,"column":60}}},"16":{"name":"(anonymous_25)","decl":{"start":{"line":197,"column":27},"end":{"line":197,"column":30}},"loc":{"start":{"line":197,"column":33},"end":{"line":197,"column":58}}},"17":{"name":"(anonymous_26)","decl":{"start":{"line":211,"column":27},"end":{"line":211,"column":30}},"loc":{"start":{"line":211,"column":33},"end":{"line":211,"column":60}}},"18":{"name":"(anonymous_27)","decl":{"start":{"line":226,"column":39},"end":{"line":226,"column":46}},"loc":{"start":{"line":227,"column":20},"end":{"line":227,"column":42}}},"19":{"name":"(anonymous_28)","decl":{"start":{"line":265,"column":28},"end":{"line":265,"column":29}},"loc":{"start":{"line":265,"column":35},"end":{"line":265,"column":64}}},"20":{"name":"(anonymous_29)","decl":{"start":{"line":271,"column":39},"end":{"line":271,"column":47}},"loc":{"start":{"line":272,"column":18},"end":{"line":272,"column":41}}},"21":{"name":"(anonymous_30)","decl":{"start":{"line":286,"column":41},"end":{"line":286,"column":44}},"loc":{"start":{"line":287,"column":24},"end":{"line":287,"column":40}}},"22":{"name":"(anonymous_31)","decl":{"start":{"line":406,"column":28},"end":{"line":406,"column":29}},"loc":{"start":{"line":406,"column":35},"end":{"line":406,"column":94}}},"23":{"name":"(anonymous_32)","decl":{"start":{"line":421,"column":28},"end":{"line":421,"column":29}},"loc":{"start":{"line":421,"column":35},"end":{"line":421,"column":91}}},"24":{"name":"(anonymous_33)","decl":{"start":{"line":432,"column":28},"end":{"line":432,"column":29}},"loc":{"start":{"line":432,"column":35},"end":{"line":432,"column":88}}},"25":{"name":"(anonymous_34)","decl":{"start":{"line":442,"column":28},"end":{"line":442,"column":29}},"loc":{"start":{"line":442,"column":35},"end":{"line":442,"column":94}}},"26":{"name":"(anonymous_35)","decl":{"start":{"line":453,"column":28},"end":{"line":453,"column":29}},"loc":{"start":{"line":453,"column":35},"end":{"line":453,"column":98}}},"27":{"name":"(anonymous_36)","decl":{"start":{"line":466,"column":25},"end":{"line":466,"column":28}},"loc":{"start":{"line":466,"column":31},"end":{"line":466,"column":59}}}},"branchMap":{"0":{"loc":{"start":{"line":41,"column":23},"end":{"line":41,"column":39}},"type":"binary-expr","locations":[{"start":{"line":41,"column":23},"end":{"line":41,"column":31}},{"start":{"line":41,"column":35},"end":{"line":41,"column":39}}]},"1":{"loc":{"start":{"line":45,"column":4},"end":{"line":48,"column":5}},"type":"if","locations":[{"start":{"line":45,"column":4},"end":{"line":48,"column":5}},{"start":{},"end":{}}]},"2":{"loc":{"start":{"line":45,"column":8},"end":{"line":45,"column":52}},"type":"binary-expr","locations":[{"start":{"line":45,"column":8},"end":{"line":45,"column":25}},{"start":{"line":45,"column":29},"end":{"line":45,"column":52}}]},"3":{"loc":{"start":{"line":53,"column":6},"end":{"line":53,"column":35}},"type":"binary-expr","locations":[{"start":{"line":53,"column":6},"end":{"line":53,"column":25}},{"start":{"line":53,"column":29},"end":{"line":53,"column":35}}]},"4":{"loc":{"start":{"line":71,"column":4},"end":{"line":72,"column":83}},"type":"binary-expr","locations":[{"start":{"line":71,"column":4},"end":{"line":71,"column":67}},{"start":{"line":72,"column":4},"end":{"line":72,"column":83}}]},"5":{"loc":{"start":{"line":76,"column":4},"end":{"line":82,"column":5}},"type":"switch","locations":[{"start":{"line":77,"column":6},"end":{"line":77,"column":47}},{"start":{"line":78,"column":6}
[...]
nd":{"line":643,"column":9}},{"start":{},"end":{}}]},"53":{"loc":{"start":{"line":644,"column":8},"end":{"line":646,"column":9}},"type":"if","locations":[{"start":{"line":644,"column":8},"end":{"line":646,"column":9}},{"start":{},"end":{}}]},"54":{"loc":{"start":{"line":647,"column":8},"end":{"line":649,"column":9}},"type":"if","locations":[{"start":{"line":647,"column":8},"end":{"line":649,"column":9}},{"start":{},"end":{}}]},"55":{"loc":{"start":{"line":659,"column":6},"end":{"line":678,"column":7}},"type":"switch","locations":[{"start":{"line":660,"column":8},"end":{"line":663,"column":16}},{"start":{"line":664,"column":8},"end":{"line":673,"column":16}},{"start":{"line":674,"column":8},"end":{"line":677,"column":16}}]},"56":{"loc":{"start":{"line":667,"column":12},"end":{"line":667,"column":48}},"type":"binary-expr","locations":[{"start":{"line":667,"column":12},"end":{"line":667,"column":34}},{"start":{"line":667,"column":38},"end":{"line":667,"column":48}}]},"57":{"loc":{"start":{"line":671,"column":12},"end":{"line":671,"column":46}},"type":"binary-expr","locations":[{"start":{"line":671,"column":12},"end":{"line":671,"column":34}},{"start":{"line":671,"column":38},"end":{"line":671,"column":46}}]},"58":{"loc":{"start":{"line":683,"column":29},"end":{"line":683,"column":78}},"type":"binary-expr","locations":[{"start":{"line":683,"column":29},"end":{"line":683,"column":70}},{"start":{"line":683,"column":74},"end":{"line":683,"column":78}}]},"59":{"loc":{"start":{"line":685,"column":4},"end":{"line":688,"column":5}},"type":"if","locations":[{"start":{"line":685,"column":4},"end":{"line":688,"column":5}},{"start":{},"end":{}}]},"60":{"loc":{"start":{"line":737,"column":8},"end":{"line":755,"column":9}},"type":"if","locations":[{"start":{"line":737,"column":8},"end":{"line":755,"column":9}},{"start":{},"end":{}}]},"61":{"loc":{"start":{"line":737,"column":12},"end":{"line":737,"column":88}},"type":"binary-expr","locations":[{"start":{"line":737,"column":12},"end":{"line":737,"column":47}},{"start":{"line":737,"column":51},"end":{"line":737,"column":88}}]},"62":{"loc":{"start":{"line":739,"column":34},"end":{"line":739,"column":70}},"type":"binary-expr","locations":[{"start":{"line":739,"column":34},"end":{"line":739,"column":64}},{"start":{"line":739,"column":68},"end":{"line":739,"column":70}}]},"63":{"loc":{"start":{"line":750,"column":12},"end":{"line":750,"column":67}},"type":"cond-expr","locations":[{"start":{"line":750,"column":50},"end":{"line":750,"column":56}},{"start":{"line":750,"column":59},"end":{"line":750,"column":67}}]},"64":{"loc":{"start":{"line":759,"column":8},"end":{"line":768,"column":9}},"type":"if","locations":[{"start":{"line":759,"column":8},"end":{"line":768,"column":9}},{"start":{},"end":{}}]},"65":{"loc":{"start":{"line":795,"column":4},"end":{"line":797,"column":5}},"type":"if","locations":[{"start":{"line":795,"column":4},"end":{"line":797,"column":5}},{"start":{},"end":{}}]},"66":{"loc":{"start":{"line":830,"column":4},"end":{"line":830,"column":38}},"type":"if","locations":[{"start":{"line":830,"column":4},"end":{"line":830,"column":38}},{"start":{},"end":{}}]},"67":{"loc":{"start":{"line":833,"column":6},"end":{"line":835,"column":85}},"type":"binary-expr","locations":[{"start":{"line":833,"column":6},"end":{"line":833,"column":69}},{"start":{"line":834,"column":6},"end":{"line":834,"column":71}},{"start":{"line":835,"column":6},"end":{"line":835,"column":85}}]},"68":{"loc":{"start":{"line":842,"column":42},"end":{"line":842,"column":110}},"type":"cond-expr","locations":[{"start":{"line":842,"column":54},"end":{"line":842,"column":75}},{"start":{"line":842,"column":78},"end":{"line":842,"column":110}}]},"69":{"loc":{"start":{"line":844,"column":4},"end":{"line":846,"column":5}},"type":"if","locations":[{"start":{"line":844,"column":4},"end":{"line":846,"column":5}},{"start":{},"end":{}}]},"70":{"loc":{"start":{"line":848,"column":40},"end":{"line":848,"column":53}},"type":"binary-expr","locations":[{"start":{"line":848,"column":40},"end":{"line":848,"column":48}},{"start":{"line":848,"column":52},"end":{"line":848,"column":53}}]},"71":{"loc":{"start":{"line":848,"column":58},"end":{"line":848,"column":71}},"type":"binary-expr","locations":[{"start":{"line":848,"column":58},"end":{"line":848,"column":66}},{"start":{"line":848,"column":70},"end":{"line":848,"column":71}}]},"72":{"loc":{"start":{"line":937,"column":4},"end":{"line":945,"column":5}},"type":"if","locations":[{"start":{"line":937,"column":4},"end":{"line":945,"column":5}},{"start":{},"end":{}}]},"73":{"loc":{"start":{"line":938,"column":45},"end":{"line":938,"column":85}},"type":"binary-expr","locations":[{"start":{"line":938,"column":45},"end":{"line":938,"column":80}},{"start":{"line":938,"column":84},"end":{"line":938,"column":85}}]},"74":{"loc":{"start":{"line":940,"column":28},"end":{"line":940,"column":64}},"type":"binary-expr","locations":[{"start":{"line":940,"column":28},"end":{"line":940,"column":59}},{"start":{"line":940,"column":63},"end":{"line":940,"column":64}}]},"75":{"loc":{"start":{"line":941,"column":25},"end":{"line":941,"column":65}},"type":"binary-expr","locations":[{"start":{"line":941,"column":25},"end":{"line":941,"column":60}},{"start":{"line":941,"column":64},"end":{"line":941,"column":65}}]},"76":{"loc":{"start":{"line":969,"column":4},"end":{"line":969,"column":48}},"type":"if","locations":[{"start":{"line":969,"column":4},"end":{"line":969,"column":48}},{"start":{},"end":{}}]},"77":{"loc":{"start":{"line":985,"column":33},"end":{"line":985,"column":61}},"type":"binary-expr","locations":[{"start":{"line":985,"column":33},"end":{"line":985,"column":56}},{"start":{"line":985,"column":60},"end":{"line":985,"column":61}}]},"78":{"loc":{"start":{"line":1000,"column":4},"end":{"line":1010,"column":5}},"type":"switch","locations":[{"start":{"line":1001,"column":6},"end":{"line":1003,"column":14}},{"start":{"line":1004,"column":6},"end":{"line":1006,"column":14}},{"start":{"line":1007,"column":6},"end":{"line":1009,"column":14}}]},"79":{"loc":{"start":{"line":1033,"column":36},"end":{"line":1033,"column":67}},"type":"binary-expr","locations":[{"start":{"line":1033,"column":36},"end":{"line":1033,"column":62}},{"start":{"line":1033,"column":66},"end":{"line":1033,"column":67}}]},"80":{"loc":{"start":{"line":1044,"column":4},"end":{"line":1044,"column":41}},"type":"if","locations":[{"start":{"line":1044,"column":4},"end":{"line":1044,"column":41}},{"start":{},"end":{}}]},"81":{"loc":{"start":{"line":1054,"column":4},"end":{"line":1056,"column":5}},"type":"if","locations":[{"start":{"line":1054,"column":4},"end":{"line":1056,"column":5}},{"start":{},"end":{}}]},"82":{"loc":{"start":{"line":1058,"column":4},"end":{"line":1060,"column":5}},"type":"if","locations":[{"start":{"line":1058,"column":4},"end":{"line":1060,"column":5}},{"start":{},"end":{}}]},"83":{"loc":{"start":{"line":1062,"column":4},"end":{"line":1064,"column":5}},"type":"if","locations":[{"start":{"line":1062,"column":4},"end":{"line":1064,"column":5}},{"start":{},"end":{}}]},"84":{"loc":{"start":{"line":1071,"column":0},"end":{"line":1073,"column":1}},"type":"if","locations":[{"start":{"line":1071,"column":0},"end":{"line":1073,"column":1}},{"start":{},"end":{}}]}},"s":{"0":1,"1":10,"2":10,"3":10,"4":10,"5":10,"6":10,"7":0,"8":10,"9":10,"10":10,"11":10,"12":0,"13":10,"14":10,"15":11,"16":11,"17":11,"18":11,"19":11,"20":11,"21":48,"22":48,"23":22,"24":11,"25":11,"26":0,"27":0,"28":0,"29":0,"30":0,"31":0,"32":0,"33":0,"34":0,"35":0,"36":0,"37":0,"38":11,"39":11,"40":11,"41":11,"42":12,"43":11,"44":0,"45":0,"46":11,"47":11,"48":22,"49":77,"50":11,"51":11,"52":11,"53":11,"54":11,"55":11,"56":11,"57":11,"58":11,"59":11,"60":11,"61":0,"62":11,"63":12,"64":11,"65":0,"66":0,"67":0,"68":0,"69":0,"70":0,"71":0,"72":0,"73":0,"74":11,"75":0,"76":12,"77":12,"78":12,"79":12,"80":12,"81":12,"82":12,"83":27,"84":27,"85":13,"86":13,"87":12,"88":12,"89":11,"90":12,"91":1,"92":12,"93":0,"94":12,"95":0,"96":12,"97":1,"98":11,"99":10,"100":1,"101":12,"102":12,"103":36,"104":0,"105":36,"106":12,"107":12,"108":12,"109":12,"110":12,"111":12,"112":12,"113":12,"114":0,"115":0,"116":0,"117":0,"118":0,"119":0,"120":0,"121":12,"122":12,"123":12,"124":11,"125":12,"126":1,"127":12,"128":1,"129":12,"130":0,"131":12,"132":0,"133":0,"134":0,"135":0,"136":0,"137":0,"138":0,"139":0,"140":0,"141":0,"142":0,"143":0,"144":0,"145":0,"146":0,"147":0,"148":0,"149":0,"150":0,"151":0,"152":0,"153":0,"154":0,"155":36,"156":36,"157":36,"158":12,"159":24,"160":12,"161":12,"162":0,"163":12,"164":12,"165":12,"166":24,"167":12,"168":12,"169":11,"170":11,"171":1,"172":1,"173":12,"174":12,"175":12,"176":13,"177":12,"178":12,"179":12,"180":10,"181":10,"182":10,"183":0,"184":10,"185":0,"186":0,"187":0,"188":0,"189":0,"190":0,"191":0,"192":0,"193":0,"194":0,"195":0,"196":0,"197":0,"198":0,"199":0,"200":0,"201":0,"202":0,"203":0,"204":0,"205":0,"206":0,"207":0,"208":0,"209":0,"210":0,"211":0,"212":0,"213":8,"214":8,"215":8,"216":1,"217":6,"218":8,"219":53,"220":4,"221":4,"222":4,"223":3,"224":3,"225":3,"226":3,"227":3,"228":1,"229":1,"230":6,"231":1,"232":1,"233":1,"234":1,"235":1,"236":1,"237":2,"238":2,"239":2,"240":2,"241":2,"242":2,"243":2,"244":4,"245":4,"246":4,"247":4,"248":0,"249":0,"250":0,"251":0,"252":0,"253":2,"254":2,"255":2,"256":2,"257":2,"258":2,"259":2,"260":2,"261":2,"262":1,"263":1,"264":1,"265":1,"266":0,"267":0,"268":2,"269":2,"270":2,"271":2,"272":2,"273":2,"274":2,"275":2,"276":2,"277":0,"278":2,"279":0,"280":2,"281":10,"282":2,"283":2,"284":2,"285":0,"286":2,"287":0,"288":2,"289":0,"290":2,"291":1,"292":1,"293":1,"294":1,"295":1,"296":1,"297":1,"298":1},"f":{"0":10,"1":10,"2":10,"3":11,"4":48,"5":22,"6":11,"7":0,"8":11,"9":12,"10":11,"11":22,"12":77,"13":11,"14":11,"15":12,"16":0,"17":0,"18":11,"19":0,"20":12,"21":27,"22":13,"23":12,"24":12,"25":36,"26":12,"27":12,"28":0,"29":0,"30":36,"31":12,"32":24,"33":13,"34":10,"35":10,"36":0,"37":0,"38":0,"39":0,"40":0,"41":0,"42":0,"43":0,"44":0,"45":0,"46":0,"47":8,"48":6,"49":53,"50":4,"51":3,"52":1,"53":6,"54":2,"55":2,"56":2,"57":2,"58":2,"59":4,"60":4,"61":0,"62":2,"63":2,"64":2,"65":2,"66":2,"67":2,"68":2,"69":2,"70":0,"71":2,"72":10,"73":2},"b":{"0":[0,10],"1":[0,10],"2":[38,10],"3":[0,0],"4":[0,0],"5":[0,0],"6":[0,0],"7":[0,0],"8":[11,0],"9":[0,11],"10":[11,11],"11":[77,66],"12":[11,0],"13":[11,11],"14":[11,0],"15":[0,11],"16":[11,11],"17":[12,12,11],"18":[0,0],"19":[12,11],"20":[17,10],"21":[13,0],"22":[11,1],"23":[1,11],"24":[0,12],"25":[0,12],"26":[1,11],"27":[10,1],"28":[12,0],"29":[0,36],"30":[12,24],"31":[12,0],"32":[12,0],"33":[0,0],"34":[0,0],"35":[0,0],"36":[11,1],"37":[1,11],"38":[1,11],"39":[0,12],"40":[11,1],"41":[0,0],"42":[0,0],"43":[0,0],"44":[0,0],"45":[0,0],"46":[0,0],"47":[0,0],"48":[0,0],"49":[0,0],"50":[0,0],"51":[36],"52":[12,24],"53":[12,12],"54":[0,12],"55":[12,11,1],"56":[11,0],"57":[11,0],"58":[12,0],"59":[12,0],"60":[0,0],"61":[0,0],"62":[0,0],"63":[0,0],"64":[0,0],"65":[0,0],"66":[0,0],"67":[0,0,0],"68":[4,4],"69":[1,7],"70":[53,0],"71":[53,1],"72":[1,0],"73":[1,1],"74":[1,1],"75":[1,0],"76":[4,0],"77":[2,2],"78":[1,1,0],"79":[2,2],"80":[0,2],"81":[0,2],"82":[0,2],"83":[0,2],"84":[1,0]}}
,"/home/runner/work/Malnu-Kananga/Malnu-Kananga/src/utils/webpDetection.ts": {"path":"/home/runner/work/Malnu-Kananga/Malnu-Kananga/src/utils/webpDetection.ts","statementMap":{"0":{"start":{"line":4,"column":34},"end":{"line":4,"column":38}},"1":{"start":{"line":5,"column":48},"end":{"line":5,"column":52}},"2":{"start":{"line":11,"column":26},"end":{"line":46,"column":1}},"3":{"start":{"line":12,"column":2},"end":{"line":45,"column":5}},"4":{"start":{"line":14,"column":4},"end":{"line":17,"column":5}},"5":{"start":{"line":15,"column":6},"end":{"line":15,"column":27}},"6":{"start":{"line":16,"column":6},"end":{"line":16,"column":13}},"7":{"start":{"line":20,"column":4},"end":{"line":23,"column":5}},"8":{"start":{"line":21,"column":6},"end":{"line":21,"column":37}},"9":{"start":{"line":22,"column":6},"end":{"line":22,"column":13}},"10":{"start":{"line":26,"column":4},"end":{"line":42,"column":7}},"11":{"start":{"line":27,"column":21},"end":{"line":27,"column":53}},"12":{"start":{"line":28,"column":6},"end":{"line":28,"column":23}},"13":{"start":{"line":29,"column":6},"end":{"line":29,"column":24}},"14":{"start":{"line":32,"column":6},"end":{"line":41,"column":7}},"15":{"start":{"line":33,"column":24},"end":{"line":33,"column":54}},"16":{"start":{"line":34,"column":29},"end":{"line":34,"column":66}},"17":{"start":{"line":35,"column":8},"end":{"line":35,"column":35}},"18":{"start":{"line":36,"column":8},"end":{"line":36,"column":39}},"19":{"start":{"line":39,"column":8},"end":{"line":39,"column":28}},"20":{"start":{"line":40,"column":8},"end":{"line":40,"column":32}},"21":{"start":{"line":44,"column":4},"end":{"line":44,"column":35}},"22":{"start":{"line":52,"column":39},"end":{"line":54,"column":1}},"23":{"start":{"line":53,"column":2},"end":{"line":53,"column":29}},"24":{"start":{"line":52,"column":13},"end":{"line":52,"column":39}},"25":{"start":{"line":60,"column":30},"end":{"line":62,"column":1}},"26":{"start":{"line":61,"column":2},"end":{"line":61,"column":21}},"27":{"start":{"line":60,"column":13},"end":{"line":60,"column":30}},"28":{"start":{"line":70,"column":34},"end":{"line":94,"column":1}},"29":{"start":{"line":72,"column":2},"end":{"line":74,"column":3}},"30":{"start":{"line":73,"column":4},"end":{"line":73,"column":29}},"31":{"start":{"line":76,"column":23},"end":{"line":76,"column":39}},"32":{"start":{"line":79,"column":2},"end":{"line":81,"column":3}},"33":{"start":{"line":80,"column":4},"end":{"line":80,"column":23}},"34":{"start":{"line":84,"column":2},"end":{"line":86,"column":3}},"35":{"start":{"line":85,"column":4},"end":{"line":85,"column":55}},"36":{"start":{"line":89,"column":2},"end":{"line":91,"column":3}},"37":{"start":{"line":90,"column":4},"end":{"line":90,"column":62}},"38":{"start":{"line":93,"column":2},"end":{"line":93,"column":21}},"39":{"start":{"line":70,"column":13},"end":{"line":70,"column":34}},"40":{"start":{"line":100,"column":38},"end":{"line":119,"column":1}},"41":{"start":{"line":101,"column":23},"end":{"line":101,"column":39}},"42":{"start":{"line":104,"column":2},"end":{"line":106,"column":3}},"43":{"start":{"line":105,"column":4},"end":{"line":105,"column":23}},"44":{"start":{"line":109,"column":2},"end":{"line":111,"column":3}},"45":{"start":{"line":110,"column":4},"end":{"line":110,"column":55}},"46":{"start":{"line":114,"column":2},"end":{"line":116,"column":3}},"47":{"start":{"line":115,"column":4},"end":{"line":115,"column":62}},"48":{"start":{"line":118,"column":2},"end":{"line":118,"column":21}},"49":{"start":{"line":100,"column":13},"end":{"line":100,"column":38}},"50":{"start":{"line":124,"column":39},"end":{"line":127,"column":1}},"51":{"start":{"line":125,"column":2},"end":{"line":125,"column":21}},"52":{"start":{"line":126,"column":2},"end":{"line":126,"column":26}},"53":{"start":{"line":124,"column":13},"end":{"line":124,"column":39}},"54":{"start":{"line":129,"column":0},"end":{"line":135,"column":2}}},"fnMap":{"0":{"name":"(anonymous_0)","decl":{"start":{"line":11,"column":26},"end":{"line":11,"column":47}},"loc":{"start":{"line":11,"column":49},"end":{"line":46,"column":1}}},"1":{"name":"(anonymous_1)","decl":{"start":{"line":12,"column":21},"end":{"line":12,"column":22}},"loc":{"start":{"line":12,"column":33},"end":{"line":45,"column":3}}},"2":{"name":"(anonymous_2)","decl":{"start":{"line":26,"column":35},"end":{"line":26,"column":36}},"loc":{"start":{"line":26,"column":56},"end":{"line":42,"column":5}}},"3":{"name":"(anonymous_3)","decl":{"start":{"line":52,"column":39},"end":{"line":52,"column":60}},"loc":{"start":{"line":52,"column":62},"end":{"line":54,"column":1}}},"4":{"name":"(anonymous_4)","decl":{"start":{"line":60,"column":30},"end":{"line":60,"column":49}},"loc":{"start":{"line":60,"column":51},"end":{"line":62,"column":1}}},"5":{"name":"(anonymous_5)","decl":{"start":{"line":70,"column":34},"end":{"line":70,"column":35}},"loc":{"start":{"line":70,"column":99},"end":{"line":94,"column":1}}},"6":{"name":"(anonymous_6)","decl":{"start":{"line":100,"column":38},"end":{"line":100,"column":39}},"loc":{"start":{"line":100,"column":70},"end":{"line":119,"column":1}}},"7":{"name":"(anonymous_7)","decl":{"start":{"line":124,"column":39},"end":{"line":124,"column":48}},"loc":{"start":{"line":124,"column":50},"end":{"line":127,"column":1}}}},"branchMap":{"0":{"loc":{"start":{"line":14,"column":4},"end":{"line":17,"column":5}},"type":"if","locations":[{"start":{"line":14,"column":4},"end":{"line":17,"column":5}},{"start":{},"end":{}}]},"1":{"loc":{"start":{"line":20,"column":4},"end":{"line":23,"column":5}},"type":"if","locations":[{"start":{"line":20,"column":4},"end":{"line":23,"column":5}},{"start":{},"end":{}}]},"2":{"loc":{"start":{"line":70,"column":56},"end":{"line":70,"column":87}},"type":"default-arg","locations":[{"start":{"line":70,"column":83},"end":{"line":70,"column":87}}]},"3":{"loc":{"start":{"line":72,"column":2},"end":{"line":74,"column":3}},"type":"if","locations":[{"start":{"line":72,"column":2},"end":{"line":74,"column":3}},{"start":{},"end":{}}]},"4":{"loc":{"start":{"line":73,"column":11},"end":{"line":73,"column":28}},"type":"binary-expr","locations":[{"start":{"line":73,"column":11},"end":{"line":73,"column":22}},{"start":{"line":73,"column":26},"end":{"line":73,"column":28}}]},"5":{"loc":{"start":{"line":79,"column":2},"end":{"line":81,"column":3}},"type":"if","locations":[{"start":{"line":79,"column":2},"end":{"line":81,"column":3}},{"start":{},"end":{}}]},"6":{"loc":{"start":{"line":79,"column":6},"end":{"line":79,"column":73}},"type":"binary-expr","locations":[{"start":{"line":79,"column":6},"end":{"line":79,"column":27}},{"start":{"line":79,"column":31},"end":{"line":79,"column":44}},{"start":{"line":79,"column":48},"end":{"line":79,"column":73}}]},"7":{"loc":{"start":{"line":84,"column":2},"end":{"line":86,"column":3}},"type":"if","locations":[{"start":{"line":84,"column":2},"end":{"line":86,"column":3}},{"start":{},"end":{}}]},"8":{"loc":{"start":{"line":84,"column":6},"end":{"line":84,"column":71}},"type":"binary-expr","locations":[{"start":{"line":84,"column":6},"end":{"line":84,"column":39}},{"start":{"line":84,"column":43},"end":{"line":84,"column":71}}]},"9":{"loc":{"start":{"line":89,"column":2},"end":{"line":91,"column":3}},"type":"if","locations":[{"start":{"line":89,"column":2},"end":{"line":91,"column":3}},{"start":{},"end":{}}]},"10":{"loc":{"start":{"line":104,"column":2},"end":{"line":106,"column":3}},"type":"if","locations":[{"start":{"line":104,"column":2},"end":{"line":106,"column":3}},{"start":{},"end":{}}]},"11":{"loc":{"start":{"line":109,"column":2},"end":{"line":111,"column":3}},"type":"if","locations":[{"start":{"line":109,"column":2},"end":{"line":111,"column":3}},{"start":{},"end":{}}]},"12":{"loc":{"start":{"line":109,"column":6},"end":{"line":109,"column":71}},"type":"binary-expr","locations":[{"start":{"line":109,"column":6},"end":{"line":109,"column":39}},{"start":{"line":109,"column":43},"end":{"line":109,"column":71}}]},"13":{"loc":{"start":{"line":114,"column":2},"end":{"line":116,"column":3}},"type":"if","locations":[{"start":{"line":114,"column":2},"end":{"line":116,"column":3}},{"start":{},"end":{}}]}},"s":{"0":2,"1":2,"2":2,"3":2,"4":2,"5":0,"6":0,"7":2,"8":0,"9":0,"10":2,"11":2,"12":2,"13":2,"14":2,"15":2,"16":2,"17":2,"18":2,"19":0,"20":0,"21":2,"22":2,"23":2,"24":2,"25":2,"26":12,"27":2,"28":2,"29":4,"30":0,"31":4,"32":4,"33":1,"34":3,"35":0,"36":3,"37":2,"38":1,"39":2,"40":2,"41":0,"42":0,"43":0,"44":0,"45":0,"46":0,"47":0,"48":0,"49":2,"50":2,"51":1,"52":1,"53":2,"54":2},"f":{"0":2,"1":2,"2":2,"3":2,"4":12,"5":4,"6":0,"7":1},"b":{"0":[0,2],"1":[0,2],"2":[0],"3":[0,4],"4":[0,0],"5":[1,3],"6":[4,3,3],"7":[0,3],"8":[3,0],"9":[2,1],"10":[0,0],"11":[0,0],"12":[0,0],"13":[0,0]}}
}
