TN:
SF:src/types.ts
FN:1,(anonymous_0)
FNF:1
FNH:1
FNDA:2,(anonymous_0)
DA:1,2
DA:2,2
DA:3,2
LF:3
LH:3
BRDA:1,0,0,2
BRDA:1,0,1,2
BRF:2
BRH:2
end_of_record
TN:
SF:src/components/AssignmentSubmission.tsx
FN:14,(anonymous_9)
FN:25,(anonymous_10)
FN:51,(anonymous_11)
FN:61,(anonymous_12)
FN:71,(anonymous_13)
FN:96,(anonymous_14)
FN:104,(anonymous_15)
FN:202,(anonymous_16)
FN:220,(anonymous_17)
FN:236,(anonymous_18)
FN:260,(anonymous_19)
FNF:11
FNH:7
FNDA:29,(anonymous_9)
FNDA:4,(anonymous_10)
FNDA:0,(anonymous_11)
FNDA:4,(anonymous_12)
FNDA:3,(anonymous_13)
FNDA:2,(anonymous_14)
FNDA:2,(anonymous_15)
FNDA:0,(anonymous_16)
FNDA:0,(anonymous_17)
FNDA:0,(anonymous_18)
FNDA:5,(anonymous_19)
DA:1,1
DA:2,1
DA:14,1
DA:19,29
DA:20,29
DA:21,29
DA:22,29
DA:23,29
DA:25,29
DA:27,4
DA:37,4
DA:38,1
DA:39,1
DA:43,3
DA:44,1
DA:45,1
DA:48,2
DA:51,29
DA:52,0
DA:53,0
DA:54,0
DA:55,0
DA:56,0
DA:57,0
DA:61,29
DA:62,4
DA:63,4
DA:64,4
DA:66,4
DA:67,4
DA:71,29
DA:72,3
DA:73,0
DA:74,0
DA:77,3
DA:79,3
DA:80,3
DA:87,1
DA:89,1
DA:90,1
DA:92,2
DA:96,29
DA:97,2
DA:98,2
DA:99,2
DA:100,2
DA:101,2
DA:104,29
DA:105,2
DA:106,2
DA:107,2
DA:108,0
DA:109,0
DA:110,0
DA:111,0
DA:115,29
DA:203,0
DA:204,0
DA:220,0
DA:236,0
DA:260,5
DA:322,1
LF:62
LH:46
BRDA:37,0,0,1
BRDA:37,0,1,3
BRDA:43,1,0,1
BRDA:43,1,1,2
BRDA:54,2,0,0
BRDA:54,2,1,0
BRDA:54,3,0,0
BRDA:54,3,1,0
BRDA:56,4,0,0
BRDA:56,4,1,0
BRDA:66,5,0,4
BRDA:66,5,1,0
BRDA:66,6,0,4
BRDA:66,6,1,4
BRDA:72,7,0,0
BRDA:72,7,1,3
BRDA:72,8,0,3
BRDA:72,8,1,3
BRDA:81,9,0,3
BRDA:81,9,1,3
BRDA:82,10,0,3
BRDA:82,10,1,0
BRDA:97,11,0,0
BRDA:97,11,1,2
BRDA:105,12,0,0
BRDA:105,12,1,2
BRDA:105,13,0,2
BRDA:105,13,1,2
BRDA:106,14,0,2
BRDA:106,14,1,0
BRDA:106,14,2,0
BRDA:106,14,3,0
BRDA:106,14,4,0
BRDA:106,14,5,0
BRDA:106,14,6,0
BRDA:106,14,7,0
BRDA:106,14,8,0
BRDA:167,15,0,29
BRDA:167,15,1,29
BRDA:187,16,0,0
BRDA:187,16,1,29
BRDA:189,17,0,2
BRDA:189,17,1,27
BRDA:203,18,0,0
BRDA:203,18,1,0
BRDA:203,19,0,0
BRDA:203,19,1,0
BRDA:210,20,0,2
BRDA:210,20,1,27
BRDA:236,21,0,0
BRDA:236,21,1,0
BRDA:236,22,0,0
BRDA:236,22,1,0
BRDA:295,23,0,29
BRDA:295,23,1,26
BRDA:295,23,2,24
BRDA:298,24,0,3
BRDA:298,24,1,26
BRF:58
BRH:30
end_of_record
TN:
SF:src/components/AuthButtons.tsx
FN:13,(anonymous_1)
FNF:1
FNH:1
FNDA:1,(anonymous_1)
DA:1,1
DA:2,1
DA:3,1
DA:13,1
DA:20,1
DA:21,1
DA:22,1
DA:24,1
DA:25,0
DA:38,1
DA:59,1
LF:11
LH:10
BRDA:18,0,0,0
BRDA:20,1,0,1
BRDA:20,1,1,0
BRDA:21,2,0,1
BRDA:21,2,1,0
BRDA:24,3,0,0
BRDA:24,3,1,1
BRF:7
BRH:3
end_of_record
TN:
SF:src/components/ChatHeader.tsx
FN:8,(anonymous_1)
FNF:1
FNH:1
FNDA:249,(anonymous_1)
DA:1,1
DA:2,1
DA:8,1
DA:9,249
DA:26,1
LF:5
LH:5
BRF:0
BRH:0
end_of_record
TN:
SF:src/components/ChatInput.tsx
FN:12,(anonymous_1)
FN:21,(anonymous_2)
FNF:2
FNH:2
FNDA:249,(anonymous_1)
FNDA:176,(anonymous_2)
DA:1,1
DA:2,1
DA:3,1
DA:12,1
DA:13,249
DA:15,249
DA:21,176
DA:43,1
LF:8
LH:8
BRDA:31,0,0,249
BRDA:31,0,1,235
BRF:2
BRH:2
end_of_record
TN:
SF:src/components/ChatMessages.tsx
FN:10,(anonymous_10)
FN:13,(anonymous_11)
FN:19,(anonymous_12)
FN:26,(anonymous_13)
FNF:4
FNH:4
FNDA:249,(anonymous_10)
FNDA:73,(anonymous_11)
FNDA:73,(anonymous_12)
FNDA:302,(anonymous_13)
DA:1,1
DA:3,1
DA:10,1
DA:11,249
DA:13,249
DA:14,73
DA:15,0
DA:19,249
DA:20,73
DA:23,249
DA:27,302
DA:39,1
LF:12
LH:11
BRDA:10,0,0,0
BRDA:14,1,0,0
BRDA:14,1,1,73
BRDA:14,2,0,0
BRDA:14,2,1,73
BRDA:14,3,0,73
BRDA:14,3,1,73
BRDA:30,4,0,302
BRDA:30,4,1,44
BRDA:30,4,2,29
BRF:10
BRH:7
end_of_record
TN:
SF:src/components/ChatWindow.tsx
FN:14,(anonymous_1)
FNF:1
FNH:1
FNDA:250,(anonymous_1)
DA:2,1
DA:3,1
DA:4,1
DA:5,1
DA:6,1
DA:7,1
DA:14,1
DA:15,250
DA:17,250
DA:22,250
DA:23,1
DA:26,249
DA:53,1
LF:13
LH:13
BRDA:22,0,0,1
BRDA:22,0,1,249
BRF:2
BRH:2
end_of_record
TN:
SF:src/components/DesktopNavigation.tsx
FN:3,(anonymous_1)
FN:13,(anonymous_2)
FNF:2
FNH:2
FNDA:25,(anonymous_1)
FNDA:100,(anonymous_2)
DA:1,1
DA:3,1
DA:4,25
DA:11,25
DA:14,100
DA:26,1
LF:6
LH:6
BRF:0
BRH:0
end_of_record
TN:
SF:src/components/ErrorBoundary.tsx
FN:17,(anonymous_9)
FN:57,(anonymous_10)
FN:61,(anonymous_11)
FN:22,(anonymous_12)
FN:27,(anonymous_13)
FN:37,(anonymous_14)
FN:65,(anonymous_15)
FN:152,(anonymous_16)
FN:163,(anonymous_17)
FN:186,withErrorBoundary
FN:191,(anonymous_19)
FN:203,useErrorHandler
FN:204,(anonymous_21)
FNF:13
FNH:9
FNDA:31,(anonymous_9)
FNDA:2,(anonymous_10)
FNDA:0,(anonymous_11)
FNDA:28,(anonymous_12)
FNDA:14,(anonymous_13)
FNDA:0,(anonymous_14)
FNDA:77,(anonymous_15)
FNDA:0,(anonymous_16)
FNDA:0,(anonymous_17)
FNDA:4,withErrorBoundary
FNDA:7,(anonymous_19)
FNDA:1,useErrorHandler
FNDA:1,(anonymous_21)
DA:1,2
DA:2,2
DA:3,2
DA:18,29
DA:24,28
DA:29,14
DA:32,14
DA:39,0
DA:40,0
DA:44,14
DA:46,14
DA:52,14
DA:53,2
DA:57,29
DA:58,2
DA:61,29
DA:62,0
DA:66,77
DA:68,44
DA:69,6
DA:73,38
DA:153,0
DA:154,0
DA:155,0
DA:164,0
DA:165,0
DA:181,33
DA:186,2
DA:191,4
DA:192,7
DA:197,4
DA:199,4
DA:203,2
DA:204,1
DA:205,1
DA:209,2
LF:36
LH:28
BRDA:52,0,0,2
BRDA:52,0,1,12
BRDA:66,1,0,44
BRDA:66,1,1,33
BRDA:68,2,0,6
BRDA:68,2,1,38
BRDA:106,3,0,38
BRDA:106,3,1,23
BRDA:106,3,2,23
BRDA:124,4,0,23
BRDA:124,4,1,9
BRDA:136,5,0,23
BRDA:136,5,1,0
BRDA:197,6,0,4
BRDA:197,6,1,3
BRF:15
BRH:14
end_of_record
TN:
SF:src/components/Header.tsx
FN:22,(anonymous_1)
FN:72,(anonymous_2)
FN:85,(anonymous_3)
FNF:3
FNH:2
FNDA:24,(anonymous_1)
FNDA:1,(anonymous_2)
FNDA:0,(anonymous_3)
DA:2,1
DA:3,1
DA:4,1
DA:7,1
DA:8,1
DA:9,1
DA:10,1
DA:11,1
DA:12,1
DA:13,1
DA:22,1
DA:23,24
DA:24,24
DA:25,24
DA:29,24
DA:34,24
DA:39,24
DA:44,24
DA:72,1
DA:85,0
DA:91,1
LF:21
LH:20
BRDA:31,0,0,1
BRDA:31,0,1,23
BRDA:36,1,0,1
BRDA:36,1,1,23
BRDA:41,2,0,1
BRDA:41,2,1,23
BRDA:47,3,0,1
BRDA:47,3,1,23
BRDA:53,4,0,4
BRDA:53,4,1,20
BRDA:72,5,0,1
BRDA:72,5,1,23
BRDA:73,6,0,1
BRDA:73,6,1,23
BRF:14
BRH:14
end_of_record
TN:
SF:src/components/LazyImage.tsx
FN:17,(anonymous_9)
FN:37,(anonymous_10)
FN:41,(anonymous_11)
FN:42,(anonymous_12)
FN:60,(anonymous_13)
FN:64,(anonymous_14)
FN:69,(anonymous_15)
FNF:7
FNH:3
FNDA:5,(anonymous_9)
FNDA:5,(anonymous_10)
FNDA:0,(anonymous_11)
FNDA:0,(anonymous_12)
FNDA:4,(anonymous_13)
FNDA:0,(anonymous_14)
FNDA:0,(anonymous_15)
DA:1,1
DA:2,1
DA:17,1
DA:29,5
DA:30,5
DA:31,5
DA:32,5
DA:33,5
DA:34,5
DA:37,5
DA:38,5
DA:40,4
DA:42,0
DA:43,0
DA:44,0
DA:45,0
DA:46,0
DA:56,4
DA:57,4
DA:60,4
DA:64,5
DA:65,0
DA:66,0
DA:69,5
DA:70,0
DA:71,0
DA:74,5
DA:147,1
LF:28
LH:19
BRDA:20,0,0,5
BRDA:27,1,0,4
BRDA:34,2,0,1
BRDA:34,2,1,4
BRDA:34,3,0,4
BRDA:34,3,1,4
BRDA:38,4,0,1
BRDA:38,4,1,4
BRDA:38,5,0,5
BRDA:38,5,1,4
BRDA:43,6,0,0
BRDA:43,6,1,0
BRDA:56,7,0,4
BRDA:56,7,1,0
BRDA:66,8,0,0
BRDA:66,8,1,0
BRDA:66,9,0,0
BRDA:66,9,1,0
BRDA:71,10,0,0
BRDA:71,10,1,0
BRDA:71,11,0,0
BRDA:71,11,1,0
BRDA:77,12,0,5
BRDA:77,12,1,0
BRDA:77,12,2,5
BRDA:77,12,3,5
BRDA:77,12,4,0
BRDA:80,13,0,0
BRDA:80,13,1,0
BRDA:83,14,0,0
BRDA:83,14,1,0
BRDA:91,15,0,5
BRDA:91,15,1,5
BRDA:91,15,2,4
BRDA:91,15,3,4
BRDA:116,16,0,1
BRDA:116,16,1,4
BRDA:120,17,0,1
BRDA:120,17,1,4
BRDA:123,18,0,0
BRDA:123,18,1,5
BRDA:128,19,0,0
BRDA:128,19,1,5
BRDA:128,20,0,5
BRDA:128,20,1,0
BRDA:133,21,0,5
BRDA:133,21,1,0
BRF:47
BRH:26
end_of_record
TN:
SF:src/components/Logo.tsx
FN:7,(anonymous_9)
FNF:1
FNH:1
FNDA:19,(anonymous_9)
DA:1,1
DA:7,1
DA:8,19
DA:21,1
LF:4
LH:4
BRDA:7,0,0,19
BRF:1
BRH:1
end_of_record
TN:
SF:src/components/MessageBubble.tsx
FN:9,(anonymous_1)
FNF:1
FNH:1
FNDA:302,(anonymous_1)
DA:1,1
DA:2,1
DA:9,1
DA:10,302
DA:12,302
DA:34,1
LF:6
LH:6
BRDA:9,0,0,0
BRDA:13,1,0,38
BRDA:13,1,1,264
BRDA:16,2,0,38
BRDA:16,2,1,264
BRDA:22,3,0,302
BRDA:22,3,1,14
BRDA:22,3,2,14
BRF:8
BRH:7
end_of_record
TN:
SF:src/components/MobileMenu.tsx
FN:16,(anonymous_1)
FN:47,(anonymous_2)
FN:48,(anonymous_3)
FN:49,(anonymous_4)
FNF:4
FNH:1
FNDA:24,(anonymous_1)
FNDA:0,(anonymous_2)
FNDA:0,(anonymous_3)
FNDA:0,(anonymous_4)
DA:1,1
DA:2,1
DA:3,1
DA:4,1
DA:5,1
DA:16,1
DA:24,24
DA:29,24
DA:34,24
DA:36,1
DA:47,0
DA:48,0
DA:49,0
DA:66,1
LF:14
LH:11
BRDA:34,0,0,23
BRDA:34,0,1,1
BRF:2
BRH:2
end_of_record
TN:
SF:src/components/ParentDashboard.tsx
FN:21,(anonymous_9)
FN:23,(anonymous_10)
FN:27,(anonymous_11)
FN:29,(anonymous_12)
FN:35,(anonymous_13)
FN:38,(anonymous_14)
FN:42,(anonymous_15)
FN:50,(anonymous_16)
FN:60,(anonymous_17)
FN:79,(anonymous_18)
FN:110,(anonymous_19)
FN:113,(anonymous_20)
FN:187,(anonymous_21)
FN:210,(anonymous_22)
FN:231,(anonymous_23)
FN:282,(anonymous_24)
FN:292,(anonymous_25)
FN:299,(anonymous_26)
FN:358,(anonymous_27)
FN:385,(anonymous_28)
FN:416,(anonymous_29)
FNF:21
FNH:19
FNDA:22,(anonymous_9)
FNDA:22,(anonymous_10)
FNDA:15,(anonymous_11)
FNDA:0,(anonymous_12)
FNDA:15,(anonymous_13)
FNDA:1,(anonymous_14)
FNDA:23,(anonymous_15)
FNDA:3,(anonymous_16)
FNDA:16,(anonymous_17)
FNDA:66,(anonymous_18)
FNDA:110,(anonymous_19)
FNDA:7,(anonymous_20)
FNDA:0,(anonymous_21)
FNDA:15,(anonymous_22)
FNDA:1,(anonymous_23)
FNDA:3,(anonymous_24)
FNDA:3,(anonymous_25)
FNDA:3,(anonymous_26)
FNDA:1,(anonymous_27)
FNDA:2,(anonymous_28)
FNDA:2,(anonymous_29)
DA:1,1
DA:2,1
DA:21,1
DA:22,22
DA:23,22
DA:24,22
DA:25,22
DA:27,22
DA:29,15
DA:30,0
DA:31,0
DA:32,0
DA:35,15
DA:38,22
DA:39,1
DA:42,22
DA:43,23
DA:50,22
DA:51,3
DA:52,3
DA:53,0
DA:54,0
DA:55,0
DA:56,0
DA:60,22
DA:61,16
DA:62,0
DA:63,0
DA:64,16
DA:65,0
DA:66,0
DA:70,22
DA:79,66
DA:111,110
DA:113,7
DA:188,0
DA:211,15
DA:232,1
DA:282,3
DA:292,3
DA:300,3
DA:359,1
DA:386,2
DA:417,2
DA:468,1
LF:45
LH:33
BRDA:51,0,0,3
BRDA:51,0,1,0
BRDA:51,0,2,0
BRDA:51,0,3,0
BRDA:51,0,4,0
BRDA:61,1,0,0
BRDA:61,1,1,0
BRDA:61,1,2,16
BRDA:61,1,3,0
BRDA:61,1,4,0
BRDA:108,2,0,22
BRDA:108,2,1,0
BRDA:115,3,0,22
BRDA:115,3,1,88
BRDA:128,4,0,22
BRDA:128,4,1,15
BRDA:195,5,0,0
BRDA:195,5,1,0
BRDA:195,6,0,0
BRDA:195,6,1,0
BRDA:227,7,0,22
BRDA:227,7,1,1
BRDA:235,8,0,1
BRDA:235,8,1,0
BRDA:257,9,0,1
BRDA:257,9,1,0
BRDA:259,10,0,1
BRDA:259,10,1,0
BRDA:259,11,0,0
BRDA:259,11,1,0
BRDA:269,12,0,22
BRDA:269,12,1,3
BRDA:282,13,0,3
BRDA:282,13,1,3
BRDA:310,14,0,3
BRDA:310,14,1,0
BRDA:311,15,0,0
BRDA:311,15,1,0
BRDA:312,16,0,0
BRDA:312,16,1,0
BRDA:318,17,0,3
BRDA:318,17,1,0
BRDA:325,18,0,3
BRDA:325,18,1,0
BRDA:333,19,0,0
BRDA:333,19,1,0
BRDA:339,20,0,0
BRDA:339,20,1,0
BRDA:354,21,0,22
BRDA:354,21,1,1
BRDA:360,22,0,1
BRDA:360,22,1,0
BRDA:381,23,0,22
BRDA:381,23,1,2
BRDA:423,24,0,2
BRDA:423,24,1,2
BRDA:429,25,0,2
BRDA:429,25,1,2
BRDA:435,26,0,2
BRDA:435,26,1,2
BRDA:451,27,0,2
BRDA:451,27,1,2
BRF:62
BRH:32
end_of_record
TN:
SF:src/components/StudentSupport.tsx
FN:11,(anonymous_9)
FN:26,(anonymous_10)
FN:30,(anonymous_11)
FN:33,(anonymous_12)
FN:44,(anonymous_13)
FN:70,(anonymous_14)
FN:72,(anonymous_15)
FN:75,(anonymous_16)
FN:85,(anonymous_17)
FN:95,(anonymous_18)
FN:121,(anonymous_19)
FN:124,(anonymous_20)
FN:146,(anonymous_21)
FN:152,(anonymous_22)
FN:172,(anonymous_23)
FN:191,(anonymous_24)
FN:197,(anonymous_25)
FN:211,(anonymous_26)
FN:226,(anonymous_27)
FN:265,(anonymous_28)
FN:271,(anonymous_29)
FN:286,(anonymous_30)
FN:406,(anonymous_31)
FN:421,(anonymous_32)
FN:432,(anonymous_33)
FN:442,(anonymous_34)
FN:453,(anonymous_35)
FN:466,(anonymous_36)
FNF:28
FNH:22
FNDA:39,(anonymous_9)
FNDA:11,(anonymous_10)
FNDA:11,(anonymous_11)
FNDA:8,(anonymous_12)
FNDA:2,(anonymous_13)
FNDA:28,(anonymous_14)
FNDA:0,(anonymous_15)
FNDA:16,(anonymous_16)
FNDA:2,(anonymous_17)
FNDA:30,(anonymous_18)
FNDA:156,(anonymous_19)
FNDA:8,(anonymous_20)
FNDA:14,(anonymous_21)
FNDA:14,(anonymous_22)
FNDA:14,(anonymous_23)
FNDA:4,(anonymous_24)
FNDA:0,(anonymous_25)
FNDA:0,(anonymous_26)
FNDA:2,(anonymous_27)
FNDA:1,(anonymous_28)
FNDA:4,(anonymous_29)
FNDA:8,(anonymous_30)
FNDA:0,(anonymous_31)
FNDA:0,(anonymous_32)
FNDA:1,(anonymous_33)
FNDA:1,(anonymous_34)
FNDA:0,(anonymous_35)
FNDA:1,(anonymous_36)
DA:4,1
DA:5,1
DA:11,1
DA:12,39
DA:13,39
DA:14,39
DA:15,39
DA:16,39
DA:23,39
DA:24,39
DA:26,39
DA:27,11
DA:30,39
DA:32,11
DA:33,11
DA:36,11
DA:37,11
DA:40,11
DA:41,11
DA:44,39
DA:45,2
DA:46,1
DA:47,1
DA:50,1
DA:59,1
DA:60,1
DA:67,1
DA:70,39
DA:71,28
DA:72,0
DA:75,39
DA:76,16
DA:77,16
DA:78,0
DA:79,0
DA:80,0
DA:81,0
DA:85,39
DA:86,2
DA:87,0
DA:88,2
DA:89,0
DA:90,0
DA:91,0
DA:95,39
DA:96,30
DA:97,30
DA:98,0
DA:99,0
DA:100,0
DA:104,39
DA:122,156
DA:124,8
DA:146,14
DA:152,14
DA:173,14
DA:191,4
DA:197,0
DA:211,0
DA:227,2
DA:265,1
DA:272,4
DA:287,8
DA:406,0
DA:421,0
DA:432,1
DA:442,1
DA:453,0
DA:466,1
DA:485,1
LF:70
LH:53
BRDA:41,0,0,11
BRDA:41,0,1,0
BRDA:45,1,0,1
BRDA:45,1,1,1
BRDA:45,2,0,2
BRDA:45,2,1,1
BRDA:53,3,0,1
BRDA:53,3,1,1
BRDA:71,4,0,28
BRDA:71,4,1,0
BRDA:76,5,0,16
BRDA:76,5,1,0
BRDA:76,5,2,0
BRDA:76,5,3,0
BRDA:76,5,4,0
BRDA:86,6,0,0
BRDA:86,6,1,2
BRDA:86,6,2,0
BRDA:86,6,3,0
BRDA:86,6,4,0
BRDA:96,7,0,30
BRDA:96,7,1,0
BRDA:96,7,2,0
BRDA:96,7,3,0
BRDA:126,8,0,39
BRDA:126,8,1,117
BRDA:140,9,0,39
BRDA:140,9,1,30
BRDA:161,10,0,30
BRDA:161,10,1,11
BRDA:161,11,0,11
BRDA:161,11,1,19
BRDA:161,12,0,30
BRDA:161,12,1,19
BRDA:162,13,0,30
BRDA:162,13,1,11
BRDA:162,14,0,11
BRDA:162,14,1,19
BRDA:162,15,0,30
BRDA:162,15,1,19
BRDA:206,16,0,39
BRDA:206,16,1,3
BRDA:218,17,0,1
BRDA:218,17,1,2
BRDA:244,18,0,2
BRDA:244,18,1,0
BRDA:257,19,0,39
BRDA:257,19,1,4
BRDA:275,20,0,4
BRDA:275,20,1,0
BRDA:276,21,0,0
BRDA:276,21,1,0
BRDA:277,22,0,0
BRDA:277,22,1,0
BRDA:292,23,0,4
BRDA:292,23,1,0
BRDA:308,24,0,39
BRDA:308,24,1,2
BRDA:312,25,0,2
BRDA:312,25,1,0
BRDA:325,26,0,2
BRDA:325,26,1,0
BRDA:326,27,0,0
BRDA:326,27,1,0
BRDA:328,28,0,2
BRDA:328,28,1,0
BRDA:329,29,0,0
BRDA:329,29,1,0
BRDA:368,30,0,2
BRDA:368,30,1,0
BRDA:369,31,0,0
BRDA:369,31,1,0
BRDA:373,32,0,2
BRDA:373,32,1,0
BRDA:374,33,0,0
BRDA:374,33,1,0
BRDA:396,34,0,39
BRDA:396,34,1,6
BRF:78
BRH:45
end_of_record
TN:
SF:src/components/icons/BuildingLibraryIcon.tsx
FN:3,(anonymous_1)
FNF:1
FNH:0
FNDA:0,(anonymous_1)
DA:1,1
DA:3,1
DA:4,0
DA:16,1
LF:4
LH:3
BRF:0
BRH:0
end_of_record
TN:
SF:src/components/icons/ClipboardDocumentCheckIcon.tsx
FN:3,(anonymous_1)
FNF:1
FNH:0
FNDA:0,(anonymous_1)
DA:1,1
DA:3,1
DA:4,0
DA:17,1
LF:4
LH:3
BRF:0
BRH:0
end_of_record
TN:
SF:src/components/icons/DocumentTextIcon.tsx
FN:3,(anonymous_1)
FNF:1
FNH:0
FNDA:0,(anonymous_1)
DA:1,1
DA:3,1
DA:4,0
DA:16,1
LF:4
LH:3
BRF:0
BRH:0
end_of_record
TN:
SF:src/components/icons/UsersIcon.tsx
FN:3,(anonymous_1)
FNF:1
FNH:0
FNDA:0,(anonymous_1)
DA:1,1
DA:3,1
DA:4,0
DA:16,1
LF:4
LH:3
BRF:0
BRH:0
end_of_record
TN:
SF:src/data/featuredPrograms.ts
FNF:0
FNH:0
DA:3,1
LF:1
LH:1
BRF:0
BRH:0
end_of_record
TN:
SF:src/data/latestNews.ts
FNF:0
FNH:0
DA:3,1
LF:1
LH:1
BRF:0
BRH:0
end_of_record
TN:
SF:src/data/relatedLinks.tsx
FNF:0
FNH:0
DA:1,1
DA:2,1
DA:3,1
DA:4,1
DA:5,1
DA:14,1
LF:6
LH:6
BRF:0
BRH:0
end_of_record
TN:
SF:src/hooks/useChatLogic.ts
FN:6,(anonymous_7)
FN:13,(anonymous_8)
FN:21,(anonymous_9)
FN:29,(anonymous_10)
FN:35,(anonymous_11)
FN:43,(anonymous_12)
FN:44,(anonymous_13)
FN:51,(anonymous_14)
FN:52,(anonymous_15)
FN:60,(anonymous_16)
FNF:10
FNH:10
FNDA:250,(anonymous_7)
FNDA:62,(anonymous_8)
FNDA:15,(anonymous_9)
FNDA:15,(anonymous_10)
FNDA:15,(anonymous_11)
FNDA:24,(anonymous_12)
FNDA:74,(anonymous_13)
FNDA:2,(anonymous_14)
FNDA:6,(anonymous_15)
FNDA:13,(anonymous_16)
DA:1,1
DA:3,1
DA:4,1
DA:6,1
DA:7,250
DA:8,250
DA:9,250
DA:10,250
DA:13,250
DA:14,62
DA:15,23
DA:21,250
DA:22,15
DA:23,15
DA:25,15
DA:26,15
DA:29,15
DA:30,15
DA:31,15
DA:34,15
DA:35,15
DA:37,15
DA:38,15
DA:40,15
DA:41,64
DA:42,25
DA:43,25
DA:44,24
DA:45,74
DA:50,2
DA:51,2
DA:52,2
DA:53,6
DA:56,2
DA:58,15
DA:60,15
DA:67,250
LF:37
LH:37
BRDA:14,0,0,23
BRDA:14,0,1,39
BRDA:14,1,0,62
BRDA:14,1,1,61
BRDA:22,2,0,0
BRDA:22,2,1,15
BRDA:22,3,0,15
BRDA:22,3,1,15
BRDA:23,4,0,0
BRDA:23,4,1,15
BRDA:23,5,0,15
BRDA:23,5,1,15
BRDA:45,6,0,24
BRDA:45,6,1,50
BRDA:53,7,0,2
BRDA:53,7,1,4
BRF:16
BRH:14
end_of_record
TN:
SF:src/hooks/useResponsiveMenu.ts
FN:3,(anonymous_0)
FN:6,(anonymous_1)
FN:7,(anonymous_2)
FN:14,(anonymous_3)
FNF:4
FNH:4
FNDA:24,(anonymous_0)
FNDA:19,(anonymous_1)
FNDA:1,(anonymous_2)
FNDA:19,(anonymous_3)
DA:1,1
DA:3,1
DA:4,24
DA:6,24
DA:7,19
DA:8,1
DA:9,1
DA:13,19
DA:14,19
DA:17,24
LF:10
LH:10
BRDA:8,0,0,1
BRDA:8,0,1,0
BRF:2
BRH:1
end_of_record
TN:
SF:src/hooks/useScrollEffect.ts
FN:3,(anonymous_0)
FN:6,(anonymous_1)
FN:7,(anonymous_2)
FN:12,(anonymous_3)
FNF:4
FNH:4
FNDA:24,(anonymous_0)
FNDA:19,(anonymous_1)
FNDA:1,(anonymous_2)
FNDA:19,(anonymous_3)
DA:1,1
DA:3,1
DA:4,24
DA:6,24
DA:7,19
DA:8,1
DA:11,19
DA:12,19
DA:15,24
LF:9
LH:9
BRDA:3,0,0,24
BRF:1
BRH:1
end_of_record
TN:
SF:src/hooks/useTouchFeedback.ts
FN:10,(anonymous_0)
FN:21,(anonymous_1)
FN:27,(anonymous_2)
FN:36,(anonymous_3)
FN:42,(anonymous_4)
FN:49,(anonymous_5)
FNF:6
FNH:6
FNDA:308,(anonymous_0)
FNDA:10,(anonymous_1)
FNDA:10,(anonymous_2)
FNDA:3,(anonymous_3)
FNDA:10,(anonymous_4)
FNDA:1,(anonymous_5)
DA:1,3
DA:10,3
DA:11,308
DA:12,308
DA:19,308
DA:21,308
DA:22,10
DA:23,9
DA:27,308
DA:28,10
DA:30,9
DA:32,9
DA:33,1
DA:36,9
DA:37,3
DA:38,3
DA:42,308
DA:43,10
DA:45,10
DA:46,10
DA:49,308
DA:50,1
DA:51,1
DA:52,1
DA:56,308
LF:25
LH:25
BRDA:10,0,0,280
BRDA:15,1,0,283
BRDA:16,2,0,283
BRDA:17,3,0,307
BRDA:18,4,0,307
BRDA:22,5,0,9
BRDA:22,5,1,1
BRDA:22,6,0,10
BRDA:22,6,1,9
BRDA:28,7,0,1
BRDA:28,7,1,9
BRDA:32,8,0,1
BRDA:32,8,1,8
BRDA:50,9,0,1
BRDA:50,9,1,0
BRF:15
BRH:14
end_of_record
TN:
SF:src/hooks/useTouchGestures.ts
FN:21,(anonymous_0)
FN:38,(anonymous_1)
FN:44,(anonymous_2)
FN:50,(anonymous_3)
FN:62,(anonymous_4)
FN:69,(anonymous_5)
FN:118,(anonymous_6)
FN:135,(anonymous_7)
FN:144,(anonymous_8)
FNF:9
FNH:2
FNDA:289,(anonymous_0)
FNDA:0,(anonymous_1)
FNDA:0,(anonymous_2)
FNDA:0,(anonymous_3)
FNDA:0,(anonymous_4)
FNDA:0,(anonymous_5)
FNDA:0,(anonymous_6)
FNDA:63,(anonymous_7)
FNDA:0,(anonymous_8)
DA:1,3
DA:21,3
DA:22,289
DA:23,289
DA:24,289
DA:36,289
DA:38,289
DA:39,0
DA:40,0
DA:41,0
DA:44,289
DA:45,0
DA:46,0
DA:47,0
DA:50,289
DA:51,0
DA:52,0
DA:54,0
DA:61,0
DA:62,0
DA:63,0
DA:64,0
DA:69,289
DA:70,0
DA:72,0
DA:73,0
DA:74,0
DA:80,0
DA:81,0
DA:84,0
DA:85,0
DA:86,0
DA:90,0
DA:91,0
DA:92,0
DA:93,0
DA:97,0
DA:98,0
DA:100,0
DA:102,0
DA:103,0
DA:105,0
DA:106,0
DA:108,0
DA:109,0
DA:111,0
DA:115,0
DA:118,289
DA:120,0
DA:121,0
DA:122,0
DA:128,0
DA:129,0
DA:130,0
DA:135,289
DA:136,63
DA:137,63
DA:140,0
DA:141,0
DA:142,0
DA:144,0
DA:145,0
DA:146,0
DA:147,0
DA:149,0
DA:150,0
DA:155,289
LF:67
LH:15
BRDA:33,0,0,288
BRDA:34,1,0,288
BRDA:35,2,0,288
BRDA:61,3,0,0
BRDA:61,3,1,0
BRDA:70,4,0,0
BRDA:70,4,1,0
BRDA:84,5,0,0
BRDA:84,5,1,0
BRDA:90,6,0,0
BRDA:90,6,1,0
BRDA:90,7,0,0
BRDA:90,7,1,0
BRDA:90,7,2,0
BRDA:97,8,0,0
BRDA:97,8,1,0
BRDA:97,9,0,0
BRDA:97,9,1,0
BRDA:100,10,0,0
BRDA:100,10,1,0
BRDA:100,11,0,0
BRDA:100,11,1,0
BRDA:102,12,0,0
BRDA:102,12,1,0
BRDA:102,13,0,0
BRDA:102,13,1,0
BRDA:103,14,0,0
BRDA:103,14,1,0
BRDA:103,15,0,0
BRDA:103,15,1,0
BRDA:105,16,0,0
BRDA:105,16,1,0
BRDA:105,17,0,0
BRDA:105,17,1,0
BRDA:106,18,0,0
BRDA:106,18,1,0
BRDA:106,19,0,0
BRDA:106,19,1,0
BRDA:108,20,0,0
BRDA:108,20,1,0
BRDA:108,21,0,0
BRDA:108,21,1,0
BRDA:109,22,0,0
BRDA:109,22,1,0
BRDA:109,23,0,0
BRDA:109,23,1,0
BRDA:111,24,0,0
BRDA:111,24,1,0
BRDA:111,25,0,0
BRDA:111,25,1,0
BRDA:120,26,0,0
BRDA:120,26,1,0
BRDA:120,27,0,0
BRDA:120,27,1,0
BRDA:128,28,0,0
BRDA:128,28,1,0
BRDA:137,29,0,63
BRDA:137,29,1,0
BRDA:149,30,0,0
BRDA:149,30,1,0
BRF:60
BRH:4
end_of_record
TN:
SF:src/hooks/useWebP.tsx
FN:19,(anonymous_0)
FN:23,(anonymous_1)
FN:34,(anonymous_2)
FN:38,(anonymous_3)
FN:45,(anonymous_4)
FN:63,(anonymous_5)
FNF:6
FNH:5
FNDA:11,(anonymous_0)
FNDA:10,(anonymous_1)
FNDA:3,(anonymous_2)
FNDA:0,(anonymous_3)
FNDA:7,(anonymous_4)
FNDA:11,(anonymous_5)
DA:1,2
DA:2,2
DA:12,2
DA:19,2
DA:20,11
DA:21,11
DA:23,11
DA:25,10
DA:26,7
DA:27,7
DA:31,3
DA:33,3
DA:35,3
DA:36,3
DA:39,0
DA:40,0
DA:41,0
DA:45,11
DA:46,7
DA:49,11
DA:55,11
DA:63,2
DA:64,11
DA:66,11
DA:67,0
DA:70,11
DA:73,2
LF:27
LH:23
BRDA:25,0,0,7
BRDA:25,0,1,3
BRDA:66,1,0,0
BRDA:66,1,1,11
BRF:4
BRH:3
end_of_record
TN:
SF:src/services/errorLoggingService.ts
FN:36,(anonymous_0)
FN:50,(anonymous_1)
FN:54,(anonymous_2)
FN:60,(anonymous_3)
FN:64,(anonymous_4)
FN:68,(anonymous_5)
FN:95,(anonymous_6)
FN:118,(anonymous_7)
FN:138,(anonymous_8)
FN:165,(anonymous_9)
FN:182,(anonymous_10)
FN:202,(anonymous_11)
FN:207,(anonymous_12)
FN:218,(anonymous_13)
FN:227,(anonymous_14)
FN:233,(anonymous_15)
FN:238,(anonymous_16)
FN:243,(anonymous_17)
FN:255,(anonymous_18)
FN:263,(anonymous_19)
FN:275,getErrorLoggingService
FN:289,(anonymous_21)
FN:293,(anonymous_22)
FNF:23
FNH:15
FNDA:1,(anonymous_0)
FNDA:1,(anonymous_1)
FNDA:1,(anonymous_2)
FNDA:12,(anonymous_3)
FNDA:12,(anonymous_4)
FNDA:12,(anonymous_5)
FNDA:12,(anonymous_6)
FNDA:12,(anonymous_7)
FNDA:12,(anonymous_8)
FNDA:12,(anonymous_9)
FNDA:12,(anonymous_10)
FNDA:12,(anonymous_11)
FNDA:23,(anonymous_12)
FNDA:0,(anonymous_13)
FNDA:0,(anonymous_14)
FNDA:0,(anonymous_15)
FNDA:23,(anonymous_16)
FNDA:0,(anonymous_17)
FNDA:0,(anonymous_18)
FNDA:0,(anonymous_19)
FNDA:59,getErrorLoggingService
FNDA:0,(anonymous_21)
FNDA:0,(anonymous_22)
DA:31,1
DA:32,1
DA:33,1
DA:34,1
DA:37,1
DA:46,1
DA:47,1
DA:51,1
DA:55,1
DA:56,0
DA:61,12
DA:65,12
DA:69,12
DA:70,12
DA:73,12
DA:74,12
DA:75,12
DA:76,0
DA:77,0
DA:78,0
DA:79,0
DA:83,12
DA:84,12
DA:85,0
DA:86,12
DA:87,0
DA:88,12
DA:89,0
DA:92,12
DA:100,12
DA:102,12
DA:119,12
DA:121,12
DA:122,12
DA:123,12
DA:125,12
DA:128,12
DA:129,0
DA:132,12
DA:134,0
DA:139,12
DA:141,12
DA:143,12
DA:144,12
DA:145,12
DA:146,12
DA:147,12
DA:148,12
DA:150,12
DA:151,12
DA:154,12
DA:155,12
DA:158,12
DA:159,12
DA:162,12
DA:166,12
DA:168,0
DA:169,0
DA:177,0
DA:187,12
DA:189,12
DA:192,12
DA:195,12
DA:198,12
DA:203,12
DA:208,23
DA:209,23
DA:210,23
DA:212,0
DA:213,0
DA:219,0
DA:220,0
DA:222,0
DA:228,0
DA:229,0
DA:234,0
DA:239,23
DA:249,0
DA:251,0
DA:256,0
DA:257,0
DA:258,0
DA:259,0
DA:263,0
DA:264,0
DA:265,0
DA:268,0
DA:273,1
DA:275,1
DA:276,59
DA:277,1
DA:278,58
DA:279,0
DA:282,59
DA:286,1
DA:289,1
DA:290,0
DA:293,1
DA:294,0
LF:99
LH:65
BRDA:36,0,0,1
BRDA:55,1,0,0
BRDA:55,1,1,1
BRDA:61,2,0,12
BRDA:61,2,1,0
BRDA:70,3,0,12
BRDA:70,3,1,0
BRDA:70,4,0,0
BRDA:70,4,1,12
BRDA:70,5,0,12
BRDA:70,5,1,12
BRDA:74,6,0,12
BRDA:74,6,1,0
BRDA:76,7,0,0
BRDA:76,7,1,0
BRDA:76,8,0,0
BRDA:76,8,1,0
BRDA:78,9,0,0
BRDA:78,9,1,0
BRDA:78,10,0,0
BRDA:78,10,1,0
BRDA:84,11,0,0
BRDA:84,11,1,12
BRDA:84,12,0,12
BRDA:84,12,1,12
BRDA:86,13,0,0
BRDA:86,13,1,12
BRDA:86,14,0,12
BRDA:86,14,1,12
BRDA:88,15,0,0
BRDA:88,15,1,12
BRDA:88,16,0,12
BRDA:88,16,1,12
BRDA:119,17,0,0
BRDA:119,17,1,12
BRDA:123,18,0,11
BRDA:123,18,1,1
BRDA:128,19,0,0
BRDA:128,19,1,12
BRDA:128,20,0,12
BRDA:128,20,1,0
BRDA:129,21,0,0
BRDA:129,21,1,0
BRDA:139,22,0,0
BRDA:139,22,1,12
BRDA:141,23,0,0
BRDA:141,23,1,12
BRDA:141,24,0,12
BRDA:141,24,1,12
BRDA:150,25,0,12
BRDA:150,25,1,0
BRDA:154,26,0,12
BRDA:154,26,1,0
BRDA:158,27,0,12
BRDA:158,27,1,0
BRDA:166,28,0,12
BRDA:166,28,1,0
BRDA:166,29,0,12
BRDA:166,29,1,0
BRDA:187,30,0,0
BRDA:187,30,1,12
BRDA:210,31,0,23
BRDA:210,31,1,0
BRDA:264,32,0,0
BRDA:264,32,1,0
BRDA:265,33,0,0
BRDA:265,33,1,0
BRDA:276,34,0,1
BRDA:276,34,1,58
BRDA:278,35,0,0
BRDA:278,35,1,58
BRF:71
BRH:36
end_of_record
TN:
SF:src/services/geminiService.ts
FN:19,getAIResponseStream
FN:41,(anonymous_22)
FN:63,(anonymous_23)
FN:126,getConversationHistory
FN:138,clearConversationHistory
FN:160,getMemoryStats
FNF:6
FNH:4
FNDA:7,getAIResponseStream
FNDA:0,(anonymous_22)
FNDA:0,(anonymous_23)
FNDA:3,getConversationHistory
FNDA:2,clearConversationHistory
FNDA:2,getMemoryStats
DA:2,1
DA:3,1
DA:4,1
DA:7,1
DA:9,1
DA:12,1
DA:19,1
DA:20,7
DA:21,7
DA:23,7
DA:28,6
DA:29,6
DA:30,5
DA:37,7
DA:38,7
DA:39,7
DA:40,7
DA:41,0
DA:44,0
DA:48,7
DA:50,7
DA:51,0
DA:52,7
DA:53,3
DA:54,4
DA:55,0
DA:59,7
DA:62,7
DA:63,0
DA:67,7
DA:69,7
DA:71,7
DA:79,20
DA:80,7
DA:81,7
DA:85,6
DA:86,6
DA:99,0
DA:103,1
DA:106,1
DA:107,1
DA:118,0
DA:126,1
DA:127,3
DA:128,3
DA:133,1
DA:134,1
DA:138,1
DA:139,2
DA:140,2
DA:145,1
DA:146,0
DA:149,1
DA:150,2
DA:153,1
DA:155,1
DA:156,1
DA:160,1
DA:161,2
DA:162,2
DA:164,1
DA:165,1
DA:169,1
LF:63
LH:55
BRDA:28,0,0,6
BRDA:28,0,1,0
BRDA:40,1,0,0
BRDA:40,1,1,7
BRDA:50,2,0,0
BRDA:50,2,1,7
BRDA:50,3,0,7
BRDA:50,3,1,3
BRDA:52,4,0,3
BRDA:52,4,1,4
BRDA:54,5,0,0
BRDA:54,5,1,4
BRDA:108,6,0,1
BRDA:108,6,1,0
BRDA:113,7,0,1
BRDA:113,7,1,0
BRDA:126,8,0,2
BRDA:145,9,0,0
BRDA:145,9,1,1
BRDA:145,10,0,1
BRDA:145,10,1,1
BRF:21
BRH:14
end_of_record
TN:
SF:src/services/sentryService.ts
FN:16,(anonymous_9)
FN:32,initSentry
FN:51,(anonymous_11)
FN:71,setUserContext
FN:80,clearUserContext
FN:85,setExtraContext
FN:90,setTag
FN:95,captureError
FN:104,captureMessage
FN:109,captureErrorBoundary
FN:110,(anonymous_19)
FNF:11
FNH:2
FNDA:0,(anonymous_9)
FNDA:0,initSentry
FNDA:0,(anonymous_11)
FNDA:0,setUserContext
FNDA:0,clearUserContext
FNDA:0,setExtraContext
FNDA:0,setTag
FNDA:0,captureError
FNDA:0,captureMessage
FNDA:12,captureErrorBoundary
FNDA:12,(anonymous_19)
DA:1,1
DA:2,1
DA:5,1
DA:16,1
DA:32,1
DA:34,0
DA:35,0
DA:36,0
DA:39,0
DA:40,0
DA:45,0
DA:53,0
DA:54,0
DA:56,0
DA:63,0
DA:67,0
DA:71,1
DA:72,0
DA:80,1
DA:81,0
DA:85,1
DA:86,0
DA:90,1
DA:91,0
DA:95,1
DA:96,0
DA:104,1
DA:105,0
DA:109,1
DA:110,12
DA:111,12
DA:112,12
DA:114,12
DA:118,1
LF:34
LH:17
BRDA:17,0,0,0
BRDA:17,0,1,0
BRDA:18,1,0,0
BRDA:18,1,1,0
BRDA:19,2,0,0
BRDA:19,2,1,0
BRDA:34,3,0,0
BRDA:34,3,1,0
BRDA:54,4,0,0
BRDA:54,4,1,0
BRDA:54,5,0,0
BRDA:54,5,1,0
BRDA:104,6,0,0
BRDA:111,7,0,12
BRDA:111,7,1,0
BRF:15
BRH:1
end_of_record
TN:
SF:src/services/studentSupportService.ts
FN:87,(anonymous_0)
FN:95,(anonymous_1)
FN:160,(anonymous_2)
FN:258,(anonymous_3)
FN:291,(anonymous_4)
FN:297,(anonymous_5)
FN:302,(anonymous_6)
FN:306,(anonymous_7)
FN:307,(anonymous_8)
FN:316,(anonymous_9)
FN:336,(anonymous_10)
FN:337,(anonymous_11)
FN:347,(anonymous_12)
FN:349,(anonymous_13)
FN:363,(anonymous_14)
FN:369,(anonymous_15)
FN:375,(anonymous_16)
FN:412,(anonymous_17)
FN:418,(anonymous_18)
FN:424,(anonymous_19)
FN:438,(anonymous_20)
FN:441,(anonymous_21)
FN:451,(anonymous_22)
FN:472,(anonymous_23)
FN:473,(anonymous_24)
FN:499,(anonymous_25)
FN:507,(anonymous_26)
FN:531,(anonymous_27)
FN:533,(anonymous_28)
FN:538,(anonymous_29)
FN:544,(anonymous_30)
FN:547,(anonymous_31)
FN:563,(anonymous_32)
FN:569,(anonymous_33)
FN:574,(anonymous_34)
FN:577,(anonymous_35)
FN:582,(anonymous_36)
FN:587,(anonymous_37)
FN:590,(anonymous_38)
FN:594,(anonymous_39)
FN:659,(anonymous_40)
FN:675,(anonymous_41)
FN:677,(anonymous_42)
FN:691,(anonymous_43)
FN:697,(anonymous_44)
FN:698,(anonymous_45)
FN:699,(anonymous_46)
FN:702,(anonymous_47)
FN:708,(anonymous_48)
FN:709,(anonymous_49)
FN:713,(anonymous_50)
FN:723,(anonymous_51)
FN:726,(anonymous_52)
FN:734,(anonymous_53)
FN:754,(anonymous_54)
FN:762,(anonymous_55)
FN:771,(anonymous_56)
FN:774,(anonymous_57)
FN:779,(anonymous_58)
FN:780,(anonymous_59)
FN:785,(anonymous_60)
FN:788,(anonymous_61)
FN:793,(anonymous_62)
FNF:63
FNH:53
FNDA:11,(anonymous_0)
FNDA:11,(anonymous_1)
FNDA:11,(anonymous_2)
FNDA:16,(anonymous_3)
FNDA:51,(anonymous_4)
FNDA:31,(anonymous_5)
FNDA:16,(anonymous_6)
FNDA:37,(anonymous_7)
FNDA:136,(anonymous_8)
FNDA:14,(anonymous_9)
FNDA:14,(anonymous_10)
FNDA:17,(anonymous_11)
FNDA:1,(anonymous_12)
FNDA:1,(anonymous_13)
FNDA:14,(anonymous_14)
FNDA:1,(anonymous_15)
FNDA:13,(anonymous_16)
FNDA:18,(anonymous_17)
FNDA:2,(anonymous_18)
FNDA:13,(anonymous_19)
FNDA:13,(anonymous_20)
FNDA:39,(anonymous_21)
FNDA:39,(anonymous_22)
FNDA:13,(anonymous_23)
FNDA:26,(anonymous_24)
FNDA:14,(anonymous_25)
FNDA:11,(anonymous_26)
FNDA:11,(anonymous_27)
FNDA:0,(anonymous_28)
FNDA:0,(anonymous_29)
FNDA:0,(anonymous_30)
FNDA:0,(anonymous_31)
FNDA:0,(anonymous_32)
FNDA:0,(anonymous_33)
FNDA:0,(anonymous_34)
FNDA:0,(anonymous_35)
FNDA:8,(anonymous_36)
FNDA:6,(anonymous_37)
FNDA:55,(anonymous_38)
FNDA:4,(anonymous_39)
FNDA:3,(anonymous_40)
FNDA:1,(anonymous_41)
FNDA:6,(anonymous_42)
FNDA:3,(anonymous_43)
FNDA:5,(anonymous_44)
FNDA:5,(anonymous_45)
FNDA:5,(anonymous_46)
FNDA:3,(anonymous_47)
FNDA:5,(anonymous_48)
FNDA:7,(anonymous_49)
FNDA:0,(anonymous_50)
FNDA:3,(anonymous_51)
FNDA:5,(anonymous_52)
FNDA:2,(anonymous_53)
FNDA:2,(anonymous_54)
FNDA:2,(anonymous_55)
FNDA:2,(anonymous_56)
FNDA:2,(anonymous_57)
FNDA:2,(anonymous_58)
FNDA:0,(anonymous_59)
FNDA:2,(anonymous_60)
FNDA:10,(anonymous_61)
FNDA:2,(anonymous_62)
DA:80,1
DA:81,1
DA:82,1
DA:83,1
DA:84,1
DA:88,11
DA:89,11
DA:90,11
DA:91,11
DA:96,11
DA:97,11
DA:99,11
DA:156,11
DA:161,11
DA:162,11
DA:164,11
DA:254,11
DA:266,16
DA:267,16
DA:281,16
DA:282,16
DA:285,16
DA:287,16
DA:292,51
DA:293,51
DA:298,31
DA:303,16
DA:306,16
DA:307,37
DA:308,136
DA:313,16
DA:315,14
DA:316,14
DA:318,14
DA:319,14
DA:320,14
DA:321,14
DA:322,14
DA:325,14
DA:330,16
DA:331,1
DA:337,14
DA:338,17
DA:343,14
DA:348,1
DA:349,1
DA:351,1
DA:352,1
DA:353,1
DA:354,1
DA:355,1
DA:358,1
DA:365,14
DA:371,1
DA:376,13
DA:377,13
DA:395,13
DA:402,13
DA:404,13
DA:405,13
DA:408,13
DA:413,18
DA:414,18
DA:419,2
DA:420,2
DA:425,13
DA:427,13
DA:428,13
DA:429,13
DA:430,13
DA:432,13
DA:433,12
DA:434,1
DA:439,13
DA:441,13
DA:442,39
DA:444,39
DA:445,13
DA:452,39
DA:454,39
DA:456,39
DA:457,13
DA:459,26
DA:460,13
DA:462,13
DA:463,0
DA:465,13
DA:468,13
DA:473,13
DA:474,26
DA:477,13
DA:478,13
DA:480,12
DA:488,12
DA:491,1
DA:492,1
DA:497,13
DA:498,13
DA:499,14
DA:500,13
DA:501,13
DA:502,13
DA:509,11
DA:527,11
DA:533,11
DA:534,0
DA:538,11
DA:539,0
DA:545,0
DA:547,0
DA:548,0
DA:550,0
DA:565,0
DA:570,0
DA:572,0
DA:574,0
DA:575,0
DA:577,0
DA:583,8
DA:584,8
DA:586,8
DA:587,6
DA:590,55
DA:595,4
DA:654,4
DA:655,4
DA:660,3
DA:661,3
DA:668,3
DA:669,3
DA:671,3
DA:676,1
DA:677,6
DA:679,1
DA:680,1
DA:682,1
DA:683,1
DA:684,1
DA:686,1
DA:692,3
DA:693,3
DA:695,3
DA:697,5
DA:698,5
DA:699,5
DA:702,3
DA:709,7
DA:711,5
DA:713,0
DA:714,0
DA:715,0
DA:716,0
DA:719,0
DA:724,3
DA:726,3
DA:727,5
DA:730,3
DA:735,2
DA:736,2
DA:737,2
DA:739,2
DA:742,2
DA:744,1
DA:745,1
DA:747,1
DA:748,1
DA:750,0
DA:751,0
DA:754,2
DA:755,2
DA:758,2
DA:762,2
DA:772,2
DA:774,2
DA:775,2
DA:778,2
DA:779,2
DA:780,0
DA:786,2
DA:788,10
DA:789,2
DA:794,2
DA:796,2
DA:797,0
DA:800,2
DA:801,0
DA:804,2
DA:805,0
DA:808,2
DA:813,1
DA:814,1
DA:817,1
LF:192
LH:168
BRDA:97,0,0,0
BRDA:97,0,1,11
BRDA:162,1,0,0
BRDA:162,1,1,11
BRDA:293,2,0,40
BRDA:293,2,1,11
BRDA:303,3,0,16
BRDA:303,3,1,0
BRDA:306,4,0,0
BRDA:306,4,1,16
BRDA:306,5,0,16
BRDA:306,5,1,16
BRDA:308,6,0,136
BRDA:308,6,1,122
BRDA:313,7,0,14
BRDA:313,7,1,2
BRDA:313,8,0,16
BRDA:313,8,1,14
BRDA:318,9,0,14
BRDA:318,9,1,0
BRDA:330,10,0,1
BRDA:330,10,1,15
BRDA:330,11,0,16
BRDA:330,11,1,14
BRDA:338,12,0,17
BRDA:338,12,1,16
BRDA:338,12,2,15
BRDA:351,13,0,1
BRDA:351,13,1,0
BRDA:377,14,0,13
BRDA:377,14,1,12
BRDA:414,15,0,7
BRDA:414,15,1,11
BRDA:420,16,0,2
BRDA:420,16,1,0
BRDA:427,17,0,12
BRDA:427,17,1,1
BRDA:428,18,0,1
BRDA:428,18,1,12
BRDA:429,19,0,1
BRDA:429,19,1,12
BRDA:430,20,0,0
BRDA:430,20,1,13
BRDA:432,21,0,1
BRDA:432,21,1,12
BRDA:433,22,0,11
BRDA:433,22,1,1
BRDA:439,23,0,13
BRDA:439,23,1,0
BRDA:442,24,0,0
BRDA:442,24,1,39
BRDA:444,25,0,13
BRDA:444,25,1,26
BRDA:454,26,0,39
BRDA:456,27,0,13
BRDA:456,27,1,26
BRDA:459,28,0,13
BRDA:459,28,1,13
BRDA:462,29,0,0
BRDA:462,29,1,13
BRDA:474,30,0,13
BRDA:474,30,1,12
BRDA:474,30,2,1
BRDA:482,31,0,12
BRDA:482,31,1,0
BRDA:486,32,0,12
BRDA:486,32,1,0
BRDA:498,33,0,13
BRDA:498,33,1,0
BRDA:500,34,0,13
BRDA:500,34,1,0
BRDA:548,35,0,0
BRDA:548,35,1,0
BRDA:572,36,0,0
BRDA:572,36,1,0
BRDA:575,37,0,0
BRDA:575,37,1,0
BRDA:575,37,2,0
BRDA:584,38,0,4
BRDA:584,38,1,4
BRDA:586,39,0,1
BRDA:586,39,1,7
BRDA:590,40,0,55
BRDA:590,40,1,0
BRDA:590,41,0,55
BRDA:590,41,1,2
BRDA:679,42,0,1
BRDA:679,42,1,0
BRDA:680,43,0,1
BRDA:680,43,1,1
BRDA:682,44,0,1
BRDA:682,44,1,1
BRDA:683,45,0,1
BRDA:683,45,1,0
BRDA:711,46,0,5
BRDA:711,46,1,0
BRDA:727,47,0,5
BRDA:727,47,1,4
BRDA:742,48,0,1
BRDA:742,48,1,1
BRDA:742,48,2,0
BRDA:775,49,0,2
BRDA:775,49,1,2
BRDA:786,50,0,0
BRDA:786,50,1,2
BRDA:796,51,0,0
BRDA:796,51,1,2
BRDA:800,52,0,0
BRDA:800,52,1,2
BRDA:804,53,0,0
BRDA:804,53,1,2
BRDA:813,54,0,1
BRDA:813,54,1,0
BRF:113
BRH:81
end_of_record
TN:
SF:src/utils/webpDetection.ts
FN:11,(anonymous_0)
FN:12,(anonymous_1)
FN:26,(anonymous_2)
FN:52,(anonymous_3)
FN:60,(anonymous_4)
FN:70,(anonymous_5)
FN:100,(anonymous_6)
FN:124,(anonymous_7)
FNF:8
FNH:7
FNDA:3,(anonymous_0)
FNDA:3,(anonymous_1)
FNDA:3,(anonymous_2)
FNDA:3,(anonymous_3)
FNDA:18,(anonymous_4)
FNDA:7,(anonymous_5)
FNDA:0,(anonymous_6)
FNDA:1,(anonymous_7)
DA:4,2
DA:5,2
DA:11,2
DA:12,3
DA:14,3
DA:15,0
DA:16,0
DA:20,3
DA:21,0
DA:22,0
DA:26,3
DA:27,3
DA:28,3
DA:29,3
DA:32,3
DA:33,3
DA:34,2
DA:35,2
DA:36,2
DA:39,1
DA:40,1
DA:44,3
DA:52,2
DA:53,3
DA:60,2
DA:61,18
DA:70,2
DA:72,7
DA:73,0
DA:76,7
DA:79,7
DA:80,3
DA:84,4
DA:85,0
DA:89,4
DA:90,3
DA:93,1
DA:100,2
DA:101,0
DA:104,0
DA:105,0
DA:109,0
DA:110,0
DA:114,0
DA:115,0
DA:118,0
DA:124,2
DA:125,1
DA:126,1
DA:129,2
LF:50
LH:36
BRDA:14,0,0,0
BRDA:14,0,1,3
BRDA:20,1,0,0
BRDA:20,1,1,3
BRDA:70,2,0,0
BRDA:72,3,0,0
BRDA:72,3,1,7
BRDA:73,4,0,0
BRDA:73,4,1,0
BRDA:79,5,0,3
BRDA:79,5,1,4
BRDA:79,6,0,7
BRDA:79,6,1,5
BRDA:79,6,2,4
BRDA:84,7,0,0
BRDA:84,7,1,4
BRDA:84,8,0,4
BRDA:84,8,1,0
BRDA:89,9,0,3
BRDA:89,9,1,1
BRDA:104,10,0,0
BRDA:104,10,1,0
BRDA:109,11,0,0
BRDA:109,11,1,0
BRDA:109,12,0,0
BRDA:109,12,1,0
BRDA:114,13,0,0
BRDA:114,13,1,0
BRF:28
BRH:12
end_of_record
