TN:
SF:src/App.tsx
FN:20,(anonymous_10)
FN:20,(anonymous_11)
FN:21,(anonymous_12)
FN:21,(anonymous_13)
FN:22,(anonymous_14)
FN:22,(anonymous_15)
FN:24,(anonymous_16)
FN:26,(anonymous_17)
FN:73,(anonymous_18)
FN:77,(anonymous_19)
FN:82,(anonymous_20)
FN:86,(anonymous_21)
FN:101,(anonymous_22)
FN:108,(anonymous_23)
FN:117,(anonymous_24)
FN:118,(anonymous_25)
FN:119,(anonymous_26)
FNF:17
FNH:0
FNDA:0,(anonymous_10)
FNDA:0,(anonymous_11)
FNDA:0,(anonymous_12)
FNDA:0,(anonymous_13)
FNDA:0,(anonymous_14)
FNDA:0,(anonymous_15)
FNDA:0,(anonymous_16)
FNDA:0,(anonymous_17)
FNDA:0,(anonymous_18)
FNDA:0,(anonymous_19)
FNDA:0,(anonymous_20)
FNDA:0,(anonymous_21)
FNDA:0,(anonymous_22)
FNDA:0,(anonymous_23)
FNDA:0,(anonymous_24)
FNDA:0,(anonymous_25)
FNDA:0,(anonymous_26)
DA:1,0
DA:2,0
DA:3,0
DA:4,0
DA:5,0
DA:7,0
DA:8,0
DA:9,0
DA:10,0
DA:11,0
DA:12,0
DA:13,0
DA:14,0
DA:15,0
DA:16,0
DA:17,0
DA:20,0
DA:21,0
DA:22,0
DA:24,0
DA:26,0
DA:27,0
DA:30,0
DA:33,0
DA:36,0
DA:37,0
DA:38,0
DA:41,0
DA:44,0
DA:45,0
DA:47,0
DA:74,0
DA:75,0
DA:78,0
DA:79,0
DA:83,0
DA:84,0
DA:87,0
DA:88,0
DA:89,0
DA:90,0
DA:102,0
DA:103,0
DA:109,0
DA:110,0
DA:117,0
DA:118,0
DA:120,0
DA:121,0
DA:134,0
LF:50
LH:0
BRDA:52,0,0,0
BRDA:52,0,1,0
BRDA:52,1,0,0
BRDA:52,1,1,0
BRDA:54,2,0,0
BRDA:54,2,1,0
BRDA:54,3,0,0
BRDA:54,3,1,0
BRDA:56,4,0,0
BRDA:56,4,1,0
BRDA:87,5,0,0
BRDA:87,5,1,0
BRDA:87,6,0,0
BRDA:87,6,1,0
BRF:14
BRH:0
end_of_record
TN:
SF:src/index.tsx
FNF:0
FNH:0
DA:2,0
DA:3,0
DA:4,0
DA:5,0
DA:7,0
DA:8,0
DA:9,0
DA:12,0
DA:13,0
LF:9
LH:0
BRDA:8,0,0,0
BRDA:8,0,1,0
BRF:2
BRH:0
end_of_record
TN:
SF:src/types.ts
FN:1,(anonymous_0)
FNF:1
FNH:1
FNDA:2,(anonymous_0)
DA:1,2
DA:2,2
DA:3,2
LF:3
LH:3
BRDA:1,0,0,2
BRDA:1,0,1,2
BRF:2
BRH:2
end_of_record
TN:
SF:src/components/AnnouncementsTab.tsx
FN:9,(anonymous_1)
FN:12,(anonymous_2)
FNF:2
FNH:0
FNDA:0,(anonymous_1)
FNDA:0,(anonymous_2)
DA:1,0
DA:9,0
DA:10,0
DA:13,0
DA:51,0
LF:5
LH:0
BRDA:13,0,0,0
BRDA:13,0,1,0
BRDA:19,1,0,0
BRDA:19,1,1,0
BRDA:26,2,0,0
BRDA:26,2,1,0
BRDA:27,3,0,0
BRDA:27,3,1,0
BRDA:28,4,0,0
BRDA:28,4,1,0
BRDA:34,5,0,0
BRDA:34,5,1,0
BRDA:35,6,0,0
BRDA:35,6,1,0
BRF:14
BRH:0
end_of_record
TN:
SF:src/components/AssignmentSubmission.tsx
FN:14,(anonymous_9)
FN:25,(anonymous_10)
FN:51,(anonymous_11)
FN:61,(anonymous_12)
FN:71,(anonymous_13)
FN:96,(anonymous_14)
FN:104,(anonymous_15)
FN:202,(anonymous_16)
FN:220,(anonymous_17)
FN:236,(anonymous_18)
FN:260,(anonymous_19)
FNF:11
FNH:7
FNDA:29,(anonymous_9)
FNDA:4,(anonymous_10)
FNDA:0,(anonymous_11)
FNDA:4,(anonymous_12)
FNDA:3,(anonymous_13)
FNDA:2,(anonymous_14)
FNDA:2,(anonymous_15)
FNDA:0,(anonymous_16)
FNDA:0,(anonymous_17)
FNDA:0,(anonymous_18)
FNDA:5,(anonymous_19)
DA:1,1
DA:2,1
DA:14,1
DA:19,29
DA:20,29
DA:21,29
DA:22,29
DA:23,29
DA:25,29
DA:27,4
DA:37,4
DA:38,1
DA:39,1
DA:43,3
DA:44,1
DA:45,1
DA:48,2
DA:51,29
DA:52,0
DA:53,0
DA:54,0
DA:55,0
DA:56,0
DA:57,0
DA:61,29
DA:62,4
DA:63,4
DA:64,4
DA:66,4
DA:67,4
DA:71,29
DA:72,3
DA:73,0
DA:74,0
DA:77,3
DA:79,3
DA:80,3
DA:87,1
DA:89,1
DA:90,1
DA:92,2
DA:96,29
DA:97,2
DA:98,2
DA:99,2
DA:100,2
DA:101,2
DA:104,29
DA:105,2
DA:106,2
DA:107,2
DA:108,0
DA:109,0
DA:110,0
DA:111,0
DA:115,29
DA:203,0
DA:204,0
DA:220,0
DA:236,0
DA:260,5
DA:322,1
LF:62
LH:46
BRDA:37,0,0,1
BRDA:37,0,1,3
BRDA:43,1,0,1
BRDA:43,1,1,2
BRDA:54,2,0,0
BRDA:54,2,1,0
BRDA:54,3,0,0
BRDA:54,3,1,0
BRDA:56,4,0,0
BRDA:56,4,1,0
BRDA:66,5,0,4
BRDA:66,5,1,0
BRDA:66,6,0,4
BRDA:66,6,1,4
BRDA:72,7,0,0
BRDA:72,7,1,3
BRDA:72,8,0,3
BRDA:72,8,1,3
BRDA:81,9,0,3
BRDA:81,9,1,3
BRDA:82,10,0,3
BRDA:82,10,1,0
BRDA:97,11,0,0
BRDA:97,11,1,2
BRDA:106,12,0,2
BRDA:106,12,1,0
BRDA:106,12,2,0
BRDA:106,12,3,0
BRDA:106,12,4,0
BRDA:106,12,5,0
BRDA:106,12,6,0
BRDA:106,12,7,0
BRDA:106,12,8,0
BRDA:167,13,0,29
BRDA:167,13,1,29
BRDA:187,14,0,0
BRDA:187,14,1,29
BRDA:189,15,0,2
BRDA:189,15,1,27
BRDA:203,16,0,0
BRDA:203,16,1,0
BRDA:203,17,0,0
BRDA:203,17,1,0
BRDA:210,18,0,2
BRDA:210,18,1,27
BRDA:295,19,0,29
BRDA:295,19,1,26
BRDA:295,19,2,24
BRDA:298,20,0,3
BRDA:298,20,1,26
BRF:50
BRH:27
end_of_record
TN:
SF:src/components/AttendanceTab.tsx
FN:11,(anonymous_1)
FN:42,(anonymous_2)
FNF:2
FNH:0
FNDA:0,(anonymous_1)
FNDA:0,(anonymous_2)
DA:1,0
DA:11,0
DA:17,0
DA:43,0
DA:64,0
LF:5
LH:0
BRDA:52,0,0,0
BRDA:52,0,1,0
BRF:2
BRH:0
end_of_record
TN:
SF:src/components/AuthButtons.tsx
FN:13,(anonymous_1)
FNF:1
FNH:1
FNDA:1,(anonymous_1)
DA:1,1
DA:2,1
DA:3,1
DA:13,1
DA:20,1
DA:21,1
DA:22,1
DA:24,1
DA:25,0
DA:38,1
DA:59,1
LF:11
LH:10
BRDA:18,0,0,0
BRDA:20,1,0,1
BRDA:20,1,1,0
BRDA:21,2,0,1
BRDA:21,2,1,0
BRDA:24,3,0,0
BRDA:24,3,1,1
BRF:7
BRH:3
end_of_record
TN:
SF:src/components/ChatHeader.tsx
FN:8,(anonymous_1)
FNF:1
FNH:1
FNDA:249,(anonymous_1)
DA:1,1
DA:2,1
DA:8,1
DA:9,249
DA:26,1
LF:5
LH:5
BRF:0
BRH:0
end_of_record
TN:
SF:src/components/ChatInput.tsx
FN:12,(anonymous_1)
FN:21,(anonymous_2)
FNF:2
FNH:2
FNDA:249,(anonymous_1)
FNDA:176,(anonymous_2)
DA:1,1
DA:2,1
DA:3,1
DA:12,1
DA:13,249
DA:15,249
DA:21,176
DA:43,1
LF:8
LH:8
BRDA:31,0,0,249
BRDA:31,0,1,235
BRF:2
BRH:2
end_of_record
TN:
SF:src/components/ChatMessages.tsx
FN:10,(anonymous_10)
FN:13,(anonymous_11)
FN:19,(anonymous_12)
FN:26,(anonymous_13)
FNF:4
FNH:4
FNDA:249,(anonymous_10)
FNDA:73,(anonymous_11)
FNDA:73,(anonymous_12)
FNDA:302,(anonymous_13)
DA:1,1
DA:3,1
DA:10,1
DA:11,249
DA:13,249
DA:14,73
DA:15,0
DA:19,249
DA:20,73
DA:23,249
DA:27,302
DA:39,1
LF:12
LH:11
BRDA:10,0,0,0
BRDA:14,1,0,0
BRDA:14,1,1,73
BRDA:30,2,0,302
BRDA:30,2,1,44
BRDA:30,2,2,29
BRF:6
BRH:4
end_of_record
TN:
SF:src/components/ChatWindow.tsx
FN:14,(anonymous_1)
FNF:1
FNH:1
FNDA:250,(anonymous_1)
DA:2,1
DA:3,1
DA:4,1
DA:5,1
DA:6,1
DA:7,1
DA:14,1
DA:15,250
DA:17,250
DA:22,250
DA:23,1
DA:26,249
DA:53,1
LF:13
LH:13
BRDA:22,0,0,1
BRDA:22,0,1,249
BRF:2
BRH:2
end_of_record
TN:
SF:src/components/ChatWindowContainer.tsx
FN:10,(anonymous_10)
FNF:1
FNH:0
FNDA:0,(anonymous_10)
DA:1,0
DA:2,0
DA:3,0
DA:10,0
DA:11,0
DA:26,0
LF:6
LH:0
BRDA:16,0,0,0
BRDA:16,0,1,0
BRF:2
BRH:0
end_of_record
TN:
SF:src/components/ContactSection.tsx
FN:3,(anonymous_1)
FNF:1
FNH:0
FNDA:0,(anonymous_1)
DA:1,0
DA:3,0
DA:4,0
DA:100,0
LF:4
LH:0
BRF:0
BRH:0
end_of_record
TN:
SF:src/components/DesktopNavigation.tsx
FN:3,(anonymous_1)
FN:13,(anonymous_2)
FNF:2
FNH:2
FNDA:25,(anonymous_1)
FNDA:100,(anonymous_2)
DA:1,1
DA:3,1
DA:4,25
DA:11,25
DA:14,100
DA:26,1
LF:6
LH:6
BRF:0
BRH:0
end_of_record
TN:
SF:src/components/DocumentationPage.tsx
FN:15,(anonymous_9)
FN:23,(anonymous_10)
FN:40,(anonymous_11)
FN:52,(anonymous_12)
FNF:4
FNH:0
FNDA:0,(anonymous_9)
FNDA:0,(anonymous_10)
FNDA:0,(anonymous_11)
FNDA:0,(anonymous_12)
DA:1,0
DA:2,0
DA:3,0
DA:15,0
DA:16,0
DA:17,0
DA:23,0
DA:40,0
DA:41,0
DA:43,0
DA:52,0
DA:103,0
LF:12
LH:0
BRDA:27,0,0,0
BRDA:27,0,1,0
BRDA:30,1,0,0
BRDA:30,1,1,0
BRDA:41,2,0,0
BRDA:41,2,1,0
BRF:6
BRH:0
end_of_record
TN:
SF:src/components/ErrorBoundary.tsx
FN:17,(anonymous_9)
FN:57,(anonymous_10)
FN:61,(anonymous_11)
FN:22,(anonymous_12)
FN:27,(anonymous_13)
FN:37,(anonymous_14)
FN:65,(anonymous_15)
FN:152,(anonymous_16)
FN:163,(anonymous_17)
FN:186,withErrorBoundary
FN:191,(anonymous_19)
FN:203,useErrorHandler
FN:204,(anonymous_21)
FNF:13
FNH:5
FNDA:7,(anonymous_9)
FNDA:1,(anonymous_10)
FNDA:0,(anonymous_11)
FNDA:6,(anonymous_12)
FNDA:3,(anonymous_13)
FNDA:0,(anonymous_14)
FNDA:18,(anonymous_15)
FNDA:0,(anonymous_16)
FNDA:0,(anonymous_17)
FNDA:0,withErrorBoundary
FNDA:0,(anonymous_19)
FNDA:0,useErrorHandler
FNDA:0,(anonymous_21)
DA:1,1
DA:2,1
DA:3,1
DA:18,6
DA:24,6
DA:29,3
DA:32,3
DA:39,0
DA:40,0
DA:44,3
DA:46,3
DA:52,3
DA:53,2
DA:57,6
DA:58,1
DA:61,6
DA:62,0
DA:66,18
DA:68,10
DA:69,0
DA:73,10
DA:153,0
DA:154,0
DA:155,0
DA:164,0
DA:165,0
DA:181,8
DA:186,1
DA:191,0
DA:192,0
DA:197,0
DA:199,0
DA:203,1
DA:204,0
DA:205,0
DA:209,1
LF:36
LH:21
BRDA:52,0,0,2
BRDA:52,0,1,1
BRDA:66,1,0,10
BRDA:66,1,1,8
BRDA:68,2,0,0
BRDA:68,2,1,10
BRDA:106,3,0,10
BRDA:106,3,1,0
BRDA:106,3,2,0
BRDA:124,4,0,0
BRDA:124,4,1,0
BRDA:136,5,0,0
BRDA:136,5,1,0
BRDA:197,6,0,0
BRDA:197,6,1,0
BRF:15
BRH:6
end_of_record
TN:
SF:src/components/FeaturedProgramsSection.tsx
FN:5,(anonymous_1)
FN:14,(anonymous_2)
FNF:2
FNH:0
FNDA:0,(anonymous_1)
FNDA:0,(anonymous_2)
DA:1,0
DA:2,0
DA:3,0
DA:5,0
DA:6,0
DA:15,0
DA:36,0
LF:7
LH:0
BRF:0
BRH:0
end_of_record
TN:
SF:src/components/FeedbackForm.tsx
FN:12,(anonymous_10)
FN:32,(anonymous_11)
FN:33,(anonymous_12)
FN:39,(anonymous_13)
FN:45,(anonymous_14)
FN:58,(anonymous_15)
FN:141,(anonymous_16)
FN:156,(anonymous_17)
FN:172,(anonymous_18)
FN:193,(anonymous_19)
FN:207,(anonymous_20)
FN:211,(anonymous_21)
FN:232,(anonymous_22)
FN:247,(anonymous_23)
FNF:14
FNH:0
FNDA:0,(anonymous_10)
FNDA:0,(anonymous_11)
FNDA:0,(anonymous_12)
FNDA:0,(anonymous_13)
FNDA:0,(anonymous_14)
FNDA:0,(anonymous_15)
FNDA:0,(anonymous_16)
FNDA:0,(anonymous_17)
FNDA:0,(anonymous_18)
FNDA:0,(anonymous_19)
FNDA:0,(anonymous_20)
FNDA:0,(anonymous_21)
FNDA:0,(anonymous_22)
FNDA:0,(anonymous_23)
DA:1,0
DA:2,0
DA:3,0
DA:12,0
DA:18,0
DA:29,0
DA:30,0
DA:32,0
DA:33,0
DA:39,0
DA:40,0
DA:41,0
DA:43,0
DA:45,0
DA:48,0
DA:55,0
DA:58,0
DA:59,0
DA:60,0
DA:70,0
DA:74,0
DA:81,0
DA:85,0
DA:87,0
DA:141,0
DA:156,0
DA:172,0
DA:193,0
DA:208,0
DA:211,0
DA:232,0
DA:247,0
DA:279,0
LF:33
LH:0
BRDA:15,0,0,0
BRDA:19,1,0,0
BRDA:19,1,1,0
BRDA:61,2,0,0
BRDA:61,2,1,0
BRDA:85,3,0,0
BRDA:85,3,1,0
BRDA:107,4,0,0
BRDA:107,4,1,0
BRDA:123,5,0,0
BRDA:123,5,1,0
BRDA:211,6,0,0
BRDA:211,6,1,0
BRDA:214,7,0,0
BRDA:214,7,1,0
BRDA:251,8,0,0
BRDA:251,8,1,0
BRDA:262,9,0,0
BRDA:262,9,1,0
BRF:19
BRH:0
end_of_record
TN:
SF:src/components/Footer.tsx
FN:3,(anonymous_1)
FN:7,(anonymous_2)
FN:11,(anonymous_3)
FN:19,(anonymous_4)
FNF:4
FNH:0
FNDA:0,(anonymous_1)
FNDA:0,(anonymous_2)
FNDA:0,(anonymous_3)
FNDA:0,(anonymous_4)
DA:1,0
DA:3,0
DA:4,0
DA:7,0
DA:8,0
DA:11,0
DA:12,0
DA:19,0
DA:20,0
DA:80,0
LF:10
LH:0
BRF:0
BRH:0
end_of_record
TN:
SF:src/components/GradesTab.tsx
FN:9,(anonymous_1)
FN:17,(anonymous_2)
FNF:2
FNH:0
FNDA:0,(anonymous_1)
FNDA:0,(anonymous_2)
DA:1,0
DA:9,0
DA:10,0
DA:18,0
DA:54,0
LF:5
LH:0
BRDA:24,0,0,0
BRDA:24,0,1,0
BRDA:31,1,0,0
BRDA:31,1,1,0
BRDA:35,2,0,0
BRDA:35,2,1,0
BRDA:39,3,0,0
BRDA:39,3,1,0
BRDA:43,4,0,0
BRDA:43,4,1,0
BRF:10
BRH:0
end_of_record
TN:
SF:src/components/Header.tsx
FN:22,(anonymous_1)
FN:72,(anonymous_2)
FN:85,(anonymous_3)
FNF:3
FNH:2
FNDA:24,(anonymous_1)
FNDA:1,(anonymous_2)
FNDA:0,(anonymous_3)
DA:2,1
DA:3,1
DA:4,1
DA:7,1
DA:8,1
DA:9,1
DA:10,1
DA:11,1
DA:12,1
DA:13,1
DA:22,1
DA:23,24
DA:24,24
DA:25,24
DA:29,24
DA:34,24
DA:39,24
DA:44,24
DA:72,1
DA:85,0
DA:91,1
LF:21
LH:20
BRDA:31,0,0,1
BRDA:31,0,1,23
BRDA:36,1,0,1
BRDA:36,1,1,23
BRDA:41,2,0,1
BRDA:41,2,1,23
BRDA:47,3,0,1
BRDA:47,3,1,23
BRDA:53,4,0,4
BRDA:53,4,1,20
BRDA:72,5,0,1
BRDA:72,5,1,23
BRDA:73,6,0,1
BRDA:73,6,1,23
BRF:14
BRH:14
end_of_record
TN:
SF:src/components/HeroSection.tsx
FN:3,(anonymous_1)
FN:4,(anonymous_2)
FN:12,(anonymous_3)
FNF:3
FNH:0
FNDA:0,(anonymous_1)
FNDA:0,(anonymous_2)
FNDA:0,(anonymous_3)
DA:1,0
DA:3,0
DA:4,0
DA:5,0
DA:7,0
DA:8,0
DA:12,0
DA:13,0
DA:14,0
DA:15,0
DA:19,0
DA:50,0
LF:12
LH:0
BRDA:7,0,0,0
BRDA:7,0,1,0
BRDA:14,1,0,0
BRDA:14,1,1,0
BRF:4
BRH:0
end_of_record
TN:
SF:src/components/LatestNewsSection.tsx
FN:5,(anonymous_1)
FN:14,(anonymous_2)
FNF:2
FNH:0
FNDA:0,(anonymous_1)
FNDA:0,(anonymous_2)
DA:1,0
DA:2,0
DA:3,0
DA:5,0
DA:6,0
DA:15,0
DA:41,0
LF:7
LH:0
BRF:0
BRH:0
end_of_record
TN:
SF:src/components/LazyImage.tsx
FN:17,(anonymous_9)
FN:37,(anonymous_10)
FN:41,(anonymous_11)
FN:42,(anonymous_12)
FN:60,(anonymous_13)
FN:64,(anonymous_14)
FN:69,(anonymous_15)
FNF:7
FNH:3
FNDA:5,(anonymous_9)
FNDA:5,(anonymous_10)
FNDA:0,(anonymous_11)
FNDA:0,(anonymous_12)
FNDA:4,(anonymous_13)
FNDA:0,(anonymous_14)
FNDA:0,(anonymous_15)
DA:1,1
DA:2,1
DA:17,1
DA:29,5
DA:30,5
DA:31,5
DA:32,5
DA:33,5
DA:34,5
DA:37,5
DA:38,5
DA:40,4
DA:42,0
DA:43,0
DA:44,0
DA:45,0
DA:46,0
DA:56,4
DA:57,4
DA:60,4
DA:64,5
DA:65,0
DA:66,0
DA:69,5
DA:70,0
DA:71,0
DA:74,5
DA:147,1
LF:28
LH:19
BRDA:20,0,0,5
BRDA:27,1,0,4
BRDA:34,2,0,1
BRDA:34,2,1,4
BRDA:34,3,0,4
BRDA:34,3,1,4
BRDA:38,4,0,1
BRDA:38,4,1,4
BRDA:38,5,0,5
BRDA:38,5,1,4
BRDA:43,6,0,0
BRDA:43,6,1,0
BRDA:56,7,0,4
BRDA:56,7,1,0
BRDA:77,8,0,5
BRDA:77,8,1,0
BRDA:77,8,2,5
BRDA:77,8,3,5
BRDA:77,8,4,0
BRDA:80,9,0,0
BRDA:80,9,1,0
BRDA:83,10,0,0
BRDA:83,10,1,0
BRDA:91,11,0,5
BRDA:91,11,1,5
BRDA:91,11,2,4
BRDA:91,11,3,4
BRDA:120,12,0,1
BRDA:120,12,1,4
BRDA:123,13,0,0
BRDA:123,13,1,5
BRDA:128,14,0,0
BRDA:128,14,1,5
BRDA:128,15,0,5
BRDA:128,15,1,0
BRDA:133,16,0,5
BRDA:133,16,1,0
BRF:37
BRH:24
end_of_record
TN:
SF:src/components/LoadingSpinner.tsx
FN:9,(anonymous_1)
FNF:1
FNH:0
FNDA:0,(anonymous_1)
DA:1,0
DA:9,0
DA:14,0
DA:21,0
DA:31,0
DA:32,0
DA:39,0
DA:42,0
LF:8
LH:0
BRDA:10,0,0,0
BRDA:11,1,0,0
BRDA:12,2,0,0
BRDA:23,3,0,0
BRDA:23,3,1,0
BRDA:31,4,0,0
BRDA:31,4,1,0
BRF:7
BRH:0
end_of_record
TN:
SF:src/components/LoginModal.tsx
FN:11,(anonymous_9)
FN:17,(anonymous_10)
FN:19,(anonymous_11)
FN:29,(anonymous_12)
FN:35,(anonymous_13)
FN:58,(anonymous_14)
FN:78,(anonymous_15)
FN:138,(anonymous_16)
FNF:8
FNH:0
FNDA:0,(anonymous_9)
FNDA:0,(anonymous_10)
FNDA:0,(anonymous_11)
FNDA:0,(anonymous_12)
FNDA:0,(anonymous_13)
FNDA:0,(anonymous_14)
FNDA:0,(anonymous_15)
FNDA:0,(anonymous_16)
DA:1,0
DA:2,0
DA:3,0
DA:11,0
DA:12,0
DA:13,0
DA:14,0
DA:17,0
DA:18,0
DA:19,0
DA:20,0
DA:21,0
DA:22,0
DA:27,0
DA:29,0
DA:30,0
DA:31,0
DA:35,0
DA:36,0
DA:37,0
DA:39,0
DA:40,0
DA:42,0
DA:43,0
DA:46,0
DA:47,0
DA:50,0
DA:56,0
DA:58,0
DA:59,0
DA:62,0
DA:65,0
DA:68,0
DA:69,0
DA:70,0
DA:71,0
DA:73,0
DA:78,0
DA:81,0
DA:84,0
DA:138,0
DA:179,0
LF:42
LH:0
BRDA:18,0,0,0
BRDA:18,0,1,0
BRDA:27,1,0,0
BRDA:27,1,1,0
BRDA:30,2,0,0
BRDA:30,2,1,0
BRDA:37,3,0,0
BRDA:37,3,1,0
BRDA:46,4,0,0
BRDA:46,4,1,0
BRDA:46,5,0,0
BRDA:46,5,1,0
BRDA:56,6,0,0
BRDA:56,6,1,0
BRDA:59,7,0,0
BRDA:59,7,1,0
BRDA:68,8,0,0
BRDA:68,8,1,0
BRDA:68,9,0,0
BRDA:68,9,1,0
BRDA:70,10,0,0
BRDA:70,10,1,0
BRDA:70,11,0,0
BRDA:70,11,1,0
BRDA:73,12,0,0
BRDA:73,12,1,0
BRDA:103,13,0,0
BRDA:103,13,1,0
BRDA:145,14,0,0
BRDA:145,14,1,0
BRDA:155,15,0,0
BRDA:155,15,1,0
BRF:32
BRH:0
end_of_record
TN:
SF:src/components/Logo.tsx
FN:7,(anonymous_9)
FNF:1
FNH:1
FNDA:19,(anonymous_9)
DA:1,1
DA:7,1
DA:8,19
DA:21,1
LF:4
LH:4
BRDA:7,0,0,19
BRF:1
BRH:1
end_of_record
TN:
SF:src/components/MainContentRouter.tsx
FN:6,(anonymous_10)
FN:6,(anonymous_11)
FN:7,(anonymous_12)
FN:7,(anonymous_13)
FN:8,(anonymous_14)
FN:8,(anonymous_15)
FN:9,(anonymous_16)
FN:9,(anonymous_17)
FN:10,(anonymous_18)
FN:10,(anonymous_19)
FN:11,(anonymous_20)
FN:11,(anonymous_21)
FN:12,(anonymous_22)
FN:12,(anonymous_23)
FN:13,(anonymous_24)
FN:13,(anonymous_25)
FN:14,(anonymous_26)
FN:14,(anonymous_27)
FN:22,(anonymous_28)
FN:30,(anonymous_29)
FN:36,(anonymous_30)
FNF:21
FNH:0
FNDA:0,(anonymous_10)
FNDA:0,(anonymous_11)
FNDA:0,(anonymous_12)
FNDA:0,(anonymous_13)
FNDA:0,(anonymous_14)
FNDA:0,(anonymous_15)
FNDA:0,(anonymous_16)
FNDA:0,(anonymous_17)
FNDA:0,(anonymous_18)
FNDA:0,(anonymous_19)
FNDA:0,(anonymous_20)
FNDA:0,(anonymous_21)
FNDA:0,(anonymous_22)
FNDA:0,(anonymous_23)
FNDA:0,(anonymous_24)
FNDA:0,(anonymous_25)
FNDA:0,(anonymous_26)
FNDA:0,(anonymous_27)
FNDA:0,(anonymous_28)
FNDA:0,(anonymous_29)
FNDA:0,(anonymous_30)
DA:1,0
DA:3,0
DA:6,0
DA:7,0
DA:8,0
DA:9,0
DA:10,0
DA:11,0
DA:12,0
DA:13,0
DA:14,0
DA:22,0
DA:23,0
DA:30,0
DA:31,0
DA:36,0
DA:37,0
DA:38,0
DA:51,0
DA:84,0
LF:20
LH:0
BRDA:37,0,0,0
BRDA:37,0,1,0
BRDA:37,1,0,0
BRDA:37,1,1,0
BRDA:41,2,0,0
BRDA:41,2,1,0
BRDA:41,3,0,0
BRDA:41,3,1,0
BRF:8
BRH:0
end_of_record
TN:
SF:src/components/MessageBubble.tsx
FN:9,(anonymous_1)
FNF:1
FNH:1
FNDA:302,(anonymous_1)
DA:1,1
DA:2,1
DA:9,1
DA:10,302
DA:12,302
DA:34,1
LF:6
LH:6
BRDA:9,0,0,0
BRDA:13,1,0,38
BRDA:13,1,1,264
BRDA:16,2,0,38
BRDA:16,2,1,264
BRDA:22,3,0,302
BRDA:22,3,1,14
BRDA:22,3,2,14
BRF:8
BRH:7
end_of_record
TN:
SF:src/components/MetaTags.tsx
FN:13,(anonymous_1)
FNF:1
FNH:0
FNDA:0,(anonymous_1)
DA:1,0
DA:13,0
DA:22,0
DA:38,0
LF:4
LH:0
BRDA:14,0,0,0
BRDA:15,1,0,0
BRDA:16,2,0,0
BRDA:17,3,0,0
BRDA:18,4,0,0
BRDA:19,5,0,0
BRDA:20,6,0,0
BRF:7
BRH:0
end_of_record
TN:
SF:src/components/MobileMenu.tsx
FN:16,(anonymous_1)
FN:47,(anonymous_2)
FN:48,(anonymous_3)
FN:49,(anonymous_4)
FNF:4
FNH:1
FNDA:24,(anonymous_1)
FNDA:0,(anonymous_2)
FNDA:0,(anonymous_3)
FNDA:0,(anonymous_4)
DA:1,1
DA:2,1
DA:3,1
DA:4,1
DA:5,1
DA:16,1
DA:24,24
DA:29,24
DA:34,24
DA:36,1
DA:47,0
DA:48,0
DA:49,0
DA:66,1
LF:14
LH:11
BRDA:34,0,0,23
BRDA:34,0,1,1
BRF:2
BRH:2
end_of_record
TN:
SF:src/components/MobileMenuButton.tsx
FN:11,(anonymous_1)
FNF:1
FNH:0
FNDA:0,(anonymous_1)
DA:1,0
DA:2,0
DA:3,0
DA:4,0
DA:11,0
DA:12,0
DA:14,0
DA:26,0
LF:8
LH:0
BRDA:19,0,0,0
BRDA:19,0,1,0
BRDA:21,1,0,0
BRDA:21,1,1,0
BRF:4
BRH:0
end_of_record
TN:
SF:src/components/ModalsContainer.tsx
FN:13,(anonymous_1)
FNF:1
FNH:0
FNDA:0,(anonymous_1)
DA:1,0
DA:2,0
DA:3,0
DA:13,0
DA:20,0
DA:35,0
LF:6
LH:0
BRF:0
BRH:0
end_of_record
TN:
SF:src/components/NavigationTabs.tsx
FN:16,(anonymous_1)
FN:21,(anonymous_2)
FN:24,(anonymous_3)
FNF:3
FNH:0
FNDA:0,(anonymous_1)
FNDA:0,(anonymous_2)
FNDA:0,(anonymous_3)
DA:1,0
DA:16,0
DA:17,0
DA:22,0
DA:24,0
DA:46,0
LF:6
LH:0
BRDA:26,0,0,0
BRDA:26,0,1,0
BRDA:33,1,0,0
BRDA:33,1,1,0
BRDA:33,1,2,0
BRF:5
BRH:0
end_of_record
TN:
SF:src/components/NotificationBell.tsx
FN:8,(anonymous_9)
FN:13,(anonymous_10)
FN:19,(anonymous_11)
FN:21,(anonymous_12)
FN:22,(anonymous_13)
FN:27,(anonymous_14)
FN:32,(anonymous_15)
FN:35,(anonymous_16)
FN:36,(anonymous_17)
FN:38,(anonymous_18)
FN:48,(anonymous_19)
FN:50,(anonymous_20)
FN:50,(anonymous_21)
FN:54,(anonymous_22)
FN:60,(anonymous_23)
FN:75,(anonymous_24)
FN:87,(anonymous_25)
FN:100,(anonymous_26)
FN:143,(anonymous_27)
FN:146,(anonymous_28)
FN:187,(anonymous_29)
FN:201,(anonymous_30)
FNF:22
FNH:0
FNDA:0,(anonymous_9)
FNDA:0,(anonymous_10)
FNDA:0,(anonymous_11)
FNDA:0,(anonymous_12)
FNDA:0,(anonymous_13)
FNDA:0,(anonymous_14)
FNDA:0,(anonymous_15)
FNDA:0,(anonymous_16)
FNDA:0,(anonymous_17)
FNDA:0,(anonymous_18)
FNDA:0,(anonymous_19)
FNDA:0,(anonymous_20)
FNDA:0,(anonymous_21)
FNDA:0,(anonymous_22)
FNDA:0,(anonymous_23)
FNDA:0,(anonymous_24)
FNDA:0,(anonymous_25)
FNDA:0,(anonymous_26)
FNDA:0,(anonymous_27)
FNDA:0,(anonymous_28)
FNDA:0,(anonymous_29)
FNDA:0,(anonymous_30)
DA:1,0
DA:2,0
DA:8,0
DA:9,0
DA:10,0
DA:11,0
DA:13,0
DA:15,0
DA:16,0
DA:19,0
DA:20,0
DA:21,0
DA:22,0
DA:25,0
DA:27,0
DA:28,0
DA:32,0
DA:33,0
DA:34,0
DA:35,0
DA:36,0
DA:38,0
DA:41,0
DA:42,0
DA:45,0
DA:48,0
DA:49,0
DA:50,0
DA:51,0
DA:54,0
DA:55,0
DA:56,0
DA:57,0
DA:60,0
DA:61,0
DA:62,0
DA:63,0
DA:65,0
DA:66,0
DA:68,0
DA:69,0
DA:71,0
DA:72,0
DA:75,0
DA:76,0
DA:77,0
DA:78,0
DA:79,0
DA:80,0
DA:81,0
DA:82,0
DA:83,0
DA:87,0
DA:88,0
DA:89,0
DA:90,0
DA:91,0
DA:92,0
DA:93,0
DA:97,0
DA:100,0
DA:144,0
DA:146,0
DA:187,0
DA:201,0
DA:208,0
LF:66
LH:0
BRDA:33,0,0,0
BRDA:33,0,1,0
BRDA:36,1,0,0
BRDA:36,1,1,0
BRDA:41,2,0,0
BRDA:41,2,1,0
BRDA:65,3,0,0
BRDA:65,3,1,0
BRDA:66,4,0,0
BRDA:66,4,1,0
BRDA:69,5,0,0
BRDA:69,5,1,0
BRDA:76,6,0,0
BRDA:76,6,1,0
BRDA:76,6,2,0
BRDA:76,6,3,0
BRDA:76,6,4,0
BRDA:76,6,5,0
BRDA:76,6,6,0
BRDA:88,7,0,0
BRDA:88,7,1,0
BRDA:88,7,2,0
BRDA:88,7,3,0
BRDA:88,7,4,0
BRDA:111,8,0,0
BRDA:111,8,1,0
BRDA:117,9,0,0
BRDA:117,9,1,0
BRDA:125,10,0,0
BRDA:125,10,1,0
BRDA:138,11,0,0
BRDA:138,11,1,0
BRDA:148,12,0,0
BRDA:148,12,1,0
BRDA:156,13,0,0
BRDA:156,13,1,0
BRDA:162,14,0,0
BRDA:162,14,1,0
BRDA:167,15,0,0
BRDA:167,15,1,0
BRDA:184,16,0,0
BRDA:184,16,1,0
BRDA:198,17,0,0
BRDA:198,17,1,0
BRF:44
BRH:0
end_of_record
TN:
SF:src/components/OfflineIndicator.tsx
FN:8,(anonymous_9)
FN:16,(anonymous_10)
FN:17,(anonymous_11)
FN:26,(anonymous_12)
FN:34,(anonymous_13)
FN:40,(anonymous_14)
FN:45,(anonymous_15)
FN:46,(anonymous_16)
FNF:8
FNH:0
FNDA:0,(anonymous_9)
FNDA:0,(anonymous_10)
FNDA:0,(anonymous_11)
FNDA:0,(anonymous_12)
FNDA:0,(anonymous_13)
FNDA:0,(anonymous_14)
FNDA:0,(anonymous_15)
FNDA:0,(anonymous_16)
DA:1,0
DA:8,0
DA:12,0
DA:13,0
DA:14,0
DA:16,0
DA:17,0
DA:18,0
DA:19,0
DA:20,0
DA:23,0
DA:26,0
DA:27,0
DA:28,0
DA:31,0
DA:32,0
DA:34,0
DA:35,0
DA:36,0
DA:40,0
DA:42,0
DA:45,0
DA:46,0
DA:48,0
DA:49,0
DA:52,0
DA:56,0
DA:57,0
DA:60,0
DA:89,0
LF:30
LH:0
BRDA:9,0,0,0
BRDA:48,1,0,0
BRDA:48,1,1,0
BRDA:56,2,0,0
BRDA:56,2,1,0
BRDA:76,3,0,0
BRDA:76,3,1,0
BRDA:81,4,0,0
BRDA:81,4,1,0
BRF:9
BRH:0
end_of_record
TN:
SF:src/components/OverviewTab.tsx
FN:15,(anonymous_1)
FN:98,(anonymous_2)
FN:134,(anonymous_3)
FNF:3
FNH:0
FNDA:0,(anonymous_1)
FNDA:0,(anonymous_2)
FNDA:0,(anonymous_3)
DA:1,0
DA:15,0
DA:25,0
DA:99,0
DA:135,0
DA:157,0
LF:6
LH:0
BRDA:89,0,0,0
BRDA:89,0,1,0
BRDA:112,1,0,0
BRDA:112,1,1,0
BRDA:141,2,0,0
BRDA:141,2,1,0
BRDA:145,3,0,0
BRDA:145,3,1,0
BRF:8
BRH:0
end_of_record
TN:
SF:src/components/PPDBSection.tsx
FN:3,(anonymous_1)
FN:4,(anonymous_2)
FNF:2
FNH:0
FNDA:0,(anonymous_1)
FNDA:0,(anonymous_2)
DA:1,0
DA:3,0
DA:4,0
DA:5,0
DA:6,0
DA:7,0
DA:11,0
DA:105,0
LF:8
LH:0
BRDA:6,0,0,0
BRDA:6,0,1,0
BRF:2
BRH:0
end_of_record
TN:
SF:src/components/ParentDashboard.tsx
FN:21,(anonymous_9)
FN:23,(anonymous_10)
FN:27,(anonymous_11)
FN:29,(anonymous_12)
FN:35,(anonymous_13)
FN:38,(anonymous_14)
FN:42,(anonymous_15)
FN:50,(anonymous_16)
FN:60,(anonymous_17)
FN:79,(anonymous_18)
FN:110,(anonymous_19)
FN:113,(anonymous_20)
FN:187,(anonymous_21)
FN:210,(anonymous_22)
FN:231,(anonymous_23)
FN:282,(anonymous_24)
FN:292,(anonymous_25)
FN:299,(anonymous_26)
FN:358,(anonymous_27)
FN:385,(anonymous_28)
FN:416,(anonymous_29)
FNF:21
FNH:19
FNDA:22,(anonymous_9)
FNDA:22,(anonymous_10)
FNDA:15,(anonymous_11)
FNDA:0,(anonymous_12)
FNDA:15,(anonymous_13)
FNDA:1,(anonymous_14)
FNDA:23,(anonymous_15)
FNDA:3,(anonymous_16)
FNDA:16,(anonymous_17)
FNDA:66,(anonymous_18)
FNDA:110,(anonymous_19)
FNDA:7,(anonymous_20)
FNDA:0,(anonymous_21)
FNDA:15,(anonymous_22)
FNDA:1,(anonymous_23)
FNDA:3,(anonymous_24)
FNDA:3,(anonymous_25)
FNDA:3,(anonymous_26)
FNDA:1,(anonymous_27)
FNDA:2,(anonymous_28)
FNDA:2,(anonymous_29)
DA:1,1
DA:2,1
DA:21,1
DA:22,22
DA:23,22
DA:24,22
DA:25,22
DA:27,22
DA:29,15
DA:30,0
DA:31,0
DA:32,0
DA:35,15
DA:38,22
DA:39,1
DA:42,22
DA:43,23
DA:50,22
DA:51,3
DA:52,3
DA:53,0
DA:54,0
DA:55,0
DA:56,0
DA:60,22
DA:61,16
DA:62,0
DA:63,0
DA:64,16
DA:65,0
DA:66,0
DA:70,22
DA:79,66
DA:111,110
DA:113,7
DA:188,0
DA:211,15
DA:232,1
DA:282,3
DA:292,3
DA:300,3
DA:359,1
DA:386,2
DA:417,2
DA:468,1
LF:45
LH:33
BRDA:51,0,0,3
BRDA:51,0,1,0
BRDA:51,0,2,0
BRDA:51,0,3,0
BRDA:51,0,4,0
BRDA:61,1,0,0
BRDA:61,1,1,0
BRDA:61,1,2,16
BRDA:61,1,3,0
BRDA:61,1,4,0
BRDA:108,2,0,22
BRDA:108,2,1,0
BRDA:115,3,0,22
BRDA:115,3,1,88
BRDA:128,4,0,22
BRDA:128,4,1,15
BRDA:195,5,0,0
BRDA:195,5,1,0
BRDA:195,6,0,0
BRDA:195,6,1,0
BRDA:227,7,0,22
BRDA:227,7,1,1
BRDA:235,8,0,1
BRDA:235,8,1,0
BRDA:257,9,0,1
BRDA:257,9,1,0
BRDA:259,10,0,1
BRDA:259,10,1,0
BRDA:259,11,0,0
BRDA:259,11,1,0
BRDA:269,12,0,22
BRDA:269,12,1,3
BRDA:282,13,0,3
BRDA:282,13,1,3
BRDA:310,14,0,3
BRDA:310,14,1,0
BRDA:311,15,0,0
BRDA:311,15,1,0
BRDA:312,16,0,0
BRDA:312,16,1,0
BRDA:318,17,0,3
BRDA:318,17,1,0
BRDA:325,18,0,3
BRDA:325,18,1,0
BRDA:333,19,0,0
BRDA:333,19,1,0
BRDA:339,20,0,0
BRDA:339,20,1,0
BRDA:354,21,0,22
BRDA:354,21,1,1
BRDA:360,22,0,1
BRDA:360,22,1,0
BRDA:381,23,0,22
BRDA:381,23,1,2
BRDA:423,24,0,2
BRDA:423,24,1,2
BRDA:429,25,0,2
BRDA:429,25,1,2
BRDA:435,26,0,2
BRDA:435,26,1,2
BRDA:451,27,0,2
BRDA:451,27,1,2
BRF:62
BRH:32
end_of_record
TN:
SF:src/components/ProfileSection.tsx
FN:3,(anonymous_1)
FNF:1
FNH:0
FNDA:0,(anonymous_1)
DA:1,0
DA:3,0
DA:4,0
DA:40,0
LF:4
LH:0
BRF:0
BRH:0
end_of_record
TN:
SF:src/components/PwaInstallPrompt.tsx
FN:8,(anonymous_9)
FN:15,(anonymous_10)
FN:25,(anonymous_11)
FN:30,(anonymous_12)
FN:36,(anonymous_13)
FN:45,(anonymous_14)
FN:51,(anonymous_15)
FN:72,(anonymous_16)
FN:76,(anonymous_17)
FNF:9
FNH:0
FNDA:0,(anonymous_9)
FNDA:0,(anonymous_10)
FNDA:0,(anonymous_11)
FNDA:0,(anonymous_12)
FNDA:0,(anonymous_13)
FNDA:0,(anonymous_14)
FNDA:0,(anonymous_15)
FNDA:0,(anonymous_16)
FNDA:0,(anonymous_17)
DA:1,0
DA:8,0
DA:9,0
DA:10,0
DA:11,0
DA:12,0
DA:13,0
DA:15,0
DA:17,0
DA:18,0
DA:19,0
DA:22,0
DA:25,0
DA:26,0
DA:27,0
DA:30,0
DA:31,0
DA:36,0
DA:37,0
DA:38,0
DA:39,0
DA:42,0
DA:43,0
DA:45,0
DA:46,0
DA:47,0
DA:51,0
DA:52,0
DA:53,0
DA:56,0
DA:57,0
DA:58,0
DA:60,0
DA:61,0
DA:62,0
DA:63,0
DA:65,0
DA:68,0
DA:72,0
DA:73,0
DA:76,0
DA:77,0
DA:82,0
DA:83,0
DA:86,0
DA:140,0
LF:46
LH:0
BRDA:52,0,0,0
BRDA:52,0,1,0
BRDA:60,1,0,0
BRDA:60,1,1,0
BRDA:82,2,0,0
BRDA:82,2,1,0
BRDA:82,3,0,0
BRDA:82,3,1,0
BRDA:82,3,2,0
BRDA:103,4,0,0
BRDA:103,4,1,0
BRDA:114,5,0,0
BRDA:114,5,1,0
BRF:13
BRH:0
end_of_record
TN:
SF:src/components/RelatedLinksSection.tsx
FN:4,(anonymous_1)
FN:13,(anonymous_2)
FNF:2
FNH:0
FNDA:0,(anonymous_1)
FNDA:0,(anonymous_2)
DA:1,0
DA:2,0
DA:4,0
DA:5,0
DA:14,0
DA:33,0
LF:6
LH:0
BRF:0
BRH:0
end_of_record
TN:
SF:src/components/ScheduleTab.tsx
FN:8,(anonymous_1)
FN:13,(anonymous_2)
FN:14,(anonymous_3)
FN:23,(anonymous_4)
FNF:4
FNH:0
FNDA:0,(anonymous_1)
FNDA:0,(anonymous_2)
FNDA:0,(anonymous_3)
FNDA:0,(anonymous_4)
DA:1,0
DA:8,0
DA:9,0
DA:11,0
DA:14,0
DA:15,0
DA:24,0
DA:59,0
LF:8
LH:0
BRDA:21,0,0,0
BRDA:21,0,1,0
BRDA:38,1,0,0
BRDA:38,1,1,0
BRF:4
BRH:0
end_of_record
TN:
SF:src/components/StudentDashboard.tsx
FN:28,(anonymous_10)
FN:39,(anonymous_11)
FN:45,(anonymous_12)
FN:46,(anonymous_13)
FN:51,(anonymous_14)
FN:58,(anonymous_15)
FN:64,(anonymous_16)
FN:65,(anonymous_17)
FN:74,(anonymous_18)
FN:77,(anonymous_19)
FN:82,(anonymous_20)
FN:90,(anonymous_21)
FN:101,(anonymous_22)
FN:179,(anonymous_23)
FNF:14
FNH:0
FNDA:0,(anonymous_10)
FNDA:0,(anonymous_11)
FNDA:0,(anonymous_12)
FNDA:0,(anonymous_13)
FNDA:0,(anonymous_14)
FNDA:0,(anonymous_15)
FNDA:0,(anonymous_16)
FNDA:0,(anonymous_17)
FNDA:0,(anonymous_18)
FNDA:0,(anonymous_19)
FNDA:0,(anonymous_20)
FNDA:0,(anonymous_21)
FNDA:0,(anonymous_22)
FNDA:0,(anonymous_23)
DA:1,0
DA:2,0
DA:13,0
DA:14,0
DA:15,0
DA:16,0
DA:17,0
DA:18,0
DA:19,0
DA:20,0
DA:21,0
DA:22,0
DA:28,0
DA:29,0
DA:30,0
DA:33,0
DA:34,0
DA:35,0
DA:38,0
DA:39,0
DA:42,0
DA:45,0
DA:46,0
DA:47,0
DA:48,0
DA:51,0
DA:52,0
DA:56,0
DA:58,0
DA:59,0
DA:64,0
DA:65,0
DA:66,0
DA:74,0
DA:77,0
DA:78,0
DA:79,0
DA:82,0
DA:83,0
DA:90,0
DA:91,0
DA:92,0
DA:93,0
DA:94,0
DA:95,0
DA:96,0
DA:97,0
DA:101,0
DA:102,0
DA:103,0
DA:104,0
DA:105,0
DA:106,0
DA:107,0
DA:111,0
DA:119,0
DA:179,0
DA:187,0
LF:58
LH:0
BRDA:91,0,0,0
BRDA:91,0,1,0
BRDA:91,0,2,0
BRDA:91,0,3,0
BRDA:91,0,4,0
BRDA:91,0,5,0
BRDA:102,1,0,0
BRDA:102,1,1,0
BRDA:102,1,2,0
BRDA:102,1,3,0
BRDA:102,1,4,0
BRDA:116,2,0,0
BRDA:116,2,1,0
BRDA:134,3,0,0
BRDA:134,3,1,0
BRDA:147,4,0,0
BRDA:147,4,1,0
BRDA:154,5,0,0
BRDA:154,5,1,0
BRDA:158,6,0,0
BRDA:158,6,1,0
BRDA:167,7,0,0
BRDA:167,7,1,0
BRDA:176,8,0,0
BRDA:176,8,1,0
BRF:25
BRH:0
end_of_record
TN:
SF:src/components/StudentDashboardApi.tsx
FN:29,(anonymous_10)
FN:89,(anonymous_11)
FN:95,(anonymous_12)
FN:96,(anonymous_13)
FN:101,(anonymous_14)
FN:108,(anonymous_15)
FN:113,(anonymous_16)
FN:118,(anonymous_17)
FN:126,(anonymous_18)
FN:137,(anonymous_19)
FN:202,(anonymous_20)
FN:205,(anonymous_21)
FN:295,(anonymous_22)
FN:336,(anonymous_23)
FN:373,(anonymous_24)
FN:419,(anonymous_25)
FN:420,(anonymous_26)
FN:429,(anonymous_27)
FN:497,(anonymous_28)
FN:537,(anonymous_29)
FNF:20
FNH:0
FNDA:0,(anonymous_10)
FNDA:0,(anonymous_11)
FNDA:0,(anonymous_12)
FNDA:0,(anonymous_13)
FNDA:0,(anonymous_14)
FNDA:0,(anonymous_15)
FNDA:0,(anonymous_16)
FNDA:0,(anonymous_17)
FNDA:0,(anonymous_18)
FNDA:0,(anonymous_19)
FNDA:0,(anonymous_20)
FNDA:0,(anonymous_21)
FNDA:0,(anonymous_22)
FNDA:0,(anonymous_23)
FNDA:0,(anonymous_24)
FNDA:0,(anonymous_25)
FNDA:0,(anonymous_26)
FNDA:0,(anonymous_27)
FNDA:0,(anonymous_28)
FNDA:0,(anonymous_29)
DA:1,0
DA:2,0
DA:12,0
DA:14,0
DA:21,0
DA:22,0
DA:23,0
DA:29,0
DA:30,0
DA:31,0
DA:39,0
DA:45,0
DA:51,0
DA:57,0
DA:63,0
DA:66,0
DA:75,0
DA:78,0
DA:79,0
DA:80,0
DA:81,0
DA:83,0
DA:84,0
DA:85,0
DA:88,0
DA:89,0
DA:92,0
DA:95,0
DA:96,0
DA:97,0
DA:98,0
DA:101,0
DA:102,0
DA:106,0
DA:108,0
DA:109,0
DA:113,0
DA:114,0
DA:115,0
DA:118,0
DA:119,0
DA:126,0
DA:127,0
DA:128,0
DA:129,0
DA:130,0
DA:131,0
DA:132,0
DA:133,0
DA:137,0
DA:138,0
DA:139,0
DA:140,0
DA:141,0
DA:142,0
DA:143,0
DA:148,0
DA:149,0
DA:158,0
DA:203,0
DA:205,0
DA:296,0
DA:337,0
DA:374,0
DA:420,0
DA:421,0
DA:430,0
DA:498,0
DA:537,0
DA:545,0
LF:70
LH:0
BRDA:75,0,0,0
BRDA:75,0,1,0
BRDA:78,1,0,0
BRDA:78,1,1,0
BRDA:79,2,0,0
BRDA:79,2,1,0
BRDA:80,3,0,0
BRDA:80,3,1,0
BRDA:83,4,0,0
BRDA:83,4,1,0
BRDA:84,5,0,0
BRDA:84,5,1,0
BRDA:127,6,0,0
BRDA:127,6,1,0
BRDA:127,6,2,0
BRDA:127,6,3,0
BRDA:127,6,4,0
BRDA:127,6,5,0
BRDA:138,7,0,0
BRDA:138,7,1,0
BRDA:138,7,2,0
BRDA:138,7,3,0
BRDA:138,7,4,0
BRDA:148,8,0,0
BRDA:148,8,1,0
BRDA:201,9,0,0
BRDA:201,9,1,0
BRDA:207,10,0,0
BRDA:207,10,1,0
BRDA:222,11,0,0
BRDA:222,11,1,0
BRDA:286,12,0,0
BRDA:286,12,1,0
BRDA:309,13,0,0
BRDA:309,13,1,0
BRDA:330,14,0,0
BRDA:330,14,1,0
BRDA:334,15,0,0
BRDA:334,15,1,0
BRDA:343,16,0,0
BRDA:343,16,1,0
BRDA:347,17,0,0
BRDA:347,17,1,0
BRDA:361,18,0,0
BRDA:361,18,1,0
BRDA:367,19,0,0
BRDA:367,19,1,0
BRDA:371,20,0,0
BRDA:371,20,1,0
BRDA:380,21,0,0
BRDA:380,21,1,0
BRDA:387,22,0,0
BRDA:387,22,1,0
BRDA:391,23,0,0
BRDA:391,23,1,0
BRDA:395,24,0,0
BRDA:395,24,1,0
BRDA:399,25,0,0
BRDA:399,25,1,0
BRDA:412,26,0,0
BRDA:412,26,1,0
BRDA:414,27,0,0
BRDA:414,27,1,0
BRDA:427,28,0,0
BRDA:427,28,1,0
BRDA:444,29,0,0
BRDA:444,29,1,0
BRDA:465,30,0,0
BRDA:465,30,1,0
BRDA:471,31,0,0
BRDA:471,31,1,0
BRDA:496,32,0,0
BRDA:496,32,1,0
BRDA:507,33,0,0
BRDA:507,33,1,0
BRDA:523,34,0,0
BRDA:523,34,1,0
BRDA:534,35,0,0
BRDA:534,35,1,0
BRF:79
BRH:0
end_of_record
TN:
SF:src/components/StudentDashboardHeader.tsx
FN:10,(anonymous_1)
FNF:1
FNH:0
FNDA:0,(anonymous_1)
DA:1,0
DA:3,0
DA:10,0
DA:11,0
DA:45,0
LF:5
LH:0
BRF:0
BRH:0
end_of_record
TN:
SF:src/components/TeacherDashboard.tsx
FN:24,(anonymous_10)
FN:29,(anonymous_11)
FN:34,(anonymous_12)
FN:39,(anonymous_13)
FN:40,(anonymous_14)
FN:49,(anonymous_15)
FN:51,(anonymous_16)
FN:109,(anonymous_17)
FN:112,(anonymous_18)
FN:132,(anonymous_19)
FN:135,(anonymous_20)
FN:222,(anonymous_21)
FN:233,(anonymous_22)
FN:244,(anonymous_23)
FN:266,(anonymous_24)
FN:357,(anonymous_25)
FN:364,(anonymous_26)
FN:395,(anonymous_27)
FN:529,(anonymous_28)
FNF:19
FNH:0
FNDA:0,(anonymous_10)
FNDA:0,(anonymous_11)
FNDA:0,(anonymous_12)
FNDA:0,(anonymous_13)
FNDA:0,(anonymous_14)
FNDA:0,(anonymous_15)
FNDA:0,(anonymous_16)
FNDA:0,(anonymous_17)
FNDA:0,(anonymous_18)
FNDA:0,(anonymous_19)
FNDA:0,(anonymous_20)
FNDA:0,(anonymous_21)
FNDA:0,(anonymous_22)
FNDA:0,(anonymous_23)
FNDA:0,(anonymous_24)
FNDA:0,(anonymous_25)
FNDA:0,(anonymous_26)
FNDA:0,(anonymous_27)
FNDA:0,(anonymous_28)
DA:1,0
DA:2,0
DA:16,0
DA:17,0
DA:18,0
DA:24,0
DA:25,0
DA:26,0
DA:27,0
DA:29,0
DA:30,0
DA:31,0
DA:32,0
DA:34,0
DA:35,0
DA:36,0
DA:39,0
DA:40,0
DA:49,0
DA:51,0
DA:52,0
DA:53,0
DA:61,0
DA:64,0
DA:109,0
DA:113,0
DA:133,0
DA:135,0
DA:222,0
DA:233,0
DA:244,0
DA:267,0
DA:358,0
DA:365,0
DA:396,0
DA:397,0
DA:530,0
DA:555,0
LF:38
LH:0
BRDA:26,0,0,0
BRDA:26,0,1,0
BRDA:52,1,0,0
BRDA:52,1,1,0
BRDA:137,2,0,0
BRDA:137,2,1,0
BRDA:152,3,0,0
BRDA:152,3,1,0
BRDA:258,4,0,0
BRDA:258,4,1,0
BRDA:350,5,0,0
BRDA:350,5,1,0
BRDA:368,6,0,0
BRDA:368,6,1,0
BRDA:370,7,0,0
BRDA:370,7,1,0
BRDA:372,8,0,0
BRDA:372,8,1,0
BRDA:388,9,0,0
BRDA:388,9,1,0
BRDA:416,10,0,0
BRDA:416,10,1,0
BRDA:420,11,0,0
BRDA:420,11,1,0
BRDA:442,12,0,0
BRDA:442,12,1,0
BRF:26
BRH:0
end_of_record
TN:
SF:src/components/ToastNotification.tsx
FN:10,(anonymous_9)
FN:18,(anonymous_10)
FN:20,(anonymous_11)
FN:23,(anonymous_12)
FN:27,(anonymous_13)
FN:30,(anonymous_14)
FN:32,(anonymous_15)
FN:37,(anonymous_16)
FN:49,(anonymous_17)
FN:98,(anonymous_18)
FNF:10
FNH:0
FNDA:0,(anonymous_9)
FNDA:0,(anonymous_10)
FNDA:0,(anonymous_11)
FNDA:0,(anonymous_12)
FNDA:0,(anonymous_13)
FNDA:0,(anonymous_14)
FNDA:0,(anonymous_15)
FNDA:0,(anonymous_16)
FNDA:0,(anonymous_17)
FNDA:0,(anonymous_18)
DA:1,0
DA:10,0
DA:15,0
DA:16,0
DA:18,0
DA:20,0
DA:23,0
DA:24,0
DA:27,0
DA:30,0
DA:31,0
DA:32,0
DA:33,0
DA:37,0
DA:38,0
DA:39,0
DA:40,0
DA:41,0
DA:42,0
DA:43,0
DA:44,0
DA:45,0
DA:49,0
DA:50,0
DA:52,0
DA:54,0
DA:56,0
DA:58,0
DA:60,0
DA:64,0
DA:99,0
DA:100,0
DA:115,0
LF:33
LH:0
BRDA:13,0,0,0
BRDA:38,1,0,0
BRDA:38,1,1,0
BRDA:38,1,2,0
BRDA:38,1,3,0
BRDA:38,1,4,0
BRDA:38,1,5,0
BRDA:38,1,6,0
BRDA:50,2,0,0
BRDA:50,2,1,0
BRDA:50,2,2,0
BRDA:50,2,3,0
BRDA:50,2,4,0
BRDA:67,3,0,0
BRDA:67,3,1,0
BRDA:67,4,0,0
BRDA:67,4,1,0
BRDA:96,5,0,0
BRDA:96,5,1,0
BRF:19
BRH:0
end_of_record
TN:
SF:src/components/icons/BuildingLibraryIcon.tsx
FN:3,(anonymous_1)
FNF:1
FNH:0
FNDA:0,(anonymous_1)
DA:1,1
DA:3,1
DA:4,0
DA:16,1
LF:4
LH:3
BRF:0
BRH:0
end_of_record
TN:
SF:src/components/icons/ChatIcon.tsx
FN:4,(anonymous_1)
FNF:1
FNH:0
FNDA:0,(anonymous_1)
DA:2,0
DA:4,0
DA:5,0
LF:3
LH:0
BRF:0
BRH:0
end_of_record
TN:
SF:src/components/icons/ChevronDownIcon.tsx
FN:7,(anonymous_1)
FNF:1
FNH:0
FNDA:0,(anonymous_1)
DA:1,0
DA:7,0
DA:8,0
LF:3
LH:0
BRDA:10,0,0,0
BRDA:10,0,1,0
BRF:2
BRH:0
end_of_record
TN:
SF:src/components/icons/ClipboardDocumentCheckIcon.tsx
FN:3,(anonymous_1)
FNF:1
FNH:0
FNDA:0,(anonymous_1)
DA:1,1
DA:3,1
DA:4,0
DA:17,1
LF:4
LH:3
BRF:0
BRH:0
end_of_record
TN:
SF:src/components/icons/CloseIcon.tsx
FN:4,(anonymous_1)
FNF:1
FNH:0
FNDA:0,(anonymous_1)
DA:2,0
DA:4,0
DA:5,0
LF:3
LH:0
BRF:0
BRH:0
end_of_record
TN:
SF:src/components/icons/DocumentTextIcon.tsx
FN:3,(anonymous_1)
FNF:1
FNH:0
FNDA:0,(anonymous_1)
DA:1,1
DA:3,1
DA:4,0
DA:16,1
LF:4
LH:3
BRF:0
BRH:0
end_of_record
TN:
SF:src/components/icons/InformationCircleIcon.tsx
FN:3,(anonymous_1)
FNF:1
FNH:0
FNDA:0,(anonymous_1)
DA:1,0
DA:3,0
DA:4,0
DA:16,0
LF:4
LH:0
BRF:0
BRH:0
end_of_record
TN:
SF:src/components/icons/MenuIcon.tsx
FN:3,(anonymous_1)
FNF:1
FNH:0
FNDA:0,(anonymous_1)
DA:1,0
DA:3,0
DA:4,0
LF:3
LH:0
BRF:0
BRH:0
end_of_record
TN:
SF:src/components/icons/SendIcon.tsx
FN:4,(anonymous_1)
FNF:1
FNH:0
FNDA:0,(anonymous_1)
DA:2,0
DA:4,0
DA:5,0
LF:3
LH:0
BRF:0
BRH:0
end_of_record
TN:
SF:src/components/icons/UsersIcon.tsx
FN:3,(anonymous_1)
FNF:1
FNH:0
FNDA:0,(anonymous_1)
DA:1,1
DA:3,1
DA:4,0
DA:16,1
LF:4
LH:3
BRF:0
BRH:0
end_of_record
TN:
SF:src/data/featuredPrograms.ts
FNF:0
FNH:0
DA:3,1
LF:1
LH:1
BRF:0
BRH:0
end_of_record
TN:
SF:src/data/latestNews.ts
FNF:0
FNH:0
DA:3,1
LF:1
LH:1
BRF:0
BRH:0
end_of_record
TN:
SF:src/data/parentData.ts
FN:256,getUnreadMessages
FN:257,(anonymous_1)
FN:260,getPendingAssignments
FN:261,(anonymous_3)
FN:266,getUpcomingAssignments
FN:270,(anonymous_5)
FN:276,getAssignmentStats
FN:284,(anonymous_7)
FN:285,(anonymous_8)
FN:286,(anonymous_9)
FN:288,(anonymous_10)
FN:290,(anonymous_11)
FNF:12
FNH:0
FNDA:0,getUnreadMessages
FNDA:0,(anonymous_1)
FNDA:0,getPendingAssignments
FNDA:0,(anonymous_3)
FNDA:0,getUpcomingAssignments
FNDA:0,(anonymous_5)
FNDA:0,getAssignmentStats
FNDA:0,(anonymous_7)
FNDA:0,(anonymous_8)
FNDA:0,(anonymous_9)
FNDA:0,(anonymous_10)
FNDA:0,(anonymous_11)
DA:92,0
DA:106,0
DA:130,0
DA:179,0
DA:219,0
DA:256,0
DA:257,0
DA:260,0
DA:261,0
DA:262,0
DA:266,0
DA:267,0
DA:268,0
DA:270,0
DA:271,0
DA:272,0
DA:276,0
DA:283,0
DA:284,0
DA:285,0
DA:286,0
DA:288,0
DA:289,0
DA:290,0
DA:293,0
LF:25
LH:0
BRDA:262,0,0,0
BRDA:262,0,1,0
BRDA:266,1,0,0
BRDA:272,2,0,0
BRDA:272,2,1,0
BRDA:272,2,2,0
BRDA:284,3,0,0
BRDA:284,3,1,0
BRDA:289,4,0,0
BRDA:289,4,1,0
BRDA:290,5,0,0
BRDA:290,5,1,0
BRF:12
BRH:0
end_of_record
TN:
SF:src/data/relatedLinks.tsx
FNF:0
FNH:0
DA:1,1
DA:2,1
DA:3,1
DA:4,1
DA:5,1
DA:14,1
LF:6
LH:6
BRF:0
BRH:0
end_of_record
TN:
SF:src/data/studentData.ts
FN:342,calculateGPA
FN:343,(anonymous_1)
FN:346,(anonymous_2)
FN:350,getAttendanceStats
FN:359,(anonymous_4)
FN:360,(anonymous_5)
FN:361,(anonymous_6)
FN:362,(anonymous_7)
FN:368,getUnreadAnnouncements
FN:369,(anonymous_9)
FNF:10
FNH:0
FNDA:0,calculateGPA
FNDA:0,(anonymous_1)
FNDA:0,(anonymous_2)
FNDA:0,getAttendanceStats
FNDA:0,(anonymous_4)
FNDA:0,(anonymous_5)
FNDA:0,(anonymous_6)
FNDA:0,(anonymous_7)
FNDA:0,getUnreadAnnouncements
FNDA:0,(anonymous_9)
DA:74,0
DA:89,0
DA:157,0
DA:221,0
DA:275,0
DA:311,0
DA:342,0
DA:343,0
DA:344,0
DA:346,0
DA:347,0
DA:350,0
DA:358,0
DA:359,0
DA:360,0
DA:361,0
DA:362,0
DA:363,0
DA:365,0
DA:368,0
DA:369,0
LF:21
LH:0
BRDA:343,0,0,0
BRDA:343,0,1,0
BRDA:344,1,0,0
BRDA:344,1,1,0
BRDA:346,2,0,0
BRDA:346,2,1,0
BRDA:363,3,0,0
BRDA:363,3,1,0
BRF:8
BRH:0
end_of_record
TN:
SF:src/data/teacherData.ts
FN:192,calculateClassAverage
FN:194,(anonymous_1)
FN:198,getAttendanceStatus
FN:209,getGradeDistribution
FN:216,(anonymous_4)
FNF:5
FNH:0
FNDA:0,calculateClassAverage
FNDA:0,(anonymous_1)
FNDA:0,getAttendanceStatus
FNDA:0,getGradeDistribution
FNDA:0,(anonymous_4)
DA:52,0
DA:65,0
DA:96,0
DA:145,0
DA:173,0
DA:182,0
DA:192,0
DA:193,0
DA:194,0
DA:195,0
DA:198,0
DA:203,0
DA:204,0
DA:205,0
DA:206,0
DA:209,0
DA:215,0
DA:217,0
DA:218,0
DA:219,0
DA:220,0
DA:221,0
LF:22
LH:0
BRDA:193,0,0,0
BRDA:193,0,1,0
BRDA:203,1,0,0
BRDA:203,1,1,0
BRDA:204,2,0,0
BRDA:204,2,1,0
BRDA:205,3,0,0
BRDA:205,3,1,0
BRDA:217,4,0,0
BRDA:217,4,1,0
BRDA:218,5,0,0
BRDA:218,5,1,0
BRDA:219,6,0,0
BRDA:219,6,1,0
BRF:14
BRH:0
end_of_record
TN:
SF:src/hooks/useApi.ts
FN:5,(anonymous_0)
FN:6,(anonymous_1)
FN:7,(anonymous_2)
FN:8,(anonymous_3)
FN:9,(anonymous_4)
FN:10,(anonymous_5)
FN:11,(anonymous_6)
FN:12,(anonymous_7)
FN:13,(anonymous_8)
FN:14,(anonymous_9)
FN:15,(anonymous_10)
FN:16,(anonymous_11)
FN:17,(anonymous_12)
FN:18,(anonymous_13)
FN:19,(anonymous_14)
FN:20,(anonymous_15)
FNF:16
FNH:0
FNDA:0,(anonymous_0)
FNDA:0,(anonymous_1)
FNDA:0,(anonymous_2)
FNDA:0,(anonymous_3)
FNDA:0,(anonymous_4)
FNDA:0,(anonymous_5)
FNDA:0,(anonymous_6)
FNDA:0,(anonymous_7)
FNDA:0,(anonymous_8)
FNDA:0,(anonymous_9)
FNDA:0,(anonymous_10)
FNDA:0,(anonymous_11)
FNDA:0,(anonymous_12)
FNDA:0,(anonymous_13)
FNDA:0,(anonymous_14)
FNDA:0,(anonymous_15)
DA:4,0
DA:5,0
DA:6,0
DA:7,0
DA:8,0
DA:9,0
DA:10,0
DA:11,0
DA:12,0
DA:13,0
DA:14,0
DA:15,0
DA:16,0
DA:17,0
DA:18,0
DA:19,0
DA:20,0
LF:17
LH:0
BRF:0
BRH:0
end_of_record
TN:
SF:src/hooks/useApiQueries.ts
FN:26,(anonymous_0)
FN:36,(anonymous_1)
FN:41,(anonymous_2)
FN:50,(anonymous_3)
FN:58,(anonymous_4)
FN:68,(anonymous_5)
FN:76,(anonymous_6)
FN:86,(anonymous_7)
FN:93,(anonymous_8)
FN:102,(anonymous_9)
FN:109,(anonymous_10)
FN:119,(anonymous_11)
FN:126,(anonymous_12)
FN:136,(anonymous_13)
FN:143,(anonymous_14)
FN:153,(anonymous_15)
FN:160,(anonymous_16)
FN:171,(anonymous_17)
FN:177,(anonymous_18)
FN:189,(anonymous_19)
FN:194,(anonymous_20)
FN:204,(anonymous_21)
FN:209,(anonymous_22)
FN:219,(anonymous_23)
FN:224,(anonymous_24)
FN:236,(anonymous_25)
FN:242,(anonymous_26)
FN:246,(anonymous_27)
FN:257,(anonymous_28)
FN:263,(anonymous_29)
FN:267,(anonymous_30)
FN:277,(anonymous_31)
FN:283,(anonymous_32)
FN:287,(anonymous_33)
FN:297,(anonymous_34)
FN:303,(anonymous_35)
FN:309,(anonymous_36)
FNF:37
FNH:0
FNDA:0,(anonymous_0)
FNDA:0,(anonymous_1)
FNDA:0,(anonymous_2)
FNDA:0,(anonymous_3)
FNDA:0,(anonymous_4)
FNDA:0,(anonymous_5)
FNDA:0,(anonymous_6)
FNDA:0,(anonymous_7)
FNDA:0,(anonymous_8)
FNDA:0,(anonymous_9)
FNDA:0,(anonymous_10)
FNDA:0,(anonymous_11)
FNDA:0,(anonymous_12)
FNDA:0,(anonymous_13)
FNDA:0,(anonymous_14)
FNDA:0,(anonymous_15)
FNDA:0,(anonymous_16)
FNDA:0,(anonymous_17)
FNDA:0,(anonymous_18)
FNDA:0,(anonymous_19)
FNDA:0,(anonymous_20)
FNDA:0,(anonymous_21)
FNDA:0,(anonymous_22)
FNDA:0,(anonymous_23)
FNDA:0,(anonymous_24)
FNDA:0,(anonymous_25)
FNDA:0,(anonymous_26)
FNDA:0,(anonymous_27)
FNDA:0,(anonymous_28)
FNDA:0,(anonymous_29)
FNDA:0,(anonymous_30)
FNDA:0,(anonymous_31)
FNDA:0,(anonymous_32)
FNDA:0,(anonymous_33)
FNDA:0,(anonymous_34)
FNDA:0,(anonymous_35)
FNDA:0,(anonymous_36)
DA:4,0
DA:5,0
DA:19,0
DA:26,0
DA:27,0
DA:28,0
DA:30,0
DA:36,0
DA:39,0
DA:42,0
DA:43,0
DA:50,0
DA:56,0
DA:59,0
DA:60,0
DA:68,0
DA:74,0
DA:77,0
DA:78,0
DA:86,0
DA:91,0
DA:94,0
DA:95,0
DA:102,0
DA:107,0
DA:110,0
DA:111,0
DA:119,0
DA:124,0
DA:127,0
DA:128,0
DA:136,0
DA:141,0
DA:144,0
DA:145,0
DA:153,0
DA:158,0
DA:161,0
DA:162,0
DA:171,0
DA:175,0
DA:178,0
DA:179,0
DA:189,0
DA:192,0
DA:195,0
DA:196,0
DA:204,0
DA:207,0
DA:210,0
DA:211,0
DA:219,0
DA:222,0
DA:225,0
DA:226,0
DA:236,0
DA:239,0
DA:241,0
DA:243,0
DA:244,0
DA:248,0
DA:250,0
DA:257,0
DA:260,0
DA:262,0
DA:264,0
DA:265,0
DA:269,0
DA:270,0
DA:277,0
DA:280,0
DA:282,0
DA:284,0
DA:285,0
DA:289,0
DA:290,0
DA:297,0
DA:300,0
DA:302,0
DA:304,0
DA:305,0
DA:306,0
DA:311,0
DA:317,0
LF:84
LH:0
BRDA:27,0,0,0
BRDA:27,0,1,0
BRDA:27,1,0,0
BRDA:27,1,1,0
BRDA:30,2,0,0
BRDA:30,2,1,0
BRDA:60,3,0,0
BRDA:60,3,1,0
BRDA:78,4,0,0
BRDA:78,4,1,0
BRDA:95,5,0,0
BRDA:95,5,1,0
BRDA:121,6,0,0
BRDA:128,7,0,0
BRDA:128,7,1,0
BRDA:162,8,0,0
BRDA:162,8,1,0
BRDA:179,9,0,0
BRDA:179,9,1,0
BRDA:196,10,0,0
BRDA:196,10,1,0
BRDA:211,11,0,0
BRDA:211,11,1,0
BRDA:226,12,0,0
BRDA:226,12,1,0
BRDA:305,13,0,0
BRDA:305,13,1,0
BRDA:306,14,0,0
BRDA:306,14,1,0
BRF:29
BRH:0
end_of_record
TN:
SF:src/hooks/useAuth.ts
FN:4,(anonymous_0)
FN:8,(anonymous_1)
FN:13,(anonymous_2)
FNF:3
FNH:0
FNDA:0,(anonymous_0)
FNDA:0,(anonymous_1)
FNDA:0,(anonymous_2)
DA:1,0
DA:2,0
DA:4,0
DA:5,0
DA:6,0
DA:8,0
DA:9,0
DA:10,0
DA:13,0
DA:14,0
DA:15,0
DA:16,0
DA:19,0
LF:13
LH:0
BRF:0
BRH:0
end_of_record
TN:
SF:src/hooks/useChatLogic.ts
FN:6,(anonymous_0)
FN:13,(anonymous_1)
FN:21,(anonymous_2)
FN:29,(anonymous_3)
FN:35,(anonymous_4)
FN:43,(anonymous_5)
FN:44,(anonymous_6)
FN:51,(anonymous_7)
FN:52,(anonymous_8)
FN:60,(anonymous_9)
FNF:10
FNH:10
FNDA:250,(anonymous_0)
FNDA:62,(anonymous_1)
FNDA:15,(anonymous_2)
FNDA:15,(anonymous_3)
FNDA:15,(anonymous_4)
FNDA:24,(anonymous_5)
FNDA:74,(anonymous_6)
FNDA:2,(anonymous_7)
FNDA:6,(anonymous_8)
FNDA:13,(anonymous_9)
DA:1,1
DA:3,1
DA:4,1
DA:6,1
DA:7,250
DA:8,250
DA:9,250
DA:10,250
DA:13,250
DA:14,62
DA:15,23
DA:21,250
DA:22,15
DA:23,15
DA:25,15
DA:26,15
DA:29,15
DA:30,15
DA:31,15
DA:34,15
DA:35,15
DA:37,15
DA:38,15
DA:40,15
DA:41,14
DA:42,25
DA:43,25
DA:44,24
DA:45,74
DA:50,2
DA:51,2
DA:52,2
DA:53,6
DA:56,2
DA:58,15
DA:60,15
DA:67,250
LF:37
LH:37
BRDA:14,0,0,23
BRDA:14,0,1,39
BRDA:14,1,0,62
BRDA:14,1,1,61
BRDA:23,2,0,0
BRDA:23,2,1,15
BRDA:23,3,0,15
BRDA:23,3,1,15
BRDA:45,4,0,24
BRDA:45,4,1,50
BRDA:53,5,0,2
BRDA:53,5,1,4
BRF:12
BRH:11
end_of_record
TN:
SF:src/hooks/useErrorReporting.tsx
FN:23,useErrorReporting
FN:27,(anonymous_1)
FN:34,(anonymous_2)
FN:46,(anonymous_3)
FN:58,(anonymous_4)
FN:71,(anonymous_5)
FN:75,(anonymous_6)
FN:79,(anonymous_7)
FN:83,(anonymous_8)
FN:90,(anonymous_9)
FN:110,(anonymous_10)
FN:138,withErrorReporting
FN:142,(anonymous_12)
FN:157,(anonymous_13)
FN:169,(anonymous_14)
FNF:15
FNH:0
FNDA:0,useErrorReporting
FNDA:0,(anonymous_1)
FNDA:0,(anonymous_2)
FNDA:0,(anonymous_3)
FNDA:0,(anonymous_4)
FNDA:0,(anonymous_5)
FNDA:0,(anonymous_6)
FNDA:0,(anonymous_7)
FNDA:0,(anonymous_8)
FNDA:0,(anonymous_9)
FNDA:0,(anonymous_10)
FNDA:0,withErrorReporting
FNDA:0,(anonymous_12)
FNDA:0,(anonymous_13)
FNDA:0,(anonymous_14)
DA:4,0
DA:5,0
DA:23,0
DA:24,0
DA:25,0
DA:27,0
DA:28,0
DA:34,0
DA:35,0
DA:36,0
DA:38,0
DA:46,0
DA:47,0
DA:48,0
DA:50,0
DA:58,0
DA:63,0
DA:71,0
DA:72,0
DA:75,0
DA:76,0
DA:79,0
DA:80,0
DA:83,0
DA:84,0
DA:88,0
DA:89,0
DA:90,0
DA:91,0
DA:92,0
DA:101,0
DA:102,0
DA:105,0
DA:109,0
DA:110,0
DA:111,0
DA:113,0
DA:119,0
DA:120,0
DA:125,0
DA:138,0
DA:142,0
DA:143,0
DA:148,0
DA:151,0
DA:153,0
DA:157,0
DA:162,0
DA:169,0
DA:174,0
DA:175,0
DA:177,0
DA:182,0
DA:186,0
LF:54
LH:0
BRDA:23,0,0,0
BRDA:25,1,0,0
BRDA:25,2,0,0
BRDA:88,3,0,0
BRDA:88,3,1,0
BRDA:88,4,0,0
BRDA:88,4,1,0
BRDA:91,5,0,0
BRDA:91,5,1,0
BRDA:101,6,0,0
BRDA:101,6,1,0
BRDA:111,7,0,0
BRDA:111,7,1,0
BRDA:119,8,0,0
BRDA:119,8,1,0
BRDA:140,9,0,0
BRDA:144,10,0,0
BRDA:144,10,1,0
BRDA:151,11,0,0
BRDA:151,11,1,0
BRDA:178,12,0,0
BRDA:178,12,1,0
BRF:22
BRH:0
end_of_record
TN:
SF:src/hooks/useKeyboardNavigation.ts
FN:4,(anonymous_0)
FN:5,(anonymous_1)
FN:11,(anonymous_2)
FN:18,(anonymous_3)
FN:106,(anonymous_4)
FN:108,(anonymous_5)
FN:117,(anonymous_6)
FN:118,(anonymous_7)
FN:126,(anonymous_8)
FN:147,(anonymous_9)
FN:152,(anonymous_10)
FN:163,(anonymous_11)
FN:164,(anonymous_12)
FN:174,(anonymous_13)
FN:179,(anonymous_14)
FN:183,(anonymous_15)
FN:187,(anonymous_16)
FN:200,(anonymous_17)
FN:203,(anonymous_18)
FN:207,(anonymous_19)
FNF:20
FNH:0
FNDA:0,(anonymous_0)
FNDA:0,(anonymous_1)
FNDA:0,(anonymous_2)
FNDA:0,(anonymous_3)
FNDA:0,(anonymous_4)
FNDA:0,(anonymous_5)
FNDA:0,(anonymous_6)
FNDA:0,(anonymous_7)
FNDA:0,(anonymous_8)
FNDA:0,(anonymous_9)
FNDA:0,(anonymous_10)
FNDA:0,(anonymous_11)
FNDA:0,(anonymous_12)
FNDA:0,(anonymous_13)
FNDA:0,(anonymous_14)
FNDA:0,(anonymous_15)
FNDA:0,(anonymous_16)
FNDA:0,(anonymous_17)
FNDA:0,(anonymous_18)
FNDA:0,(anonymous_19)
DA:1,0
DA:4,0
DA:5,0
DA:7,0
DA:10,0
DA:11,0
DA:12,0
DA:13,0
DA:17,0
DA:18,0
DA:19,0
DA:20,0
DA:22,0
DA:26,0
DA:30,0
DA:31,0
DA:34,0
DA:36,0
DA:37,0
DA:38,0
DA:42,0
DA:43,0
DA:44,0
DA:47,0
DA:52,0
DA:53,0
DA:54,0
DA:55,0
DA:57,0
DA:61,0
DA:62,0
DA:63,0
DA:64,0
DA:65,0
DA:66,0
DA:67,0
DA:69,0
DA:73,0
DA:74,0
DA:75,0
DA:76,0
DA:77,0
DA:78,0
DA:79,0
DA:81,0
DA:85,0
DA:86,0
DA:87,0
DA:88,0
DA:89,0
DA:91,0
DA:95,0
DA:96,0
DA:97,0
DA:98,0
DA:99,0
DA:100,0
DA:102,0
DA:106,0
DA:107,0
DA:108,0
DA:111,0
DA:117,0
DA:118,0
DA:119,0
DA:123,0
DA:124,0
DA:126,0
DA:127,0
DA:128,0
DA:129,0
DA:130,0
DA:131,0
DA:134,0
DA:135,0
DA:136,0
DA:142,0
DA:145,0
DA:147,0
DA:148,0
DA:152,0
DA:153,0
DA:156,0
DA:163,0
DA:164,0
DA:165,0
DA:166,0
DA:167,0
DA:168,0
DA:169,0
DA:171,0
DA:174,0
DA:175,0
DA:179,0
DA:180,0
DA:183,0
DA:184,0
DA:187,0
DA:188,0
DA:191,0
DA:200,0
DA:201,0
DA:203,0
DA:204,0
DA:207,0
DA:208,0
DA:211,0
LF:107
LH:0
BRDA:7,0,0,0
BRDA:7,0,1,0
BRDA:7,0,2,0
BRDA:7,0,3,0
BRDA:7,0,4,0
BRDA:7,0,5,0
BRDA:7,0,6,0
BRDA:7,0,7,0
BRDA:34,1,0,0
BRDA:34,1,1,0
BRDA:36,2,0,0
BRDA:36,2,1,0
BRDA:42,3,0,0
BRDA:42,3,1,0
BRDA:53,4,0,0
BRDA:53,4,1,0
BRDA:53,5,0,0
BRDA:53,5,1,0
BRDA:61,6,0,0
BRDA:61,6,1,0
BRDA:73,7,0,0
BRDA:73,7,1,0
BRDA:78,8,0,0
BRDA:78,8,1,0
BRDA:85,9,0,0
BRDA:85,9,1,0
BRDA:95,10,0,0
BRDA:95,10,1,0
BRDA:127,11,0,0
BRDA:127,11,1,0
BRDA:128,12,0,0
BRDA:128,12,1,0
BRDA:129,13,0,0
BRDA:129,13,1,0
BRDA:134,14,0,0
BRDA:134,14,1,0
BRDA:164,15,0,0
BRDA:204,16,0,0
BRDA:204,16,1,0
BRDA:207,17,0,0
BRDA:208,18,0,0
BRDA:208,18,1,0
BRF:42
BRH:0
end_of_record
TN:
SF:src/hooks/useMemoryBank.ts
FN:7,useMemoryBank
FN:8,(anonymous_1)
FN:13,(anonymous_2)
FN:17,(anonymous_3)
FN:31,(anonymous_4)
FN:38,(anonymous_5)
FN:46,(anonymous_6)
FN:58,(anonymous_7)
FN:67,(anonymous_8)
FN:70,(anonymous_9)
FN:70,(anonymous_10)
FN:77,(anonymous_11)
FN:90,(anonymous_12)
FNF:13
FNH:0
FNDA:0,useMemoryBank
FNDA:0,(anonymous_1)
FNDA:0,(anonymous_2)
FNDA:0,(anonymous_3)
FNDA:0,(anonymous_4)
FNDA:0,(anonymous_5)
FNDA:0,(anonymous_6)
FNDA:0,(anonymous_7)
FNDA:0,(anonymous_8)
FNDA:0,(anonymous_9)
FNDA:0,(anonymous_10)
FNDA:0,(anonymous_11)
FNDA:0,(anonymous_12)
DA:1,0
DA:2,0
DA:7,0
DA:8,0
DA:9,0
DA:10,0
DA:13,0
DA:14,0
DA:17,0
DA:18,0
DA:19,0
DA:20,0
DA:23,0
DA:25,0
DA:27,0
DA:31,0
DA:36,0
DA:37,0
DA:38,0
DA:39,0
DA:41,0
DA:42,0
DA:46,0
DA:47,0
DA:48,0
DA:49,0
DA:51,0
DA:52,0
DA:54,0
DA:58,0
DA:59,0
DA:60,0
DA:62,0
DA:63,0
DA:67,0
DA:68,0
DA:69,0
DA:70,0
DA:72,0
DA:73,0
DA:77,0
DA:78,0
DA:79,0
DA:80,0
DA:81,0
DA:83,0
DA:84,0
DA:86,0
DA:90,0
DA:91,0
DA:92,0
DA:94,0
DA:95,0
DA:99,0
LF:54
LH:0
BRDA:17,0,0,0
BRDA:58,1,0,0
BRF:2
BRH:0
end_of_record
TN:
SF:src/hooks/useResponsiveMenu.ts
FN:3,(anonymous_0)
FN:6,(anonymous_1)
FN:7,(anonymous_2)
FN:14,(anonymous_3)
FNF:4
FNH:4
FNDA:24,(anonymous_0)
FNDA:19,(anonymous_1)
FNDA:1,(anonymous_2)
FNDA:19,(anonymous_3)
DA:1,1
DA:3,1
DA:4,24
DA:6,24
DA:7,19
DA:8,1
DA:9,1
DA:13,19
DA:14,19
DA:17,24
LF:10
LH:10
BRDA:8,0,0,1
BRDA:8,0,1,0
BRF:2
BRH:1
end_of_record
TN:
SF:src/hooks/useScrollEffect.ts
FN:3,(anonymous_0)
FN:6,(anonymous_1)
FN:7,(anonymous_2)
FN:12,(anonymous_3)
FNF:4
FNH:4
FNDA:24,(anonymous_0)
FNDA:19,(anonymous_1)
FNDA:1,(anonymous_2)
FNDA:19,(anonymous_3)
DA:1,1
DA:3,1
DA:4,24
DA:6,24
DA:7,19
DA:8,1
DA:11,19
DA:12,19
DA:15,24
LF:9
LH:9
BRDA:3,0,0,24
BRF:1
BRH:1
end_of_record
TN:
SF:src/hooks/useTouchFeedback.ts
FN:10,(anonymous_0)
FN:21,(anonymous_1)
FN:27,(anonymous_2)
FN:36,(anonymous_3)
FN:42,(anonymous_4)
FN:49,(anonymous_5)
FNF:6
FNH:1
FNDA:298,(anonymous_0)
FNDA:0,(anonymous_1)
FNDA:0,(anonymous_2)
FNDA:0,(anonymous_3)
FNDA:0,(anonymous_4)
FNDA:0,(anonymous_5)
DA:1,2
DA:10,2
DA:11,298
DA:12,298
DA:19,298
DA:21,298
DA:22,0
DA:23,0
DA:27,298
DA:28,0
DA:30,0
DA:32,0
DA:33,0
DA:36,0
DA:37,0
DA:38,0
DA:42,298
DA:43,0
DA:45,0
DA:46,0
DA:49,298
DA:50,0
DA:51,0
DA:52,0
DA:56,298
LF:25
LH:10
BRDA:10,0,0,274
BRDA:15,1,0,274
BRDA:16,2,0,274
BRDA:17,3,0,298
BRDA:18,4,0,298
BRDA:22,5,0,0
BRDA:22,5,1,0
BRDA:22,6,0,0
BRDA:22,6,1,0
BRDA:28,7,0,0
BRDA:28,7,1,0
BRDA:32,8,0,0
BRDA:32,8,1,0
BRDA:50,9,0,0
BRDA:50,9,1,0
BRF:15
BRH:5
end_of_record
TN:
SF:src/hooks/useTouchGestures.ts
FN:21,(anonymous_0)
FN:38,(anonymous_1)
FN:44,(anonymous_2)
FN:50,(anonymous_3)
FN:62,(anonymous_4)
FN:69,(anonymous_5)
FN:118,(anonymous_6)
FN:135,(anonymous_7)
FN:144,(anonymous_8)
FNF:9
FNH:2
FNDA:274,(anonymous_0)
FNDA:0,(anonymous_1)
FNDA:0,(anonymous_2)
FNDA:0,(anonymous_3)
FNDA:0,(anonymous_4)
FNDA:0,(anonymous_5)
FNDA:0,(anonymous_6)
FNDA:48,(anonymous_7)
FNDA:0,(anonymous_8)
DA:1,2
DA:21,2
DA:22,274
DA:23,274
DA:24,274
DA:36,274
DA:38,274
DA:39,0
DA:40,0
DA:41,0
DA:44,274
DA:45,0
DA:46,0
DA:47,0
DA:50,274
DA:51,0
DA:52,0
DA:54,0
DA:61,0
DA:62,0
DA:63,0
DA:64,0
DA:69,274
DA:70,0
DA:72,0
DA:73,0
DA:74,0
DA:80,0
DA:81,0
DA:84,0
DA:85,0
DA:86,0
DA:90,0
DA:91,0
DA:92,0
DA:93,0
DA:97,0
DA:98,0
DA:100,0
DA:102,0
DA:103,0
DA:105,0
DA:106,0
DA:108,0
DA:109,0
DA:111,0
DA:115,0
DA:118,274
DA:120,0
DA:121,0
DA:122,0
DA:128,0
DA:129,0
DA:130,0
DA:135,274
DA:136,48
DA:137,48
DA:140,0
DA:141,0
DA:142,0
DA:144,0
DA:145,0
DA:146,0
DA:147,0
DA:149,0
DA:150,0
DA:155,274
LF:67
LH:15
BRDA:33,0,0,274
BRDA:34,1,0,274
BRDA:35,2,0,274
BRDA:61,3,0,0
BRDA:61,3,1,0
BRDA:70,4,0,0
BRDA:70,4,1,0
BRDA:84,5,0,0
BRDA:84,5,1,0
BRDA:90,6,0,0
BRDA:90,6,1,0
BRDA:90,7,0,0
BRDA:90,7,1,0
BRDA:90,7,2,0
BRDA:97,8,0,0
BRDA:97,8,1,0
BRDA:97,9,0,0
BRDA:97,9,1,0
BRDA:100,10,0,0
BRDA:100,10,1,0
BRDA:100,11,0,0
BRDA:100,11,1,0
BRDA:103,12,0,0
BRDA:103,12,1,0
BRDA:103,13,0,0
BRDA:103,13,1,0
BRDA:106,14,0,0
BRDA:106,14,1,0
BRDA:106,15,0,0
BRDA:106,15,1,0
BRDA:109,16,0,0
BRDA:109,16,1,0
BRDA:109,17,0,0
BRDA:109,17,1,0
BRDA:120,18,0,0
BRDA:120,18,1,0
BRDA:120,19,0,0
BRDA:120,19,1,0
BRDA:128,20,0,0
BRDA:128,20,1,0
BRDA:137,21,0,48
BRDA:137,21,1,0
BRDA:149,22,0,0
BRDA:149,22,1,0
BRF:44
BRH:4
end_of_record
TN:
SF:src/hooks/useWebP.tsx
FN:19,(anonymous_0)
FN:23,(anonymous_1)
FN:34,(anonymous_2)
FN:38,(anonymous_3)
FN:45,(anonymous_4)
FN:63,(anonymous_5)
FNF:6
FNH:5
FNDA:10,(anonymous_0)
FNDA:10,(anonymous_1)
FNDA:2,(anonymous_2)
FNDA:0,(anonymous_3)
FNDA:10,(anonymous_4)
FNDA:10,(anonymous_5)
DA:1,2
DA:2,2
DA:12,2
DA:19,2
DA:20,10
DA:21,10
DA:23,10
DA:25,10
DA:26,8
DA:27,8
DA:31,2
DA:33,2
DA:35,2
DA:36,2
DA:39,0
DA:40,0
DA:41,0
DA:45,10
DA:46,10
DA:49,10
DA:55,10
DA:63,2
DA:64,10
DA:66,10
DA:67,0
DA:70,10
DA:73,2
LF:27
LH:23
BRDA:25,0,0,8
BRDA:25,0,1,2
BRDA:45,1,0,5
BRDA:66,2,0,0
BRDA:66,2,1,10
BRF:5
BRH:4
end_of_record
TN:
SF:src/memory/MemoryBank.ts
FN:21,(anonymous_0)
FN:37,(anonymous_1)
FN:53,(anonymous_2)
FN:60,(anonymous_3)
FN:72,(anonymous_4)
FN:82,(anonymous_5)
FN:92,(anonymous_6)
FN:99,(anonymous_7)
FN:109,(anonymous_8)
FN:116,(anonymous_9)
FN:129,(anonymous_10)
FN:145,(anonymous_11)
FN:151,(anonymous_12)
FN:166,(anonymous_13)
FN:175,(anonymous_14)
FN:191,(anonymous_15)
FN:204,(anonymous_16)
FN:211,(anonymous_17)
FNF:18
FNH:0
FNDA:0,(anonymous_0)
FNDA:0,(anonymous_1)
FNDA:0,(anonymous_2)
FNDA:0,(anonymous_3)
FNDA:0,(anonymous_4)
FNDA:0,(anonymous_5)
FNDA:0,(anonymous_6)
FNDA:0,(anonymous_7)
FNDA:0,(anonymous_8)
FNDA:0,(anonymous_9)
FNDA:0,(anonymous_10)
FNDA:0,(anonymous_11)
FNDA:0,(anonymous_12)
FNDA:0,(anonymous_13)
FNDA:0,(anonymous_14)
FNDA:0,(anonymous_15)
FNDA:0,(anonymous_16)
FNDA:0,(anonymous_17)
DA:10,0
DA:16,0
DA:17,0
DA:18,0
DA:19,0
DA:22,0
DA:30,0
DA:31,0
DA:42,0
DA:45,0
DA:47,0
DA:54,0
DA:61,0
DA:64,0
DA:66,0
DA:73,0
DA:76,0
DA:83,0
DA:86,0
DA:93,0
DA:100,0
DA:103,0
DA:110,0
DA:120,0
DA:121,0
DA:123,0
DA:133,0
DA:134,0
DA:135,0
DA:136,0
DA:137,0
DA:149,0
DA:150,0
DA:151,0
DA:152,0
DA:153,0
DA:155,0
DA:164,0
DA:168,0
DA:169,0
DA:170,0
DA:173,0
DA:175,0
DA:176,0
DA:177,0
DA:178,0
DA:179,0
DA:182,0
DA:192,0
DA:193,0
DA:194,0
DA:198,0
DA:205,0
DA:212,0
DA:213,0
LF:55
LH:0
BRDA:92,0,0,0
BRDA:120,1,0,0
BRDA:120,1,1,0
BRDA:134,2,0,0
BRDA:134,2,1,0
BRDA:136,3,0,0
BRDA:136,3,1,0
BRDA:150,4,0,0
BRDA:150,4,1,0
BRDA:168,5,0,0
BRDA:168,5,1,0
BRDA:173,6,0,0
BRDA:173,6,1,0
BRDA:178,7,0,0
BRDA:178,7,1,0
BRDA:178,8,0,0
BRDA:178,8,1,0
BRDA:178,9,0,0
BRDA:178,9,1,0
BRDA:192,10,0,0
BRDA:192,10,1,0
BRF:21
BRH:0
end_of_record
TN:
SF:src/memory/config.ts
FN:18,(anonymous_9)
FN:19,(anonymous_10)
FNF:2
FNH:0
FNDA:0,(anonymous_9)
FNDA:0,(anonymous_10)
DA:2,0
DA:7,0
DA:18,0
DA:19,0
DA:21,0
DA:38,0
LF:6
LH:0
BRF:0
BRH:0
end_of_record
TN:
SF:src/memory/index.ts
FN:2,(anonymous_4)
FN:3,(anonymous_5)
FN:6,(anonymous_6)
FN:7,(anonymous_7)
FNF:4
FNH:0
FNDA:0,(anonymous_4)
FNDA:0,(anonymous_5)
FNDA:0,(anonymous_6)
FNDA:0,(anonymous_7)
DA:2,0
DA:3,0
DA:6,0
DA:7,0
DA:10,0
DA:13,0
DA:16,0
LF:7
LH:0
BRF:0
BRH:0
end_of_record
TN:
SF:src/memory/services/MemoryService.ts
FN:20,(anonymous_0)
FN:28,(anonymous_1)
FN:52,(anonymous_2)
FN:70,(anonymous_3)
FN:77,(anonymous_4)
FN:92,(anonymous_5)
FN:99,(anonymous_6)
FN:104,(anonymous_7)
FN:112,(anonymous_8)
FN:135,(anonymous_9)
FN:136,(anonymous_10)
FN:138,(anonymous_11)
FN:146,(anonymous_12)
FN:155,(anonymous_13)
FN:179,(anonymous_14)
FN:182,(anonymous_15)
FN:188,(anonymous_16)
FN:213,(anonymous_17)
FN:220,(anonymous_18)
FN:228,(anonymous_19)
FN:267,(anonymous_20)
FN:274,(anonymous_21)
FNF:22
FNH:0
FNDA:0,(anonymous_0)
FNDA:0,(anonymous_1)
FNDA:0,(anonymous_2)
FNDA:0,(anonymous_3)
FNDA:0,(anonymous_4)
FNDA:0,(anonymous_5)
FNDA:0,(anonymous_6)
FNDA:0,(anonymous_7)
FNDA:0,(anonymous_8)
FNDA:0,(anonymous_9)
FNDA:0,(anonymous_10)
FNDA:0,(anonymous_11)
FNDA:0,(anonymous_12)
FNDA:0,(anonymous_13)
FNDA:0,(anonymous_14)
FNDA:0,(anonymous_15)
FNDA:0,(anonymous_16)
FNDA:0,(anonymous_17)
FNDA:0,(anonymous_18)
FNDA:0,(anonymous_19)
FNDA:0,(anonymous_20)
FNDA:0,(anonymous_21)
DA:10,0
DA:16,0
DA:17,0
DA:18,0
DA:21,0
DA:22,0
DA:33,0
DA:35,0
DA:45,0
DA:46,0
DA:53,0
DA:55,0
DA:57,0
DA:61,0
DA:64,0
DA:71,0
DA:79,0
DA:80,0
DA:81,0
DA:82,0
DA:86,0
DA:93,0
DA:101,0
DA:103,0
DA:105,0
DA:106,0
DA:107,0
DA:109,0
DA:112,0
DA:113,0
DA:114,0
DA:115,0
DA:120,0
DA:121,0
DA:125,0
DA:126,0
DA:127,0
DA:130,0
DA:131,0
DA:133,0
DA:135,0
DA:136,0
DA:138,0
DA:140,0
DA:147,0
DA:148,0
DA:150,0
DA:151,0
DA:155,0
DA:156,0
DA:158,0
DA:161,0
DA:165,0
DA:166,0
DA:169,0
DA:170,0
DA:173,0
DA:180,0
DA:182,0
DA:183,0
DA:184,0
DA:187,0
DA:188,0
DA:192,0
DA:193,0
DA:194,0
DA:195,0
DA:196,0
DA:198,0
DA:202,0
DA:214,0
DA:221,0
DA:222,0
DA:229,0
DA:230,0
DA:233,0
DA:234,0
DA:235,0
DA:237,0
DA:238,0
DA:239,0
DA:243,0
DA:244,0
DA:246,0
DA:247,0
DA:250,0
DA:251,0
DA:253,0
DA:257,0
DA:259,0
DA:260,0
DA:268,0
DA:275,0
DA:280,0
LF:94
LH:0
BRDA:41,0,0,0
BRDA:41,0,1,0
BRDA:55,1,0,0
BRDA:55,1,1,0
BRDA:79,2,0,0
BRDA:79,2,1,0
BRDA:81,3,0,0
BRDA:81,3,1,0
BRDA:99,4,0,0
BRDA:107,5,0,0
BRDA:107,5,1,0
BRDA:113,6,0,0
BRDA:113,6,1,0
BRDA:114,7,0,0
BRDA:114,7,1,0
BRDA:120,8,0,0
BRDA:120,8,1,0
BRDA:120,9,0,0
BRDA:120,9,1,0
BRDA:148,10,0,0
BRDA:148,10,1,0
BRDA:150,11,0,0
BRDA:150,11,1,0
BRDA:183,12,0,0
BRDA:183,12,1,0
BRDA:187,13,0,0
BRDA:187,13,1,0
BRDA:193,14,0,0
BRDA:193,14,1,0
BRDA:196,15,0,0
BRDA:196,15,1,0
BRDA:237,16,0,0
BRDA:237,16,1,0
BRDA:237,17,0,0
BRDA:237,17,1,0
BRDA:237,17,2,0
BRDA:243,18,0,0
BRDA:243,18,1,0
BRDA:246,19,0,0
BRDA:246,19,1,0
BRDA:246,20,0,0
BRDA:246,20,1,0
BRDA:274,21,0,0
BRF:43
BRH:0
end_of_record
TN:
SF:src/memory/storage/CloudStorageAdapter.ts
FN:23,(anonymous_0)
FN:39,(anonymous_1)
FN:67,(anonymous_2)
FN:94,(anonymous_3)
FN:104,(anonymous_4)
FN:127,(anonymous_5)
FN:137,(anonymous_6)
FN:161,(anonymous_7)
FN:184,(anonymous_8)
FN:197,(anonymous_9)
FN:207,(anonymous_10)
FN:227,(anonymous_11)
FN:238,(anonymous_12)
FN:260,(anonymous_13)
FN:278,(anonymous_14)
FNF:15
FNH:0
FNDA:0,(anonymous_0)
FNDA:0,(anonymous_1)
FNDA:0,(anonymous_2)
FNDA:0,(anonymous_3)
FNDA:0,(anonymous_4)
FNDA:0,(anonymous_5)
FNDA:0,(anonymous_6)
FNDA:0,(anonymous_7)
FNDA:0,(anonymous_8)
FNDA:0,(anonymous_9)
FNDA:0,(anonymous_10)
FNDA:0,(anonymous_11)
FNDA:0,(anonymous_12)
FNDA:0,(anonymous_13)
FNDA:0,(anonymous_14)
DA:18,0
DA:19,0
DA:20,0
DA:21,0
DA:24,0
DA:29,0
DA:30,0
DA:40,0
DA:41,0
DA:48,0
DA:49,0
DA:52,0
DA:55,0
DA:56,0
DA:59,0
DA:60,0
DA:68,0
DA:69,0
DA:75,0
DA:76,0
DA:79,0
DA:80,0
DA:83,0
DA:84,0
DA:86,0
DA:87,0
DA:95,0
DA:96,0
DA:98,0
DA:99,0
DA:100,0
DA:101,0
DA:103,0
DA:104,0
DA:105,0
DA:108,0
DA:109,0
DA:110,0
DA:112,0
DA:113,0
DA:116,0
DA:122,0
DA:123,0
DA:126,0
DA:127,0
DA:129,0
DA:130,0
DA:138,0
DA:139,0
DA:146,0
DA:147,0
DA:148,0
DA:150,0
DA:153,0
DA:154,0
DA:162,0
DA:163,0
DA:169,0
DA:170,0
DA:171,0
DA:173,0
DA:176,0
DA:177,0
DA:185,0
DA:186,0
DA:192,0
DA:193,0
DA:196,0
DA:197,0
DA:199,0
DA:200,0
DA:208,0
DA:209,0
DA:215,0
DA:216,0
DA:219,0
DA:220,0
DA:228,0
DA:239,0
DA:240,0
DA:246,0
DA:247,0
DA:250,0
DA:252,0
DA:253,0
DA:261,0
DA:262,0
DA:268,0
DA:270,0
DA:271,0
DA:279,0
DA:280,0
DA:281,0
LF:93
LH:0
BRDA:32,0,0,0
BRDA:32,0,1,0
BRDA:48,1,0,0
BRDA:48,1,1,0
BRDA:55,2,0,0
BRDA:55,2,1,0
BRDA:55,3,0,0
BRDA:55,3,1,0
BRDA:75,4,0,0
BRDA:75,4,1,0
BRDA:79,5,0,0
BRDA:79,5,1,0
BRDA:98,6,0,0
BRDA:98,6,1,0
BRDA:99,7,0,0
BRDA:99,7,1,0
BRDA:100,8,0,0
BRDA:100,8,1,0
BRDA:103,9,0,0
BRDA:103,9,1,0
BRDA:108,10,0,0
BRDA:108,10,1,0
BRDA:112,11,0,0
BRDA:112,11,1,0
BRDA:122,12,0,0
BRDA:122,12,1,0
BRDA:146,13,0,0
BRDA:146,13,1,0
BRDA:147,14,0,0
BRDA:147,14,1,0
BRDA:169,15,0,0
BRDA:169,15,1,0
BRDA:170,16,0,0
BRDA:170,16,1,0
BRDA:192,17,0,0
BRDA:192,17,1,0
BRDA:215,18,0,0
BRDA:215,18,1,0
BRDA:231,19,0,0
BRDA:231,19,1,0
BRDA:246,20,0,0
BRDA:246,20,1,0
BRDA:280,21,0,0
BRDA:280,21,1,0
BRDA:283,22,0,0
BRDA:283,22,1,0
BRF:46
BRH:0
end_of_record
TN:
SF:src/memory/storage/LocalStorageAdapter.ts
FN:11,(anonymous_0)
FN:20,(anonymous_1)
FN:23,(anonymous_2)
FN:42,(anonymous_3)
FN:45,(anonymous_4)
FN:55,(anonymous_5)
FN:61,(anonymous_6)
FN:66,(anonymous_7)
FN:71,(anonymous_8)
FN:72,(anonymous_9)
FN:82,(anonymous_10)
FN:90,(anonymous_11)
FN:96,(anonymous_12)
FN:117,(anonymous_13)
FN:141,(anonymous_14)
FN:144,(anonymous_15)
FN:161,(anonymous_16)
FN:168,(anonymous_17)
FN:181,(anonymous_18)
FN:191,(anonymous_19)
FN:205,(anonymous_20)
FN:220,(anonymous_21)
FN:233,(anonymous_22)
FN:234,(anonymous_23)
FN:242,(anonymous_24)
FNF:25
FNH:0
FNDA:0,(anonymous_0)
FNDA:0,(anonymous_1)
FNDA:0,(anonymous_2)
FNDA:0,(anonymous_3)
FNDA:0,(anonymous_4)
FNDA:0,(anonymous_5)
FNDA:0,(anonymous_6)
FNDA:0,(anonymous_7)
FNDA:0,(anonymous_8)
FNDA:0,(anonymous_9)
FNDA:0,(anonymous_10)
FNDA:0,(anonymous_11)
FNDA:0,(anonymous_12)
FNDA:0,(anonymous_13)
FNDA:0,(anonymous_14)
FNDA:0,(anonymous_15)
FNDA:0,(anonymous_16)
FNDA:0,(anonymous_17)
FNDA:0,(anonymous_18)
FNDA:0,(anonymous_19)
FNDA:0,(anonymous_20)
FNDA:0,(anonymous_21)
FNDA:0,(anonymous_22)
FNDA:0,(anonymous_23)
FNDA:0,(anonymous_24)
DA:7,0
DA:8,0
DA:9,0
DA:12,0
DA:13,0
DA:21,0
DA:22,0
DA:23,0
DA:25,0
DA:26,0
DA:28,0
DA:31,0
DA:32,0
DA:34,0
DA:35,0
DA:43,0
DA:44,0
DA:45,0
DA:47,0
DA:48,0
DA:56,0
DA:57,0
DA:60,0
DA:61,0
DA:65,0
DA:66,0
DA:70,0
DA:71,0
DA:72,0
DA:73,0
DA:79,0
DA:80,0
DA:81,0
DA:82,0
DA:83,0
DA:84,0
DA:89,0
DA:90,0
DA:91,0
DA:96,0
DA:97,0
DA:98,0
DA:99,0
DA:103,0
DA:104,0
DA:107,0
DA:109,0
DA:110,0
DA:118,0
DA:119,0
DA:120,0
DA:121,0
DA:124,0
DA:131,0
DA:133,0
DA:134,0
DA:142,0
DA:143,0
DA:144,0
DA:146,0
DA:147,0
DA:150,0
DA:151,0
DA:153,0
DA:154,0
DA:162,0
DA:169,0
DA:170,0
DA:171,0
DA:173,0
DA:174,0
DA:182,0
DA:183,0
DA:184,0
DA:185,0
DA:188,0
DA:191,0
DA:197,0
DA:198,0
DA:206,0
DA:207,0
DA:211,0
DA:213,0
DA:221,0
DA:222,0
DA:223,0
DA:225,0
DA:226,0
DA:234,0
DA:235,0
DA:243,0
DA:244,0
LF:92
LH:0
BRDA:12,0,0,0
BRDA:12,0,1,0
BRDA:25,1,0,0
BRDA:25,1,1,0
BRDA:45,2,0,0
BRDA:45,2,1,0
BRDA:60,3,0,0
BRDA:60,3,1,0
BRDA:65,4,0,0
BRDA:65,4,1,0
BRDA:70,5,0,0
BRDA:70,5,1,0
BRDA:70,6,0,0
BRDA:70,6,1,0
BRDA:79,7,0,0
BRDA:79,7,1,0
BRDA:84,8,0,0
BRDA:84,8,1,0
BRDA:89,9,0,0
BRDA:89,9,1,0
BRDA:91,10,0,0
BRDA:91,10,1,0
BRDA:103,11,0,0
BRDA:103,11,1,0
BRDA:120,12,0,0
BRDA:120,12,1,0
BRDA:146,13,0,0
BRDA:146,13,1,0
BRDA:184,14,0,0
BRDA:184,14,1,0
BRDA:194,15,0,0
BRDA:194,15,1,0
BRDA:223,16,0,0
BRDA:223,16,1,0
BRF:34
BRH:0
end_of_record
TN:
SF:src/memory/utils/memoryUtils.ts
FN:11,generateMemoryId
FN:18,calculateImportance
FN:46,(anonymous_2)
FN:71,extractKeywords
FN:83,(anonymous_4)
FN:87,(anonymous_5)
FN:93,(anonymous_6)
FN:95,(anonymous_7)
FN:101,calculateSimilarity
FN:105,(anonymous_9)
FN:114,filterRelevantMemories
FN:120,(anonymous_11)
FN:124,(anonymous_12)
FN:125,(anonymous_13)
FN:126,(anonymous_14)
FN:132,groupMemoriesByType
FN:133,(anonymous_16)
FN:146,getMemoryStatistics
FN:163,(anonymous_18)
FN:168,(anonymous_19)
FN:170,(anonymous_20)
FN:186,validateMemory
FN:204,createQueryFromText
FN:235,formatMemoryForDisplay
FN:246,mergeMemories
FN:272,(anonymous_25)
FN:273,(anonymous_26)
FN:295,cleanMemoryContent
FN:306,estimateMemorySize
FNF:29
FNH:0
FNDA:0,generateMemoryId
FNDA:0,calculateImportance
FNDA:0,(anonymous_2)
FNDA:0,extractKeywords
FNDA:0,(anonymous_4)
FNDA:0,(anonymous_5)
FNDA:0,(anonymous_6)
FNDA:0,(anonymous_7)
FNDA:0,calculateSimilarity
FNDA:0,(anonymous_9)
FNDA:0,filterRelevantMemories
FNDA:0,(anonymous_11)
FNDA:0,(anonymous_12)
FNDA:0,(anonymous_13)
FNDA:0,(anonymous_14)
FNDA:0,groupMemoriesByType
FNDA:0,(anonymous_16)
FNDA:0,getMemoryStatistics
FNDA:0,(anonymous_18)
FNDA:0,(anonymous_19)
FNDA:0,(anonymous_20)
FNDA:0,validateMemory
FNDA:0,createQueryFromText
FNDA:0,formatMemoryForDisplay
FNDA:0,mergeMemories
FNDA:0,(anonymous_25)
FNDA:0,(anonymous_26)
FNDA:0,cleanMemoryContent
FNDA:0,estimateMemorySize
DA:11,0
DA:12,0
DA:18,0
DA:23,0
DA:26,0
DA:34,0
DA:37,0
DA:38,0
DA:39,0
DA:40,0
DA:44,0
DA:45,0
DA:46,0
DA:47,0
DA:50,0
DA:53,0
DA:54,0
DA:55,0
DA:56,0
DA:57,0
DA:60,0
DA:61,0
DA:65,0
DA:71,0
DA:72,0
DA:79,0
DA:83,0
DA:86,0
DA:87,0
DA:88,0
DA:92,0
DA:93,0
DA:95,0
DA:101,0
DA:102,0
DA:103,0
DA:105,0
DA:106,0
DA:108,0
DA:114,0
DA:119,0
DA:120,0
DA:124,0
DA:125,0
DA:126,0
DA:132,0
DA:133,0
DA:134,0
DA:135,0
DA:136,0
DA:138,0
DA:139,0
DA:146,0
DA:153,0
DA:154,0
DA:163,0
DA:164,0
DA:165,0
DA:168,0
DA:170,0
DA:171,0
DA:172,0
DA:174,0
DA:186,0
DA:187,0
DA:204,0
DA:205,0
DA:206,0
DA:209,0
DA:210,0
DA:211,0
DA:212,0
DA:213,0
DA:214,0
DA:215,0
DA:216,0
DA:217,0
DA:218,0
DA:222,0
DA:223,0
DA:227,0
DA:229,0
DA:235,0
DA:236,0
DA:237,0
DA:238,0
DA:240,0
DA:246,0
DA:247,0
DA:248,0
DA:250,0
DA:251,0
DA:253,0
DA:254,0
DA:255,0
DA:258,0
DA:259,0
DA:261,0
DA:262,0
DA:263,0
DA:264,0
DA:265,0
DA:266,0
DA:271,0
DA:272,0
DA:273,0
DA:275,0
DA:283,0
DA:286,0
DA:289,0
DA:295,0
DA:296,0
DA:306,0
DA:307,0
DA:308,0
DA:309,0
DA:311,0
LF:117
LH:0
BRDA:34,0,0,0
BRDA:34,0,1,0
BRDA:37,1,0,0
BRDA:37,1,1,0
BRDA:39,2,0,0
BRDA:39,2,1,0
BRDA:53,3,0,0
BRDA:53,3,1,0
BRDA:54,4,0,0
BRDA:54,4,1,0
BRDA:56,5,0,0
BRDA:56,5,1,0
BRDA:60,6,0,0
BRDA:60,6,1,0
BRDA:60,7,0,0
BRDA:60,7,1,0
BRDA:71,8,0,0
BRDA:83,9,0,0
BRDA:83,9,1,0
BRDA:88,10,0,0
BRDA:88,10,1,0
BRDA:117,11,0,0
BRDA:135,12,0,0
BRDA:135,12,1,0
BRDA:153,13,0,0
BRDA:153,13,1,0
BRDA:164,14,0,0
BRDA:164,14,1,0
BRDA:188,15,0,0
BRDA:188,15,1,0
BRDA:188,15,2,0
BRDA:188,15,3,0
BRDA:188,15,4,0
BRDA:188,15,5,0
BRDA:188,15,6,0
BRDA:188,15,7,0
BRDA:188,15,8,0
BRDA:188,15,9,0
BRDA:209,16,0,0
BRDA:209,16,1,0
BRDA:209,17,0,0
BRDA:209,17,1,0
BRDA:211,18,0,0
BRDA:211,18,1,0
BRDA:211,19,0,0
BRDA:211,19,1,0
BRDA:213,20,0,0
BRDA:213,20,1,0
BRDA:213,21,0,0
BRDA:213,21,1,0
BRDA:213,21,2,0
BRDA:215,22,0,0
BRDA:215,22,1,0
BRDA:215,23,0,0
BRDA:215,23,1,0
BRDA:217,24,0,0
BRDA:217,24,1,0
BRDA:217,25,0,0
BRDA:217,25,1,0
BRDA:222,26,0,0
BRDA:222,26,1,0
BRDA:240,27,0,0
BRDA:240,27,1,0
BRDA:251,28,0,0
BRDA:251,28,1,0
BRDA:259,29,0,0
BRDA:259,29,1,0
BRDA:262,30,0,0
BRDA:262,30,1,0
BRDA:271,31,0,0
BRDA:271,31,1,0
BRDA:308,32,0,0
BRDA:308,32,1,0
BRF:73
BRH:0
end_of_record
TN:
SF:src/services/authService.ts
FN:13,isClientRateLimited
FN:47,isValidEmail
FN:53,generateRandomString
FN:56,(anonymous_4)
FN:60,generateHMACSignature
FN:70,(anonymous_6)
FN:74,verifyHMACSignature
FN:85,(anonymous_8)
FN:91,generateSecureToken
FN:139,generateSecureTokenSync
FN:160,generateDevelopmentSignature
FN:173,verifyAndDecodeToken
FN:220,shouldRefreshToken
FN:231,refreshToken
FN:241,refreshTokenSync
FN:260,(anonymous_16)
FN:264,(anonymous_17)
FN:277,(anonymous_18)
FN:284,(anonymous_19)
FN:290,(anonymous_20)
FN:294,(anonymous_21)
FN:310,(anonymous_22)
FN:323,(anonymous_23)
FN:330,(anonymous_24)
FN:344,(anonymous_25)
FN:358,(anonymous_26)
FN:425,(anonymous_27)
FN:430,(anonymous_28)
FN:434,(anonymous_29)
FN:436,(anonymous_30)
FN:439,(anonymous_31)
FN:503,(anonymous_32)
FN:507,(anonymous_33)
FN:532,(anonymous_34)
FN:540,(anonymous_35)
FN:548,(anonymous_36)
FN:571,(anonymous_37)
FN:591,(anonymous_38)
FN:625,(anonymous_39)
FN:668,(anonymous_40)
FN:695,(anonymous_41)
FN:699,(anonymous_42)
FN:708,(anonymous_43)
FN:726,(anonymous_44)
FN:733,(anonymous_45)
FN:737,(anonymous_46)
FN:760,(anonymous_47)
FNF:47
FNH:0
FNDA:0,isClientRateLimited
FNDA:0,isValidEmail
FNDA:0,generateRandomString
FNDA:0,(anonymous_4)
FNDA:0,generateHMACSignature
FNDA:0,(anonymous_6)
FNDA:0,verifyHMACSignature
FNDA:0,(anonymous_8)
FNDA:0,generateSecureToken
FNDA:0,generateSecureTokenSync
FNDA:0,generateDevelopmentSignature
FNDA:0,verifyAndDecodeToken
FNDA:0,shouldRefreshToken
FNDA:0,refreshToken
FNDA:0,refreshTokenSync
FNDA:0,(anonymous_16)
FNDA:0,(anonymous_17)
FNDA:0,(anonymous_18)
FNDA:0,(anonymous_19)
FNDA:0,(anonymous_20)
FNDA:0,(anonymous_21)
FNDA:0,(anonymous_22)
FNDA:0,(anonymous_23)
FNDA:0,(anonymous_24)
FNDA:0,(anonymous_25)
FNDA:0,(anonymous_26)
FNDA:0,(anonymous_27)
FNDA:0,(anonymous_28)
FNDA:0,(anonymous_29)
FNDA:0,(anonymous_30)
FNDA:0,(anonymous_31)
FNDA:0,(anonymous_32)
FNDA:0,(anonymous_33)
FNDA:0,(anonymous_34)
FNDA:0,(anonymous_35)
FNDA:0,(anonymous_36)
FNDA:0,(anonymous_37)
FNDA:0,(anonymous_38)
FNDA:0,(anonymous_39)
FNDA:0,(anonymous_40)
FNDA:0,(anonymous_41)
FNDA:0,(anonymous_42)
FNDA:0,(anonymous_43)
FNDA:0,(anonymous_44)
FNDA:0,(anonymous_45)
FNDA:0,(anonymous_46)
FNDA:0,(anonymous_47)
DA:2,0
DA:3,0
DA:6,0
DA:7,0
DA:14,0
DA:15,0
DA:16,0
DA:18,0
DA:19,0
DA:23,0
DA:27,0
DA:28,0
DA:32,0
DA:36,0
DA:38,0
DA:39,0
DA:42,0
DA:43,0
DA:48,0
DA:49,0
DA:54,0
DA:55,0
DA:56,0
DA:61,0
DA:62,0
DA:69,0
DA:70,0
DA:75,0
DA:76,0
DA:85,0
DA:87,0
DA:92,0
DA:93,0
DA:101,0
DA:102,0
DA:108,0
DA:111,0
DA:112,0
DA:113,0
DA:121,0
DA:122,0
DA:125,0
DA:126,0
DA:128,0
DA:129,0
DA:134,0
DA:135,0
DA:140,0
DA:141,0
DA:149,0
DA:150,0
DA:154,0
DA:156,0
DA:162,0
DA:163,0
DA:164,0
DA:165,0
DA:166,0
DA:169,0
DA:174,0
DA:175,0
DA:176,0
DA:178,0
DA:181,0
DA:184,0
DA:187,0
DA:190,0
DA:191,0
DA:195,0
DA:197,0
DA:198,0
DA:203,0
DA:204,0
DA:206,0
DA:209,0
DA:210,0
DA:213,0
DA:215,0
DA:221,0
DA:222,0
DA:224,0
DA:225,0
DA:227,0
DA:232,0
DA:233,0
DA:237,0
DA:242,0
DA:243,0
DA:247,0
DA:252,0
DA:253,0
DA:254,0
DA:257,0
DA:258,0
DA:261,0
DA:264,0
DA:265,0
DA:266,0
DA:267,0
DA:271,0
DA:272,0
DA:274,0
DA:278,0
DA:279,0
DA:280,0
DA:281,0
DA:285,0
DA:286,0
DA:287,0
DA:291,0
DA:295,0
DA:296,0
DA:297,0
DA:298,0
DA:299,0
DA:303,0
DA:304,0
DA:305,0
DA:306,0
DA:311,0
DA:312,0
DA:316,0
DA:317,0
DA:319,0
DA:320,0
DA:322,0
DA:323,0
DA:324,0
DA:326,0
DA:331,0
DA:332,0
DA:334,0
DA:335,0
DA:336,0
DA:337,0
DA:339,0
DA:340,0
DA:345,0
DA:346,0
DA:348,0
DA:349,0
DA:350,0
DA:351,0
DA:353,0
DA:354,0
DA:359,0
DA:360,0
DA:362,0
DA:363,0
DA:364,0
DA:367,0
DA:369,0
DA:371,0
DA:374,0
DA:418,0
DA:419,0
DA:422,0
DA:423,0
DA:426,0
DA:427,0
DA:431,0
DA:435,0
DA:436,0
DA:440,0
DA:443,0
DA:501,0
DA:502,0
DA:503,0
DA:507,0
DA:508,0
DA:509,0
DA:513,0
DA:514,0
DA:515,0
DA:516,0
DA:518,0
DA:527,0
DA:528,0
DA:529,0
DA:533,0
DA:534,0
DA:536,0
DA:541,0
DA:542,0
DA:549,0
DA:550,0
DA:558,0
DA:560,0
DA:561,0
DA:563,0
DA:566,0
DA:567,0
DA:572,0
DA:573,0
DA:575,0
DA:577,0
DA:579,0
DA:580,0
DA:583,0
DA:584,0
DA:590,0
DA:593,0
DA:594,0
DA:601,0
DA:602,0
DA:608,0
DA:610,0
DA:611,0
DA:613,0
DA:614,0
DA:615,0
DA:618,0
DA:619,0
DA:621,0
DA:626,0
DA:628,0
DA:629,0
DA:634,0
DA:635,0
DA:636,0
DA:637,0
DA:638,0
DA:641,0
DA:642,0
DA:643,0
DA:645,0
DA:648,0
DA:650,0
DA:658,0
DA:661,0
DA:664,0
DA:669,0
DA:671,0
DA:672,0
DA:676,0
DA:677,0
DA:678,0
DA:679,0
DA:682,0
DA:683,0
DA:684,0
DA:685,0
DA:687,0
DA:688,0
DA:691,0
DA:696,0
DA:700,0
DA:702,0
DA:704,0
DA:705,0
DA:709,0
DA:711,0
DA:712,0
DA:713,0
DA:716,0
DA:717,0
DA:718,0
DA:721,0
DA:727,0
DA:728,0
DA:730,0
DA:734,0
DA:738,0
DA:739,0
DA:742,0
DA:743,0
DA:745,0
DA:746,0
DA:750,0
DA:751,0
DA:753,0
DA:754,0
DA:757,0
DA:761,0
DA:762,0
DA:768,0
LF:276
LH:0
BRDA:18,0,0,0
BRDA:18,0,1,0
BRDA:27,1,0,0
BRDA:27,1,1,0
BRDA:38,2,0,0
BRDA:38,2,1,0
BRDA:91,3,0,0
BRDA:108,4,0,0
BRDA:108,4,1,0
BRDA:108,5,0,0
BRDA:108,5,1,0
BRDA:111,6,0,0
BRDA:111,6,1,0
BRDA:121,7,0,0
BRDA:121,7,1,0
BRDA:139,8,0,0
BRDA:176,9,0,0
BRDA:176,9,1,0
BRDA:184,10,0,0
BRDA:184,10,1,0
BRDA:184,11,0,0
BRDA:184,11,1,0
BRDA:187,12,0,0
BRDA:187,12,1,0
BRDA:197,13,0,0
BRDA:197,13,1,0
BRDA:209,14,0,0
BRDA:209,14,1,0
BRDA:222,15,0,0
BRDA:222,15,1,0
BRDA:233,16,0,0
BRDA:233,16,1,0
BRDA:243,17,0,0
BRDA:243,17,1,0
BRDA:261,18,0,0
BRDA:261,18,1,0
BRDA:265,19,0,0
BRDA:265,19,1,0
BRDA:297,20,0,0
BRDA:297,20,1,0
BRDA:303,21,0,0
BRDA:303,21,1,0
BRDA:311,22,0,0
BRDA:311,22,1,0
BRDA:317,23,0,0
BRDA:317,23,1,0
BRDA:322,24,0,0
BRDA:322,24,1,0
BRDA:332,25,0,0
BRDA:332,25,1,0
BRDA:335,26,0,0
BRDA:335,26,1,0
BRDA:346,27,0,0
BRDA:346,27,1,0
BRDA:349,28,0,0
BRDA:349,28,1,0
BRDA:360,29,0,0
BRDA:360,29,1,0
BRDA:362,30,0,0
BRDA:362,30,1,0
BRDA:363,31,0,0
BRDA:363,31,1,0
BRDA:369,32,0,0
BRDA:369,32,1,0
BRDA:419,33,0,0
BRDA:419,33,1,0
BRDA:427,34,0,0
BRDA:427,34,1,0
BRDA:436,35,0,0
BRDA:436,35,1,0
BRDA:436,36,0,0
BRDA:436,36,1,0
BRDA:501,37,0,0
BRDA:501,37,1,0
BRDA:503,38,0,0
BRDA:503,38,1,0
BRDA:507,39,0,0
BRDA:507,39,1,0
BRDA:508,40,0,0
BRDA:508,40,1,0
BRDA:514,41,0,0
BRDA:514,41,1,0
BRDA:515,42,0,0
BRDA:515,42,1,0
BRDA:515,43,0,0
BRDA:515,43,1,0
BRDA:516,44,0,0
BRDA:516,44,1,0
BRDA:516,45,0,0
BRDA:516,45,1,0
BRDA:516,45,2,0
BRDA:516,45,3,0
BRDA:533,46,0,0
BRDA:533,46,1,0
BRDA:542,47,0,0
BRDA:542,47,1,0
BRDA:560,48,0,0
BRDA:560,48,1,0
BRDA:563,49,0,0
BRDA:563,49,1,0
BRDA:575,50,0,0
BRDA:575,50,1,0
BRDA:580,51,0,0
BRDA:580,51,1,0
BRDA:593,52,0,0
BRDA:593,52,1,0
BRDA:601,53,0,0
BRDA:601,53,1,0
BRDA:608,54,0,0
BRDA:608,54,1,0
BRDA:611,55,0,0
BRDA:611,55,1,0
BRDA:613,56,0,0
BRDA:613,56,1,0
BRDA:626,57,0,0
BRDA:626,57,1,0
BRDA:634,58,0,0
BRDA:634,58,1,0
BRDA:637,59,0,0
BRDA:637,59,1,0
BRDA:642,60,0,0
BRDA:642,60,1,0
BRDA:655,61,0,0
BRDA:655,61,1,0
BRDA:655,62,0,0
BRDA:655,62,1,0
BRDA:669,63,0,0
BRDA:669,63,1,0
BRDA:676,64,0,0
BRDA:676,64,1,0
BRDA:678,65,0,0
BRDA:678,65,1,0
BRDA:683,66,0,0
BRDA:683,66,1,0
BRDA:700,67,0,0
BRDA:700,67,1,0
BRDA:705,68,0,0
BRDA:705,68,1,0
BRDA:709,69,0,0
BRDA:709,69,1,0
BRDA:712,70,0,0
BRDA:712,70,1,0
BRDA:717,71,0,0
BRDA:717,71,1,0
BRDA:727,72,0,0
BRDA:727,72,1,0
BRDA:730,73,0,0
BRDA:730,73,1,0
BRDA:738,74,0,0
BRDA:738,74,1,0
BRDA:745,75,0,0
BRDA:745,75,1,0
BRDA:745,76,0,0
BRDA:745,76,1,0
BRDA:751,77,0,0
BRDA:751,77,1,0
BRDA:761,78,0,0
BRDA:761,78,1,0
BRDA:761,79,0,0
BRDA:761,79,1,0
BRF:160
BRH:0
end_of_record
TN:
SF:src/services/errorLoggingService.ts
FN:36,(anonymous_0)
FN:50,(anonymous_1)
FN:54,(anonymous_2)
FN:60,(anonymous_3)
FN:64,(anonymous_4)
FN:68,(anonymous_5)
FN:95,(anonymous_6)
FN:118,(anonymous_7)
FN:138,(anonymous_8)
FN:165,(anonymous_9)
FN:182,(anonymous_10)
FN:202,(anonymous_11)
FN:207,(anonymous_12)
FN:218,(anonymous_13)
FN:227,(anonymous_14)
FN:233,(anonymous_15)
FN:238,(anonymous_16)
FN:243,(anonymous_17)
FN:255,(anonymous_18)
FN:263,(anonymous_19)
FN:275,getErrorLoggingService
FN:289,(anonymous_21)
FN:293,(anonymous_22)
FNF:23
FNH:0
FNDA:0,(anonymous_0)
FNDA:0,(anonymous_1)
FNDA:0,(anonymous_2)
FNDA:0,(anonymous_3)
FNDA:0,(anonymous_4)
FNDA:0,(anonymous_5)
FNDA:0,(anonymous_6)
FNDA:0,(anonymous_7)
FNDA:0,(anonymous_8)
FNDA:0,(anonymous_9)
FNDA:0,(anonymous_10)
FNDA:0,(anonymous_11)
FNDA:0,(anonymous_12)
FNDA:0,(anonymous_13)
FNDA:0,(anonymous_14)
FNDA:0,(anonymous_15)
FNDA:0,(anonymous_16)
FNDA:0,(anonymous_17)
FNDA:0,(anonymous_18)
FNDA:0,(anonymous_19)
FNDA:0,getErrorLoggingService
FNDA:0,(anonymous_21)
FNDA:0,(anonymous_22)
DA:31,0
DA:32,0
DA:33,0
DA:34,0
DA:37,0
DA:46,0
DA:47,0
DA:51,0
DA:55,0
DA:56,0
DA:61,0
DA:65,0
DA:69,0
DA:70,0
DA:73,0
DA:74,0
DA:75,0
DA:76,0
DA:77,0
DA:78,0
DA:79,0
DA:83,0
DA:84,0
DA:85,0
DA:86,0
DA:87,0
DA:88,0
DA:89,0
DA:92,0
DA:100,0
DA:102,0
DA:119,0
DA:121,0
DA:122,0
DA:123,0
DA:125,0
DA:128,0
DA:129,0
DA:132,0
DA:134,0
DA:139,0
DA:141,0
DA:143,0
DA:144,0
DA:145,0
DA:146,0
DA:147,0
DA:148,0
DA:150,0
DA:151,0
DA:154,0
DA:155,0
DA:158,0
DA:159,0
DA:162,0
DA:166,0
DA:168,0
DA:169,0
DA:177,0
DA:187,0
DA:189,0
DA:192,0
DA:195,0
DA:198,0
DA:203,0
DA:208,0
DA:209,0
DA:210,0
DA:212,0
DA:213,0
DA:219,0
DA:220,0
DA:222,0
DA:228,0
DA:229,0
DA:234,0
DA:239,0
DA:249,0
DA:251,0
DA:256,0
DA:257,0
DA:258,0
DA:259,0
DA:263,0
DA:264,0
DA:265,0
DA:268,0
DA:273,0
DA:275,0
DA:276,0
DA:277,0
DA:278,0
DA:279,0
DA:282,0
DA:286,0
DA:289,0
DA:290,0
DA:293,0
DA:294,0
LF:99
LH:0
BRDA:36,0,0,0
BRDA:55,1,0,0
BRDA:55,1,1,0
BRDA:61,2,0,0
BRDA:61,2,1,0
BRDA:70,3,0,0
BRDA:70,3,1,0
BRDA:74,4,0,0
BRDA:74,4,1,0
BRDA:76,5,0,0
BRDA:76,5,1,0
BRDA:76,6,0,0
BRDA:76,6,1,0
BRDA:78,7,0,0
BRDA:78,7,1,0
BRDA:78,8,0,0
BRDA:78,8,1,0
BRDA:84,9,0,0
BRDA:84,9,1,0
BRDA:84,10,0,0
BRDA:84,10,1,0
BRDA:86,11,0,0
BRDA:86,11,1,0
BRDA:86,12,0,0
BRDA:86,12,1,0
BRDA:88,13,0,0
BRDA:88,13,1,0
BRDA:88,14,0,0
BRDA:88,14,1,0
BRDA:119,15,0,0
BRDA:119,15,1,0
BRDA:123,16,0,0
BRDA:123,16,1,0
BRDA:128,17,0,0
BRDA:128,17,1,0
BRDA:128,18,0,0
BRDA:128,18,1,0
BRDA:129,19,0,0
BRDA:129,19,1,0
BRDA:139,20,0,0
BRDA:139,20,1,0
BRDA:141,21,0,0
BRDA:141,21,1,0
BRDA:141,22,0,0
BRDA:141,22,1,0
BRDA:150,23,0,0
BRDA:150,23,1,0
BRDA:154,24,0,0
BRDA:154,24,1,0
BRDA:158,25,0,0
BRDA:158,25,1,0
BRDA:166,26,0,0
BRDA:166,26,1,0
BRDA:166,27,0,0
BRDA:166,27,1,0
BRDA:187,28,0,0
BRDA:187,28,1,0
BRDA:210,29,0,0
BRDA:210,29,1,0
BRDA:264,30,0,0
BRDA:264,30,1,0
BRDA:265,31,0,0
BRDA:265,31,1,0
BRDA:276,32,0,0
BRDA:276,32,1,0
BRDA:278,33,0,0
BRDA:278,33,1,0
BRF:67
BRH:0
end_of_record
TN:
SF:src/services/errorMonitoringConfig.ts
FN:43,getEnvironmentConfig
FN:58,setupErrorMonitoring
FN:94,setupProductionErrorHandlers
FN:96,(anonymous_3)
FN:106,(anonymous_4)
FN:117,(anonymous_5)
FN:142,setupDevelopmentHelpers
FN:144,(anonymous_7)
FN:145,(anonymous_8)
FN:146,(anonymous_9)
FN:147,(anonymous_10)
FN:156,(anonymous_11)
FNF:12
FNH:0
FNDA:0,getEnvironmentConfig
FNDA:0,setupErrorMonitoring
FNDA:0,setupProductionErrorHandlers
FNDA:0,(anonymous_3)
FNDA:0,(anonymous_4)
FNDA:0,(anonymous_5)
FNDA:0,setupDevelopmentHelpers
FNDA:0,(anonymous_7)
FNDA:0,(anonymous_8)
FNDA:0,(anonymous_9)
FNDA:0,(anonymous_10)
FNDA:0,(anonymous_11)
DA:4,0
DA:5,0
DA:14,0
DA:44,0
DA:47,0
DA:49,0
DA:50,0
DA:51,0
DA:54,0
DA:58,0
DA:59,0
DA:62,0
DA:68,0
DA:71,0
DA:73,0
DA:74,0
DA:83,0
DA:84,0
DA:88,0
DA:89,0
DA:96,0
DA:97,0
DA:106,0
DA:107,0
DA:108,0
DA:115,0
DA:117,0
DA:118,0
DA:119,0
DA:120,0
DA:121,0
DA:124,0
DA:125,0
DA:144,0
DA:145,0
DA:146,0
DA:147,0
DA:149,0
DA:150,0
DA:151,0
DA:152,0
DA:153,0
DA:156,0
DA:157,0
DA:158,0
DA:159,0
DA:165,0
DA:166,0
DA:170,0
DA:171,0
LF:50
LH:0
BRDA:44,0,0,0
BRDA:44,0,1,0
BRDA:49,1,0,0
BRDA:49,1,1,0
BRDA:73,2,0,0
BRDA:73,2,1,0
BRDA:83,3,0,0
BRDA:83,3,1,0
BRDA:88,4,0,0
BRDA:88,4,1,0
BRDA:97,5,0,0
BRDA:97,5,1,0
BRDA:107,6,0,0
BRDA:107,6,1,0
BRDA:115,7,0,0
BRDA:115,7,1,0
BRDA:119,8,0,0
BRDA:119,8,1,0
BRDA:124,9,0,0
BRDA:124,9,1,0
BRDA:158,10,0,0
BRDA:158,10,1,0
BRDA:165,11,0,0
BRDA:165,11,1,0
BRF:24
BRH:0
end_of_record
TN:
SF:src/services/geminiService.ts
FN:19,getAIResponseStream
FN:41,(anonymous_1)
FN:63,(anonymous_2)
FN:126,getConversationHistory
FN:138,clearConversationHistory
FN:155,getMemoryStats
FNF:6
FNH:2
FNDA:8,getAIResponseStream
FNDA:0,(anonymous_1)
FNDA:2,(anonymous_2)
FNDA:0,getConversationHistory
FNDA:0,clearConversationHistory
FNDA:0,getMemoryStats
DA:2,1
DA:3,1
DA:4,1
DA:7,1
DA:9,1
DA:12,1
DA:19,1
DA:20,8
DA:21,8
DA:23,8
DA:28,7
DA:29,7
DA:30,7
DA:37,8
DA:38,8
DA:39,8
DA:40,8
DA:41,0
DA:44,0
DA:48,8
DA:50,8
DA:51,0
DA:52,8
DA:53,2
DA:54,6
DA:55,0
DA:59,8
DA:62,8
DA:63,2
DA:67,8
DA:69,8
DA:71,8
DA:79,6
DA:80,6
DA:81,6
DA:85,6
DA:86,6
DA:99,0
DA:103,2
DA:106,2
DA:107,2
DA:118,0
DA:126,1
DA:127,0
DA:128,0
DA:133,0
DA:134,0
DA:138,1
DA:139,0
DA:140,0
DA:144,0
DA:145,0
DA:148,0
DA:150,0
DA:151,0
DA:155,1
DA:156,0
DA:157,0
DA:159,0
DA:160,0
DA:164,1
LF:61
LH:40
BRDA:28,0,0,7
BRDA:28,0,1,0
BRDA:40,1,0,0
BRDA:40,1,1,8
BRDA:50,2,0,0
BRDA:50,2,1,8
BRDA:50,3,0,8
BRDA:50,3,1,2
BRDA:52,4,0,2
BRDA:52,4,1,6
BRDA:54,5,0,0
BRDA:54,5,1,6
BRDA:108,6,0,2
BRDA:108,6,1,0
BRDA:113,7,0,2
BRDA:113,7,1,0
BRDA:126,8,0,0
BRF:17
BRH:10
end_of_record
TN:
SF:src/services/localDatabase.ts
FN:20,(anonymous_0)
FN:70,(anonymous_1)
FN:76,(anonymous_2)
FN:78,(anonymous_3)
FN:81,(anonymous_4)
FN:83,(anonymous_5)
FN:86,(anonymous_6)
FN:100,(anonymous_7)
FN:102,(anonymous_8)
FN:116,(anonymous_9)
FN:118,(anonymous_10)
FN:127,(anonymous_11)
FN:133,(anonymous_12)
FN:141,(anonymous_13)
FNF:14
FNH:0
FNDA:0,(anonymous_0)
FNDA:0,(anonymous_1)
FNDA:0,(anonymous_2)
FNDA:0,(anonymous_3)
FNDA:0,(anonymous_4)
FNDA:0,(anonymous_5)
FNDA:0,(anonymous_6)
FNDA:0,(anonymous_7)
FNDA:0,(anonymous_8)
FNDA:0,(anonymous_9)
FNDA:0,(anonymous_10)
FNDA:0,(anonymous_11)
FNDA:0,(anonymous_12)
FNDA:0,(anonymous_13)
DA:16,0
DA:17,0
DA:21,0
DA:22,0
DA:25,0
DA:64,0
DA:65,0
DA:66,0
DA:71,0
DA:72,0
DA:73,0
DA:77,0
DA:78,0
DA:82,0
DA:83,0
DA:87,0
DA:88,0
DA:95,0
DA:96,0
DA:97,0
DA:101,0
DA:102,0
DA:104,0
DA:106,0
DA:112,0
DA:113,0
DA:117,0
DA:118,0
DA:120,0
DA:122,0
DA:123,0
DA:128,0
DA:129,0
DA:130,0
DA:134,0
DA:138,0
DA:142,0
DA:143,0
DA:144,0
DA:145,0
DA:146,0
DA:147,0
DA:149,0
DA:151,0
DA:152,0
DA:158,0
DA:159,0
DA:162,0
LF:48
LH:0
BRDA:21,0,0,0
BRDA:21,0,1,0
BRDA:73,1,0,0
BRDA:73,1,1,0
BRDA:78,2,0,0
BRDA:78,2,1,0
BRDA:83,3,0,0
BRDA:83,3,1,0
BRDA:83,4,0,0
BRDA:83,4,1,0
BRDA:104,5,0,0
BRDA:104,5,1,0
BRDA:120,6,0,0
BRDA:120,6,1,0
BRDA:144,7,0,0
BRDA:144,7,1,0
BRDA:144,8,0,0
BRDA:144,8,1,0
BRDA:158,9,0,0
BRDA:158,9,1,0
BRF:20
BRH:0
end_of_record
TN:
SF:src/services/messagingService.ts
FN:53,(anonymous_0)
FN:82,(anonymous_1)
FN:113,(anonymous_2)
FN:140,(anonymous_3)
FN:145,(anonymous_4)
FN:149,(anonymous_5)
FN:158,(anonymous_6)
FN:168,(anonymous_7)
FN:174,(anonymous_8)
FN:180,(anonymous_9)
FN:196,(anonymous_10)
FN:205,(anonymous_11)
FN:209,(anonymous_12)
FN:218,(anonymous_13)
FN:220,(anonymous_14)
FN:236,(anonymous_15)
FN:243,(anonymous_16)
FNF:17
FNH:0
FNDA:0,(anonymous_0)
FNDA:0,(anonymous_1)
FNDA:0,(anonymous_2)
FNDA:0,(anonymous_3)
FNDA:0,(anonymous_4)
FNDA:0,(anonymous_5)
FNDA:0,(anonymous_6)
FNDA:0,(anonymous_7)
FNDA:0,(anonymous_8)
FNDA:0,(anonymous_9)
FNDA:0,(anonymous_10)
FNDA:0,(anonymous_11)
FNDA:0,(anonymous_12)
FNDA:0,(anonymous_13)
FNDA:0,(anonymous_14)
FNDA:0,(anonymous_15)
FNDA:0,(anonymous_16)
DA:4,0
DA:27,0
DA:28,0
DA:59,0
DA:76,0
DA:78,0
DA:84,0
DA:87,0
DA:109,0
DA:115,0
DA:141,0
DA:149,0
DA:150,0
DA:152,0
DA:158,0
DA:159,0
DA:160,0
DA:161,0
DA:164,0
DA:170,0
DA:176,0
DA:187,0
DA:202,0
DA:205,0
DA:211,0
DA:214,0
DA:220,0
DA:221,0
DA:232,0
DA:236,0
DA:237,0
DA:238,0
DA:243,0
DA:247,0
LF:34
LH:0
BRDA:57,0,0,0
BRDA:150,1,0,0
BRDA:150,1,1,0
BRDA:199,2,0,0
BRDA:237,3,0,0
BRDA:237,3,1,0
BRF:6
BRH:0
end_of_record
TN:
SF:src/services/notificationService.ts
FN:50,(anonymous_0)
FN:56,(anonymous_1)
FN:61,(anonymous_2)
FN:80,(anonymous_3)
FN:91,(anonymous_4)
FN:93,(anonymous_5)
FN:101,(anonymous_6)
FN:103,(anonymous_7)
FN:108,(anonymous_8)
FN:110,(anonymous_9)
FN:115,(anonymous_10)
FN:120,(anonymous_11)
FN:121,(anonymous_12)
FN:125,(anonymous_13)
FN:131,(anonymous_14)
FN:138,(anonymous_15)
FN:181,(anonymous_16)
FN:190,(anonymous_17)
FN:195,(anonymous_18)
FN:206,(anonymous_19)
FN:223,(anonymous_20)
FN:229,(anonymous_21)
FN:245,(anonymous_22)
FN:253,(anonymous_23)
FN:275,(anonymous_24)
FN:286,(anonymous_25)
FN:304,(anonymous_26)
FN:310,(anonymous_27)
FN:320,(anonymous_28)
FN:321,(anonymous_29)
FN:326,(anonymous_30)
FN:338,(anonymous_31)
FN:344,(anonymous_32)
FNF:33
FNH:0
FNDA:0,(anonymous_0)
FNDA:0,(anonymous_1)
FNDA:0,(anonymous_2)
FNDA:0,(anonymous_3)
FNDA:0,(anonymous_4)
FNDA:0,(anonymous_5)
FNDA:0,(anonymous_6)
FNDA:0,(anonymous_7)
FNDA:0,(anonymous_8)
FNDA:0,(anonymous_9)
FNDA:0,(anonymous_10)
FNDA:0,(anonymous_11)
FNDA:0,(anonymous_12)
FNDA:0,(anonymous_13)
FNDA:0,(anonymous_14)
FNDA:0,(anonymous_15)
FNDA:0,(anonymous_16)
FNDA:0,(anonymous_17)
FNDA:0,(anonymous_18)
FNDA:0,(anonymous_19)
FNDA:0,(anonymous_20)
[...]
FNDA:0,(anonymous_6)
FNDA:0,(anonymous_7)
FNDA:0,(anonymous_8)
FNDA:0,(anonymous_9)
FNDA:0,(anonymous_10)
FNDA:0,(anonymous_11)
FNDA:0,(anonymous_12)
FNDA:0,(anonymous_13)
FNDA:0,(anonymous_14)
DA:2,0
DA:64,0
DA:67,0
DA:68,0
DA:74,0
DA:75,0
DA:76,0
DA:79,0
DA:81,0
DA:82,0
DA:87,0
DA:88,0
DA:94,0
DA:95,0
DA:96,0
DA:99,0
DA:101,0
DA:102,0
DA:107,0
DA:108,0
DA:115,0
DA:116,0
DA:117,0
DA:120,0
DA:122,0
DA:123,0
DA:129,0
DA:130,0
DA:136,0
DA:137,0
DA:138,0
DA:141,0
DA:143,0
DA:144,0
DA:149,0
DA:150,0
DA:156,0
DA:157,0
DA:158,0
DA:161,0
DA:163,0
DA:164,0
DA:169,0
DA:170,0
DA:177,0
DA:178,0
DA:179,0
DA:182,0
DA:184,0
DA:185,0
DA:191,0
DA:192,0
DA:198,0
DA:199,0
DA:200,0
DA:203,0
DA:205,0
DA:206,0
DA:211,0
DA:212,0
DA:218,0
DA:219,0
DA:220,0
DA:223,0
DA:225,0
DA:226,0
DA:232,0
DA:233,0
DA:240,0
DA:241,0
DA:242,0
DA:245,0
DA:247,0
DA:248,0
DA:253,0
DA:254,0
DA:260,0
DA:261,0
DA:262,0
DA:265,0
DA:267,0
DA:268,0
DA:274,0
DA:275,0
DA:282,0
DA:283,0
DA:284,0
DA:287,0
DA:289,0
DA:290,0
DA:295,0
DA:296,0
DA:302,0
DA:303,0
DA:304,0
DA:307,0
DA:309,0
DA:310,0
DA:316,0
DA:318,0
DA:320,0
DA:322,0
DA:324,0
DA:329,0
DA:331,0
DA:336,0
DA:341,0
DA:346,0
DA:351,0
DA:353,0
DA:355,0
DA:358,0
DA:360,0
DA:365,0
LF:114
LH:0
BRDA:74,0,0,0
BRDA:74,0,1,0
BRDA:94,1,0,0
BRDA:94,1,1,0
BRDA:115,2,0,0
BRDA:115,2,1,0
BRDA:136,3,0,0
BRDA:136,3,1,0
BRDA:156,4,0,0
BRDA:156,4,1,0
BRDA:177,5,0,0
BRDA:177,5,1,0
BRDA:198,6,0,0
BRDA:198,6,1,0
BRDA:218,7,0,0
BRDA:218,7,1,0
BRDA:231,8,0,0
BRDA:231,9,0,0
BRDA:240,10,0,0
BRDA:240,10,1,0
BRDA:245,11,0,0
BRDA:245,11,1,0
BRDA:260,12,0,0
BRDA:260,12,1,0
BRDA:273,13,0,0
BRDA:273,14,0,0
BRDA:282,15,0,0
BRDA:282,15,1,0
BRDA:287,16,0,0
BRDA:287,16,1,0
BRDA:302,17,0,0
BRDA:302,17,1,0
BRDA:316,18,0,0
BRDA:316,18,1,0
BRDA:316,18,2,0
BRDA:316,18,3,0
BRDA:329,19,0,0
BRDA:329,19,1,0
BRDA:329,19,2,0
BRDA:329,19,3,0
BRDA:351,20,0,0
BRDA:351,20,1,0
BRDA:351,20,2,0
BRDA:351,20,3,0
BRF:44
BRH:0
end_of_record
TN:
SF:src/services/supabaseTest.ts
FN:6,runSupabaseTests
FNF:1
FNH:0
FNDA:0,runSupabaseTests
DA:2,0
DA:7,0
DA:9,0
DA:11,0
DA:12,0
DA:14,0
DA:15,0
DA:17,0
DA:21,0
DA:23,0
DA:26,0
DA:28,0
DA:30,0
DA:31,0
DA:34,0
DA:39,0
DA:40,0
DA:43,0
LF:18
LH:0
BRDA:14,0,0,0
BRDA:14,0,1,0
BRDA:39,1,0,0
BRDA:39,1,1,0
BRF:4
BRH:0
end_of_record
TN:
SF:src/services/api/baseApiService.ts
FN:25,(anonymous_0)
FN:38,(anonymous_1)
FN:51,(anonymous_2)
FN:91,(anonymous_3)
FN:92,(anonymous_4)
FN:96,(anonymous_5)
FN:130,(anonymous_6)
FN:167,(anonymous_7)
FN:204,(anonymous_8)
FN:236,(anonymous_9)
FNF:10
FNH:0
FNDA:0,(anonymous_0)
FNDA:0,(anonymous_1)
FNDA:0,(anonymous_2)
FNDA:0,(anonymous_3)
FNDA:0,(anonymous_4)
FNDA:0,(anonymous_5)
FNDA:0,(anonymous_6)
FNDA:0,(anonymous_7)
FNDA:0,(anonymous_8)
FNDA:0,(anonymous_9)
DA:4,0
DA:22,0
DA:23,0
DA:26,0
DA:27,0
DA:43,0
DA:44,0
DA:48,0
DA:49,0
DA:50,0
DA:51,0
DA:53,0
DA:62,0
DA:63,0
DA:66,0
DA:69,0
DA:70,0
DA:71,0
DA:72,0
DA:77,0
DA:78,0
DA:81,0
DA:82,0
DA:87,0
DA:92,0
DA:97,0
DA:98,0
DA:104,0
DA:106,0
DA:107,0
DA:114,0
DA:121,0
DA:122,0
DA:131,0
DA:132,0
DA:141,0
DA:143,0
DA:144,0
DA:151,0
DA:158,0
DA:159,0
DA:168,0
DA:169,0
DA:178,0
DA:180,0
DA:181,0
DA:188,0
DA:195,0
DA:196,0
DA:205,0
DA:206,0
DA:212,0
DA:213,0
DA:214,0
DA:221,0
DA:227,0
DA:228,0
DA:237,0
DA:242,0
DA:243,0
LF:60
LH:0
BRDA:26,0,0,0
BRDA:26,0,1,0
BRDA:40,1,0,0
BRDA:41,2,0,0
BRDA:69,3,0,0
BRDA:69,3,1,0
BRDA:69,4,0,0
BRDA:69,4,1,0
BRDA:71,5,0,0
BRDA:71,5,1,0
BRDA:71,6,0,0
BRDA:71,6,1,0
BRDA:71,6,2,0
BRDA:71,6,3,0
BRDA:77,7,0,0
BRDA:77,7,1,0
BRDA:77,8,0,0
BRDA:77,8,1,0
BRDA:81,9,0,0
BRDA:81,9,1,0
BRDA:106,10,0,0
BRDA:106,10,1,0
BRDA:109,11,0,0
BRDA:109,11,1,0
BRDA:124,12,0,0
BRDA:124,12,1,0
BRDA:136,13,0,0
BRDA:136,13,1,0
BRDA:143,14,0,0
BRDA:143,14,1,0
BRDA:146,15,0,0
BRDA:146,15,1,0
BRDA:161,16,0,0
BRDA:161,16,1,0
BRDA:173,17,0,0
BRDA:173,17,1,0
BRDA:180,18,0,0
BRDA:180,18,1,0
BRDA:183,19,0,0
BRDA:183,19,1,0
BRDA:198,20,0,0
BRDA:198,20,1,0
BRDA:212,21,0,0
BRDA:212,21,1,0
BRDA:212,22,0,0
BRDA:212,22,1,0
BRDA:216,23,0,0
BRDA:216,23,1,0
BRDA:230,24,0,0
BRDA:230,24,1,0
BRF:50
BRH:0
end_of_record
TN:
SF:src/services/api/contentApiService.ts
FN:45,(anonymous_1)
FN:50,(anonymous_2)
FN:55,(anonymous_3)
FN:59,(anonymous_4)
FN:63,(anonymous_5)
FN:68,(anonymous_6)
FN:76,(anonymous_7)
FN:80,(anonymous_8)
FN:84,(anonymous_9)
FN:88,(anonymous_10)
FN:92,(anonymous_11)
FN:97,(anonymous_12)
FN:102,(anonymous_13)
FN:106,(anonymous_14)
FN:110,(anonymous_15)
FN:114,(anonymous_16)
FN:119,(anonymous_17)
FN:129,(anonymous_18)
FNF:18
FNH:0
FNDA:0,(anonymous_1)
FNDA:0,(anonymous_2)
FNDA:0,(anonymous_3)
FNDA:0,(anonymous_4)
FNDA:0,(anonymous_5)
FNDA:0,(anonymous_6)
FNDA:0,(anonymous_7)
FNDA:0,(anonymous_8)
FNDA:0,(anonymous_9)
FNDA:0,(anonymous_10)
FNDA:0,(anonymous_11)
FNDA:0,(anonymous_12)
FNDA:0,(anonymous_13)
FNDA:0,(anonymous_14)
FNDA:0,(anonymous_15)
FNDA:0,(anonymous_16)
FNDA:0,(anonymous_17)
FNDA:0,(anonymous_18)
DA:4,0
DA:46,0
DA:51,0
DA:52,0
DA:56,0
DA:60,0
DA:64,0
DA:69,0
DA:70,0
DA:71,0
DA:73,0
DA:77,0
DA:81,0
DA:85,0
DA:89,0
DA:93,0
DA:98,0
DA:99,0
DA:103,0
DA:107,0
DA:111,0
DA:115,0
DA:125,0
DA:130,0
DA:131,0
DA:132,0
DA:134,0
DA:139,0
DA:140,0
LF:29
LH:0
BRDA:51,0,0,0
BRDA:51,0,1,0
BRDA:68,1,0,0
BRDA:71,2,0,0
BRDA:71,2,1,0
BRDA:98,3,0,0
BRDA:98,3,1,0
BRDA:132,4,0,0
BRDA:132,4,1,0
BRF:9
BRH:0
end_of_record
TN:
SF:src/services/api/featuredProgramsService.ts
FN:8,(anonymous_0)
FN:13,(anonymous_1)
FN:14,(anonymous_2)
FN:18,(anonymous_3)
FN:19,(anonymous_4)
FN:23,(anonymous_5)
FN:24,(anonymous_6)
FN:28,(anonymous_7)
FN:29,(anonymous_8)
FN:33,(anonymous_9)
FN:34,(anonymous_10)
FN:38,(anonymous_11)
FN:39,(anonymous_12)
FN:47,(anonymous_13)
FN:73,(anonymous_14)
FN:82,(anonymous_15)
FN:90,(anonymous_16)
FN:99,(anonymous_17)
FN:102,(anonymous_18)
FN:109,(anonymous_19)
FN:125,(anonymous_20)
FN:128,(anonymous_21)
FN:140,(anonymous_22)
FN:143,(anonymous_23)
FN:154,(anonymous_24)
FNF:25
FNH:0
FNDA:0,(anonymous_0)
FNDA:0,(anonymous_1)
FNDA:0,(anonymous_2)
FNDA:0,(anonymous_3)
FNDA:0,(anonymous_4)
FNDA:0,(anonymous_5)
FNDA:0,(anonymous_6)
FNDA:0,(anonymous_7)
FNDA:0,(anonymous_8)
FNDA:0,(anonymous_9)
FNDA:0,(anonymous_10)
FNDA:0,(anonymous_11)
FNDA:0,(anonymous_12)
FNDA:0,(anonymous_13)
FNDA:0,(anonymous_14)
FNDA:0,(anonymous_15)
FNDA:0,(anonymous_16)
FNDA:0,(anonymous_17)
FNDA:0,(anonymous_18)
FNDA:0,(anonymous_19)
FNDA:0,(anonymous_20)
FNDA:0,(anonymous_21)
FNDA:0,(anonymous_22)
FNDA:0,(anonymous_23)
FNDA:0,(anonymous_24)
DA:4,0
DA:7,0
DA:9,0
DA:14,0
DA:19,0
DA:24,0
DA:29,0
DA:34,0
DA:39,0
DA:45,0
DA:48,0
DA:49,0
DA:50,0
DA:54,0
DA:74,0
DA:79,0
DA:83,0
DA:84,0
DA:86,0
DA:91,0
DA:92,0
DA:94,0
DA:95,0
DA:100,0
DA:101,0
DA:102,0
DA:104,0
DA:105,0
DA:110,0
DA:111,0
DA:112,0
DA:116,0
DA:117,0
DA:118,0
DA:120,0
DA:121,0
DA:126,0
DA:127,0
DA:128,0
DA:129,0
DA:131,0
DA:132,0
DA:133,0
DA:135,0
DA:136,0
DA:141,0
DA:142,0
DA:143,0
DA:144,0
DA:146,0
DA:147,0
DA:149,0
DA:150,0
DA:155,0
DA:156,0
DA:158,0
DA:159,0
DA:165,0
LF:58
LH:0
BRDA:49,0,0,0
BRDA:49,0,1,0
BRDA:83,1,0,0
BRDA:83,1,1,0
BRDA:86,2,0,0
BRDA:86,2,1,0
BRDA:91,3,0,0
BRDA:91,3,1,0
BRDA:95,4,0,0
BRDA:95,4,1,0
BRDA:95,5,0,0
BRDA:95,5,1,0
BRDA:100,6,0,0
BRDA:100,6,1,0
BRDA:102,7,0,0
BRDA:102,7,1,0
BRDA:105,8,0,0
BRDA:105,8,1,0
BRDA:105,9,0,0
BRDA:105,9,1,0
BRDA:110,10,0,0
BRDA:110,10,1,0
BRDA:121,11,0,0
BRDA:121,11,1,0
BRDA:121,12,0,0
BRDA:121,12,1,0
BRDA:126,13,0,0
BRDA:126,13,1,0
BRDA:129,14,0,0
BRDA:129,14,1,0
BRDA:136,15,0,0
BRDA:136,15,1,0
BRDA:136,16,0,0
BRDA:136,16,1,0
BRDA:141,17,0,0
BRDA:141,17,1,0
BRDA:144,18,0,0
BRDA:144,18,1,0
BRDA:155,19,0,0
BRDA:155,19,1,0
BRDA:159,20,0,0
BRDA:159,20,1,0
BRDA:159,21,0,0
BRDA:159,21,1,0
BRF:44
BRH:0
end_of_record
TN:
SF:src/services/api/index.ts
FN:4,(anonymous_1)
FN:4,(anonymous_2)
FN:5,(anonymous_3)
FN:5,(anonymous_4)
FN:6,(anonymous_5)
FN:6,(anonymous_6)
FN:7,(anonymous_7)
FN:7,(anonymous_8)
FN:8,(anonymous_9)
FN:8,(anonymous_10)
FN:44,(anonymous_11)
FN:50,(anonymous_12)
FN:55,(anonymous_13)
FN:70,(anonymous_14)
FNF:14
FNH:0
FNDA:0,(anonymous_1)
FNDA:0,(anonymous_2)
FNDA:0,(anonymous_3)
FNDA:0,(anonymous_4)
FNDA:0,(anonymous_5)
FNDA:0,(anonymous_6)
FNDA:0,(anonymous_7)
FNDA:0,(anonymous_8)
FNDA:0,(anonymous_9)
FNDA:0,(anonymous_10)
FNDA:0,(anonymous_11)
FNDA:0,(anonymous_12)
FNDA:0,(anonymous_13)
FNDA:0,(anonymous_14)
DA:4,0
DA:5,0
DA:6,0
DA:7,0
DA:8,0
DA:36,0
DA:44,0
DA:50,0
DA:51,0
DA:55,0
DA:56,0
DA:57,0
DA:63,0
DA:65,0
DA:70,0
DA:71,0
DA:72,0
DA:73,0
DA:74,0
LF:19
LH:0
BRDA:37,0,0,0
BRDA:37,0,1,0
BRDA:51,1,0,0
BRDA:51,1,1,0
BRDA:70,2,0,0
BRDA:70,2,1,0
BRF:6
BRH:0
end_of_record
TN:
SF:src/services/api/newsService.ts
FN:11,(anonymous_0)
FN:16,(anonymous_1)
FN:17,(anonymous_2)
FN:21,(anonymous_3)
FN:22,(anonymous_4)
FN:26,(anonymous_5)
FN:27,(anonymous_6)
FN:31,(anonymous_7)
FN:32,(anonymous_8)
FN:36,(anonymous_9)
FN:37,(anonymous_10)
FN:41,(anonymous_11)
FN:42,(anonymous_12)
FN:46,(anonymous_13)
FN:47,(anonymous_14)
FN:55,(anonymous_15)
FN:84,(anonymous_16)
FN:93,(anonymous_17)
FN:101,(anonymous_18)
FN:110,(anonymous_19)
FN:113,(anonymous_20)
FN:120,(anonymous_21)
FN:136,(anonymous_22)
FN:139,(anonymous_23)
FN:151,(anonymous_24)
FN:154,(anonymous_25)
FN:165,(anonymous_26)
FN:167,(anonymous_27)
FN:174,(anonymous_28)
FNF:29
FNH:0
FNDA:0,(anonymous_0)
FNDA:0,(anonymous_1)
FNDA:0,(anonymous_2)
FNDA:0,(anonymous_3)
FNDA:0,(anonymous_4)
FNDA:0,(anonymous_5)
FNDA:0,(anonymous_6)
FNDA:0,(anonymous_7)
FNDA:0,(anonymous_8)
FNDA:0,(anonymous_9)
FNDA:0,(anonymous_10)
FNDA:0,(anonymous_11)
FNDA:0,(anonymous_12)
FNDA:0,(anonymous_13)
FNDA:0,(anonymous_14)
FNDA:0,(anonymous_15)
FNDA:0,(anonymous_16)
FNDA:0,(anonymous_17)
FNDA:0,(anonymous_18)
FNDA:0,(anonymous_19)
FNDA:0,(anonymous_20)
FNDA:0,(anonymous_21)
FNDA:0,(anonymous_22)
FNDA:0,(anonymous_23)
FNDA:0,(anonymous_24)
FNDA:0,(anonymous_25)
FNDA:0,(anonymous_26)
FNDA:0,(anonymous_27)
FNDA:0,(anonymous_28)
DA:4,0
DA:8,0
DA:10,0
DA:12,0
DA:17,0
DA:22,0
DA:27,0
DA:32,0
DA:37,0
DA:42,0
DA:47,0
DA:53,0
DA:56,0
DA:57,0
DA:58,0
DA:62,0
DA:85,0
DA:90,0
DA:94,0
DA:95,0
DA:97,0
DA:102,0
DA:103,0
DA:105,0
DA:106,0
DA:111,0
DA:112,0
DA:113,0
DA:115,0
DA:116,0
DA:121,0
DA:122,0
DA:123,0
DA:127,0
DA:128,0
DA:129,0
DA:131,0
DA:132,0
DA:137,0
DA:138,0
DA:139,0
DA:140,0
DA:142,0
DA:143,0
DA:144,0
DA:146,0
DA:147,0
DA:152,0
DA:153,0
DA:154,0
DA:155,0
DA:157,0
DA:158,0
DA:160,0
DA:161,0
DA:166,0
DA:167,0
DA:169,0
DA:170,0
DA:175,0
DA:176,0
DA:178,0
DA:179,0
DA:185,0
LF:64
LH:0
BRDA:57,0,0,0
BRDA:57,0,1,0
BRDA:94,1,0,0
BRDA:94,1,1,0
BRDA:97,2,0,0
BRDA:97,2,1,0
BRDA:102,3,0,0
BRDA:102,3,1,0
BRDA:106,4,0,0
BRDA:106,4,1,0
BRDA:106,5,0,0
BRDA:106,5,1,0
BRDA:111,6,0,0
BRDA:111,6,1,0
BRDA:113,7,0,0
BRDA:113,7,1,0
BRDA:116,8,0,0
BRDA:116,8,1,0
BRDA:116,9,0,0
BRDA:116,9,1,0
BRDA:121,10,0,0
BRDA:121,10,1,0
BRDA:132,11,0,0
BRDA:132,11,1,0
BRDA:132,12,0,0
BRDA:132,12,1,0
BRDA:137,13,0,0
BRDA:137,13,1,0
BRDA:140,14,0,0
BRDA:140,14,1,0
BRDA:147,15,0,0
BRDA:147,15,1,0
BRDA:147,16,0,0
BRDA:147,16,1,0
BRDA:152,17,0,0
BRDA:152,17,1,0
BRDA:155,18,0,0
BRDA:155,18,1,0
BRDA:166,19,0,0
BRDA:166,19,1,0
BRDA:170,20,0,0
BRDA:170,20,1,0
BRDA:170,21,0,0
BRDA:170,21,1,0
BRDA:175,22,0,0
BRDA:175,22,1,0
BRDA:179,23,0,0
BRDA:179,23,1,0
BRDA:179,24,0,0
BRDA:179,24,1,0
BRF:50
BRH:0
end_of_record
TN:
SF:src/services/api/studentApiService.ts
FN:73,(anonymous_1)
FN:78,(anonymous_2)
FN:83,(anonymous_3)
FN:94,(anonymous_4)
FN:99,(anonymous_5)
FN:110,(anonymous_6)
FN:115,(anonymous_7)
FN:125,(anonymous_8)
FN:135,(anonymous_9)
FN:140,(anonymous_10)
FN:150,(anonymous_11)
FN:155,(anonymous_12)
FN:165,(anonymous_13)
FN:174,(anonymous_14)
FNF:14
FNH:0
FNDA:0,(anonymous_1)
FNDA:0,(anonymous_2)
FNDA:0,(anonymous_3)
FNDA:0,(anonymous_4)
FNDA:0,(anonymous_5)
FNDA:0,(anonymous_6)
FNDA:0,(anonymous_7)
FNDA:0,(anonymous_8)
FNDA:0,(anonymous_9)
FNDA:0,(anonymous_10)
FNDA:0,(anonymous_11)
FNDA:0,(anonymous_12)
FNDA:0,(anonymous_13)
FNDA:0,(anonymous_14)
DA:4,0
DA:74,0
DA:79,0
DA:84,0
DA:85,0
DA:86,0
DA:87,0
DA:89,0
DA:90,0
DA:95,0
DA:100,0
DA:101,0
DA:102,0
DA:103,0
DA:105,0
DA:106,0
DA:111,0
DA:116,0
DA:117,0
DA:118,0
DA:120,0
DA:121,0
DA:126,0
DA:127,0
DA:128,0
DA:130,0
DA:131,0
DA:136,0
DA:141,0
DA:142,0
DA:143,0
DA:145,0
DA:146,0
DA:151,0
DA:156,0
DA:157,0
DA:158,0
DA:160,0
DA:161,0
DA:166,0
DA:167,0
DA:168,0
DA:170,0
DA:175,0
DA:180,0
DA:181,0
LF:46
LH:0
BRDA:85,0,0,0
BRDA:85,0,1,0
BRDA:86,1,0,0
BRDA:86,1,1,0
BRDA:87,2,0,0
BRDA:87,2,1,0
BRDA:90,3,0,0
BRDA:90,3,1,0
BRDA:101,4,0,0
BRDA:101,4,1,0
BRDA:102,5,0,0
BRDA:102,5,1,0
BRDA:103,6,0,0
BRDA:103,6,1,0
BRDA:106,7,0,0
BRDA:106,7,1,0
BRDA:117,8,0,0
BRDA:117,8,1,0
BRDA:118,9,0,0
BRDA:118,9,1,0
BRDA:121,10,0,0
BRDA:121,10,1,0
BRDA:127,11,0,0
BRDA:127,11,1,0
BRDA:128,12,0,0
BRDA:128,12,1,0
BRDA:131,13,0,0
BRDA:131,13,1,0
BRDA:140,14,0,0
BRDA:142,15,0,0
BRDA:142,15,1,0
BRDA:143,16,0,0
BRDA:143,16,1,0
BRDA:146,17,0,0
BRDA:146,17,1,0
BRDA:157,18,0,0
BRDA:157,18,1,0
BRDA:158,19,0,0
BRDA:158,19,1,0
BRDA:161,20,0,0
BRDA:161,20,1,0
BRDA:168,21,0,0
BRDA:168,21,1,0
BRF:43
BRH:0
end_of_record
TN:
SF:src/services/api/studentService.ts
FN:11,(anonymous_0)
FN:16,(anonymous_1)
FN:17,(anonymous_2)
FN:20,(anonymous_3)
FN:21,(anonymous_4)
FN:24,(anonymous_5)
FN:25,(anonymous_6)
FN:28,(anonymous_7)
FN:29,(anonymous_8)
FN:32,(anonymous_9)
FN:33,(anonymous_10)
FN:37,(anonymous_11)
FN:38,(anonymous_12)
FN:42,(anonymous_13)
FN:46,(anonymous_14)
FN:50,(anonymous_15)
FN:51,(anonymous_16)
FN:55,(anonymous_17)
FN:56,(anonymous_18)
FN:67,(anonymous_19)
FN:89,(anonymous_20)
FN:129,(anonymous_21)
FN:155,(anonymous_22)
FN:185,(anonymous_23)
FN:189,(anonymous_24)
FN:193,(anonymous_25)
FN:197,(anonymous_26)
FN:206,(anonymous_27)
FN:215,(anonymous_28)
FN:224,(anonymous_29)
FN:227,(anonymous_30)
FN:234,(anonymous_31)
FN:250,(anonymous_32)
FN:253,(anonymous_33)
FN:265,(anonymous_34)
FN:268,(anonymous_35)
FN:280,(anonymous_36)
FN:282,(anonymous_37)
FN:290,(anonymous_38)
FN:292,(anonymous_39)
FN:300,(anonymous_40)
FN:310,(anonymous_41)
FN:312,(anonymous_42)
FN:320,(anonymous_43)
FN:321,(anonymous_44)
FN:324,(anonymous_45)
FN:328,(anonymous_46)
FN:337,(anonymous_47)
FN:338,(anonymous_48)
FN:339,(anonymous_49)
FN:340,(anonymous_50)
FNF:51
FNH:0
FNDA:0,(anonymous_0)
FNDA:0,(anonymous_1)
FNDA:0,(anonymous_2)
FNDA:0,(anonymous_3)
FNDA:0,(anonymous_4)
FNDA:0,(anonymous_5)
FNDA:0,(anonymous_6)
FNDA:0,(anonymous_7)
FNDA:0,(anonymous_8)
FNDA:0,(anonymous_9)
FNDA:0,(anonymous_10)
FNDA:0,(anonymous_11)
FNDA:0,(anonymous_12)
FNDA:0,(anonymous_13)
FNDA:0,(anonymous_14)
FNDA:0,(anonymous_15)
FNDA:0,(anonymous_16)
FNDA:0,(anonymous_17)
FNDA:0,(anonymous_18)
FNDA:0,(anonymous_19)
FNDA:0,(anonymous_20)
FNDA:0,(anonymous_21)
FNDA:0,(anonymous_22)
FNDA:0,(anonymous_23)
FNDA:0,(anonymous_24)
FNDA:0,(anonymous_25)
FNDA:0,(anonymous_26)
FNDA:0,(anonymous_27)
FNDA:0,(anonymous_28)
FNDA:0,(anonymous_29)
FNDA:0,(anonymous_30)
FNDA:0,(anonymous_31)
FNDA:0,(anonymous_32)
FNDA:0,(anonymous_33)
FNDA:0,(anonymous_34)
FNDA:0,(anonymous_35)
FNDA:0,(anonymous_36)
FNDA:0,(anonymous_37)
FNDA:0,(anonymous_38)
FNDA:0,(anonymous_39)
FNDA:0,(anonymous_40)
FNDA:0,(anonymous_41)
FNDA:0,(anonymous_42)
FNDA:0,(anonymous_43)
FNDA:0,(anonymous_44)
FNDA:0,(anonymous_45)
FNDA:0,(anonymous_46)
FNDA:0,(anonymous_47)
FNDA:0,(anonymous_48)
FNDA:0,(anonymous_49)
FNDA:0,(anonymous_50)
DA:4,0
DA:8,0
DA:10,0
DA:12,0
DA:17,0
DA:21,0
DA:25,0
DA:29,0
DA:33,0
DA:38,0
DA:43,0
DA:44,0
DA:45,0
DA:46,0
DA:51,0
DA:56,0
DA:62,0
DA:63,0
DA:64,0
DA:65,0
DA:68,0
DA:69,0
DA:70,0
DA:74,0
DA:90,0
DA:91,0
DA:92,0
DA:95,0
DA:130,0
DA:131,0
DA:132,0
DA:135,0
DA:156,0
DA:157,0
DA:158,0
DA:161,0
DA:186,0
DA:190,0
DA:194,0
DA:198,0
DA:203,0
DA:207,0
DA:208,0
DA:210,0
DA:216,0
DA:217,0
DA:219,0
DA:220,0
DA:225,0
DA:226,0
DA:227,0
DA:229,0
DA:230,0
DA:235,0
DA:236,0
DA:237,0
DA:241,0
DA:242,0
DA:243,0
DA:245,0
DA:246,0
DA:251,0
DA:252,0
DA:253,0
DA:254,0
DA:256,0
DA:257,0
DA:258,0
DA:260,0
DA:261,0
DA:266,0
DA:267,0
DA:268,0
DA:269,0
DA:271,0
DA:272,0
DA:274,0
DA:275,0
DA:281,0
DA:282,0
DA:284,0
DA:285,0
DA:291,0
DA:292,0
DA:294,0
DA:295,0
DA:301,0
DA:302,0
DA:304,0
DA:305,0
DA:311,0
DA:312,0
DA:314,0
DA:315,0
DA:321,0
DA:322,0
DA:324,0
DA:325,0
DA:336,0
DA:337,0
DA:338,0
DA:339,0
DA:340,0
DA:341,0
DA:343,0
DA:348,0
LF:106
LH:0
BRDA:44,0,0,0
BRDA:44,0,1,0
BRDA:45,1,0,0
BRDA:45,1,1,0
BRDA:69,2,0,0
BRDA:69,2,1,0
BRDA:91,3,0,0
BRDA:91,3,1,0
BRDA:131,4,0,0
BRDA:131,4,1,0
BRDA:157,5,0,0
BRDA:157,5,1,0
BRDA:207,6,0,0
BRDA:207,6,1,0
BRDA:210,7,0,0
BRDA:210,7,1,0
BRDA:216,8,0,0
BRDA:216,8,1,0
BRDA:220,9,0,0
BRDA:220,9,1,0
BRDA:220,10,0,0
BRDA:220,10,1,0
BRDA:225,11,0,0
BRDA:225,11,1,0
BRDA:227,12,0,0
BRDA:227,12,1,0
BRDA:230,13,0,0
BRDA:230,13,1,0
BRDA:230,14,0,0
BRDA:230,14,1,0
BRDA:235,15,0,0
BRDA:235,15,1,0
BRDA:246,16,0,0
BRDA:246,16,1,0
BRDA:246,17,0,0
BRDA:246,17,1,0
BRDA:251,18,0,0
BRDA:251,18,1,0
BRDA:254,19,0,0
BRDA:254,19,1,0
BRDA:261,20,0,0
BRDA:261,20,1,0
BRDA:261,21,0,0
BRDA:261,21,1,0
BRDA:266,22,0,0
BRDA:266,22,1,0
BRDA:269,23,0,0
BRDA:269,23,1,0
BRDA:281,24,0,0
BRDA:281,24,1,0
BRDA:285,25,0,0
BRDA:285,25,1,0
BRDA:285,26,0,0
BRDA:285,26,1,0
BRDA:291,27,0,0
BRDA:291,27,1,0
BRDA:295,28,0,0
BRDA:295,28,1,0
BRDA:295,29,0,0
BRDA:295,29,1,0
BRDA:301,30,0,0
BRDA:301,30,1,0
BRDA:305,31,0,0
BRDA:305,31,1,0
BRDA:305,32,0,0
BRDA:305,32,1,0
BRDA:311,33,0,0
BRDA:311,33,1,0
BRDA:315,34,0,0
BRDA:315,34,1,0
BRDA:315,35,0,0
BRDA:315,35,1,0
BRDA:321,36,0,0
BRDA:321,36,1,0
BRDA:322,37,0,0
BRDA:322,37,1,0
BRDA:324,38,0,0
BRDA:324,38,1,0
BRDA:341,39,0,0
BRDA:341,39,1,0
BRF:80
BRH:0
end_of_record
TN:
SF:src/utils/analytics.ts
FN:9,(anonymous_0)
FN:19,(anonymous_1)
FN:29,(anonymous_2)
FNF:3
FNH:0
FNDA:0,(anonymous_0)
FNDA:0,(anonymous_1)
FNDA:0,(anonymous_2)
DA:9,0
DA:10,0
DA:11,0
DA:19,0
DA:20,0
DA:21,0
DA:29,0
DA:30,0
DA:31,0
LF:9
LH:0
BRDA:10,0,0,0
BRDA:10,0,1,0
BRDA:20,1,0,0
BRDA:20,1,1,0
BRDA:30,2,0,0
BRDA:30,2,1,0
BRF:6
BRH:0
end_of_record
TN:
SF:src/utils/envValidation.ts
FN:9,(anonymous_0)
FN:16,(anonymous_1)
FN:25,validateEnvironment
FNF:3
FNH:0
FNDA:0,(anonymous_0)
FNDA:0,(anonymous_1)
FNDA:0,validateEnvironment
DA:10,0
DA:11,0
DA:16,0
DA:18,0
DA:19,0
DA:22,0
DA:25,0
DA:27,0
DA:30,0
DA:37,0
DA:38,0
DA:39,0
DA:41,0
DA:45,0
DA:46,0
DA:49,0
DA:50,0
DA:51,0
DA:52,0
DA:55,0
DA:56,0
DA:57,0
DA:59,0
DA:66,0
DA:67,0
DA:68,0
DA:70,0
DA:71,0
DA:73,0
DA:80,0
DA:81,0
DA:82,0
DA:85,0
DA:88,0
DA:91,0
DA:92,0
DA:93,0
LF:37
LH:0
BRDA:18,0,0,0
BRDA:18,0,1,0
BRDA:18,1,0,0
BRDA:18,1,1,0
BRDA:18,1,2,0
BRDA:22,2,0,0
BRDA:22,2,1,0
BRDA:27,3,0,0
BRDA:27,3,1,0
BRDA:31,4,0,0
BRDA:31,4,1,0
BRDA:31,4,2,0
BRDA:32,5,0,0
BRDA:32,5,1,0
BRDA:33,6,0,0
BRDA:33,6,1,0
BRDA:37,7,0,0
BRDA:37,7,1,0
BRDA:38,8,0,0
BRDA:38,8,1,0
BRDA:38,9,0,0
BRDA:38,9,1,0
BRDA:49,10,0,0
BRDA:49,10,1,0
BRDA:49,11,0,0
BRDA:49,11,1,0
BRDA:55,12,0,0
BRDA:55,12,1,0
BRDA:66,13,0,0
BRDA:66,13,1,0
BRDA:70,14,0,0
BRDA:70,14,1,0
BRDA:80,15,0,0
BRDA:80,15,1,0
BRDA:80,16,0,0
BRDA:80,16,1,0
BRF:36
BRH:0
end_of_record
TN:
SF:src/utils/webpDetection.ts
FN:11,(anonymous_0)
FN:12,(anonymous_1)
FN:26,(anonymous_2)
FN:52,(anonymous_3)
FN:60,(anonymous_4)
FN:70,(anonymous_5)
FN:105,(anonymous_6)
FNF:7
FNH:6
FNDA:2,(anonymous_0)
FNDA:2,(anonymous_1)
FNDA:2,(anonymous_2)
FNDA:2,(anonymous_3)
FNDA:20,(anonymous_4)
FNDA:10,(anonymous_5)
FNDA:0,(anonymous_6)
DA:4,2
DA:5,2
DA:11,2
DA:12,2
DA:14,2
DA:15,0
DA:16,0
DA:20,2
DA:21,0
DA:22,0
DA:26,2
DA:27,2
DA:28,2
DA:29,2
DA:32,2
DA:33,2
DA:34,2
DA:35,1
DA:36,1
DA:39,1
DA:40,1
DA:44,2
DA:52,2
DA:53,2
DA:60,2
DA:61,20
DA:70,2
DA:71,10
DA:74,10
DA:75,6
DA:79,4
DA:80,0
DA:84,4
DA:85,0
DA:89,4
DA:90,0
DA:94,4
DA:95,4
DA:98,0
DA:105,2
DA:106,0
DA:109,0
DA:110,0
DA:114,0
DA:115,0
DA:119,0
DA:120,0
DA:123,0
DA:126,2
LF:49
LH:33
BRDA:14,0,0,0
BRDA:14,0,1,2
BRDA:20,1,0,0
BRDA:20,1,1,2
BRDA:70,2,0,0
BRDA:74,3,0,6
BRDA:74,3,1,4
BRDA:74,4,0,10
BRDA:74,4,1,8
BRDA:74,4,2,4
BRDA:79,5,0,0
BRDA:79,5,1,4
BRDA:79,6,0,4
BRDA:79,6,1,0
BRDA:84,7,0,0
BRDA:84,7,1,4
BRDA:84,8,0,4
BRDA:84,8,1,0
BRDA:89,9,0,0
BRDA:89,9,1,4
BRDA:89,10,0,4
BRDA:89,10,1,0
BRDA:94,11,0,4
BRDA:94,11,1,0
BRDA:109,12,0,0
BRDA:109,12,1,0
BRDA:114,13,0,0
BRDA:114,13,1,0
BRDA:114,14,0,0
BRDA:114,14,1,0
BRDA:119,15,0,0
BRDA:119,15,1,0
BRF:32
BRH:14
end_of_record
